Spine 0: (contain: 4 ports)
	Port: 1 (contain 24 entries)
		0/0/0/0/0	0/0/0/0/0	0/0/0/0/0	0.0956083/0/0/0/0	0.321415/0/0/0/0	0.558444/1/54/0/0	0.921098/0/0/0/0	0.675347/0/0/0/0	0/0/0/0/0	0.0852829/0/0/0/0	0.0904886/0/0/0/0	0.208507/0/0/0/0	0.2904/0/0/0/0	0.758989/0/0/0/0	0.800575/0/0/0/0	0.366778/0/0/0/0	0/0/0/0/0	0/0/0/0/0	0/0/0/0/0	0/0/0/0/0	0/0/0/0/0	0/0/0/0/0	0/0/0/0/0	0/0/0/0/0	
	Port: 2 (contain 24 entries)
		0/0/0/0/0	0.640893/0/0/0/0	0.338144/0/0/0/0	0.384419/0/0/0/0	1.03545/501/728454/0/0	0.421196/13/18902/0/0	1.01419/217/315518/0/0	0.935614/0/0/0/0	0.773682/59/85786/0/0	0.737035/63/38406/0/0	1.00335/399/274946/0/0	0.818348/112/133448/0/0	0.996334/114/134956/0/0	0.739606/0/0/0/0	0.0220064/0/0/0/0	0.0114899/0/0/0/0	0.0119558/0/0/0/0	0.0040144/0/0/0/0	0.00362336/0/0/0/0	0.00469248/0/0/0/0	0.00449696/0/0/0/0	0.00441792/0/0/0/0	0.00437632/0/0/0/0	0.00442624/0/0/0/0	
	Port: 3 (contain 24 entries)
		0.0317872/0/0/0/0	0.0637888/0/0/0/0	0.486513/0/0/0/0	0.961059/0/0/0/0	0.851415/456/448824/0/0	0.984479/198/215092/0/0	0.47247/1/54/0/0	0.652204/18/26172/0/0	0.682492/0/0/0/0	0.899789/111/87194/0/0	0.639517/0/0/0/0	0.374449/0/0/0/0	0.222175/0/0/0/0	0.0123344/0/0/0/0	0.00916032/0/0/0/0	0.00873184/0/0/0/0	0.00891904/0/0/0/0	0.0126048/0/0/0/0	0.00055328/0/0/0/0	0/0/0/0/0	0/0/0/0/0	0/0/0/0/0	0/0/0/0/0	0/0/0/0/0	
	Port: 4 (contain 24 entries)
		0.557693/0/0/0/0	0.854366/40/30160/0/0	0.979734/387/300898/0/0	0.987028/114/160156/0/0	0.830876/22/31988/0/0	0.0690023/0/0/0/0	0.078407/0/0/0/0	0.0768271/0/0/0/0	0.372988/0/0/0/0	0.338922/0/0/0/0	0.338041/0/0/0/0	0.0177382/0/0/0/0	0.0158787/0/0/0/0	0.0130083/0/0/0/0	0.00676384/0/0/0/0	0.00505856/0/0/0/0	0.005408/0/0/0/0	0.0111363/0/0/0/0	0.0123635/0/0/0/0	0.0155085/0/0/0/0	0.0300102/0/0/0/0	0/0/0/0/0	0.00011616/0/0/0/0	0/0/0/0/0	

Spine 1: (contain: 4 ports)
	Port: 1 (contain 24 entries)
		0.160542/0/0/0/0	0.609753/0/0/0/0	0.561329/0/0/0/0	0.698908/286/323444/0/0	0.957668/1/54/0/0	1.03406/423/529642/0/0	1.01637/498/614892/0/0	0.988998/112/98448/0/0	0.881538/385/421190/0/0	0.969378/304/323016/0/0	1.00786/356/437824/0/0	1.00516/483/520282/0/0	0.953596/134/115036/0/0	0.499208/455/402570/0/0	0.308738/0/0/0/0	0.0287075/0/0/0/0	0.0273811/0/0/0/0	0.0135949/0/0/0/0	0/0/0/0/0	0/0/0/0/0	0/0/0/0/0	0/0/0/0/0	0/0/0/0/0	0.00023232/0/0/0/0	
	Port: 2 (contain 24 entries)
		0.82696/600/872400/0/0	0.500596/140/203560/0/0	0.890629/528/767712/0/0	0.960075/200/290800/0/0	0.543794/0/0/0/0	0.13228/0/0/0/0	0.181561/0/0/0/0	0.272624/0/0/0/0	0.925255/599/610546/0/0	0.705196/0/0/0/0	0.182722/0/0/0/0	0.0348186/0/0/0/0	0.0419283/0/0/0/0	0.0402477/0/0/0/0	0.043097/0/0/0/0	0.02704/0/0/0/0	0.0120349/0/0/0/0	0.0163568/0/0/0/0	0.021303/0/0/0/0	0.0205213/0/0/0/0	0.0121139/0/0/0/0	0.0114192/0/0/0/0	0.0110611/0/0/0/0	0.0106205/0/0/0/0	
	Port: 3 (contain 24 entries)
		0.0057536/0/0/0/0	0.0319578/0/0/0/0	0.0410176/0/0/0/0	0.0302019/0/0/0/0	0.045719/0/0/0/0	0.267257/2/108/0/0	0.714467/60/50840/0/0	0.964659/20/15080/0/0	0.822727/0/0/0/0	0.410097/0/0/0/0	0.303713/0/0/0/0	0.373932/0/0/0/0	0.362533/0/0/0/0	0.487489/0/0/0/0	0.00877344/0/0/0/0	0.00808288/0/0/0/0	0.00834496/0/0/0/0	0.00234592/0/0/0/0	0/0/0/0/0	0/0/0/0/0	0/0/0/0/0	0/0/0/0/0	0/0/0/0/0	0/0/0/0/0	
	Port: 4 (contain 24 entries)
		0/0/0/0/0	0/0/0/0/0	0.0295133/0/0/0/0	0.411524/0/0/0/0	0.0125949/0/0/0/0	0.004568/0/0/0/0	0.0205091/0/0/0/0	0.27868/0/0/0/0	0.312035/0/0/0/0	0.254364/0/0/0/0	0.0312003/0/0/0/0	0.0145181/0/0/0/0	0.0211702/0/0/0/0	0.023167/0/0/0/0	0/0/0/0/0	0/0/0/0/0	0/0/0/0/0	0/0/0/0/0	0/0/0/0/0	0.00011616/0/0/0/0	0/0/0/0/0	0/0/0/0/0	0/0/0/0/0	0/0/0/0/0	

Spine 2: (contain: 4 ports)
	Port: 1 (contain 24 entries)
		0/0/0/0/0	0.372319/237/344598/0/0	0.932184/28/40712/0/0	1.00741/102/148308/0/0	0.890947/0/0/0/0	0.360895/0/0/0/0	0.69266/39/56706/0/0	1.042/200/229200/0/0	0.904779/168/244272/0/0	1.00744/84/99736/0/0	1.01234/186/270444/0/0	1.01699/342/497268/0/0	1.01665/499/721346/0/0	0.994103/461/663531/0/0	1.00178/489/699806/0/0	1.00706/565/804710/0/0	0.999298/585/808590/0/0	0.967231/285/414390/0/0	1.00617/387/509498/0/0	0.967962/100/124400/0/0	0.830856/0/0/0/0	0.00882752/0/0/0/0	0.00955136/0/0/0/0	0.00991328/0/0/0/0	
	Port: 2 (contain 24 entries)
		0.345386/16/14864/0/0	0.654416/0/0/0/0	0.485898/0/0/0/0	0.661485/0/0/0/0	0.845202/341/308214/0/0	0.727899/0/0/0/0	0.0504163/0/0/0/0	0.0531309/0/0/0/0	0.422027/0/0/0/0	0.204668/0/0/0/0	0.00969248/0/0/0/0	0.0095472/0/0/0/0	0.00614016/0/0/0/0	0.00545728/0/0/0/0	0.00415136/0/0/0/0	0.00409344/0/0/0/0	0.00377312/0/0/0/0	0.0047216/0/0/0/0	0.006448/0/0/0/0	0.0067808/0/0/0/0	0.00611936/0/0/0/0	0.00582752/0/0/0/0	0.0056656/0/0/0/0	0.00548704/0/0/0/0	
	Port: 3 (contain 24 entries)
		0.0655037/0/0/0/0	0.289868/0/0/0/0	0.21098/0/0/0/0	0.67375/175/254450/0/0	0.471596/60/87240/0/0	1.00528/149/169046/0/0	0.922073/1/1454/0/0	0.964838/0/0/0/0	0.597182/1/54/0/0	0.988866/81/88374/0/0	0.690259/0/0/0/0	0.646523/0/0/0/0	0.284585/0/0/0/0	0.0104832/0/0/0/0	0.0105082/0/0/0/0	0.00977184/0/0/0/0	0.0101373/0/0/0/0	0.00125216/0/0/0/0	0/0/0/0/0	0/0/0/0/0	0/0/0/0/0	0/0/0/0/0	0/0/0/0/0	0/0/0/0/0	
	Port: 4 (contain 24 entries)
		0/0/0/0/0	0.00807936/0/0/0/0	0.0129168/0/0/0/0	0.0164649/0/0/0/0	0.182167/2/1508/0/0	0.757066/150/209700/0/0	0.59233/0/0/0/0	0.455771/265/234110/0/0	0.706551/0/0/0/0	0.379287/0/0/0/0	0.515333/0/0/0/0	0.594614/0/0/0/0	0.51288/0/0/0/0	0.0241946/0/0/0/0	0.00626912/0/0/0/0	0.0062608/0/0/0/0	0.00670176/0/0/0/0	0.0132621/0/0/0/0	0.0143062/0/0/0/0	0.013104/0/0/0/0	0/0/0/0/0	0/0/0/0/0	0/0/0/0/0	0/0/0/0/0	

Spine 3: (contain: 4 ports)
	Port: 1 (contain 24 entries)
		0/0/0/0/0	0/0/0/0/0	0.482981/0/0/0/0	0.194007/0/0/0/0	0.0319414/0/0/0/0	0.134974/0/0/0/0	0.724786/0/0/0/0	0.319865/0/0/0/0	0.568163/0/0/0/0	0.315556/0/0/0/0	0.0946429/0/0/0/0	0.112644/0/0/0/0	0.221633/0/0/0/0	0.282269/0/0/0/0	0.294001/0/0/0/0	0.33245/0/0/0/0	0.311657/0/0/0/0	0.122714/0/0/0/0	0/0/0/0/0	0/0/0/0/0	0/0/0/0/0	0/0/0/0/0	0/0/0/0/0	0/0/0/0/0	
	Port: 2 (contain 24 entries)
		0/0/0/0/0	0.24499/0/0/0/0	0.244143/0/0/0/0	0.0113571/0/0/0/0	0.0260522/0/0/0/0	0.188716/131/60274/0/0	0.640456/0/0/0/0	0.928772/135/81490/0/0	0.487084/9/8886/0/0	0.376075/0/0/0/0	0.470487/0/0/0/0	0.662948/0/0/0/0	0.667709/0/0/0/0	0.470559/0/0/0/0	0.0205754/0/0/0/0	0.0228342/0/0/0/0	0.0232166/0/0/0/0	0.0201632/0/0/0/0	0.0139526/0/0/0/0	0.0104042/0/0/0/0	0.0128003/0/0/0/0	0.0142272/0/0/0/0	0.0148138/0/0/0/0	0.0140691/0/0/0/0	
	Port: 3 (contain 24 entries)
		0/0/0/0/0	0/0/0/0/0	0/0/0/0/0	0/0/0/0/0	0.274379/0/0/0/0	0.309486/0/0/0/0	0.526004/0/0/0/0	0.378105/0/0/0/0	0.309183/0/0/0/0	0.917144/0/0/0/0	0.775758/50/72700/0/0	0.681076/0/0/0/0	0.806034/64/93056/0/0	0.991077/0/0/0/0	1.02921/262/380948/0/0	0.98236/121/175934/0/0	1.00397/165/239910/0/0	0.670712/0/0/0/0	0.220588/0/0/0/0	0.109539/0/0/0/0	0.195265/0/0/0/0	0.243471/0/0/0/0	0.26438/0/0/0/0	0.243022/0/0/0/0	
	Port: 4 (contain 24 entries)
		0.201338/48/24992/0/0	1.06006/300/395600/0/0	1.02712/510/462940/0/0	0.944587/19/16426/0/0	0.92961/581/497574/0/0	0.762872/2/2908/0/0	0.985874/427/619578/0/0	0.991555/77/111958/0/0	0.978922/74/107596/0/0	1.00386/210/302544/0/0	1.00715/202/293708/0/0	0.991309/138/200652/0/0	1.00941/229/332966/0/0	1.00734/303/440562/0/0	1.01245/420/610680/0/0	1.00316/458/665932/0/0	1.00513/512/744448/0/0	0.985663/400/580891/0/0	0.899199/123/178842/0/0	1.01268/243/353322/0/0	1.00873/328/476912/0/0	1.00397/373/542342/0/0	1.00304/409/594686/0/0	1.03452/600/872400/0/0	

Leaf 0: (contain: 12 ports)
	Port: 1 (contain 24 entries)
		0/0/0/0/0	0.0030288/0/0/0/0	0.144155/0/0/0/0	0.49032/25/36350/0/0	0.664187/0/0/0/0	0.672292/0/0/0/0	0.9486/23/33442/0/0	0.344182/0/0/0/0	0.168146/0/0/0/0	0.275312/0/0/0/0	0.475748/0/0/0/0	0.483014/0/0/0/0	0.356529/0/0/0/0	0.121162/0/0/0/0	0.0169853/0/0/0/0	0.00968864/0/0/0/0	0/0/0/0/0	0/0/0/0/0	0/0/0/0/0	0/0/0/0/0	0/0/0/0/0	0/0/0/0/0	0/0/0/0/0	0/0/0/0/0	
	Port: 2 (contain 24 entries)
		0/0/0/0/0	0.00955168/0/0/0/0	0.0102506/0/0/0/0	0.542209/0/0/0/0	0.455156/0/0/0/0	0.194458/0/0/0/0	0.323772/0/0/0/0	0.283691/0/0/0/0	0.239984/0/0/0/0	0.53101/0/0/0/0	0.516426/1/1454/0/0	0.919918/120/174480/0/0	1.01205/270/342180/0/0	0.918362/1/54/0/0	0.986535/8/7432/0/0	0.561198/0/0/0/0	0.214403/0/0/0/0	0.384751/0/0/0/0	0.39959/0/0/0/0	0.364504/0/0/0/0	0/0/0/0/0	0/0/0/0/0	0/0/0/0/0	0.00011616/0/0/0/0	
	Port: 3 (contain 24 entries)
		0/0/0/0/0	0.292964/0/0/0/0	0.121271/0/0/0/0	0.351965/0/0/0/0	0.589124/0/0/0/0	0.275843/0/0/0/0	0.144193/0/0/0/0	0.526728/0/0/0/0	0.576303/0/0/0/0	0.237444/0/0/0/0	0.209088/0/0/0/0	0.2559/0/0/0/0	0.340233/0/0/0/0	0.449888/0/0/0/0	0.300217/0/0/0/0	0.225815/0/0/0/0	0.233133/0/0/0/0	0.0609953/0/0/0/0	0/0/0/0/0	0/0/0/0/0	0/0/0/0/0	0/0/0/0/0	0/0/0/0/0	0/0/0/0/0	
	Port: 4 (contain 24 entries)
		0/0/0/0/0	0.00518368/0/0/0/0	0.499229/0/0/0/0	0.179389/0/0/0/0	0.0136947/0/0/0/0	0.00177248/0/0/0/0	0.0896486/0/0/0/0	0.202766/0/0/0/0	0.0043152/0/0/0/0	0.467776/0/0/0/0	0.0627264/0/0/0/0	0.0627264/0/0/0/0	0.104776/0/0/0/0	0.121271/0/0/0/0	0.186204/0/0/0/0	0.179003/0/0/0/0	0.13916/0/0/0/0	0.207346/0/0/0/0	0.249744/0/0/0/0	0.194596/0/0/0/0	0/0/0/0/0	0/0/0/0/0	0/0/0/0/0	0.00011616/0/0/0/0	
	Port: 5 (contain 24 entries)
		0/0/0/0/0	0.0476342/0/0/0/0	0.655839/0/0/0/0	0.206375/0/0/0/0	0/0/0/0/0	0.0136243/0/0/0/0	0.00880672/0/0/0/0	0.0398483/0/0/0/0	0.606248/0/0/0/0	0.490668/65/94510/0/0	0.65642/0/0/0/0	0.320485/0/0/0/0	0.293536/0/0/0/0	0.453372/33/47982/0/0	0.645597/0/0/0/0	0.418757/0/0/0/0	0.43862/0/0/0/0	0.357475/0/0/0/0	0.345111/0/0/0/0	0.435135/0/0/0/0	0.834673/0/0/0/0	0/0/0/0/0	0/0/0/0/0	0/0/0/0/0	
	Port: 6 (contain 24 entries)
		0/0/0/0/0	0/0/0/0/0	0/0/0/0/0	0/0/0/0/0	0.00108608/0/0/0/0	0.027319/0/0/0/0	0.0314218/0/0/0/0	0.570609/0/0/0/0	0.148253/0/0/0/0	0.0667968/0/0/0/0	0.196461/0/0/0/0	0.170057/0/0/0/0	0.167967/0/0/0/0	0.169361/0/0/0/0	0.00560296/0/0/0/0	0/0/0/0/0	0/0/0/0/0	0/0/0/0/0	0/0/0/0/0	0/0/0/0/0	0/0/0/0/0	0/0/0/0/0	0/0/0/0/0	0/0/0/0/0	
	Port: 7 (contain 24 entries)
		0/0/0/0/0	0/0/0/0/0	1.28e-05/0/0/0/0	0.115409/0/0/0/0	0.327174/0/0/0/0	0.553167/0/0/0/0	0.914176/0/0/0/0	0.679205/0/0/0/0	0.0158624/0/0/0/0	0.0118394/0/0/0/0	0.00069888/0/0/0/0	0.00024128/0/0/0/0	0.0001248/0/0/0/0	0.000208/0/0/0/0	0.00011648/0/0/0/0	0.00062816/0/0/0/0	0.000832/0/0/0/0	0.00177216/0/0/0/0	0.00425152/0/0/0/0	0.004368/0/0/0/0	0.00728/0/0/0/0	0.00882336/0/0/0/0	0.00955136/0/0/0/0	0.00991328/0/0/0/0	
	Port: 8 (contain 24 entries)
		0.160542/0/0/0/0	0.594972/0/0/0/0	0.53422/0/0/0/0	0.0742483/0/0/0/0	0.186651/0/0/0/0	0.304356/1/1454/0/0	0.871781/0/0/0/0	0.345985/0/0/0/0	0.567623/0/0/0/0	0.294153/0/0/0/0	0.0658627/0/0/0/0	0.105473/0/0/0/0	0.221633/0/0/0/0	0.282269/0/0/0/0	0.293885/0/0/0/0	0.33245/0/0/0/0	0.311541/0/0/0/0	0.123179/0/0/0/0	0/0/0/0/0	0/0/0/0/0	0/0/0/0/0	0/0/0/0/0	0/0/0/0/0	0/0/0/0/0	
	Port: 9 (contain 24 entries)
		0/0/0/0/0	0.181613/0/0/0/0	0.679065/0/0/0/0	0.686297/0/0/0/0	0.648651/599/870946/0/0	0.700892/0/0/0/0	0.323603/0/0/0/0	0.291818/3/162/0/0	0.0466336/0/0/0/0	0.0235126/0/0/0/0	0.023799/0/0/0/0	0.0139318/0/0/0/0	0.016536/0/0/0/0	0.0255341/0/0/0/0	0.0256544/0/0/0/0	0.0150093/0/0/0/0	0.0157082/0/0/0/0	0.0128003/0/0/0/0	0.0123677/0/0/0/0	0.0155293/0/0/0/0	0.0299728/0/0/0/0	0/0/0/0/0	0.00011616/0/0/0/0	0/0/0/0/0	
	Port: 10 (contain 24 entries)
		0.0057536/0/0/0/0	0.0316995/0/0/0/0	0.0217818/0/0/0/0	0.0164448/0/0/0/0	0.0382637/0/0/0/0	0.0376938/0/0/0/0	0.0264621/0/0/0/0	0.286395/0/0/0/0	0.742475/0/0/0/0	0.406859/0/0/0/0	0.0479488/0/0/0/0	0.0513549/0/0/0/0	0.0522579/0/0/0/0	0.0451856/0/0/0/0	0.0440794/0/0/0/0	0.0277306/0/0/0/0	0.0133286/0/0/0/0	0.00976736/0/0/0/0	0.00892736/0/0/0/0	0.00700128/0/0/0/0	0/0/0/0/0	0/0/0/0/0	0/0/0/0/0	0/0/0/0/0	
	Port: 11 (contain 24 entries)
		0/0/0/0/0	8.352e-05/0/0/0/0	0.0219696/0/0/0/0	0.325084/0/0/0/0	0.635682/35/38290/0/0	0.993492/349/209246/0/0	0.470972/1/54/0/0	0.812529/502/624908/0/0	0.4963/0/0/0/0	0.441606/0/0/0/0	0.221087/0/0/0/0	0.0120931/0/0/0/0	0.0114525/0/0/0/0	0.00889408/0/0/0/0	0.00638944/0/0/0/0	0.0062608/0/0/0/0	0.00670176/0/0/0/0	0.0132621/0/0/0/0	0.0143187/0/0/0/0	0.0130874/0/0/0/0	0/0/0/0/0	0/0/0/0/0	0.00011616/0/0/0/0	0/0/0/0/0	
	Port: 12 (contain 24 entries)
		0/0/0/0/0	0.29308/0/0/0/0	0.272993/6/8724/0/0	0.867421/0/0/0/0	0.544455/0/0/0/0	0.448242/0/0/0/0	0.677728/0/0/0/0	0.636713/43/62522/0/0	0.784448/107/96778/0/0	0.881809/0/0/0/0	0.735768/0/0/0/0	0.472906/0/0/0/0	0.519498/0/0/0/0	0.744588/0/0/0/0	0.793783/1/1454/0/0	0.810746/2/1508/0/0	0.804177/0/0/0/0	0.416001/0/0/0/0	0.120923/0/0/0/0	0.123478/0/0/0/0	0.205255/0/0/0/0	0.248582/0/0/0/0	0.268678/0/0/0/0	0.278668/0/0/0/0	

Leaf 1: (contain: 12 ports)
	Port: 1 (contain 24 entries)
		0/0/0/0/0	0.245576/13/11902/0/0	0.261535/0/0/0/0	0.00562848/0/0/0/0	0.00967232/0/0/0/0	0.00770848/0/0/0/0	0.00847008/0/0/0/0	0.00426016/0/0/0/0	0.00616096/0/0/0/0	0.0170675/0/0/0/0	0.0115027/0/0/0/0	0.0157331/0/0/0/0	0.0180835/0/0/0/0	0.0196726/0/0/0/0	0.0208582/0/0/0/0	0.0182374/0/0/0/0	0.0181958/0/0/0/0	0.0113818/0/0/0/0	0.0131955/0/0/0/0	0.0141606/0/0/0/0	0.0125091/0/0/0/0	0.0116189/0/0/0/0	0.0113194/0/0/0/0	0.0111363/0/0/0/0	
	Port: 2 (contain 24 entries)
		0.337221/0/0/0/0	0.647708/0/0/0/0	0.460574/0/0/0/0	0.636574/0/0/0/0	0.844755/0/0/0/0	0.231391/0/0/0/0	0.534452/0/0/0/0	0.621572/0/0/0/0	0.0134234/0/0/0/0	0.00817088/0/0/0/0	0.0306051/0/0/0/0	0.0267488/0/0/0/0	0.0210995/0/0/0/0	0.0349312/0/0/0/0	0.0355222/0/0/0/0	0.0221354/0/0/0/0	0.0100381/0/0/0/0	0.0135616/0/0/0/0	0.0114858/0/0/0/0	0.00859872/0/0/0/0	0.0114816/0/0/0/0	0.0132451/0/0/0/0	0.013857/0/0/0/0	0.0131622/0/0/0/0	
	Port: 3 (contain 24 entries)
		0.00591584/0/0/0/0	0.00895648/0/0/0/0	0.00715936/0/0/0/0	0.00080704/0/0/0/0	0.00304512/0/0/0/0	0.00716384/0/0/0/0	0.0261997/0/0/0/0	0.0134451/0/0/0/0	0.0253718/0/0/0/0	0.0165114/0/0/0/0	0.65774/0/0/0/0	0.422104/0/0/0/0	0.617922/0/0/0/0	0.644636/0/0/0/0	0.0145517/0/0/0/0	0.0159952/0/0/0/0	0.0149427/0/0/0/0	0.00918944/0/0/0/0	0.006448/0/0/0/0	0.0067808/0/0/0/0	0.00611936/0/0/0/0	0.00558272/0/0/0/0	0.00556192/0/0/0/0	0.00548704/0/0/0/0	
	Port: 4 (contain 24 entries)
		0.265318/0/0/0/0	0.326177/0/0/0/0	0.38449/0/0/0/0	0.599046/0/0/0/0	0.942432/599/870946/0/0	0.793024/0/0/0/0	0.448261/0/0/0/0	0.706261/0/0/0/0	0.88119/36/52344/0/0	1.03209/150/218100/0/0	0.851564/10/14540/0/0	1.01257/129/187566/0/0	1.00525/184/267536/0/0	0.539128/0/0/0/0	0.00011616/0/0/0/0	0/0/0/0/0	0/0/0/0/0	0.00011616/0/0/0/0	0/0/0/0/0	0/0/0/0/0	0/0/0/0/0	0.00011616/0/0/0/0	0.00011616/0/0/0/0	0/0/0/0/0	
	Port: 5 (contain 24 entries)
		0.28251/0/0/0/0	0.866214/36/52344/0/0	0.775281/0/0/0/0	0.795754/18/23372/0/0	0.551115/0/0/0/0	0.343723/28/26712/0/0	0.263266/0/0/0/0	0.218746/0/0/0/0	0.52259/0/0/0/0	0.114839/0/0/0/0	0.0295648/0/0/0/0	0.0336211/0/0/0/0	0.027273/0/0/0/0	0.0268112/0/0/0/0	0.0160198/0/0/0/0	0.00638144/0/0/0/0	0.004992/0/0/0/0	0.00740896/0/0/0/0	0.00894816/0/0/0/0	0.0070096/0/0/0/0	0/0/0/0/0	0/0/0/0/0	0.00011616/0/0/0/0	0/0/0/0/0	
	Port: 6 (contain 24 entries)
		0/0/0/0/0	6.272e-05/0/0/0/0	0.0250563/0/0/0/0	0.0148179/0/0/0/0	0.0266989/0/0/0/0	0.0192733/0/0/0/0	0.0218608/0/0/0/0	0.0233549/0/0/0/0	0.810565/306/437924/0/0	0.335997/0/0/0/0	0.0245114/0/0/0/0	0.00011616/0/0/0/0	0/0/0/0/0	0.00011616/0/0/0/0	0/0/0/0/0	0/0/0/0/0	0/0/0/0/0	0.00011616/0/0/0/0	0/0/0/0/0	0/0/0/0/0	0/0/0/0/0	0/0/0/0/0	0/0/0/0/0	0/0/0/0/0	
	Port: 7 (contain 24 entries)
		0/0/0/0/0	0/0/0/0/0	0/0/0/0/0	0/0/0/0/0	0/0/0/0/0	0/0/0/0/0	0.0113283/0/0/0/0	0.0240947/0/0/0/0	0.0254842/0/0/0/0	0.0130333/0/0/0/0	0.0082576/0/0/0/0	0.00493792/0/0/0/0	0/0/0/0/0	0/0/0/0/0	0/0/0/0/0	0/0/0/0/0	0/0/0/0/0	0/0/0/0/0	0/0/0/0/0	0/0/0/0/0	0/0/0/0/0	0/0/0/0/0	0/0/0/0/0	0/0/0/0/0	
	Port: 8 (contain 24 entries)
		0/0/0/0/0	0/0/0/0/0	0/0/0/0/0	0.00324512/0/0/0/0	0.0107786/0/0/0/0	0.144043/1/54/0/0	0.554668/0/0/0/0	0.582352/0/0/0/0	0.267999/1/54/0/0	0.505416/0/0/0/0	0.0320938/0/0/0/0	0.0211824/0/0/0/0	0.0224925/0/0/0/0	0.00300352/0/0/0/0	0.0027744/0/0/0/0	0.00272896/0/0/0/0	0.00282848/0/0/0/0	0.00346944/0/0/0/0	0.00526208/0/0/0/0	0.0058448/0/0/0/0	0.00542048/0/0/0/0	0.00532896/0/0/0/0	0.0049504/0/0/0/0	0.00482144/0/0/0/0	
	Port: 9 (contain 24 entries)
		0.0120061/0/0/0/0	0.0483386/0/0/0/0	0.0498496/0/0/0/0	0.136903/51/40554/0/0	0.885104/2/2908/0/0	0.792733/32/26928/0/0	1.03631/471/502834/0/0	0.875671/0/0/0/0	0.670213/0/0/0/0	0.71108/0/0/0/0	0.786394/0/0/0/0	0.222214/0/0/0/0	0.30362/0/0/0/0	0.762961/0/0/0/0	0.800691/0/0/0/0	0.365732/0/0/0/0	0/0/0/0/0	0/0/0/0/0	0/0/0/0/0	0/0/0/0/0	0/0/0/0/0	0/0/0/0/0	0/0/0/0/0	0/0/0/0/0	
	Port: 10 (contain 24 entries)
		0/0/0/0/0	0/0/0/0/0	0.00164768/0/0/0/0	0.519351/0/0/0/0	0.161824/0/0/0/0	0.310366/0/0/0/0	0.731137/50/60100/0/0	0.984579/249/268246/0/0	1.04099/486/706644/0/0	0.893279/57/82878/0/0	1.00958/332/269928/0/0	0.951354/0/0/0/0	0.981136/262/201250/0/0	0.673103/0/0/0/0	0.22928/0/0/0/0	0/0/0/0/0	0/0/0/0/0	0/0/0/0/0	0/0/0/0/0	0/0/0/0/0	0/0/0/0/0	0/0/0/0/0	0/0/0/0/0	0/0/0/0/0	
	Port: 11 (contain 24 entries)
		0.00950592/0/0/0/0	0.0910243/30/17020/0/0	0.861946/0/0/0/0	0.596531/0/0/0/0	0.253714/0/0/0/0	0.303824/0/0/0/0	0.56756/0/0/0/0	0.60293/600/526600/0/0	0.678509/0/0/0/0	0.980647/2/2908/0/0	0.81413/17/12118/0/0	0.969378/7/7378/0/0	0.621228/1/54/0/0	0.362774/0/0/0/0	0.459297/0/0/0/0	0.460691/0/0/0/0	0.422706/0/0/0/0	0.235159/0/0/0/0	0.25137/0/0/0/0	0.184142/0/0/0/0	0/0/0/0/0	0/0/0/0/0	0/0/0/0/0	0/0/0/0/0	
	Port: 12 (contain 24 entries)
		0.207059/109/81486/0/0	0.253749/0/0/0/0	0.7001/0/0/0/0	0.206435/0/0/0/0	0.407502/1/54/0/0	0.561707/599/796750/0/0	1.00083/185/217190/0/0	0.542544/0/0/0/0	0.865698/213/130502/0/0	1.0036/67/84818/0/0	1.02571/140/203560/0/0	0.999673/148/215192/0/0	1.00943/239/347506/0/0	1.00955/332/482728/0/0	0.99262/279/405666/0/0	1.01257/397/577238/0/0	1.002/425/617950/0/0	0.99194/366/532164/0/0	0.978648/165/239910/0/0	1.00339/205/298070/0/0	1.00327/244/354776/0/0	1.00571/303/440562/0/0	1.00467/354/514716/0/0	0.9588/9/13086/0/0	

Leaf 2: (contain: 12 ports)
	Port: 1 (contain 24 entries)
		0.0197853/0/0/0/0	0.021112/0/0/0/0	0.00965152/0/0/0/0	0.010737/0/0/0/0	0.0196518/0/0/0/0	0.00316192/0/0/0/0	0.334881/0/0/0/0	0.667009/0/0/0/0	0.630076/0/0/0/0	0.509765/0/0/0/0	0.300718/0/0/0/0	0.365588/0/0/0/0	0.306658/0/0/0/0	0.21307/0/0/0/0	0.186959/0/0/0/0	0.21374/0/0/0/0	0.244084/0/0/0/0	0.31478/0/0/0/0	0.221052/0/0/0/0	0.109423/0/0/0/0	0.195033/0/0/0/0	0.243588/0/0/0/0	0.26438/0/0/0/0	0.243138/0/0/0/0	
	Port: 2 (contain 24 entries)
		0/0/0/0/0	0/0/0/0/0	0/0/0/0/0	0.49334/0/0/0/0	0.0810797/0/0/0/0	0.0161736/0/0/0/0	0.0764333/0/0/0/0	0.0701606/0/0/0/0	0.139508/0/0/0/0	0.436529/0/0/0/0	0.235282/0/0/0/0	0/0/0/0/0	0/0/0/0/0	0/0/0/0/0	0/0/0/0/0	0/0/0/0/0	0/0/0/0/0	0/0/0/0/0	0/0/0/0/0	0/0/0/0/0	0/0/0/0/0	0/0/0/0/0	0/0/0/0/0	0/0/0/0/0	
	Port: 3 (contain 24 entries)
		0.0214413/0/0/0/0	0.0371354/0/0/0/0	0.053943/0/0/0/0	0.285356/12/9048/0/0	0.775832/0/0/0/0	0.648363/32/25528/0/0	0.349331/0/0/0/0	0.444245/0/0/0/0	0.0697923/0/0/0/0	0.579531/0/0/0/0	0.426142/0/0/0/0	0.200163/0/0/0/0	0.401378/0/0/0/0	0.538402/0/0/0/0	0.531697/0/0/0/0	0.268673/0/0/0/0	0/0/0/0/0	0/0/0/0/0	0/0/0/0/0	0/0/0/0/0	0/0/0/0/0	0/0/0/0/0	0/0/0/0/0	0/0/0/0/0	
	Port: 4 (contain 24 entries)
		0/0/0/0/0	0/0/0/0/0	0/0/0/0/0	0/0/0/0/0	1.28e-05/0/0/0/0	0/0/0/0/0	0.00306656/0/0/0/0	0.00695552/0/0/0/0	0.00353632/0/0/0/0	0.0173722/0/0/0/0	0.00015808/0/0/0/0	0/0/0/0/0	0/0/0/0/0	0/0/0/0/0	0/0/0/0/0	0/0/0/0/0	0/0/0/0/0	0/0/0/0/0	0/0/0/0/0	0/0/0/0/0	0/0/0/0/0	0/0/0/0/0	0/0/0/0/0	0/0/0/0/0	
	Port: 5 (contain 24 entries)
		0.0057536/0/0/0/0	0.0212118/0/0/0/0	0.215628/0/0/0/0	0.36791/0/0/0/0	0.387133/167/185418/0/0	0.683244/1/54/0/0	1.00332/169/228926/0/0	0.776142/8/11632/0/0	0.592402/0/0/0/0	0.560032/2/2908/0/0	0.728448/0/0/0/0	0.273586/0/0/0/0	0.105938/0/0/0/0	0.257759/0/0/0/0	0.2904/0/0/0/0	0.526089/0/0/0/0	0.764565/0/0/0/0	0.377059/0/0/0/0	0/0/0/0/0	0/0/0/0/0	0/0/0/0/0	0/0/0/0/0	0/0/0/0/0	0/0/0/0/0	
	Port: 6 (contain 24 entries)
		0/0/0/0/0	0.179845/0/0/0/0	0.00327808/0/0/0/0	0.0246026/0/0/0/0	0.342071/134/134636/0/0	0.968161/0/0/0/0	0.468518/0/0/0/0	0.60021/0/0/0/0	0.534089/1/1454/0/0	0.86961/0/0/0/0	0.624206/0/0/0/0	0.664964/0/0/0/0	0.298922/0/0/0/0	0.0145808/0/0/0/0	0.00876928/0/0/0/0	0.00821152/0/0/0/0	0.0084528/0/0/0/0	0.00224224/0/0/0/0	0/0/0/0/0	0/0/0/0/0	0/0/0/0/0	0/0/0/0/0	0/0/0/0/0	0.00011616/0/0/0/0	
	Port: 7 (contain 24 entries)
		0/0/0/0/0	0.0172355/0/0/0/0	0.0183824/0/0/0/0	0.00096512/0/0/0/0	0.0105792/0/0/0/0	0.230109/2/108/0/0	0.364609/0/0/0/0	0.297384/0/0/0/0	0.197108/0/0/0/0	0.0464378/0/0/0/0	0.0540787/0/0/0/0	0.221949/0/0/0/0	0.353839/0/0/0/0	0.485595/0/0/0/0	0.00916032/0/0/0/0	0.008736/0/0/0/0	0.0089232/0/0/0/0	0.0127168/0/0/0/0	0.00056576/0/0/0/0	0/0/0/0/0	0/0/0/0/0	0/0/0/0/0	0/0/0/0/0	0/0/0/0/0	
	Port: 8 (contain 24 entries)
		0.0548362/0/0/0/0	0.110236/0/0/0/0	0.436818/0/0/0/0	0.434287/0/0/0/0	0.0039168/0/0/0/0	0.0105706/0/0/0/0	0.0607517/0/0/0/0	0.0979572/0/0/0/0	0.250157/0/0/0/0	0.182396/0/0/0/0	0.0483226/0/0/0/0	0.356611/0/0/0/0	0.201141/0/0/0/0	0/0/0/0/0	0/0/0/0/0	0/0/0/0/0	0.00011616/0/0/0/0	0/0/0/0/0	0/0/0/0/0	0/0/0/0/0	0/0/0/0/0	0/0/0/0/0	0/0/0/0/0	0/0/0/0/0	
	Port: 9 (contain 24 entries)
		0.558738/0/0/0/0	0.651799/0/0/0/0	0.314319/0/0/0/0	0.651119/37/53798/0/0	0.67881/0/0/0/0	0.0591802/0/0/0/0	0.234593/0/0/0/0	0.134918/0/0/0/0	0.259861/0/0/0/0	0.662882/29/37966/0/0	0.28054/1/54/0/0	0.407023/0/0/0/0	0.390163/0/0/0/0	0.103819/0/0/0/0	0.00254592/0/0/0/0	0/0/0/0/0	0/0/0/0/0	0/0/0/0/0	0/0/0/0/0	0/0/0/0/0	0/0/0/0/0	0/0/0/0/0	0/0/0/0/0	0/0/0/0/0	
	Port: 10 (contain 24 entries)
		0.760517/0/0/0/0	0.980221/68/98872/0/0	1.00877/530/770620/0/0	0.74587/0/0/0/0	0.543381/1/54/0/0	0.840655/2/1508/0/0	0.869074/14/17556/0/0	0.634181/0/0/0/0	0.707989/341/434214/0/0	0.765857/0/0/0/0	0.435034/0/0/0/0	0.288247/0/0/0/0	0.163066/0/0/0/0	0.0261248/0/0/0/0	0.0270147/0/0/0/0	0.0285872/0/0/0/0	0.0273853/0/0/0/0	0.0135658/0/0/0/0	0.00011616/0/0/0/0	0.00011616/0/0/0/0	0/0/0/0/0	0/0/0/0/0	0/0/0/0/0	0.00011616/0/0/0/0	
	Port: 11 (contain 24 entries)
		0.340474/0/0/0/0	0.981096/0/0/0/0	0.583356/0/0/0/0	0.99189/0/0/0/0	0.857966/409/594686/0/0	0.872022/151/219554/0/0	0.638194/0/0/0/0	0.816597/1/54/0/0	0.833053/224/251496/0/0	0.410652/5/4470/0/0	0.861146/69/83526/0/0	0.895242/0/0/0/0	0.820583/0/0/0/0	0.340953/0/0/0/0	0.239991/0/0/0/0	0.226977/0/0/0/0	0.234643/0/0/0/0	0.0451975/0/0/0/0	0/0/0/0/0	0/0/0/0/0	0/0/0/0/0	0.00011616/0/0/0/0	0/0/0/0/0	0/0/0/0/0	
	Port: 12 (contain 24 entries)
		0.00189312/0/0/0/0	0.507357/0/0/0/0	0.538389/0/0/0/0	0.0637962/0/0/0/0	0.300237/0/0/0/0	0.315412/0/0/0/0	0.679539/6/4524/0/0	0.713108/0/0/0/0	0.407547/0/0/0/0	0.548413/0/0/0/0	0.175329/0/0/0/0	0.354714/2/108/0/0	0.559204/0/0/0/0	0.572134/0/0/0/0	0.559946/0/0/0/0	0.527577/0/0/0/0	0.537379/0/0/0/0	0.378675/0/0/0/0	0.00786656/0/0/0/0	0.0039104/0/0/0/0	0.00697632/0/0/0/0	0.00883552/0/0/0/0	0.00946816/0/0/0/0	0.008736/0/0/0/0	

Leaf 3: (contain: 12 ports)
	Port: 1 (contain 24 entries)
		0/0/0/0/0	0/0/0/0/0	2.56e-05/0/0/0/0	0/0/0/0/0	0.0266534/0/0/0/0	0.00903872/0/0/0/0	0.349524/0/0/0/0	0.0402131/0/0/0/0	0.0368752/0/0/0/0	0.0491229/0/0/0/0	0/0/0/0/0	0/0/0/0/0	0/0/0/0/0	0/0/0/0/0	0/0/0/0/0	0/0/0/0/0	0/0/0/0/0	0/0/0/0/0	0/0/0/0/0	0/0/0/0/0	0/0/0/0/0	0/0/0/0/0	0/0/0/0/0	0/0/0/0/0	
	Port: 2 (contain 24 entries)
		0/0/0/0/0	0/0/0/0/0	0.0146851/0/0/0/0	0.0146973/0/0/0/0	0.133336/0/0/0/0	0.61496/0/0/0/0	0.16206/0/0/0/0	0.20762/0/0/0/0	0.201129/0/0/0/0	0.179962/0/0/0/0	0.540836/0/0/0/0	0.62227/0/0/0/0	0.564462/0/0/0/0	0.0873312/0/0/0/0	0.0762403/0/0/0/0	0.0758525/0/0/0/0	0.0759686/0/0/0/0	0.0971098/0/0/0/0	0.14369/0/0/0/0	0.162972/0/0/0/0	0.151124/0/0/0/0	0.148801/0/0/0/0	0.140321/0/0/0/0	0.134978/0/0/0/0	
	Port: 3 (contain 24 entries)
		0.00968064/0/0/0/0	0.00816608/0/0/0/0	0.210326/86/73244/0/0	0.719096/1/54/0/0	0.363468/0/0/0/0	0.0693811/0/0/0/0	0.1449/0/0/0/0	0.685527/0/0/0/0	0.366494/0/0/0/0	0.512652/0/0/0/0	0.875382/0/0/0/0	0.649799/0/0/0/0	0.529225/0/0/0/0	0.551295/0/0/0/0	0.565351/0/0/0/0	0.55931/0/0/0/0	0.572669/0/0/0/0	0.451152/0/0/0/0	0.115875/0/0/0/0	0.13068/0/0/0/0	0.125917/0/0/0/0	0.123827/0/0/0/0	0.121155/0/0/0/0	0.12371/0/0/0/0	
	Port: 4 (contain 24 entries)
		0.556531/0/0/0/0	0.633504/0/0/0/0	0.297084/0/0/0/0	0.306042/0/0/0/0	0.477512/0/0/0/0	0.125747/0/0/0/0	0.234814/0/0/0/0	0.399799/102/117508/0/0	0.609066/0/0/0/0	0.310446/0/0/0/0	0.0448934/0/0/0/0	0.088657/0/0/0/0	0.116932/0/0/0/0	0.120559/0/0/0/0	0.114534/0/0/0/0	0.112951/0/0/0/0	0.110954/0/0/0/0	0.146831/0/0/0/0	0.196604/0/0/0/0	0.209706/0/0/0/0	0.193016/0/0/0/0	0.15368/0/0/0/0	0.149963/0/0/0/0	0.147872/0/0/0/0	
	Port: 5 (contain 24 entries)
		0.188666/0/0/0/0	0.256156/0/0/0/0	0.21508/0/0/0/0	0.0252682/0/0/0/0	0.10076/0/0/0/0	0.142482/0/0/0/0	0.0532083/0/0/0/0	0.11567/0/0/0/0	0.216572/0/0/0/0	0.357748/0/0/0/0	0.034151/0/0/0/0	0.112094/0/0/0/0	0.13068/0/0/0/0	0.133003/0/0/0/0	0.118135/0/0/0/0	0.133119/0/0/0/0	0.129867/0/0/0/0	0.178073/0/0/0/0	0.303294/0/0/0/0	0.30945/0/0/0/0	0.372293/0/0/0/0	0.403656/0/0/0/0	0.420615/0/0/0/0	0.429908/0/0/0/0	
	Port: 6 (contain 24 entries)
		0/0/0/0/0	0.145789/0/0/0/0	0.641436/0/0/0/0	0.692081/0/0/0/0	0.374964/0/0/0/0	0.0537821/0/0/0/0	0.068431/0/0/0/0	0.23781/0/0/0/0	0.819169/0/0/0/0	0.479498/0/0/0/0	0.340914/0/0/0/0	0.114185/0/0/0/0	0.154725/0/0/0/0	0.150892/0/0/0/0	0.137533/0/0/0/0	0.128938/0/0/0/0	0.121387/0/0/0/0	0.150079/0/0/0/0	0.198401/0/0/0/0	0.21478/0/0/0/0	0.186437/0/0/0/0	0.16878/0/0/0/0	0.166806/0/0/0/0	0.162392/0/0/0/0	
	Port: 7 (contain 24 entries)
		0/0/0/0/0	0.277872/0/0/0/0	0.596138/0/0/0/0	0.0490163/0/0/0/0	0.186629/0/0/0/0	0.357046/0/0/0/0	0.632579/0/0/0/0	0.0984547/0/0/0/0	0.135744/0/0/0/0	0.0633834/0/0/0/0	0.0316272/0/0/0/0	0.0173078/0/0/0/0	0.0306457/0/0/0/0	4.16e-06/0/0/0/0	0/0/0/0/0	0/0/0/0/0	0/0/0/0/0	0/0/0/0/0	0/0/0/0/0	0/0/0/0/0	0/0/0/0/0	0/0/0/0/0	0/0/0/0/0	0/0/0/0/0	
	Port: 8 (contain 24 entries)
		0/0/0/0/0	0.481817/0/0/0/0	0.0179776/0/0/0/0	0.589756/0/0/0/0	0.261244/0/0/0/0	0.247636/0/0/0/0	0.00011616/0/0/0/0	0.004056/0/0/0/0	0.00529984/0/0/0/0	0.00806176/0/0/0/0	0.0150675/0/0/0/0	0.0219066/0/0/0/0	0.0222061/0/0/0/0	0.0161987/0/0/0/0	0/0/0/0/0	0/0/0/0/0	0/0/0/0/0	0/0/0/0/0	0/0/0/0/0	0/0/0/0/0	0/0/0/0/0	0.00011616/0/0/0/0	0/0/0/0/0	0/0/0/0/0	
	Port: 9 (contain 24 entries)
		0.019856/0/0/0/0	0.678347/0/0/0/0	0.813996/129/162366/0/0	0.949845/1/54/0/0	0.916993/0/0/0/0	0.414225/0/0/0/0	0.936756/109/102486/0/0	0.995907/54/74316/0/0	0.90406/152/219608/0/0	0.678/6/5924/0/0	0.994565/0/0/0/0	0.77689/0/0/0/0	0.814132/0/0/0/0	0.63128/0/0/0/0	0.0097136/0/0/0/0	0.0102627/0/0/0/0	0.0105955/0/0/0/0	0.0149344/0/0/0/0	0.00417248/0/0/0/0	0.00468416/0/0/0/0	0.00450112/0/0/0/0	0.00442208/0/0/0/0	0.004368/0/0/0/0	0.0044304/0/0/0/0	
	Port: 10 (contain 24 entries)
		0.354413/0/0/0/0	0.173415/0/0/0/0	0.544758/0/0/0/0	0.811841/326/322804/0/0	0.820921/0/0/0/0	0.2499/0/0/0/0	0.3128/0/0/0/0	0.614732/0/0/0/0	0.528038/0/0/0/0	0.187268/0/0/0/0	0.0477626/0/0/0/0	0.11596/0/0/0/0	0.199025/0/0/0/0	0.289039/0/0/0/0	0.0591975/0/0/0/0	0.0074752/0/0/0/0	0.0070512/0/0/0/0	0.00895616/0/0/0/0	0.012247/0/0/0/0	0.0135242/0/0/0/0	0.0121014/0/0/0/0	0.0113984/0/0/0/0	0.0110861/0/0/0/0	0.0107325/0/0/0/0	
	Port: 11 (contain 24 entries)
		0.0630173/0/0/0/0	0.28979/0/0/0/0	0.173653/0/0/0/0	0.445414/0/0/0/0	0.775993/598/838692/0/0	0.633706/0/0/0/0	0.558603/0/0/0/0	0.421365/1/54/0/0	0.58197/32/26928/0/0	0.724533/0/0/0/0	0.338199/0/0/0/0	0.383352/0/0/0/0	0.365833/0/0/0/0	0.321107/0/0/0/0	0.317145/1/54/0/0	0.333266/0/0/0/0	0.355846/0/0/0/0	0.692845/0/0/0/0	0.761255/0/0/0/0	0.791186/5/7270/0/0	0.835353/0/0/0/0	0.0145472/0/0/0/0	0.0150925/0/0/0/0	0.015392/0/0/0/0	
	Port: 12 (contain 24 entries)
		0/0/0/0/0	0.246152/0/0/0/0	0.241663/0/0/0/0	0.03088/0/0/0/0	0.00995072/0/0/0/0	0.142367/0/0/0/0	0.52002/0/0/0/0	0.713125/0/0/0/0	0.299863/0/0/0/0	0.243248/0/0/0/0	0.443729/0/0/0/0	0.620796/0/0/0/0	0.627768/0/0/0/0	0.435085/0/0/0/0	0.00372736/0/0/0/0	0.00362336/0/0/0/0	0.00367296/0/0/0/0	0.00438048/0/0/0/0	0.00607776/0/0/0/0	0.00650208/0/0/0/0	0.005824/0/0/0/0	0.005512/0/0/0/0	0.00534144/0/0/0/0	0.00532896/0/0/0/0	

