Spine 0: (contain: 4 ports)
	Port: 1 (contain 24 entries)
		1.696e-05/0/0/0/0	0.1051/0/0/0/0	0.0010576/0/0/0/0	0.00044608/0/0/0/0	0.30488/0/0/0/0	0.00314528/0/0/0/0	0.00022288/0/0/0/0	0.0002052/0/0/0/0	0.0003588/0/0/0/0	0.00709096/0/0/0/0	0/0/0/0/0	0/0/0/0/0	0/0/0/0/0	0/0/0/0/0	0/0/0/0/0	0/0/0/0/0	0/0/0/0/0	0/0/0/0/0	0/0/0/0/0	0/0/0/0/0	0/0/0/0/0	0/0/0/0/0	0/0/0/0/0	0/0/0/0/0	
	Port: 2 (contain 24 entries)
		0.00494168/0/0/0/0	1.696e-05/0/0/0/0	0.00264752/0/0/0/0	0.486673/0/0/0/0	0.180028/0/0/0/0	0.00021768/0/0/0/0	2.944e-05/0/0/0/0	0.00159424/0/0/0/0	3.952e-05/0/0/0/0	0.0646265/0/0/0/0	0/0/0/0/0	0/0/0/0/0	0/0/0/0/0	0/0/0/0/0	0/0/0/0/0	0/0/0/0/0	0/0/0/0/0	0/0/0/0/0	0/0/0/0/0	0/0/0/0/0	0/0/0/0/0	0/0/0/0/0	0/0/0/0/0	0/0/0/0/0	
	Port: 3 (contain 24 entries)
		0.024673/0/0/0/0	0.0704061/0/0/0/0	0.0305368/0/0/0/0	0.00425424/0/0/0/0	0.0121688/0/0/0/0	9.448e-05/0/0/0/0	0.00195984/0/0/0/0	0.0719709/0/0/0/0	0.650874/2/2908/0/0	0.53131/0/0/0/0	0/0/0/0/0	0/0/0/0/0	0/0/0/0/0	0/0/0/0/0	0/0/0/0/0	0/0/0/0/0	0/0/0/0/0	0/0/0/0/0	0/0/0/0/0	0/0/0/0/0	0/0/0/0/0	0/0/0/0/0	0/0/0/0/0	0/0/0/0/0	
	Port: 4 (contain 24 entries)
		8.032e-05/0/0/0/0	0.0003212/0/0/0/0	0.00194888/0/0/0/0	0.726593/189/274806/0/0	0.755848/0/0/0/0	0.986217/429/623766/0/0	0.627/197/282242/0/0	0.949282/2/2908/0/0	1.01109/126/163604/0/0	1.00328/309/229486/0/0	1.00141/373/276342/0/0	1.00106/431/318674/0/0	0.266464/0/0/0/0	0.0357718/0/0/0/0	0.0354307/0/0/0/0	0/0/0/0/0	0/0/0/0/0	0/0/0/0/0	0/0/0/0/0	0/0/0/0/0	0/0/0/0/0	0/0/0/0/0	0/0/0/0/0	0/0/0/0/0	

Spine 1: (contain: 4 ports)
	Port: 1 (contain 24 entries)
		2.56e-05/0/0/0/0	0.00025168/0/0/0/0	0.00194064/0/0/0/0	0.00017176/0/0/0/0	0.00024448/0/0/0/0	7.112e-05/0/0/0/0	5.68e-05/0/0/0/0	0.00017608/0/0/0/0	8.808e-05/0/0/0/0	0.00341776/0/0/0/0	0/0/0/0/0	0/0/0/0/0	0/0/0/0/0	0/0/0/0/0	0/0/0/0/0	0/0/0/0/0	0/0/0/0/0	0/0/0/0/0	0/0/0/0/0	0/0/0/0/0	0/0/0/0/0	0/0/0/0/0	0/0/0/0/0	0/0/0/0/0	
	Port: 2 (contain 24 entries)
		0.00235832/0/0/0/0	0.00391144/0/0/0/0	0.00037/0/0/0/0	0.0005324/0/0/0/0	0.10936/0/0/0/0	8.448e-05/0/0/0/0	0.00025088/0/0/0/0	0.00735968/0/0/0/0	0.371734/0/0/0/0	0.730114/72/104688/0/0	0.99886/72/104688/0/0	0.998744/72/104688/0/0	0.99886/72/104688/0/0	0.998744/72/104688/0/0	0.976586/0/0/0/0	0/0/0/0/0	0/0/0/0/0	0/0/0/0/0	0/0/0/0/0	0/0/0/0/0	0/0/0/0/0	0/0/0/0/0	0/0/0/0/0	0/0/0/0/0	
	Port: 3 (contain 24 entries)
		0.127402/0/0/0/0	0.00074088/0/0/0/0	0.0250507/0/0/0/0	4.48e-06/0/0/0/0	0.0127541/0/0/0/0	0.0136526/0/0/0/0	6.544e-05/0/0/0/0	0.00817688/0/0/0/0	0.00107048/0/0/0/0	0.00116344/0/0/0/0	0/0/0/0/0	0/0/0/0/0	0/0/0/0/0	0/0/0/0/0	0/0/0/0/0	0/0/0/0/0	0/0/0/0/0	0/0/0/0/0	0/0/0/0/0	0/0/0/0/0	0/0/0/0/0	0/0/0/0/0	0/0/0/0/0	0/0/0/0/0	
	Port: 4 (contain 24 entries)
		0.00346016/0/0/0/0	0.00047272/0/0/0/0	0.00051304/0/0/0/0	5.504e-05/0/0/0/0	0.00018248/0/0/0/0	0.00576976/0/0/0/0	0.00831248/0/0/0/0	0.0242017/0/0/0/0	0.0270028/0/0/0/0	0.531651/0/0/0/0	0.998744/0/0/0/0	0.99886/0/0/0/0	0.998744/0/0/0/0	0.314554/0/0/0/0	0/0/0/0/0	0/0/0/0/0	0/0/0/0/0	0/0/0/0/0	0/0/0/0/0	0/0/0/0/0	0/0/0/0/0	0/0/0/0/0	0/0/0/0/0	0/0/0/0/0	

Spine 2: (contain: 4 ports)
	Port: 1 (contain 24 entries)
		0.00042024/0/0/0/0	0.148954/0/0/0/0	0.163782/0/0/0/0	0.0176376/0/0/0/0	0.133959/0/0/0/0	0.251076/0/0/0/0	0.128785/0/0/0/0	0.0135395/0/0/0/0	0.0308401/0/0/0/0	0.0256371/0/0/0/0	0.0357718/0/0/0/0	0.0357677/0/0/0/0	0.035888/0/0/0/0	0.0114192/0/0/0/0	0/0/0/0/0	0/0/0/0/0	0.00011616/0/0/0/0	0/0/0/0/0	0/0/0/0/0	0/0/0/0/0	0/0/0/0/0	0/0/0/0/0	0/0/0/0/0	0/0/0/0/0	
	Port: 2 (contain 24 entries)
		0.0943682/0/0/0/0	8.888e-05/0/0/0/0	0.119231/0/0/0/0	2.56e-05/0/0/0/0	6.856e-05/0/0/0/0	0.159265/0/0/0/0	0.401149/0/0/0/0	0.00180152/0/0/0/0	0.183957/0/0/0/0	0.864914/0/0/0/0	0.26406/0/0/0/0	0/0/0/0/0	0/0/0/0/0	0/0/0/0/0	0/0/0/0/0	0/0/0/0/0	0/0/0/0/0	0/0/0/0/0	0/0/0/0/0	0/0/0/0/0	0/0/0/0/0	0/0/0/0/0	0/0/0/0/0	0/0/0/0/0	
	Port: 3 (contain 24 entries)
		0.00030368/0/0/0/0	0.0006656/0/0/0/0	0.00028904/0/0/0/0	0.0151382/0/0/0/0	0.0118952/0/0/0/0	0.0220235/0/0/0/0	0.0935936/2/1508/0/0	0.0767178/0/0/0/0	0.0352372/0/0/0/0	0.0353738/0/0/0/0	0.0344531/0/0/0/0	0.034449/0/0/0/0	0.00929344/0/0/0/0	0/0/0/0/0	0/0/0/0/0	0/0/0/0/0	0/0/0/0/0	0/0/0/0/0	0/0/0/0/0	0/0/0/0/0	0/0/0/0/0	0/0/0/0/0	0/0/0/0/0	0/0/0/0/0	
	Port: 4 (contain 24 entries)
		0.00077512/0/0/0/0	0.00268672/0/0/0/0	0.00411896/0/0/0/0	0.00665048/0/0/0/0	0.00712752/0/0/0/0	0.0797577/0/0/0/0	0.509505/0/0/0/0	0.494791/4/5816/0/0	0.797499/0/0/0/0	0.00020592/0/0/0/0	0/0/0/0/0	0/0/0/0/0	0/0/0/0/0	0/0/0/0/0	0/0/0/0/0	0/0/0/0/0	0/0/0/0/0	0/0/0/0/0	0/0/0/0/0	0/0/0/0/0	0/0/0/0/0	0/0/0/0/0	0/0/0/0/0	0/0/0/0/0	

Spine 3: (contain: 4 ports)
	Port: 1 (contain 24 entries)
		0.00011744/0/0/0/0	0.0003976/0/0/0/0	0.00155104/0/0/0/0	0.0003504/0/0/0/0	0.339618/0/0/0/0	0.355952/0/0/0/0	0.0212202/0/0/0/0	0.0343824/0/0/0/0	0.120968/0/0/0/0	0.0477022/0/0/0/0	0.00973408/0/0/0/0	0/0/0/0/0	0/0/0/0/0	0/0/0/0/0	0/0/0/0/0	0/0/0/0/0	0/0/0/0/0	0/0/0/0/0	0/0/0/0/0	0/0/0/0/0	0/0/0/0/0	0/0/0/0/0	0/0/0/0/0	0/0/0/0/0	
	Port: 2 (contain 24 entries)
		0.00742232/0/0/0/0	0.00609456/0/0/0/0	0.0070532/0/0/0/0	0.0179803/0/0/0/0	0.152762/0/0/0/0	0.013064/0/0/0/0	0.0113826/0/0/0/0	0.0304888/0/0/0/0	0.0900032/0/0/0/0	0.00067704/0/0/0/0	0/0/0/0/0	0/0/0/0/0	0/0/0/0/0	0/0/0/0/0	0/0/0/0/0	0/0/0/0/0	0/0/0/0/0	0/0/0/0/0	0/0/0/0/0	0/0/0/0/0	0/0/0/0/0	0/0/0/0/0	0/0/0/0/0	0/0/0/0/0	
	Port: 3 (contain 24 entries)
		0.0002184/0/0/0/0	0.00147808/0/0/0/0	0.0117175/0/0/0/0	8.648e-05/0/0/0/0	0.0149939/0/0/0/0	0.120654/0/0/0/0	0.0051272/0/0/0/0	0.0434082/0/0/0/0	1.28e-05/0/0/0/0	0.00029872/0/0/0/0	0/0/0/0/0	0/0/0/0/0	0/0/0/0/0	0/0/0/0/0	0/0/0/0/0	0/0/0/0/0	0/0/0/0/0	0/0/0/0/0	0/0/0/0/0	0/0/0/0/0	0/0/0/0/0	0/0/0/0/0	0/0/0/0/0	0/0/0/0/0	
	Port: 4 (contain 24 entries)
		0.000284/0/0/0/0	0.0338325/0/0/0/0	0.00472256/0/0/0/0	3.216e-05/0/0/0/0	0.0001136/0/0/0/0	0.00070008/0/0/0/0	0.631986/0/0/0/0	0.962352/0/0/0/0	0.549464/0/0/0/0	0.44904/0/0/0/0	0/0/0/0/0	0/0/0/0/0	0/0/0/0/0	0/0/0/0/0	0/0/0/0/0	0/0/0/0/0	0/0/0/0/0	0/0/0/0/0	0/0/0/0/0	0/0/0/0/0	0/0/0/0/0	0/0/0/0/0	0/0/0/0/0	0/0/0/0/0	

Leaf 0: (contain: 12 ports)
	Port: 1 (contain 24 entries)
		0/0/0/0/0	0.00281752/0/0/0/0	0.0002696/0/0/0/0	0/0/0/0/0	0.00064304/0/0/0/0	0.00265464/0/0/0/0	0.109079/0/0/0/0	1.28e-05/0/0/0/0	0.0071276/0/0/0/0	0.0372232/0/0/0/0	0.0096512/0/0/0/0	0/0/0/0/0	0/0/0/0/0	0/0/0/0/0	0/0/0/0/0	0/0/0/0/0	0/0/0/0/0	0/0/0/0/0	0/0/0/0/0	0/0/0/0/0	0/0/0/0/0	0/0/0/0/0	0/0/0/0/0	0/0/0/0/0	
	Port: 2 (contain 24 entries)
		0/0/0/0/0	0/0/0/0/0	0.00090512/0/0/0/0	0.00038256/0/0/0/0	7.216e-05/0/0/0/0	1.28e-05/0/0/0/0	0.00077192/0/0/0/0	9.792e-05/0/0/0/0	0.00060064/0/0/0/0	4.448e-05/0/0/0/0	0/0/0/0/0	0/0/0/0/0	0/0/0/0/0	0/0/0/0/0	0/0/0/0/0	0/0/0/0/0	0/0/0/0/0	0/0/0/0/0	0/0/0/0/0	0/0/0/0/0	0/0/0/0/0	0/0/0/0/0	0/0/0/0/0	0/0/0/0/0	
	Port: 3 (contain 24 entries)
		9.184e-05/0/0/0/0	1.28e-05/0/0/0/0	0/0/0/0/0	8.728e-05/0/0/0/0	0.767736/120/174480/0/0	0.607975/0/0/0/0	0.017101/0/0/0/0	0.0095056/0/0/0/0	0.0272036/0/0/0/0	0.0177761/0/0/0/0	0.0358838/0/0/0/0	0.0357718/0/0/0/0	0.0358838/0/0/0/0	0.0114566/0/0/0/0	0/0/0/0/0	0/0/0/0/0	0.00011616/0/0/0/0	0/0/0/0/0	0/0/0/0/0	0/0/0/0/0	0/0/0/0/0	0/0/0/0/0	0/0/0/0/0	0/0/0/0/0	
	Port: 4 (contain 24 entries)
		2.976e-05/0/0/0/0	8.736e-05/0/0/0/0	0.00179824/0/0/0/0	0.00012544/0/0/0/0	1.28e-05/0/0/0/0	0.00017016/0/0/0/0	0/0/0/0/0	0.00014632/0/0/0/0	0/0/0/0/0	0.00996272/0/0/0/0	0/0/0/0/0	0/0/0/0/0	0/0/0/0/0	0/0/0/0/0	0/0/0/0/0	0/0/0/0/0	0/0/0/0/0	0/0/0/0/0	0/0/0/0/0	0/0/0/0/0	0/0/0/0/0	0/0/0/0/0	0/0/0/0/0	0/0/0/0/0	
	Port: 5 (contain 24 entries)
		8.424e-05/0/0/0/0	0.00037104/0/0/0/0	0.101045/0/0/0/0	0.00028536/0/0/0/0	0.00384856/0/0/0/0	4.872e-05/0/0/0/0	0.021279/0/0/0/0	0.0343827/0/0/0/0	0.0173877/0/0/0/0	0.0162829/0/0/0/0	0/0/0/0/0	0/0/0/0/0	0/0/0/0/0	0/0/0/0/0	0/0/0/0/0	0/0/0/0/0	0/0/0/0/0	0/0/0/0/0	0/0/0/0/0	0/0/0/0/0	0/0/0/0/0	0/0/0/0/0	0/0/0/0/0	0/0/0/0/0	
	Port: 6 (contain 24 entries)
		8.672e-05/0/0/0/0	0.100375/0/0/0/0	1.28e-05/0/0/0/0	0/0/0/0/0	0.0002612/0/0/0/0	4.528e-05/0/0/0/0	5.192e-05/0/0/0/0	0.0002052/0/0/0/0	0.0966172/0/0/0/0	0.00125464/0/0/0/0	0/0/0/0/0	0/0/0/0/0	0/0/0/0/0	0/0/0/0/0	0/0/0/0/0	0/0/0/0/0	0/0/0/0/0	0/0/0/0/0	0/0/0/0/0	0/0/0/0/0	0/0/0/0/0	0/0/0/0/0	0/0/0/0/0	0/0/0/0/0	
	Port: 7 (contain 24 entries)
		1.28e-05/0/0/0/0	0.00488168/0/0/0/0	0.00026432/0/0/0/0	0.0134995/0/0/0/0	0.00485056/0/0/0/0	0.0002416/0/0/0/0	0.00195136/0/0/0/0	0.00295776/0/0/0/0	5.624e-05/0/0/0/0	0.00093544/0/0/0/0	0/0/0/0/0	0/0/0/0/0	0/0/0/0/0	0/0/0/0/0	0/0/0/0/0	0/0/0/0/0	0/0/0/0/0	0/0/0/0/0	0/0/0/0/0	0/0/0/0/0	0/0/0/0/0	0/0/0/0/0	0/0/0/0/0	0/0/0/0/0	
	Port: 8 (contain 24 entries)
		0.00027488/0/0/0/0	0.146149/0/0/0/0	0.0640454/0/0/0/0	0.00422568/0/0/0/0	0/0/0/0/0	0.00037424/0/0/0/0	1.696e-05/0/0/0/0	0.00096992/0/0/0/0	0.00324928/0/0/0/0	0.0003728/0/0/0/0	0/0/0/0/0	0/0/0/0/0	0/0/0/0/0	0/0/0/0/0	0/0/0/0/0	0/0/0/0/0	0/0/0/0/0	0/0/0/0/0	0/0/0/0/0	0/0/0/0/0	0/0/0/0/0	0/0/0/0/0	0/0/0/0/0	0/0/0/0/0	
	Port: 9 (contain 24 entries)
		0.00013416/0/0/0/0	0.00373688/0/0/0/0	0.00012608/0/0/0/0	0.490699/0/0/0/0	0.180152/0/0/0/0	0.00010888/0/0/0/0	0.105569/0/0/0/0	0.0313358/0/0/0/0	0.00384312/0/0/0/0	0.0739586/0/0/0/0	0/0/0/0/0	0/0/0/0/0	0/0/0/0/0	0/0/0/0/0	0/0/0/0/0	0/0/0/0/0	0/0/0/0/0	0/0/0/0/0	0/0/0/0/0	0/0/0/0/0	0/0/0/0/0	0/0/0/0/0	0/0/0/0/0	0/0/0/0/0	
	Port: 10 (contain 24 entries)
		0.00234552/0/0/0/0	0.00140664/0/0/0/0	0.0238914/0/0/0/0	1.728e-05/0/0/0/0	0.0122834/0/0/0/0	0.0114157/0/0/0/0	0/0/0/0/0	4.16e-06/0/0/0/0	0.0013508/0/0/0/0	0.513709/0/0/0/0	0.99886/0/0/0/0	0.998744/0/0/0/0	0.99886/0/0/0/0	0.313392/0/0/0/0	0/0/0/0/0	0/0/0/0/0	0/0/0/0/0	0/0/0/0/0	0/0/0/0/0	0/0/0/0/0	0/0/0/0/0	0/0/0/0/0	0/0/0/0/0	0/0/0/0/0	
	Port: 11 (contain 24 entries)
		0.0001272/0/0/0/0	0.0007448/0/0/0/0	0.00709936/0/0/0/0	0.00600912/0/0/0/0	0.00073792/0/0/0/0	0.0756871/0/0/0/0	0.515625/0/0/0/0	0.280081/0/0/0/0	1.03415/151/219554/0/0	0.854716/96/139584/0/0	0.251863/0/0/0/0	0/0/0/0/0	0/0/0/0/0	0/0/0/0/0	0/0/0/0/0	0/0/0/0/0	0/0/0/0/0	0/0/0/0/0	0/0/0/0/0	0/0/0/0/0	0/0/0/0/0	0/0/0/0/0	0/0/0/0/0	0/0/0/0/0	
	Port: 12 (contain 24 entries)
		0.007666/0/0/0/0	0.0063948/0/0/0/0	0.0152017/0/0/0/0	0.00380192/0/0/0/0	0.014985/0/0/0/0	0.00756752/0/0/0/0	0.632095/0/0/0/0	1.04418/443/644122/0/0	0.534062/0/0/0/0	0.448568/0/0/0/0	0/0/0/0/0	0/0/0/0/0	0/0/0/0/0	0/0/0/0/0	0/0/0/0/0	0/0/0/0/0	0/0/0/0/0	0/0/0/0/0	0/0/0/0/0	0/0/0/0/0	0/0/0/0/0	0/0/0/0/0	0/0/0/0/0	0/0/0/0/0	

Leaf 1: (contain: 12 ports)
	Port: 1 (contain 24 entries)
		0.00739216/0/0/0/0	0/0/0/0/0	0.00012768/0/0/0/0	0/0/0/0/0	1.28e-05/0/0/0/0	0.00134496/0/0/0/0	0.00013464/0/0/0/0	1.696e-05/0/0/0/0	2.976e-05/0/0/0/0	0.012118/0/0/0/0	0/0/0/0/0	0/0/0/0/0	0/0/0/0/0	0/0/0/0/0	0/0/0/0/0	0/0/0/0/0	0/0/0/0/0	0/0/0/0/0	0/0/0/0/0	0/0/0/0/0	0/0/0/0/0	0/0/0/0/0	0/0/0/0/0	0/0/0/0/0	
	Port: 2 (contain 24 entries)
		6.856e-05/0/0/0/0	0.00077456/0/0/0/0	0.00043496/0/0/0/0	1.28e-05/0/0/0/0	0.001794/0/0/0/0	1.28e-05/0/0/0/0	0.137231/0/0/0/0	1.696e-05/0/0/0/0	0/0/0/0/0	0.00018736/0/0/0/0	0/0/0/0/0	0/0/0/0/0	0/0/0/0/0	0/0/0/0/0	0/0/0/0/0	0/0/0/0/0	0/0/0/0/0	0/0/0/0/0	0/0/0/0/0	0/0/0/0/0	0/0/0/0/0	0/0/0/0/0	0/0/0/0/0	0/0/0/0/0	
	Port: 3 (contain 24 entries)
		0.0001212/0/0/0/0	7.784e-05/0/0/0/0	4.608e-05/0/0/0/0	0.109991/0/0/0/0	0.0010876/0/0/0/0	2.56e-05/0/0/0/0	0.00791528/0/0/0/0	0.00185184/0/0/0/0	0.371617/0/0/0/0	0.711994/0/0/0/0	0.998744/0/0/0/0	0.99886/0/0/0/0	0.998744/0/0/0/0	0.998744/0/0/0/0	0.986111/0/0/0/0	0/0/0/0/0	0/0/0/0/0	0/0/0/0/0	0/0/0/0/0	0/0/0/0/0	0/0/0/0/0	0/0/0/0/0	0/0/0/0/0	0/0/0/0/0	
	Port: 4 (contain 24 entries)
		0.0990617/0/0/0/0	0/0/0/0/0	1.696e-05/0/0/0/0	0/0/0/0/0	0.107443/0/0/0/0	0/0/0/0/0	0/0/0/0/0	1.696e-05/0/0/0/0	0.0001872/0/0/0/0	0.00815/0/0/0/0	0/0/0/0/0	0/0/0/0/0	0/0/0/0/0	0/0/0/0/0	0/0/0/0/0	0/0/0/0/0	0/0/0/0/0	0/0/0/0/0	0/0/0/0/0	0/0/0/0/0	0/0/0/0/0	0/0/0/0/0	0/0/0/0/0	0/0/0/0/0	
	Port: 5 (contain 24 entries)
		0.00233272/0/0/0/0	0.0007056/0/0/0/0	0.118874/0/0/0/0	0.00080424/0/0/0/0	3.664e-05/0/0/0/0	0.158448/0/0/0/0	0.241241/0/0/0/0	0.00777192/0/0/0/0	0.00264608/0/0/0/0	0.0651998/0/0/0/0	0/0/0/0/0	0/0/0/0/0	0/0/0/0/0	0/0/0/0/0	0/0/0/0/0	0/0/0/0/0	0/0/0/0/0	0/0/0/0/0	0/0/0/0/0	0/0/0/0/0	0/0/0/0/0	0/0/0/0/0	0/0/0/0/0	0/0/0/0/0	
	Port: 6 (contain 24 entries)
		0/0/0/0/0	0.00317856/0/0/0/0	0.00018856/0/0/0/0	0.391494/0/0/0/0	0.194094/0/0/0/0	0.0108125/0/0/0/0	0.0114944/0/0/0/0	0.0308806/0/0/0/0	0.0875837/0/0/0/0	4.64e-05/0/0/0/0	0/0/0/0/0	0/0/0/0/0	0/0/0/0/0	0/0/0/0/0	0/0/0/0/0	0/0/0/0/0	0/0/0/0/0	0/0/0/0/0	0/0/0/0/0	0/0/0/0/0	0/0/0/0/0	0/0/0/0/0	0/0/0/0/0	0/0/0/0/0	
	Port: 7 (contain 24 entries)
		0.00010136/0/0/0/0	0/0/0/0/0	0.00012008/0/0/0/0	0.00286104/0/0/0/0	0.136432/0/0/0/0	0.00308968/0/0/0/0	0.0141455/0/0/0/0	0.00012864/0/0/0/0	0.00048112/0/0/0/0	0.00372336/0/0/0/0	0/0/0/0/0	0/0/0/0/0	0/0/0/0/0	0/0/0/0/0	0/0/0/0/0	0/0/0/0/0	0/0/0/0/0	0/0/0/0/0	0/0/0/0/0	0/0/0/0/0	0/0/0/0/0	0/0/0/0/0	0/0/0/0/0	0/0/0/0/0	
	Port: 8 (contain 24 entries)
		1.28e-05/0/0/0/0	0.00537528/0/0/0/0	0.00949344/0/0/0/0	4.784e-05/0/0/0/0	0.00015768/0/0/0/0	3.392e-05/0/0/0/0	0.00063792/0/0/0/0	1.28e-05/0/0/0/0	0.182728/0/0/0/0	0.849388/0/0/0/0	0.265221/0/0/0/0	0/0/0/0/0	0/0/0/0/0	0/0/0/0/0	0/0/0/0/0	0/0/0/0/0	0/0/0/0/0	0/0/0/0/0	0/0/0/0/0	0/0/0/0/0	0/0/0/0/0	0/0/0/0/0	0/0/0/0/0	0/0/0/0/0	
	Port: 9 (contain 24 entries)
		2.56e-05/0/0/0/0	0.0004456/0/0/0/0	0.00331584/0/0/0/0	0.399886/0/0/0/0	0.450024/0/0/0/0	0.372148/0/0/0/0	0.240721/0/0/0/0	0.00055752/0/0/0/0	0.0134326/0/0/0/0	0.0237754/0/0/0/0	0.0357718/0/0/0/0	0.0357677/0/0/0/0	0.0357718/0/0/0/0	0.0357677/0/0/0/0	0.0353974/0/0/0/0	0/0/0/0/0	0/0/0/0/0	0/0/0/0/0	0/0/0/0/0	0/0/0/0/0	0/0/0/0/0	0/0/0/0/0	0/0/0/0/0	0/0/0/0/0	
	Port: 10 (contain 24 entries)
		0.130803/0/0/0/0	0.00044336/0/0/0/0	0.00132688/0/0/0/0	0.00020568/0/0/0/0	0.0008316/0/0/0/0	0.00803232/0/0/0/0	0.00836512/0/0/0/0	0.0296573/0/0/0/0	0.0044364/0/0/0/0	0.00329192/0/0/0/0	0/0/0/0/0	0/0/0/0/0	0/0/0/0/0	0/0/0/0/0	0/0/0/0/0	0/0/0/0/0	0/0/0/0/0	0/0/0/0/0	0/0/0/0/0	0/0/0/0/0	0/0/0/0/0	0/0/0/0/0	0/0/0/0/0	0/0/0/0/0	
	Port: 11 (contain 24 entries)
		0.00050264/0/0/0/0	0.146162/0/0/0/0	0.0674531/0/0/0/0	0.0223556/0/0/0/0	0.00981888/0/0/0/0	0.00101504/0/0/0/0	0.0418573/0/0/0/0	0.248664/0/0/0/0	0.00674944/0/0/0/0	0.00077904/0/0/0/0	0/0/0/0/0	0/0/0/0/0	0/0/0/0/0	0/0/0/0/0	0/0/0/0/0	0/0/0/0/0	0/0/0/0/0	0/0/0/0/0	0/0/0/0/0	0/0/0/0/0	0/0/0/0/0	0/0/0/0/0	0/0/0/0/0	0/0/0/0/0	
	Port: 12 (contain 24 entries)
		0.00020688/0/0/0/0	1.28e-05/0/0/0/0	0.00019832/0/0/0/0	0.00013824/0/0/0/0	2.976e-05/0/0/0/0	0.00076544/0/0/0/0	0.00498968/0/0/0/0	0.0433849/0/0/0/0	0.0791318/0/0/0/0	0.031089/0/0/0/0	0.00958048/0/0/0/0	0/0/0/0/0	0/0/0/0/0	0/0/0/0/0	0/0/0/0/0	0/0/0/0/0	0/0/0/0/0	0/0/0/0/0	0/0/0/0/0	0/0/0/0/0	0/0/0/0/0	0/0/0/0/0	0/0/0/0/0	0/0/0/0/0	

Leaf 2: (contain: 12 ports)
	Port: 1 (contain 24 entries)
		0.0236436/0/0/0/0	0.0683186/0/0/0/0	0.0001088/0/0/0/0	0.00426624/0/0/0/0	0/0/0/0/0	0.00010728/0/0/0/0	0.00392768/0/0/0/0	0.0710278/0/0/0/0	0.650517/0/0/0/0	0.521601/0/0/0/0	0/0/0/0/0	0/0/0/0/0	0/0/0/0/0	0/0/0/0/0	0/0/0/0/0	0/0/0/0/0	0/0/0/0/0	0/0/0/0/0	0/0/0/0/0	0/0/0/0/0	0/0/0/0/0	0/0/0/0/0	0/0/0/0/0	0/0/0/0/0	
	Port: 2 (contain 24 entries)
		0.127369/0/0/0/0	8.304e-05/0/0/0/0	0.0305647/0/0/0/0	5.672e-05/0/0/0/0	0.0149507/0/0/0/0	0.00721712/0/0/0/0	5.96e-05/0/0/0/0	0/0/0/0/0	1.28e-05/0/0/0/0	4.224e-05/0/0/0/0	0/0/0/0/0	0/0/0/0/0	0/0/0/0/0	0/0/0/0/0	0/0/0/0/0	0/0/0/0/0	0/0/0/0/0	0/0/0/0/0	0/0/0/0/0	0/0/0/0/0	0/0/0/0/0	0/0/0/0/0	0/0/0/0/0	0/0/0/0/0	
	Port: 3 (contain 24 entries)
		9.832e-05/0/0/0/0	0.00024096/0/0/0/0	0.011532/0/0/0/0	0/0/0/0/0	5.088e-05/0/0/0/0	0.00215152/0/0/0/0	0.00498792/0/0/0/0	4.792e-05/0/0/0/0	6.752e-05/0/0/0/0	0.00026528/0/0/0/0	0/0/0/0/0	0/0/0/0/0	0/0/0/0/0	0/0/0/0/0	0/0/0/0/0	0/0/0/0/0	0/0/0/0/0	0/0/0/0/0	0/0/0/0/0	0/0/0/0/0	0/0/0/0/0	0/0/0/0/0	0/0/0/0/0	0/0/0/0/0	
	Port: 4 (contain 24 entries)
		0/0/0/0/0	0.00373248/0/0/0/0	0.00043232/0/0/0/0	0.00021664/0/0/0/0	0.00033712/0/0/0/0	0.00016944/0/0/0/0	0.00015856/0/0/0/0	8.704e-05/0/0/0/0	8.072e-05/0/0/0/0	0.00100424/0/0/0/0	0/0/0/0/0	0/0/0/0/0	0/0/0/0/0	0/0/0/0/0	0/0/0/0/0	0/0/0/0/0	0/0/0/0/0	0/0/0/0/0	0/0/0/0/0	0/0/0/0/0	0/0/0/0/0	0/0/0/0/0	0/0/0/0/0	0/0/0/0/0	
	Port: 5 (contain 24 entries)
		4.56e-05/0/0/0/0	9.864e-05/0/0/0/0	1.28e-05/0/0/0/0	1.696e-05/0/0/0/0	6.72e-05/0/0/0/0	0.00017744/0/0/0/0	0.0284748/0/0/0/0	0.0450843/0/0/0/0	6.136e-05/0/0/0/0	0.00017464/0/0/0/0	0/0/0/0/0	0/0/0/0/0	0/0/0/0/0	0/0/0/0/0	0/0/0/0/0	0/0/0/0/0	0/0/0/0/0	0/0/0/0/0	0/0/0/0/0	0/0/0/0/0	0/0/0/0/0	0/0/0/0/0	0/0/0/0/0	0/0/0/0/0	
	Port: 6 (contain 24 entries)
		0/0/0/0/0	0.00045856/0/0/0/0	0.0238665/0/0/0/0	4.48e-06/0/0/0/0	0.00889888/0/0/0/0	0.0002904/0/0/0/0	0.00185672/0/0/0/0	0.0432389/0/0/0/0	0.00062856/0/0/0/0	0.00040416/0/0/0/0	0/0/0/0/0	0/0/0/0/0	0/0/0/0/0	0/0/0/0/0	0/0/0/0/0	0/0/0/0/0	0/0/0/0/0	0/0/0/0/0	0/0/0/0/0	0/0/0/0/0	0/0/0/0/0	0/0/0/0/0	0/0/0/0/0	0/0/0/0/0	
	Port: 7 (contain 24 entries)
		0/0/0/0/0	0.000192/0/0/0/0	4.672e-05/0/0/0/0	0.0106586/0/0/0/0	0.0116611/0/0/0/0	0.134984/0/0/0/0	0.0599054/0/0/0/0	0.0406242/0/0/0/0	0.0351648/0/0/0/0	0.0346195/0/0/0/0	0.034449/0/0/0/0	0.0344531/0/0/0/0	0.00932672/0/0/0/0	0/0/0/0/0	0/0/0/0/0	0/0/0/0/0	0/0/0/0/0	0/0/0/0/0	0/0/0/0/0	0/0/0/0/0	0/0/0/0/0	0/0/0/0/0	0/0/0/0/0	0/0/0/0/0	
	Port: 8 (contain 24 entries)
		0.00039488/0/0/0/0	0.00120736/0/0/0/0	0.00103472/0/0/0/0	0.00422632/0/0/0/0	0.0158086/0/0/0/0	0.0113901/0/0/0/0	9.768e-05/0/0/0/0	0.00037504/0/0/0/0	0.00042912/0/0/0/0	0.0113126/0/0/0/0	0/0/0/0/0	0/0/0/0/0	0/0/0/0/0	0/0/0/0/0	0/0/0/0/0	0/0/0/0/0	0/0/0/0/0	0/0/0/0/0	0/0/0/0/0	0/0/0/0/0	0/0/0/0/0	0/0/0/0/0	0/0/0/0/0	0/0/0/0/0	
	Port: 9 (contain 24 entries)
		0.0047324/0/0/0/0	0.104962/0/0/0/0	0.00349616/0/0/0/0	0.326179/0/0/0/0	0.638152/173/251542/0/0	0.59451/0/0/0/0	0.283004/0/0/0/0	0.920475/13/18902/0/0	0.992879/0/0/0/0	0.976668/0/0/0/0	0.965638/0/0/0/0	0.965406/0/0/0/0	0.229534/0/0/0/0	0/0/0/0/0	0/0/0/0/0	0/0/0/0/0	0/0/0/0/0	0/0/0/0/0	0/0/0/0/0	0/0/0/0/0	0/0/0/0/0	0/0/0/0/0	0/0/0/0/0	0/0/0/0/0	
	Port: 10 (contain 24 entries)
		1.28e-05/0/0/0/0	0.00341712/0/0/0/0	0.00255712/0/0/0/0	3.84e-05/0/0/0/0	0.109203/0/0/0/0	2.832e-05/0/0/0/0	0/0/0/0/0	0.00253448/0/0/0/0	0.021909/0/0/0/0	0.028434/0/0/0/0	0/0/0/0/0	0/0/0/0/0	0/0/0/0/0	0/0/0/0/0	0/0/0/0/0	0/0/0/0/0	0/0/0/0/0	0/0/0/0/0	0/0/0/0/0	0/0/0/0/0	0/0/0/0/0	0/0/0/0/0	0/0/0/0/0	0/0/0/0/0	
	Port: 11 (contain 24 entries)
		0.00077408/0/0/0/0	0.0025424/0/0/0/0	0.0002148/0/0/0/0	0.00010456/0/0/0/0	0.131509/0/0/0/0	0.254396/0/0/0/0	0.256916/0/0/0/0	0.0121885/0/0/0/0	7.648e-05/0/0/0/0	0.0115024/0/0/0/0	0/0/0/0/0	0/0/0/0/0	0/0/0/0/0	0/0/0/0/0	0/0/0/0/0	0/0/0/0/0	0/0/0/0/0	0/0/0/0/0	0/0/0/0/0	0/0/0/0/0	0/0/0/0/0	0/0/0/0/0	0/0/0/0/0	0/0/0/0/0	
	Port: 12 (contain 24 entries)
		0.00012632/0/0/0/0	0.0331278/0/0/0/0	0.00238/0/0/0/0	0/0/0/0/0	0.336766/0/0/0/0	0.355333/0/0/0/0	0.00085528/0/0/0/0	0.00041584/0/0/0/0	0.00085056/0/0/0/0	0.00026/0/0/0/0	0/0/0/0/0	0/0/0/0/0	0/0/0/0/0	0/0/0/0/0	0/0/0/0/0	0/0/0/0/0	0/0/0/0/0	0/0/0/0/0	0/0/0/0/0	0/0/0/0/0	0/0/0/0/0	0/0/0/0/0	0/0/0/0/0	0/0/0/0/0	

Leaf 3: (contain: 12 ports)
	Port: 1 (contain 24 entries)
		0.003436/0/0/0/0	0.00015584/0/0/0/0	2.112e-05/0/0/0/0	0.00068632/0/0/0/0	0.00128152/0/0/0/0	0.310513/0/0/0/0	0.888234/415/603410/0/0	0.351389/5/7270/0/0	0.777713/0/0/0/0	0.511396/0/0/0/0	0.99886/0/0/0/0	0.998744/0/0/0/0	0.998744/0/0/0/0	0.315715/0/0/0/0	0/0/0/0/0	0/0/0/0/0	0/0/0/0/0	0/0/0/0/0	0/0/0/0/0	0/0/0/0/0	0/0/0/0/0	0/0/0/0/0	0/0/0/0/0	0/0/0/0/0	
	Port: 2 (contain 24 entries)
		1.28e-05/0/0/0/0	0.00088872/0/0/0/0	0.00126248/0/0/0/0	2.944e-05/0/0/0/0	0.00482784/0/0/0/0	0.0006976/0/0/0/0	0.00032728/0/0/0/0	0.00296352/0/0/0/0	0.0218362/0/0/0/0	0.0192186/0/0/0/0	0/0/0/0/0	0/0/0/0/0	0/0/0/0/0	0/0/0/0/0	0/0/0/0/0	0/0/0/0/0	0/0/0/0/0	0/0/0/0/0	0/0/0/0/0	0/0/0/0/0	0/0/0/0/0	0/0/0/0/0	0/0/0/0/0	0/0/0/0/0	
	Port: 3 (contain 24 entries)
		0.00084288/0/0/0/0	0.00294752/0/0/0/0	1.28e-05/0/0/0/0	0.00012592/0/0/0/0	0.0007044/0/0/0/0	0.00293016/0/0/0/0	0.631794/0/0/0/0	0.961689/0/0/0/0	0.498685/0/0/0/0	0.449684/0/0/0/0	0/0/0/0/0	0/0/0/0/0	0/0/0/0/0	0/0/0/0/0	0/0/0/0/0	0/0/0/0/0	0/0/0/0/0	0/0/0/0/0	0/0/0/0/0	0/0/0/0/0	0/0/0/0/0	0/0/0/0/0	0/0/0/0/0	0/0/0/0/0	
	Port: 4 (contain 24 entries)
		5.128e-05/0/0/0/0	0.00013648/0/0/0/0	0.00428928/0/0/0/0	0/0/0/0/0	0/0/0/0/0	0.00047168/0/0/0/0	0.00183168/0/0/0/0	0.205145/0/0/0/0	0.0896442/0/0/0/0	0.0230883/0/0/0/0	0.0356346/0/0/0/0	0.0356387/0/0/0/0	0.036687/0/0/0/0	0.0357718/0/0/0/0	0.0354682/0/0/0/0	0/0/0/0/0	0/0/0/0/0	0/0/0/0/0	0/0/0/0/0	0/0/0/0/0	0/0/0/0/0	0/0/0/0/0	0/0/0/0/0	0/0/0/0/0	
	Port: 5 (contain 24 entries)
		0/0/0/0/0	0.0328906/0/0/0/0	0.00163488/0/0/0/0	0.703649/0/0/0/0	0.777942/0/0/0/0	0.6093/0/0/0/0	0.280562/0/0/0/0	0.929751/1/1454/0/0	0.981596/0/0/0/0	0.966865/0/0/0/0	0.962037/0/0/0/0	0.961921/0/0/0/0	0.256367/0/0/0/0	0/0/0/0/0	0/0/0/0/0	0/0/0/0/0	0/0/0/0/0	0/0/0/0/0	0/0/0/0/0	0/0/0/0/0	0/0/0/0/0	0/0/0/0/0	0/0/0/0/0	0/0/0/0/0	
	Port: 6 (contain 24 entries)
		9.208e-05/0/0/0/0	4.16e-06/0/0/0/0	0/0/0/0/0	0.0058276/0/0/0/0	0.00042504/0/0/0/0	1.28e-05/0/0/0/0	0.00055272/0/0/0/0	0.00031928/0/0/0/0	0.0001068/0/0/0/0	0.008472/0/0/0/0	0/0/0/0/0	0/0/0/0/0	0/0/0/0/0	0/0/0/0/0	0/0/0/0/0	0/0/0/0/0	0/0/0/0/0	0/0/0/0/0	0/0/0/0/0	0/0/0/0/0	0/0/0/0/0	0/0/0/0/0	0/0/0/0/0	0/0/0/0/0	
	Port: 7 (contain 24 entries)
		0.00012712/0/0/0/0	0.00027264/0/0/0/0	0.00397056/0/0/0/0	1.28e-05/0/0/0/0	0/0/0/0/0	0.0721728/0/0/0/0	0/0/0/0/0	4.48e-06/0/0/0/0	8.536e-05/0/0/0/0	0.00023024/0/0/0/0	0/0/0/0/0	0/0/0/0/0	0/0/0/0/0	0/0/0/0/0	0/0/0/0/0	0/0/0/0/0	0/0/0/0/0	0/0/0/0/0	0/0/0/0/0	0/0/0/0/0	0/0/0/0/0	0/0/0/0/0	0/0/0/0/0	0/0/0/0/0	
	Port: 8 (contain 24 entries)
		0/0/0/0/0	3.8e-05/0/0/0/0	1.28e-05/0/0/0/0	0/0/0/0/0	4.528e-05/0/0/0/0	0.00444328/0/0/0/0	8.928e-05/0/0/0/0	0.00025144/0/0/0/0	0.0034656/0/0/0/0	0/0/0/0/0	0/0/0/0/0	0/0/0/0/0	0/0/0/0/0	0/0/0/0/0	0/0/0/0/0	0/0/0/0/0	0/0/0/0/0	0/0/0/0/0	0/0/0/0/0	0/0/0/0/0	0/0/0/0/0	0/0/0/0/0	0/0/0/0/0	0/0/0/0/0	
	Port: 9 (contain 24 entries)
		0.0259814/0/0/0/0	0.0655418/0/0/0/0	0.0304098/0/0/0/0	4.072e-05/0/0/0/0	0.00794528/0/0/0/0	0.00292776/0/0/0/0	0.0001504/0/0/0/0	0.0731238/0/0/0/0	0.650585/0/0/0/0	0.530774/0/0/0/0	0/0/0/0/0	0/0/0/0/0	0/0/0/0/0	0/0/0/0/0	0/0/0/0/0	0/0/0/0/0	0/0/0/0/0	0/0/0/0/0	0/0/0/0/0	0/0/0/0/0	0/0/0/0/0	0/0/0/0/0	0/0/0/0/0	0/0/0/0/0	
	Port: 10 (contain 24 entries)
		8.4e-05/0/0/0/0	0.00011792/0/0/0/0	9.064e-05/0/0/0/0	0.00050232/0/0/0/0	0.00022368/0/0/0/0	0.00010168/0/0/0/0	0.00032048/0/0/0/0	0.00775168/0/0/0/0	0.372195/0/0/0/0	0.723438/3/4362/0/0	0.998744/3/4362/0/0	0.99886/3/4362/0/0	0.998744/3/4362/0/0	0.99886/3/4362/0/0	0.975076/0/0/0/0	0/0/0/0/0	0/0/0/0/0	0/0/0/0/0	0/0/0/0/0	0/0/0/0/0	0/0/0/0/0	0/0/0/0/0	0/0/0/0/0	0/0/0/0/0	
	Port: 11 (contain 24 entries)
		0.0945007/0/0/0/0	0.0029088/0/0/0/0	0.212654/0/0/0/0	0.0110203/0/0/0/0	0.0116819/0/0/0/0	0.180297/0/0/0/0	0.320211/0/0/0/0	0.045581/0/0/0/0	0.0627464/0/0/0/0	0.0526489/0/0/0/0	0.0702208/0/0/0/0	0.070225/0/0/0/0	0.0451398/0/0/0/0	0.0113859/0/0/0/0	0/0/0/0/0	0/0/0/0/0	0.00011616/0/0/0/0	0/0/0/0/0	0/0/0/0/0	0/0/0/0/0	0/0/0/0/0	0/0/0/0/0	0/0/0/0/0	0/0/0/0/0	
	Port: 12 (contain 24 entries)
		4.296e-05/0/0/0/0	0.00226736/0/0/0/0	0.00726432/0/0/0/0	0.0145092/0/0/0/0	0.157255/0/0/0/0	0.125181/0/0/0/0	0.031751/0/0/0/0	0.0352922/0/0/0/0	0.116832/0/0/0/0	0.0166057/0/0/0/0	0.00011616/0/0/0/0	0/0/0/0/0	0/0/0/0/0	0/0/0/0/0	0/0/0/0/0	0/0/0/0/0	0/0/0/0/0	0/0/0/0/0	0/0/0/0/0	0/0/0/0/0	0/0/0/0/0	0/0/0/0/0	0/0/0/0/0	0/0/0/0/0	

