Spine 0: (contain: 4 ports)
	Port: 1 (contain 24 entries)
		0.2711/0/0/0/0	0.179324/0/0/0/0	0.725319/253/367862/0/0	0.92564/339/400506/0/0	0.382814/0/0/0/0	0.230812/0/0/0/0	0.597041/0/0/0/0	0.758641/0/0/0/0	0.302141/0/0/0/0	0/0/0/0/0	0/0/0/0/0	0/0/0/0/0	0/0/0/0/0	0/0/0/0/0	0/0/0/0/0	0/0/0/0/0	0/0/0/0/0	0/0/0/0/0	0/0/0/0/0	0/0/0/0/0	0/0/0/0/0	0/0/0/0/0	0/0/0/0/0	0/0/0/0/0	
	Port: 2 (contain 24 entries)
		4.48e-06/0/0/0/0	0.856572/558/811332/0/0	0.147032/0/0/0/0	0.393298/1/1454/0/0	0.619922/520/422880/0/0	0.484224/0/0/0/0	0.255451/0/0/0/0	0.392884/3/162/0/0	0.39076/0/0/0/0	0.0353267/0/0/0/0	0.0356387/0/0/0/0	0.024673/0/0/0/0	0/0/0/0/0	0/0/0/0/0	0/0/0/0/0	0/0/0/0/0	0/0/0/0/0	0/0/0/0/0	0/0/0/0/0	0/0/0/0/0	0/0/0/0/0	0/0/0/0/0	0/0/0/0/0	0/0/0/0/0	
	Port: 3 (contain 24 entries)
		0.0228835/0/0/0/0	0.442815/69/100326/0/0	0.663854/0/0/0/0	0.084104/0/0/0/0	0.214297/0/0/0/0	0.549287/0/0/0/0	0.178182/0/0/0/0	0.0521872/0/0/0/0	0.036009/0/0/0/0	0.0343699/0/0/0/0	0.0206003/0/0/0/0	0.0105373/0/0/0/0	0/0/0/0/0	0/0/0/0/0	0/0/0/0/0	0/0/0/0/0	0/0/0/0/0	0/0/0/0/0	0/0/0/0/0	0/0/0/0/0	0/0/0/0/0	0/0/0/0/0	0/0/0/0/0	0/0/0/0/0	
	Port: 4 (contain 24 entries)
		0.0117482/0/0/0/0	0.227268/0/0/0/0	0.481746/0/0/0/0	0.507392/163/147402/0/0	0.596416/0/0/0/0	0.686552/48/69792/0/0	1.01013/146/212284/0/0	0.700561/0/0/0/0	0.280526/0/0/0/0	0.408403/0/0/0/0	0.578767/0/0/0/0	0.211257/0/0/0/0	0/0/0/0/0	0/0/0/0/0	0/0/0/0/0	0/0/0/0/0	0/0/0/0/0	0/0/0/0/0	0/0/0/0/0	0/0/0/0/0	0/0/0/0/0	0/0/0/0/0	0/0/0/0/0	0/0/0/0/0	

Spine 1: (contain: 4 ports)
	Port: 1 (contain 24 entries)
		0.00012896/0/0/0/0	0.566218/0/0/0/0	0.0522302/0/0/0/0	0.156128/0/0/0/0	0.177028/0/0/0/0	0.416666/0/0/0/0	0.436645/0/0/0/0	0.637949/0/0/0/0	0/0/0/0/0	0/0/0/0/0	0/0/0/0/0	0/0/0/0/0	0/0/0/0/0	0/0/0/0/0	0/0/0/0/0	0/0/0/0/0	0/0/0/0/0	0/0/0/0/0	0/0/0/0/0	0/0/0/0/0	0/0/0/0/0	0/0/0/0/0	0/0/0/0/0	0/0/0/0/0	
	Port: 2 (contain 24 entries)
		0.684558/286/415844/0/0	0.765795/0/0/0/0	0.523313/319/244026/0/0	0.262579/0/0/0/0	0.0309546/0/0/0/0	0.0184912/0/0/0/0	0.0147763/0/0/0/0	0.0167482/0/0/0/0	0.0117354/0/0/0/0	0.00259584/0/0/0/0	0/0/0/0/0	0/0/0/0/0	0/0/0/0/0	0/0/0/0/0	0/0/0/0/0	0/0/0/0/0	0/0/0/0/0	0/0/0/0/0	0/0/0/0/0	0/0/0/0/0	0/0/0/0/0	0/0/0/0/0	0/0/0/0/0	0/0/0/0/0	
	Port: 3 (contain 24 entries)
		4.48e-06/0/0/0/0	0.00395808/0/0/0/0	0.336868/0/0/0/0	0.679445/0/0/0/0	0.854137/56/81424/0/0	0.997872/81/117774/0/0	0.974466/0/0/0/0	1.01013/352/511808/0/0	1.00125/373/542342/0/0	0.990838/305/443470/0/0	0.968577/45/65430/0/0	0.0236574/0/0/0/0	0/0/0/0/0	0/0/0/0/0	0/0/0/0/0	0/0/0/0/0	0/0/0/0/0	0/0/0/0/0	0/0/0/0/0	0/0/0/0/0	0/0/0/0/0	0/0/0/0/0	0/0/0/0/0	0/0/0/0/0	
	Port: 4 (contain 24 entries)
		0.0174973/0/0/0/0	0.446418/0/0/0/0	0.576228/1/54/0/0	0.65686/1/54/0/0	0.833789/0/0/0/0	0.558352/5/3070/0/0	0.584741/333/338582/0/0	0.977543/97/102316/0/0	0.692997/0/0/0/0	0.59807/0/0/0/0	0/0/0/0/0	0/0/0/0/0	0/0/0/0/0	0/0/0/0/0	0/0/0/0/0	0/0/0/0/0	0/0/0/0/0	0/0/0/0/0	0/0/0/0/0	0/0/0/0/0	0/0/0/0/0	0/0/0/0/0	0/0/0/0/0	0/0/0/0/0	

Spine 2: (contain: 4 ports)
	Port: 1 (contain 24 entries)
		0.171925/0/0/0/0	0.419473/0/0/0/0	0.0191984/0/0/0/0	0.374457/0/0/0/0	0.0891483/0/0/0/0	0.597075/0/0/0/0	0.298698/0/0/0/0	0.0178464/0/0/0/0	0.0214115/0/0/0/0	0.0263786/0/0/0/0	0/0/0/0/0	0/0/0/0/0	0/0/0/0/0	0/0/0/0/0	0/0/0/0/0	0/0/0/0/0	0/0/0/0/0	0/0/0/0/0	0/0/0/0/0	0/0/0/0/0	0/0/0/0/0	0/0/0/0/0	0/0/0/0/0	0/0/0/0/0	
	Port: 2 (contain 24 entries)
		0.334801/0/0/0/0	0.351938/28/25312/0/0	0.476636/0/0/0/0	0.423402/0/0/0/0	0.854268/0/0/0/0	0.397233/0/0/0/0	0.062592/0/0/0/0	0.0229507/0/0/0/0	0/0/0/0/0	0/0/0/0/0	0/0/0/0/0	0/0/0/0/0	0/0/0/0/0	0/0/0/0/0	0/0/0/0/0	0/0/0/0/0	0/0/0/0/0	0/0/0/0/0	0/0/0/0/0	0/0/0/0/0	0/0/0/0/0	0/0/0/0/0	0/0/0/0/0	0/0/0/0/0	
	Port: 3 (contain 24 entries)
		0.343617/0/0/0/0	0.719425/493/373822/0/0	0.949532/81/117774/0/0	0.519206/0/0/0/0	0.0206669/0/0/0/0	0.016769/0/0/0/0	0.0205254/0/0/0/0	0.00457184/0/0/0/0	4.16e-06/0/0/0/0	0/0/0/0/0	0/0/0/0/0	0/0/0/0/0	0/0/0/0/0	0/0/0/0/0	0/0/0/0/0	0/0/0/0/0	0/0/0/0/0	0/0/0/0/0	0/0/0/0/0	0/0/0/0/0	0/0/0/0/0	0/0/0/0/0	0/0/0/0/0	0/0/0/0/0	
	Port: 4 (contain 24 entries)
		0.0115693/0/0/0/0	0.0350278/0/0/0/0	0.0184995/0/0/0/0	0.348569/4/5816/0/0	0.975668/1/54/0/0	0.931562/462/281148/0/0	1.00945/471/424434/0/0	0.975616/168/144872/0/0	1.00777/250/266900/0/0	0.841508/0/0/0/0	0/0/0/0/0	0/0/0/0/0	0/0/0/0/0	0/0/0/0/0	0/0/0/0/0	0/0/0/0/0	0/0/0/0/0	0/0/0/0/0	0/0/0/0/0	0/0/0/0/0	0/0/0/0/0	0/0/0/0/0	0/0/0/0/0	0/0/0/0/0	

Spine 3: (contain: 4 ports)
	Port: 1 (contain 24 entries)
		0/0/0/0/0	0.119619/0/0/0/0	0.0325731/0/0/0/0	0.100049/12/9048/0/0	0.556359/66/94564/0/0	0.331405/0/0/0/0	0.17234/0/0/0/0	0.305046/0/0/0/0	0.342323/0/0/0/0	0.364064/0/0/0/0	0.105354/0/0/0/0	0/0/0/0/0	0/0/0/0/0	0/0/0/0/0	0/0/0/0/0	0/0/0/0/0	0/0/0/0/0	0/0/0/0/0	0/0/0/0/0	0/0/0/0/0	0/0/0/0/0	0/0/0/0/0	0/0/0/0/0	0/0/0/0/0	
	Port: 2 (contain 24 entries)
		0.271242/0/0/0/0	0.134512/0/0/0/0	0.360372/0/0/0/0	0.0257651/0/0/0/0	0.0266867/0/0/0/0	0.356875/0/0/0/0	0.488341/0/0/0/0	0.0428646/0/0/0/0	0.0300768/0/0/0/0	0.0124883/0/0/0/0	0.0120682/0/0/0/0	0.00118976/0/0/0/0	0/0/0/0/0	0/0/0/0/0	0/0/0/0/0	0/0/0/0/0	0/0/0/0/0	0/0/0/0/0	0/0/0/0/0	0/0/0/0/0	0/0/0/0/0	0/0/0/0/0	0/0/0/0/0	0/0/0/0/0	
	Port: 3 (contain 24 entries)
		0/0/0/0/0	0.519601/0/0/0/0	0.652828/217/314122/0/0	0.950968/5/5870/0/0	0.860349/0/0/0/0	0.145446/0/0/0/0	0.33698/0/0/0/0	0.549786/0/0/0/0	0.185508/0/0/0/0	0/0/0/0/0	0/0/0/0/0	0/0/0/0/0	0/0/0/0/0	0/0/0/0/0	0/0/0/0/0	0/0/0/0/0	0/0/0/0/0	0/0/0/0/0	0/0/0/0/0	0/0/0/0/0	0/0/0/0/0	0/0/0/0/0	0/0/0/0/0	0/0/0/0/0	
	Port: 4 (contain 24 entries)
		0.494037/0/0/0/0	0.326381/0/0/0/0	0.0126048/0/0/0/0	0.349434/0/0/0/0	0.622325/1/54/0/0	0.423599/0/0/0/0	0.842337/0/0/0/0	0.521326/0/0/0/0	0.921381/2/2908/0/0	0.960527/183/266082/0/0	1.00362/224/325696/0/0	0.712923/0/0/0/0	0/0/0/0/0	0/0/0/0/0	0/0/0/0/0	0/0/0/0/0	0/0/0/0/0	0/0/0/0/0	0/0/0/0/0	0/0/0/0/0	0/0/0/0/0	0/0/0/0/0	0/0/0/0/0	0/0/0/0/0	

Leaf 0: (contain: 12 ports)
	Port: 1 (contain 24 entries)
		0/0/0/0/0	0.178895/0/0/0/0	0.393085/0/0/0/0	0.767139/0/0/0/0	0.101546/0/0/0/0	0.032889/0/0/0/0	0.0181917/0/0/0/0	0.0203216/0/0/0/0	0.0207834/0/0/0/0	0.024985/0/0/0/0	0.0237453/0/0/0/0	0/0/0/0/0	0/0/0/0/0	0/0/0/0/0	0/0/0/0/0	0/0/0/0/0	0/0/0/0/0	0/0/0/0/0	0/0/0/0/0	0/0/0/0/0	0/0/0/0/0	0/0/0/0/0	0/0/0/0/0	0/0/0/0/0	
	Port: 2 (contain 24 entries)
		0/0/0/0/0	0.00491328/0/0/0/0	0.0138611/0/0/0/0	0.00280384/0/0/0/0	0.158576/31/45074/0/0	0.823342/0/0/0/0	0.695258/0/0/0/0	0.638646/0/0/0/0	0/0/0/0/0	0/0/0/0/0	0/0/0/0/0	0/0/0/0/0	0/0/0/0/0	0/0/0/0/0	0/0/0/0/0	0/0/0/0/0	0/0/0/0/0	0/0/0/0/0	0/0/0/0/0	0/0/0/0/0	0/0/0/0/0	0/0/0/0/0	0/0/0/0/0	0/0/0/0/0	
	Port: 3 (contain 24 entries)
		0/0/0/0/0	0/0/0/0/0	0/0/0/0/0	0.367423/0/0/0/0	0.180629/0/0/0/0	0.219542/0/0/0/0	0.170871/0/0/0/0	0.284476/0/0/0/0	0.321879/0/0/0/0	0.338839/0/0/0/0	0.0818746/0/0/0/0	0/0/0/0/0	0/0/0/0/0	0/0/0/0/0	0/0/0/0/0	0/0/0/0/0	0/0/0/0/0	0/0/0/0/0	0/0/0/0/0	0/0/0/0/0	0/0/0/0/0	0/0/0/0/0	0/0/0/0/0	0/0/0/0/0	
	Port: 4 (contain 24 entries)
		0/0/0/0/0	0/0/0/0/0	0/0/0/0/0	0.240111/202/293708/0/0	0.270806/0/0/0/0	0.00058496/0/0/0/0	0/0/0/0/0	0/0/0/0/0	0/0/0/0/0	0/0/0/0/0	0/0/0/0/0	0/0/0/0/0	0/0/0/0/0	0/0/0/0/0	0/0/0/0/0	0/0/0/0/0	0/0/0/0/0	0/0/0/0/0	0/0/0/0/0	0/0/0/0/0	0/0/0/0/0	0/0/0/0/0	0/0/0/0/0	0/0/0/0/0	
	Port: 5 (contain 24 entries)
		0.121913/0/0/0/0	0.842439/0/0/0/0	0.326948/0/0/0/0	0.156936/0/0/0/0	0.372458/0/0/0/0	0.355333/13/18902/0/0	0.592072/0/0/0/0	0.758525/0/0/0/0	0.302955/0/0/0/0	0/0/0/0/0	0/0/0/0/0	0/0/0/0/0	0/0/0/0/0	0/0/0/0/0	0/0/0/0/0	0/0/0/0/0	0/0/0/0/0	0/0/0/0/0	0/0/0/0/0	0/0/0/0/0	0/0/0/0/0	0/0/0/0/0	0/0/0/0/0	0/0/0/0/0	
	Port: 6 (contain 24 entries)
		0/0/0/0/0	0/0/0/0/0	0/0/0/0/0	0.014888/0/0/0/0	0.146604/0/0/0/0	0.152178/0/0/0/0	0.0288007/0/0/0/0	0.0178381/0/0/0/0	0.0214157/0/0/0/0	0.0263994/0/0/0/0	0/0/0/0/0	0/0/0/0/0	0/0/0/0/0	0/0/0/0/0	0/0/0/0/0	0/0/0/0/0	0/0/0/0/0	0/0/0/0/0	0/0/0/0/0	0/0/0/0/0	0/0/0/0/0	0/0/0/0/0	0/0/0/0/0	0/0/0/0/0	
	Port: 7 (contain 24 entries)
		0.00295392/0/0/0/0	0.0222477/0/0/0/0	0.012455/0/0/0/0	0/0/0/0/0	0/0/0/0/0	0/0/0/0/0	0/0/0/0/0	0/0/0/0/0	0/0/0/0/0	0/0/0/0/0	0/0/0/0/0	0/0/0/0/0	0/0/0/0/0	0/0/0/0/0	0/0/0/0/0	0/0/0/0/0	0/0/0/0/0	0/0/0/0/0	0/0/0/0/0	0/0/0/0/0	0/0/0/0/0	0/0/0/0/0	0/0/0/0/0	0/0/0/0/0	
	Port: 8 (contain 24 entries)
		0.317125/0/0/0/0	0.237238/0/0/0/0	0.0513842/0/0/0/0	0.00240032/0/0/0/0	0/0/0/0/0	0/0/0/0/0	0/0/0/0/0	0/0/0/0/0	0/0/0/0/0	0/0/0/0/0	0/0/0/0/0	0/0/0/0/0	0/0/0/0/0	0/0/0/0/0	0/0/0/0/0	0/0/0/0/0	0/0/0/0/0	0/0/0/0/0	0/0/0/0/0	0/0/0/0/0	0/0/0/0/0	0/0/0/0/0	0/0/0/0/0	0/0/0/0/0	
	Port: 9 (contain 24 entries)
		0/0/0/0/0	0.749241/55/79970/0/0	0.380885/0/0/0/0	0.323775/0/0/0/0	0.413808/0/0/0/0	0.40114/0/0/0/0	0.000936/0/0/0/0	0/0/0/0/0	0/0/0/0/0	0.0018512/0/0/0/0	0.0029536/0/0/0/0	0/0/0/0/0	0/0/0/0/0	0/0/0/0/0	0/0/0/0/0	0/0/0/0/0	0/0/0/0/0	0/0/0/0/0	0/0/0/0/0	0/0/0/0/0	0/0/0/0/0	0/0/0/0/0	0/0/0/0/0	0/0/0/0/0	
	Port: 10 (contain 24 entries)
		0.147193/0/0/0/0	0.451785/0/0/0/0	0.398623/0/0/0/0	0.0866655/0/0/0/0	0.0034528/0/0/0/0	0.181442/0/0/0/0	0.0729485/0/0/0/0	0.594623/0/0/0/0	0.582194/0/0/0/0	0.69998/0/0/0/0	0.632062/0/0/0/0	0/0/0/0/0	0/0/0/0/0	0/0/0/0/0	0/0/0/0/0	0/0/0/0/0	0/0/0/0/0	0/0/0/0/0	0/0/0/0/0	0/0/0/0/0	0/0/0/0/0	0/0/0/0/0	0/0/0/0/0	0/0/0/0/0	
	Port: 11 (contain 24 entries)
		0.0060448/0/0/0/0	0.13317/52/75608/0/0	0.385984/0/0/0/0	0.165851/0/0/0/0	0.0147507/0/0/0/0	0.101619/0/0/0/0	0.171431/0/0/0/0	0.535983/0/0/0/0	0.613946/0/0/0/0	0.731233/0/0/0/0	0/0/0/0/0	0/0/0/0/0	0/0/0/0/0	0/0/0/0/0	0/0/0/0/0	0/0/0/0/0	0/0/0/0/0	0/0/0/0/0	0/0/0/0/0	0/0/0/0/0	0/0/0/0/0	0/0/0/0/0	0/0/0/0/0	0/0/0/0/0	
	Port: 12 (contain 24 entries)
		0.271242/0/0/0/0	0.459758/0/0/0/0	0.303676/0/0/0/0	0.342703/0/0/0/0	0.355015/0/0/0/0	0.36092/1/1454/0/0	0.484878/0/0/0/0	0.027169/0/0/0/0	0.0109158/0/0/0/0	0/0/0/0/0	0/0/0/0/0	0/0/0/0/0	0/0/0/0/0	0/0/0/0/0	0/0/0/0/0	0/0/0/0/0	0/0/0/0/0	0/0/0/0/0	0/0/0/0/0	0/0/0/0/0	0/0/0/0/0	0/0/0/0/0	0/0/0/0/0	0/0/0/0/0	

Leaf 1: (contain: 12 ports)
	Port: 1 (contain 24 entries)
		0/0/0/0/0	0.283555/0/0/0/0	0.184703/1/1454/0/0	0.542601/2/108/0/0	0.393277/0/0/0/0	0.012247/0/0/0/0	0.0139776/0/0/0/0	0.033696/0/0/0/0	0.0217818/0/0/0/0	0.020983/0/0/0/0	0.0151341/0/0/0/0	0.0164819/0/0/0/0	0/0/0/0/0	0/0/0/0/0	0/0/0/0/0	0/0/0/0/0	0/0/0/0/0	0/0/0/0/0	0/0/0/0/0	0/0/0/0/0	0/0/0/0/0	0/0/0/0/0	0/0/0/0/0	0/0/0/0/0	
	Port: 2 (contain 24 entries)
		0/0/0/0/0	0.133476/0/0/0/0	0.251945/0/0/0/0	0.066803/0/0/0/0	0.00463424/0/0/0/0	0.0054912/0/0/0/0	0.00091104/0/0/0/0	0/0/0/0/0	0/0/0/0/0	0/0/0/0/0	0/0/0/0/0	0/0/0/0/0	0/0/0/0/0	0/0/0/0/0	0/0/0/0/0	0/0/0/0/0	0/0/0/0/0	0/0/0/0/0	0/0/0/0/0	0/0/0/0/0	0/0/0/0/0	0/0/0/0/0	0/0/0/0/0	0/0/0/0/0	
	Port: 3 (contain 24 entries)
		0.0119939/0/0/0/0	0.0289958/0/0/0/0	0.0261706/0/0/0/0	0.0349818/0/0/0/0	0.0286128/0/0/0/0	0.0274768/0/0/0/0	0.0311168/0/0/0/0	0.0361462/0/0/0/0	0.035127/0/0/0/0	0.0212618/0/0/0/0	0.0205046/0/0/0/0	0.00822848/0/0/0/0	0/0/0/0/0	0/0/0/0/0	0/0/0/0/0	0/0/0/0/0	0/0/0/0/0	0/0/0/0/0	0/0/0/0/0	0/0/0/0/0	0/0/0/0/0	0/0/0/0/0	0/0/0/0/0	0/0/0/0/0	
	Port: 4 (contain 24 entries)
		0.491598/0/0/0/0	0.300738/0/0/0/0	0.306314/0/0/0/0	0.0956451/0/0/0/0	0.204533/0/0/0/0	0.31879/0/0/0/0	0.233482/0/0/0/0	0.366369/0/0/0/0	0.359293/0/0/0/0	0/0/0/0/0	0/0/0/0/0	0/0/0/0/0	0/0/0/0/0	0/0/0/0/0	0/0/0/0/0	0/0/0/0/0	0/0/0/0/0	0/0/0/0/0	0/0/0/0/0	0/0/0/0/0	0/0/0/0/0	0/0/0/0/0	0/0/0/0/0	0/0/0/0/0	
	Port: 5 (contain 24 entries)
		0.0823661/0/0/0/0	0.658046/0/0/0/0	0.346054/0/0/0/0	0.295145/0/0/0/0	0.365834/0/0/0/0	0.516236/0/0/0/0	0.45929/0/0/0/0	0.00333632/0/0/0/0	0.00568256/0/0/0/0	0.00818272/0/0/0/0	0.0120349/0/0/0/0	0.0012272/0/0/0/0	0/0/0/0/0	0/0/0/0/0	0/0/0/0/0	0/0/0/0/0	0/0/0/0/0	0/0/0/0/0	0/0/0/0/0	0/0/0/0/0	0/0/0/0/0	0/0/0/0/0	0/0/0/0/0	0/0/0/0/0	
	Port: 6 (contain 24 entries)
		0.004048/0/0/0/0	0.0269568/0/0/0/0	0.0163533/0/0/0/0	0.0144723/0/0/0/0	0.501313/0/0/0/0	0.410263/0/0/0/0	0.0837107/0/0/0/0	0.0357677/0/0/0/0	0.0110989/0/0/0/0	0/0/0/0/0	0/0/0/0/0	0/0/0/0/0	0/0/0/0/0	0/0/0/0/0	0/0/0/0/0	0/0/0/0/0	0/0/0/0/0	0/0/0/0/0	0/0/0/0/0	0/0/0/0/0	0/0/0/0/0	0/0/0/0/0	0/0/0/0/0	0/0/0/0/0	
	Port: 7 (contain 24 entries)
		0.602772/0/0/0/0	0.618579/0/0/0/0	0.416902/0/0/0/0	0.0750905/0/0/0/0	0/0/0/0/0	0/0/0/0/0	0/0/0/0/0	0/0/0/0/0	0/0/0/0/0	0/0/0/0/0	0/0/0/0/0	0/0/0/0/0	0/0/0/0/0	0/0/0/0/0	0/0/0/0/0	0/0/0/0/0	0/0/0/0/0	0/0/0/0/0	0/0/0/0/0	0/0/0/0/0	0/0/0/0/0	0/0/0/0/0	0/0/0/0/0	0/0/0/0/0	
	Port: 8 (contain 24 entries)
		0/0/0/0/0	0/0/0/0/0	0.00773376/0/0/0/0	0/0/0/0/0	0/0/0/0/0	0/0/0/0/0	0/0/0/0/0	0/0/0/0/0	0/0/0/0/0	0/0/0/0/0	0/0/0/0/0	0/0/0/0/0	0/0/0/0/0	0/0/0/0/0	0/0/0/0/0	0/0/0/0/0	0/0/0/0/0	0/0/0/0/0	0/0/0/0/0	0/0/0/0/0	0/0/0/0/0	0/0/0/0/0	0/0/0/0/0	0/0/0/0/0	
	Port: 9 (contain 24 entries)
		0.305964/0/0/0/0	0.520418/0/0/0/0	0.795838/176/138304/0/0	0.6658/222/226188/0/0	0.43002/0/0/0/0	0.616634/45/38830/0/0	0.921376/4/5816/0/0	0.954835/21/30534/0/0	0.579415/0/0/0/0	0.40668/0/0/0/0	0.576037/0/0/0/0	0.21056/0/0/0/0	0/0/0/0/0	0/0/0/0/0	0/0/0/0/0	0/0/0/0/0	0/0/0/0/0	0/0/0/0/0	0/0/0/0/0	0/0/0/0/0	0/0/0/0/0	0/0/0/0/0	0/0/0/0/0	0/0/0/0/0	
	Port: 10 (contain 24 entries)
		0.0176682/0/0/0/0	0.56302/0/0/0/0	0.227828/0/0/0/0	0.452252/37/53798/0/0	0.964369/29/42166/0/0	1.00409/3/4362/0/0	0.946819/325/472550/0/0	0.935477/0/0/0/0	0.313752/0/0/0/0	0.290742/0/0/0/0	0.336632/0/0/0/0	0.0224958/0/0/0/0	0/0/0/0/0	0/0/0/0/0	0/0/0/0/0	0/0/0/0/0	0/0/0/0/0	0/0/0/0/0	0/0/0/0/0	0/0/0/0/0	0/0/0/0/0	0/0/0/0/0	0/0/0/0/0	0/0/0/0/0	
	Port: 11 (contain 24 entries)
		0.196439/201/292254/0/0	0.552862/1/54/0/0	0.565125/0/0/0/0	0.34107/0/0/0/0	0.609104/0/0/0/0	0.346196/0/0/0/0	0.262371/0/0/0/0	0.354029/0/0/0/0	0.393801/0/0/0/0	0.109114/0/0/0/0	0/0/0/0/0	0/0/0/0/0	0/0/0/0/0	0/0/0/0/0	0/0/0/0/0	0/0/0/0/0	0/0/0/0/0	0/0/0/0/0	0/0/0/0/0	0/0/0/0/0	0/0/0/0/0	0/0/0/0/0	0/0/0/0/0	0/0/0/0/0	
	Port: 12 (contain 24 entries)
		0/0/0/0/0	0.119648/0/0/0/0	0.0532454/0/0/0/0	0.726349/89/129406/0/0	1.07646/598/869492/0/0	0.182833/0/0/0/0	0.333031/0/0/0/0	0.779898/0/0/0/0	0.796741/0/0/0/0	0.589396/0/0/0/0	0.424332/0/0/0/0	0.436315/0/0/0/0	0/0/0/0/0	0/0/0/0/0	0/0/0/0/0	0/0/0/0/0	0/0/0/0/0	0/0/0/0/0	0/0/0/0/0	0/0/0/0/0	0/0/0/0/0	0/0/0/0/0	0/0/0/0/0	0/0/0/0/0	

Leaf 2: (contain: 12 ports)
	Port: 1 (contain 24 entries)
		0.022079/0/0/0/0	0.29946/0/0/0/0	0.211992/0/0/0/0	0.137766/0/0/0/0	0.207603/0/0/0/0	0.275875/0/0/0/0	8.32e-05/0/0/0/0	0/0/0/0/0	0/0/0/0/0	0/0/0/0/0	0/0/0/0/0	0/0/0/0/0	0/0/0/0/0	0/0/0/0/0	0/0/0/0/0	0/0/0/0/0	0/0/0/0/0	0/0/0/0/0	0/0/0/0/0	0/0/0/0/0	0/0/0/0/0	0/0/0/0/0	0/0/0/0/0	0/0/0/0/0	
	Port: 2 (contain 24 entries)
		0/0/0/0/0	0.166823/0/0/0/0	0.70846/0/0/0/0	0.505094/0/0/0/0	0/0/0/0/0	0/0/0/0/0	0/0/0/0/0	0/0/0/0/0	0/0/0/0/0	0/0/0/0/0	0/0/0/0/0	0/0/0/0/0	0/0/0/0/0	0/0/0/0/0	0/0/0/0/0	0/0/0/0/0	0/0/0/0/0	0/0/0/0/0	0/0/0/0/0	0/0/0/0/0	0/0/0/0/0	0/0/0/0/0	0/0/0/0/0	0/0/0/0/0	
	Port: 3 (contain 24 entries)
		0/0/0/0/0	0.231051/0/0/0/0	0.541754/0/0/0/0	0.227326/0/0/0/0	0.0128867/0/0/0/0	0.417247/0/0/0/0	0.076201/0/0/0/0	0.570229/0/0/0/0	0.5808/0/0/0/0	0.697889/0/0/0/0	0.65994/0/0/0/0	0/0/0/0/0	0/0/0/0/0	0/0/0/0/0	0/0/0/0/0	0/0/0/0/0	0/0/0/0/0	0/0/0/0/0	0/0/0/0/0	0/0/0/0/0	0/0/0/0/0	0/0/0/0/0	0/0/0/0/0	0/0/0/0/0	
	Port: 4 (contain 24 entries)
		0/0/0/0/0	0/0/0/0/0	0/0/0/0/0	0.133556/0/0/0/0	0.499829/0/0/0/0	0.159389/0/0/0/0	0.0205379/0/0/0/0	0.00458016/0/0/0/0	0/0/0/0/0	0/0/0/0/0	0/0/0/0/0	0/0/0/0/0	0/0/0/0/0	0/0/0/0/0	0/0/0/0/0	0/0/0/0/0	0/0/0/0/0	0/0/0/0/0	0/0/0/0/0	0/0/0/0/0	0/0/0/0/0	0/0/0/0/0	0/0/0/0/0	0/0/0/0/0	
	Port: 5 (contain 24 entries)
		0/0/0/0/0	0/0/0/0/0	0/0/0/0/0	0/0/0/0/0	0.00294976/0/0/0/0	0/0/0/0/0	0/0/0/0/0	0/0/0/0/0	0/0/0/0/0	0/0/0/0/0	0/0/0/0/0	0/0/0/0/0	0/0/0/0/0	0/0/0/0/0	0/0/0/0/0	0/0/0/0/0	0/0/0/0/0	0/0/0/0/0	0/0/0/0/0	0/0/0/0/0	0/0/0/0/0	0/0/0/0/0	0/0/0/0/0	0/0/0/0/0	
	Port: 6 (contain 24 entries)
		0.325954/0/0/0/0	0.921506/60/87240/0/0	0.782811/599/870946/0/0	0.773365/0/0/0/0	0.726/0/0/0/0	0.413878/0/0/0/0	0.769212/1/1454/0/0	0.642714/0/0/0/0	0.485549/0/0/0/0	0.300968/0/0/0/0	0.338839/0/0/0/0	0.0299301/0/0/0/0	0/0/0/0/0	0/0/0/0/0	0/0/0/0/0	0/0/0/0/0	0/0/0/0/0	0/0/0/0/0	0/0/0/0/0	0/0/0/0/0	0/0/0/0/0	0/0/0/0/0	0/0/0/0/0	0/0/0/0/0	
	Port: 7 (contain 24 entries)
		0/0/0/0/0	0/0/0/0/0	0/0/0/0/0	0.00213856/0/0/0/0	0.0164074/0/0/0/0	0.0336128/0/0/0/0	0.0340621/0/0/0/0	0.0334797/0/0/0/0	0.0360006/0/0/0/0	0.0343824/0/0/0/0	0.0206045/0/0/0/0	0.0105581/0/0/0/0	0/0/0/0/0	0/0/0/0/0	0/0/0/0/0	0/0/0/0/0	0/0/0/0/0	0/0/0/0/0	0/0/0/0/0	0/0/0/0/0	0/0/0/0/0	0/0/0/0/0	0/0/0/0/0	0/0/0/0/0	
	Port: 8 (contain 24 entries)
		0.0175056/0/0/0/0	0.0267811/0/0/0/0	0.361687/0/0/0/0	0.445578/0/0/0/0	0.477426/0/0/0/0	0.407065/0/0/0/0	0.619065/0/0/0/0	0.324702/0/0/0/0	0.118438/0/0/0/0	0/0/0/0/0	0/0/0/0/0	0/0/0/0/0	0/0/0/0/0	0/0/0/0/0	0/0/0/0/0	0/0/0/0/0	0/0/0/0/0	0/0/0/0/0	0/0/0/0/0	0/0/0/0/0	0/0/0/0/0	0/0/0/0/0	0/0/0/0/0	0/0/0/0/0	
	Port: 9 (contain 24 entries)
		4.48e-06/0/0/0/0	0.00820384/0/0/0/0	0.27995/0/0/0/0	0.059769/0/0/0/0	0.738366/0/0/0/0	0.577426/0/0/0/0	0.798716/0/0/0/0	0.505529/0/0/0/0	0/0/0/0/0	0/0/0/0/0	0/0/0/0/0	0/0/0/0/0	0/0/0/0/0	0/0/0/0/0	0/0/0/0/0	0/0/0/0/0	0/0/0/0/0	0/0/0/0/0	0/0/0/0/0	0/0/0/0/0	0/0/0/0/0	0/0/0/0/0	0/0/0/0/0	0/0/0/0/0	
	Port: 10 (contain 24 entries)
		0/0/0/0/0	0.452076/4/4416/0/0	0.388003/0/0/0/0	0.50933/0/0/0/0	0.220127/0/0/0/0	0.129935/0/0/0/0	0.228013/79/53266/0/0	0.751627/0/0/0/0	0.704708/0/0/0/0	0.599845/0/0/0/0	0/0/0/0/0	0/0/0/0/0	0/0/0/0/0	0/0/0/0/0	0/0/0/0/0	0/0/0/0/0	0/0/0/0/0	0/0/0/0/0	0/0/0/0/0	0/0/0/0/0	0/0/0/0/0	0/0/0/0/0	0/0/0/0/0	0/0/0/0/0	
	Port: 11 (contain 24 entries)
		0.0123514/0/0/0/0	0.032648/0/0/0/0	0.0513264/0/0/0/0	0.389341/174/233396/0/0	0.364037/0/0/0/0	0.635506/101/118854/0/0	0.590328/0/0/0/0	0.10853/0/0/0/0	0/0/0/0/0	0/0/0/0/0	0/0/0/0/0	0/0/0/0/0	0/0/0/0/0	0/0/0/0/0	0/0/0/0/0	0/0/0/0/0	0/0/0/0/0	0/0/0/0/0	0/0/0/0/0	0/0/0/0/0	0/0/0/0/0	0/0/0/0/0	0/0/0/0/0	0/0/0/0/0	
	Port: 12 (contain 24 entries)
		0.495083/0/0/0/0	0.327911/0/0/0/0	0.0220442/0/0/0/0	0.128889/8/8832/0/0	0.588234/555/554970/0/0	0.370746/0/0/0/0	0.812068/0/0/0/0	0.229062/0/0/0/0	0.336501/0/0/0/0	0.40478/0/0/0/0	0.614838/1/54/0/0	0.2766/0/0/0/0	0/0/0/0/0	0/0/0/0/0	0/0/0/0/0	0/0/0/0/0	0/0/0/0/0	0/0/0/0/0	0/0/0/0/0	0/0/0/0/0	0/0/0/0/0	0/0/0/0/0	0/0/0/0/0	0/0/0/0/0	

Leaf 3: (contain: 12 ports)
	Port: 1 (contain 24 entries)
		0/0/0/0/0	0/0/0/0/0	0/0/0/0/0	4.48e-06/0/0/0/0	0.0156291/0/0/0/0	0.012975/0/0/0/0	0.00238784/0/0/0/0	0/0/0/0/0	0/0/0/0/0	0/0/0/0/0	0/0/0/0/0	0/0/0/0/0	0/0/0/0/0	0/0/0/0/0	0/0/0/0/0	0/0/0/0/0	0/0/0/0/0	0/0/0/0/0	0/0/0/0/0	0/0/0/0/0	0/0/0/0/0	0/0/0/0/0	0/0/0/0/0	0/0/0/0/0	
	Port: 2 (contain 24 entries)
		0/0/0/0/0	0.00815392/0/0/0/0	0.0100717/0/0/0/0	0.394576/0/0/0/0	0.394363/0/0/0/0	0.102105/0/0/0/0	0.790004/0/0/0/0	0.519933/0/0/0/0	0/0/0/0/0	0/0/0/0/0	0/0/0/0/0	0/0/0/0/0	0/0/0/0/0	0/0/0/0/0	0/0/0/0/0	0/0/0/0/0	0/0/0/0/0	0/0/0/0/0	0/0/0/0/0	0/0/0/0/0	0/0/0/0/0	0/0/0/0/0	0/0/0/0/0	0/0/0/0/0	
	Port: 3 (contain 24 entries)
		0/0/0/0/0	0.00463456/0/0/0/0	0.00877344/0/0/0/0	0.264506/0/0/0/0	0.23836/0/0/0/0	0.472887/0/0/0/0	0.572553/0/0/0/0	0.126107/0/0/0/0	0/0/0/0/0	0/0/0/0/0	0/0/0/0/0	0/0/0/0/0	0/0/0/0/0	0/0/0/0/0	0/0/0/0/0	0/0/0/0/0	0/0/0/0/0	0/0/0/0/0	0/0/0/0/0	0/0/0/0/0	0/0/0/0/0	0/0/0/0/0	0/0/0/0/0	0/0/0/0/0	
	Port: 4 (contain 24 entries)
		0.0117482/0/0/0/0	0.00055744/0/0/0/0	0/0/0/0/0	0.322353/0/0/0/0	0.349776/0/0/0/0	0.0970944/0/0/0/0	0.15978/0/0/0/0	0.499488/0/0/0/0	0.597759/0/0/0/0	0.734557/0/0/0/0	0/0/0/0/0	0/0/0/0/0	0/0/0/0/0	0/0/0/0/0	0/0/0/0/0	0/0/0/0/0	0/0/0/0/0	0/0/0/0/0	0/0/0/0/0	0/0/0/0/0	0/0/0/0/0	0/0/0/0/0	0/0/0/0/0	0/0/0/0/0	
	Port: 5 (contain 24 entries)
		0.017464/0/0/0/0	0.223267/0/0/0/0	0.21444/0/0/0/0	0.447948/0/0/0/0	0.608461/0/0/0/0	0.152788/0/0/0/0	0.26826/0/0/0/0	0.549143/0/0/0/0	0.920204/244/272176/0/0	0.998823/289/277406/0/0	1.00229/222/322788/0/0	0.659768/0/0/0/0	0/0/0/0/0	0/0/0/0/0	0/0/0/0/0	0/0/0/0/0	0/0/0/0/0	0/0/0/0/0	0/0/0/0/0	0/0/0/0/0	0/0/0/0/0	0/0/0/0/0	0/0/0/0/0	0/0/0/0/0	
	Port: 6 (contain 24 entries)
		0/0/0/0/0	0.0100342/0/0/0/0	0.00570784/0/0/0/0	0.0183414/0/0/0/0	0.0938471/0/0/0/0	0.119666/0/0/0/0	0.850524/0/0/0/0	0.583704/0/0/0/0	0.695682/0/0/0/0	0.598767/0/0/0/0	0/0/0/0/0	0/0/0/0/0	0/0/0/0/0	0/0/0/0/0	0/0/0/0/0	0/0/0/0/0	0/0/0/0/0	0/0/0/0/0	0/0/0/0/0	0/0/0/0/0	0/0/0/0/0	0/0/0/0/0	0/0/0/0/0	0/0/0/0/0	
	Port: 7 (contain 24 entries)
		0.492876/0/0/0/0	0.769113/0/0/0/0	0.837926/1/54/0/0	0.303924/0/0/0/0	0.815586/174/252996/0/0	0.755156/0/0/0/0	0.623663/0/0/0/0	0.586724/0/0/0/0	0.377218/0/0/0/0	0.118871/0/0/0/0	0/0/0/0/0	0/0/0/0/0	0/0/0/0/0	0/0/0/0/0	0/0/0/0/0	0/0/0/0/0	0/0/0/0/0	0/0/0/0/0	0/0/0/0/0	0/0/0/0/0	0/0/0/0/0	0/0/0/0/0	0/0/0/0/0	0/0/0/0/0	
	Port: 8 (contain 24 entries)
		0.0115318/0/0/0/0	0.0185744/0/0/0/0	0.0132454/0/0/0/0	0.0960947/0/0/0/0	0.46428/0/0/0/0	0.856089/0/0/0/0	0.13094/0/0/0/0	0.368079/0/0/0/0	0.309915/0/0/0/0	0.359515/0/0/0/0	0.575108/0/0/0/0	0.29229/0/0/0/0	0/0/0/0/0	0/0/0/0/0	0/0/0/0/0	0/0/0/0/0	0/0/0/0/0	0/0/0/0/0	0/0/0/0/0	0/0/0/0/0	0/0/0/0/0	0/0/0/0/0	0/0/0/0/0	0/0/0/0/0	
	Port: 9 (contain 24 entries)
		0/0/0/0/0	0.439102/14/20356/0/0	0.563018/0/0/0/0	0.870487/19/17826/0/0	0.282826/0/0/0/0	0.359474/1/54/0/0	0.316616/0/0/0/0	0.445449/2/108/0/0	0.42628/0/0/0/0	0.0696675/0/0/0/0	0.0562474/0/0/0/0	0.0351562/0/0/0/0	0/0/0/0/0	0/0/0/0/0	0/0/0/0/0	0/0/0/0/0	0/0/0/0/0	0/0/0/0/0	0/0/0/0/0	0/0/0/0/0	0/0/0/0/0	0/0/0/0/0	0/0/0/0/0	0/0/0/0/0	
	Port: 10 (contain 24 entries)
		0.538526/0/0/0/0	0.320843/30/43620/0/0	0.470713/3/2962/0/0	0.709211/0/0/0/0	0.70794/1/1454/0/0	0.694607/0/0/0/0	0.805105/0/0/0/0	0.317698/0/0/0/0	0.105424/0/0/0/0	0/0/0/0/0	0/0/0/0/0	0/0/0/0/0	0/0/0/0/0	0/0/0/0/0	0/0/0/0/0	0/0/0/0/0	0/0/0/0/0	0/0/0/0/0	0/0/0/0/0	0/0/0/0/0	0/0/0/0/0	0/0/0/0/0	0/0/0/0/0	0/0/0/0/0	
	Port: 11 (contain 24 entries)
		0.671695/0/0/0/0	0.820701/0/0/0/0	0.464364/80/116320/0/0	0.820705/590/498060/0/0	0.914661/60/78840/0/0	0.863471/0/0/0/0	0.356485/0/0/0/0	0.0224141/0/0/0/0	0.0214115/0/0/0/0	0.0263578/0/0/0/0	0/0/0/0/0	0/0/0/0/0	0/0/0/0/0	0/0/0/0/0	0/0/0/0/0	0/0/0/0/0	0/0/0/0/0	0/0/0/0/0	0/0/0/0/0	0/0/0/0/0	0/0/0/0/0	0/0/0/0/0	0/0/0/0/0	0/0/0/0/0	
	Port: 12 (contain 24 entries)
		0/0/0/0/0	0.245687/33/47982/0/0	0.674894/0/0/0/0	0.241094/0/0/0/0	0.17009/0/0/0/0	0.229146/0/0/0/0	0.208515/0/0/0/0	0.383384/0/0/0/0	0.33464/0/0/0/0	0.344293/0/0/0/0	0.080713/0/0/0/0	0/0/0/0/0	0/0/0/0/0	0/0/0/0/0	0/0/0/0/0	0/0/0/0/0	0/0/0/0/0	0/0/0/0/0	0/0/0/0/0	0/0/0/0/0	0/0/0/0/0	0/0/0/0/0	0/0/0/0/0	0/0/0/0/0	

