Spine 0: (contain: 4 ports)
	Port: 1 (contain 24 entries)
		0/0/0/0/0	0.476845/0/0/0/0	0.526218/0/0/0/0	0.0754669/0/0/0/0	0.0237539/0/0/0/0	0.0364253/0/0/0/0	0.552883/0/0/0/0	0.552569/3/162/0/0	0.668928/127/110458/0/0	0.967406/8/8832/0/0	1.01897/214/267756/0/0	0.998181/215/260810/0/0	1.00045/196/283584/0/0	1.00511/251/363554/0/0	0.8876/1/54/0/0	0.641837/0/0/0/0	0.100682/0/0/0/0	0.0320902/0/0/0/0	0/0/0/0/0	0/0/0/0/0	0/0/0/0/0	0/0/0/0/0	0/0/0/0/0	0/0/0/0/0	
	Port: 2 (contain 24 entries)
		0.237672/0/0/0/0	0.0822154/0/0/0/0	0.2154/0/0/0/0	0.485953/0/0/0/0	0.57175/1/54/0/0	0.355817/0/0/0/0	0.678438/109/129086/0/0	0.845449/0/0/0/0	0.930992/66/73564/0/0	0.617086/0/0/0/0	0.258594/0/0/0/0	0.380195/0/0/0/0	0.293662/0/0/0/0	0.260258/0/0/0/0	0.368426/1/54/0/0	0.634631/4/3016/0/0	0.662832/0/0/0/0	0.123355/0/0/0/0	0.16637/0/0/0/0	0.433858/0/0/0/0	0.0457695/0/0/0/0	0/0/0/0/0	0/0/0/0/0	0/0/0/0/0	
	Port: 3 (contain 24 entries)
		0.00851584/0/0/0/0	0.150398/50/40500/0/0	0.569234/0/0/0/0	0.64574/0/0/0/0	0.499689/351/345154/0/0	0.790313/272/328288/0/0	0.961612/166/123764/0/0	0.817108/3/4362/0/0	0.396662/1/1454/0/0	0.508839/1/54/0/0	1.00654/323/370242/0/0	0.990358/235/268890/0/0	1.00171/257/310678/0/0	0.988074/164/181056/0/0	0.899606/1/1454/0/0	0.938322/0/0/0/0	0.69232/2/108/0/0	0.391976/0/0/0/0	0.158817/0/0/0/0	0/0/0/0/0	0/0/0/0/0	0/0/0/0/0	0/0/0/0/0	0/0/0/0/0	
	Port: 4 (contain 24 entries)
		0/0/0/0/0	0.0586378/0/0/0/0	0.694793/1/54/0/0	0.417054/0/0/0/0	0.123162/0/0/0/0	0.118336/0/0/0/0	0.259826/0/0/0/0	0.0520502/0/0/0/0	0.493138/0/0/0/0	0.390592/47/65538/0/0	0.787971/149/93148/0/0	0.671678/1/54/0/0	0.752394/0/0/0/0	0.737894/0/0/0/0	0.80464/245/199430/0/0	0.584617/0/0/0/0	0.878431/0/0/0/0	0.891859/0/0/0/0	4.16e-06/0/0/0/0	0/0/0/0/0	0/0/0/0/0	0/0/0/0/0	0/0/0/0/0	0/0/0/0/0	

Spine 1: (contain: 4 ports)
	Port: 1 (contain 24 entries)
		0/0/0/0/0	0.0295133/0/0/0/0	0.42147/0/0/0/0	0.825714/0/0/0/0	0.431017/0/0/0/0	0.171189/273/394142/0/0	0.394322/0/0/0/0	0.736604/0/0/0/0	0.520066/0/0/0/0	0.117869/0/0/0/0	0.37669/13/702/0/0	0.867572/204/127216/0/0	1.0164/534/367636/0/0	0.989901/261/266094/0/0	1.01482/379/472666/0/0	0.968471/79/114866/0/0	1.03329/416/548864/0/0	0.972183/169/216326/0/0	1.00634/259/313586/0/0	0.875571/0/0/0/0	0.10661/0/0/0/0	0/0/0/0/0	0/0/0/0/0	0/0/0/0/0	
	Port: 2 (contain 24 entries)
		0.190154/0/0/0/0	0.710551/0/0/0/0	0.0284349/0/0/0/0	0.0892819/0/0/0/0	0.364439/0/0/0/0	0.498688/0/0/0/0	0.540404/3/4362/0/0	0.791406/0/0/0/0	0.53457/0/0/0/0	0.731267/0/0/0/0	0.902192/269/253926/0/0	0.960583/3/4362/0/0	0.855052/1/1454/0/0	0.621225/0/0/0/0	0.531192/0/0/0/0	0.296627/0/0/0/0	0.0201053/0/0/0/0	0.0226179/0/0/0/0	0.0278221/0/0/0/0	0.0355222/0/0/0/0	0.00389792/0/0/0/0	0/0/0/0/0	0/0/0/0/0	0/0/0/0/0	
	Port: 3 (contain 24 entries)
		0.0716365/1/54/0/0	0.135877/0/0/0/0	0.30226/271/193834/0/0	1.0415/540/605960/0/0	0.724777/1/54/0/0	0.904499/85/63390/0/0	0.859319/0/0/0/0	0.651821/0/0/0/0	0.587612/0/0/0/0	0.859019/167/242818/0/0	0.808266/1/1454/0/0	0.468154/1/1454/0/0	0.722598/0/0/0/0	0.547246/0/0/0/0	0.539085/0/0/0/0	0.343253/0/0/0/0	0.324551/0/0/0/0	0.423519/0/0/0/0	0.479741/0/0/0/0	0.25789/0/0/0/0	0/0/0/0/0	0/0/0/0/0	0/0/0/0/0	0/0/0/0/0	
	Port: 4 (contain 24 entries)
		0.00967232/0/0/0/0	0.308792/0/0/0/0	0.748053/0/0/0/0	0.338062/49/46046/0/0	0.754332/30/40820/0/0	0.971935/204/225216/0/0	0.995982/74/33396/0/0	0.879878/0/0/0/0	0.656412/205/240670/0/0	0.798602/0/0/0/0	0.450288/1/54/0/0	0.628726/0/0/0/0	0.272671/0/0/0/0	0.296411/0/0/0/0	0.278762/1/54/0/0	0.348364/0/0/0/0	0.432491/0/0/0/0	0.39503/0/0/0/0	0.236416/0/0/0/0	0.00552864/0/0/0/0	0/0/0/0/0	0/0/0/0/0	0/0/0/0/0	0.00011616/0/0/0/0	

Spine 2: (contain: 4 ports)
	Port: 1 (contain 24 entries)
		0.446412/0/0/0/0	0.87489/50/72700/0/0	0.847565/0/0/0/0	0.154695/484/398536/0/0	1.00429/121/168934/0/0	0.885216/79/109266/0/0	0.997233/234/246436/0/0	0.855358/1/1454/0/0	0.804174/50/62900/0/0	1.02707/304/418216/0/0	0.622291/0/0/0/0	0.56415/0/0/0/0	0.480089/0/0/0/0	0.448089/0/0/0/0	0.0397226/0/0/0/0	4.16e-06/0/0/0/0	0/0/0/0/0	4.16e-06/0/0/0/0	0/0/0/0/0	0/0/0/0/0	0/0/0/0/0	0/0/0/0/0	0/0/0/0/0	0/0/0/0/0	
	Port: 2 (contain 24 entries)
		0.00801568/0/0/0/0	0.407425/0/0/0/0	0.0810512/0/0/0/0	0.0600557/0/0/0/0	0.21414/0/0/0/0	0.82753/0/0/0/0	0.639809/0/0/0/0	0.509057/0/0/0/0	0.508257/1/1454/0/0	0.355708/67/62418/0/0	0.691187/7/5978/0/0	0.781455/0/0/0/0	0.382946/0/0/0/0	0.352492/0/0/0/0	0.199389/0/0/0/0	0.555359/23/13842/0/0	0.733802/43/35922/0/0	0.841069/0/0/0/0	0.00152672/0/0/0/0	0/0/0/0/0	0/0/0/0/0	0/0/0/0/0	0/0/0/0/0	0/0/0/0/0	
	Port: 3 (contain 24 entries)
		0.0187494/0/0/0/0	0.339914/1/54/0/0	0.704881/0/0/0/0	0.832634/0/0/0/0	0.636885/0/0/0/0	0.758662/117/170118/0/0	0.992007/385/386190/0/0	0.939982/0/0/0/0	0.635448/0/0/0/0	0.931049/17/21918/0/0	0.970349/46/47284/0/0	1.00327/95/110130/0/0	0.970439/33/39582/0/0	0.971756/167/174218/0/0	0.922471/31/45074/0/0	0.874335/0/0/0/0	0.291445/0/0/0/0	0.503554/0/0/0/0	0.0336795/0/0/0/0	0/0/0/0/0	0/0/0/0/0	0.00011616/0/0/0/0	0/0/0/0/0	0/0/0/0/0	
	Port: 4 (contain 24 entries)
		0.435838/32/24128/0/0	0.796127/0/0/0/0	0.879203/305/265670/0/0	0.843932/0/0/0/0	0.639186/0/0/0/0	0.124331/0/0/0/0	0.4249/0/0/0/0	0.43627/296/181184/0/0	0.768031/287/156898/0/0	0.542141/0/0/0/0	0.491482/0/0/0/0	0.445468/0/0/0/0	0.640887/1/54/0/0	0.693949/2/1508/0/0	0.764192/0/0/0/0	0.707339/1/54/0/0	0.722832/0/0/0/0	0.495247/0/0/0/0	0.645153/0/0/0/0	0.582939/0/0/0/0	0/0/0/0/0	0/0/0/0/0	0/0/0/0/0	0/0/0/0/0	

Spine 3: (contain: 4 ports)
	Port: 1 (contain 24 entries)
		0/0/0/0/0	0.0756288/0/0/0/0	0.873652/0/0/0/0	0.979904/75/109050/0/0	0.586537/0/0/0/0	0.160789/1/54/0/0	0.231144/0/0/0/0	0.395201/0/0/0/0	0.54279/363/443802/0/0	0.923129/0/0/0/0	0.501729/0/0/0/0	0.712912/0/0/0/0	1.00077/47/37538/0/0	0.852768/0/0/0/0	0.0776778/0/0/0/0	0.106843/0/0/0/0	0/0/0/0/0	0/0/0/0/0	0/0/0/0/0	0/0/0/0/0	0/0/0/0/0	0.00011616/0/0/0/0	0/0/0/0/0	0/0/0/0/0	
	Port: 2 (contain 24 entries)
		0.700811/367/533618/0/0	0.616533/0/0/0/0	0.604412/249/362046/0/0	0.289668/0/0/0/0	0.708339/0/0/0/0	0.0762304/0/0/0/0	0.472497/0/0/0/0	0.988612/367/350218/0/0	0.79267/0/0/0/0	0.667041/47/31938/0/0	0.841025/254/275516/0/0	1.00287/293/332222/0/0	1.00096/323/363242/0/0	0.725144/0/0/0/0	0.596596/0/0/0/0	0.0122464/0/0/0/0	0.010217/0/0/0/0	0.00963008/0/0/0/0	0.0230048/0/0/0/0	0.021033/0/0/0/0	0/0/0/0/0	0/0/0/0/0	0/0/0/0/0	0/0/0/0/0	
	Port: 3 (contain 24 entries)
		0.0194566/0/0/0/0	0.0307469/0/0/0/0	0.0475331/0/0/0/0	0.242475/0/0/0/0	0.780894/215/312610/0/0	0.736651/0/0/0/0	0.882029/0/0/0/0	0.619434/1/54/0/0	0.692588/0/0/0/0	0.146655/0/0/0/0	0.276803/0/0/0/0	0.434329/0/0/0/0	0.552772/0/0/0/0	0.160443/0/0/0/0	0.0299562/0/0/0/0	0.0153088/0/0/0/0	0.0142314/0/0/0/0	0/0/0/0/0	0/0/0/0/0	0/0/0/0/0	0/0/0/0/0	0/0/0/0/0	0/0/0/0/0	0/0/0/0/0	
	Port: 4 (contain 24 entries)
		0.289122/0/0/0/0	0.831989/0/0/0/0	0.935715/197/286438/0/0	0.795136/204/296616/0/0	0.6814/2/108/0/0	0.969329/0/0/0/0	0.232694/0/0/0/0	0.302263/0/0/0/0	0.721929/0/0/0/0	0.956495/438/592052/0/0	0.74296/0/0/0/0	0.651778/0/0/0/0	0.376461/0/0/0/0	0/0/0/0/0	0.0253229/0/0/0/0	0.698005/0/0/0/0	0.535975/0/0/0/0	0/0/0/0/0	0/0/0/0/0	0/0/0/0/0	0/0/0/0/0	0/0/0/0/0	0/0/0/0/0	0/0/0/0/0	

Leaf 0: (contain: 12 ports)
	Port: 1 (contain 24 entries)
		0/0/0/0/0	0.0290486/0/0/0/0	0.413413/0/0/0/0	0.85634/122/177388/0/0	0.449764/0/0/0/0	0.0853757/0/0/0/0	0.65687/0/0/0/0	0.633185/0/0/0/0	0.698507/0/0/0/0	0.635318/0/0/0/0	0.247314/1/54/0/0	0.367426/0/0/0/0	0.154662/0/0/0/0	0.01976/0/0/0/0	0.00148512/0/0/0/0	0/0/0/0/0	0/0/0/0/0	0/0/0/0/0	0/0/0/0/0	0/0/0/0/0	0/0/0/0/0	0/0/0/0/0	0/0/0/0/0	0/0/0/0/0	
	Port: 2 (contain 24 entries)
		0/0/0/0/0	0.0153882/0/0/0/0	0.0147936/0/0/0/0	0.434438/1/54/0/0	0.673043/0/0/0/0	0.362802/0/0/0/0	0.00118112/0/0/0/0	0.107047/0/0/0/0	0.551383/0/0/0/0	0.345986/0/0/0/0	0.524881/0/0/0/0	0.900292/46/41684/0/0	0.967725/19/23426/0/0	0.881676/0/0/0/0	0.517368/0/0/0/0	0.627845/0/0/0/0	0.311418/0/0/0/0	0.208623/0/0/0/0	0.298183/0/0/0/0	0.732853/0/0/0/0	0.10565/0/0/0/0	0.00011616/0/0/0/0	0/0/0/0/0	0/0/0/0/0	
	Port: 3 (contain 24 entries)
		0/0/0/0/0	0.475916/0/0/0/0	0.497629/0/0/0/0	0.130215/0/0/0/0	0.489891/1/54/0/0	0.140131/0/0/0/0	0.199734/0/0/0/0	0.441314/0/0/0/0	0.496584/0/0/0/0	0.286812/0/0/0/0	0.244517/0/0/0/0	0.400171/0/0/0/0	0.549669/0/0/0/0	0.494669/0/0/0/0	0.315258/0/0/0/0	0.0932878/0/0/0/0	0/0/0/0/0	0/0/0/0/0	0/0/0/0/0	0/0/0/0/0	0/0/0/0/0	0/0/0/0/0	0/0/0/0/0	0/0/0/0/0	
	Port: 4 (contain 24 entries)
		0/0/0/0/0	3.392e-05/0/0/0/0	0.454522/0/0/0/0	0.137397/0/0/0/0	0.111028/0/0/0/0	0.0793072/0/0/0/0	0.539381/0/0/0/0	0.304468/0/0/0/0	0.0844736/0/0/0/0	0.69874/0/0/0/0	0.118019/0/0/0/0	0.458832/0/0/0/0	0.585446/0/0/0/0	0.565263/0/0/0/0	0.210017/0/0/0/0	0.308521/0/0/0/0	0.27042/0/0/0/0	0.340233/0/0/0/0	0.694985/0/0/0/0	0.152346/0/0/0/0	0/0/0/0/0	0/0/0/0/0	0/0/0/0/0	0/0/0/0/0	
	Port: 5 (contain 24 entries)
		0/0/0/0/0	0.0744672/0/0/0/0	0.466615/0/0/0/0	0.414069/0/0/0/0	0/0/0/0/0	0.00495904/0/0/0/0	4.16e-06/0/0/0/0	0.139401/0/0/0/0	0.164496/0/0/0/0	0.670716/0/0/0/0	0.652006/0/0/0/0	0.245911/0/0/0/0	0.421196/0/0/0/0	0.471145/0/0/0/0	0.365091/0/0/0/0	0.425358/0/0/0/0	0.487291/0/0/0/0	0.44635/0/0/0/0	0/0/0/0/0	0/0/0/0/0	0/0/0/0/0	0/0/0/0/0	0/0/0/0/0	0/0/0/0/0	
	Port: 6 (contain 24 entries)
		0/0/0/0/0	0/0/0/0/0	0/0/0/0/0	0/0/0/0/0	1.28e-05/0/0/0/0	0.0243488/0/0/0/0	0.0185616/0/0/0/0	0.231566/0/0/0/0	0.0975619/0/0/0/0	0.0328806/0/0/0/0	0.308691/0/0/0/0	0.238097/0/0/0/0	0.209056/0/0/0/0	0.21585/0/0/0/0	0.135934/0/0/0/0	0/0/0/0/0	0/0/0/0/0	0/0/0/0/0	0/0/0/0/0	0/0/0/0/0	0/0/0/0/0	0/0/0/0/0	0/0/0/0/0	0/0/0/0/0	
	Port: 7 (contain 24 entries)
		0/0/0/0/0	0/0/0/0/0	1.28e-05/0/0/0/0	0.0140579/0/0/0/0	0.315704/0/0/0/0	0.464546/0/0/0/0	0.403221/0/0/0/0	0.605941/0/0/0/0	0.0860755/0/0/0/0	0.105818/0/0/0/0	0.103435/0/0/0/0	0.145791/0/0/0/0	0.126197/0/0/0/0	0.150556/0/0/0/0	0.0484503/0/0/0/0	0.0198182/0/0/0/0	0.0307258/0/0/0/0	0.0355514/0/0/0/0	0.005408/0/0/0/0	0.015417/0/0/0/0	0.0021216/0/0/0/0	0/0/0/0/0	0/0/0/0/0	0/0/0/0/0	
	Port: 8 (contain 24 entries)
		0.446412/0/0/0/0	0.852498/0/0/0/0	0.829334/0/0/0/0	0.00742592/0/0/0/0	0.00720096/0/0/0/0	0.0641558/0/0/0/0	0.316304/0/0/0/0	0.0692531/0/0/0/0	0.305932/0/0/0/0	0.238708/0/0/0/0	0.311483/0/0/0/0	0.375661/0/0/0/0	0.459994/0/0/0/0	0.50274/0/0/0/0	0.438969/0/0/0/0	0.271283/0/0/0/0	0/0/0/0/0	0/0/0/0/0	0/0/0/0/0	0/0/0/0/0	0/0/0/0/0	0/0/0/0/0	0/0/0/0/0	0/0/0/0/0	
	Port: 9 (contain 24 entries)
		0/0/0/0/0	0.0186288/0/0/0/0	0.329256/0/0/0/0	0.0430224/0/0/0/0	0.0560131/0/0/0/0	0.359662/0/0/0/0	0.0213555/0/0/0/0	0.0197786/0/0/0/0	0.504465/0/0/0/0	0.549586/279/405666/0/0	0.825082/0/0/0/0	0.490411/1/1454/0/0	0.459116/0/0/0/0	0.38591/0/0/0/0	0.202506/0/0/0/0	0.448719/0/0/0/0	0.856796/0/0/0/0	0.988272/0/0/0/0	0.15275/0/0/0/0	0.43409/0/0/0/0	0.045421/0/0/0/0	0/0/0/0/0	0/0/0/0/0	0/0/0/0/0	
	Port: 10 (contain 24 entries)
		0.0159872/0/0/0/0	0.0291786/0/0/0/0	0.263185/0/0/0/0	0.347485/100/8200/0/0	0.671835/0/0/0/0	0.595434/1/54/0/0	0.886945/25/29350/0/0	0.730924/0/0/0/0	0.606715/0/0/0/0	0.797062/0/0/0/0	0.543066/0/0/0/0	0.63823/0/0/0/0	0.508642/0/0/0/0	0.10802/0/0/0/0	0.0255216/0/0/0/0	0.0354973/0/0/0/0	0.0356054/0/0/0/0	0.0356512/0/0/0/0	0.035568/0/0/0/0	0.0317075/0/0/0/0	0.00386464/0/0/0/0	0/0/0/0/0	0/0/0/0/0	0/0/0/0/0	
	Port: 11 (contain 24 entries)
		0/0/0/0/0	0.454119/0/0/0/0	0.0328835/0/0/0/0	0.206598/0/0/0/0	0.62369/7/8778/0/0	0.687481/0/0/0/0	0.748036/4/5816/0/0	0.815131/258/333132/0/0	0.49297/1/54/0/0	0.651306/1/54/0/0	0.79481/1/54/0/0	0.703826/4/3016/0/0	0.776177/0/0/0/0	0.819068/10/6140/0/0	0.419666/0/0/0/0	0.121225/0/0/0/0	0.00271232/0/0/0/0	0/0/0/0/0	0/0/0/0/0	0/0/0/0/0	0/0/0/0/0	0.00011616/0/0/0/0	0/0/0/0/0	0/0/0/0/0	
	Port: 12 (contain 24 entries)
		0/0/0/0/0	0.00453472/0/0/0/0	0.434438/0/0/0/0	0.329562/0/0/0/0	0.920394/115/165814/0/0	0.784512/0/0/0/0	0.0337542/0/0/0/0	0.484496/1/54/0/0	0.518669/0/0/0/0	0.0798218/0/0/0/0	0.264658/0/0/0/0	0.39428/1/54/0/0	0.521833/0/0/0/0	0.150849/0/0/0/0	0.00631488/0/0/0/0	0/0/0/0/0	0.00011616/0/0/0/0	0/0/0/0/0	0/0/0/0/0	0/0/0/0/0	0/0/0/0/0	0/0/0/0/0	0/0/0/0/0	0/0/0/0/0	

Leaf 1: (contain: 12 ports)
	Port: 1 (contain 24 entries)
		0/0/0/0/0	0.394479/0/0/0/0	0.0460971/0/0/0/0	0.072297/0/0/0/0	0.00839936/0/0/0/0	0.0080496/0/0/0/0	0.0203261/0/0/0/0	0.0115734/0/0/0/0	0.0134534/0/0/0/0	0.0216646/0/0/0/0	0.0144851/0/0/0/0	0.0255258/0/0/0/0	0.0160493/0/0/0/0	0.0183498/0/0/0/0	0.023009/0/0/0/0	0.0327309/0/0/0/0	0.0363667/0/0/0/0	0.0355347/0/0/0/0	0.036504/0/0/0/0	0.0210704/0/0/0/0	0/0/0/0/0	0/0/0/0/0	0/0/0/0/0	0/0/0/0/0	
	Port: 2 (contain 24 entries)
		0.428639/0/0/0/0	0.708924/0/0/0/0	0.121736/0/0/0/0	0.0341683/0/0/0/0	0.716166/0/0/0/0	0.331521/1/1454/0/0	0.599037/0/0/0/0	0.98039/90/130860/0/0	0.30603/0/0/0/0	0.153451/0/0/0/0	0.312899/0/0/0/0	0.307492/0/0/0/0	0.343371/0/0/0/0	0.1344/0/0/0/0	0.0309213/0/0/0/0	0.0357718/0/0/0/0	0.0351811/0/0/0/0	0.0309587/0/0/0/0	0.0278138/0/0/0/0	0.0355222/0/0/0/0	0.00393536/0/0/0/0	0/0/0/0/0	0/0/0/0/0	0/0/0/0/0	
	Port: 3 (contain 24 entries)
		0.00614048/0/0/0/0	0.0117686/0/0/0/0	0.0287581/0/0/0/0	0.0229466/0/0/0/0	0.00263328/0/0/0/0	0.013745/0/0/0/0	0.0162198/0/0/0/0	0.00406848/0/0/0/0	0.0158163/0/0/0/0	0.210175/0/0/0/0	0.209978/1/54/0/0	0.394442/0/0/0/0	0.417574/0/0/0/0	0.581725/0/0/0/0	0.600159/0/0/0/0	0.00961376/0/0/0/0	0/0/0/0/0	0/0/0/0/0	0/0/0/0/0	0/0/0/0/0	0/0/0/0/0	0/0/0/0/0	0/0/0/0/0	0/0/0/0/0	
	Port: 4 (contain 24 entries)
		0.356388/0/0/0/0	0.126614/0/0/0/0	0.469751/0/0/0/0	0.550142/0/0/0/0	0.829757/356/517624/0/0	0.84971/0/0/0/0	0.926376/182/264628/0/0	1.01048/283/411482/0/0	0.915922/0/0/0/0	0.719039/18/26172/0/0	0.997192/176/255904/0/0	1.00246/208/302432/0/0	1.01535/350/508900/0/0	1.0193/527/766258/0/0	0.975743/329/476966/0/0	0.979458/162/235548/0/0	0.670722/0/0/0/0	0.0972259/0/0/0/0	0.15275/0/0/0/0	0.433044/0/0/0/0	0.046815/0/0/0/0	0/0/0/0/0	0/0/0/0/0	0/0/0/0/0	
	Port: 5 (contain 24 entries)
		0.272636/0/0/0/0	0.614495/0/0/0/0	0.206997/0/0/0/0	0.246969/0/0/0/0	0.264003/0/0/0/0	0.513553/0/0/0/0	0.310209/0/0/0/0	0.446738/0/0/0/0	0.416712/0/0/0/0	0.452915/3/1562/0/0	0.675136/15/19010/0/0	0.869504/0/0/0/0	0.29618/0/0/0/0	0.0966529/0/0/0/0	0.0206835/0/0/0/0	0.0248685/0/0/0/0	0.0105664/0/0/0/0	0.0177965/0/0/0/0	0.00155168/0/0/0/0	0/0/0/0/0	0/0/0/0/0	0/0/0/0/0	0/0/0/0/0	0/0/0/0/0	
	Port: 6 (contain 24 entries)
		0/0/0/0/0	0.00418112/0/0/0/0	0.0264416/0/0/0/0	0.0279427/0/0/0/0	0.0254592/0/0/0/0	0.0234291/0/0/0/0	0.0280051/0/0/0/0	0.0136416/0/0/0/0	0.482947/0/0/0/0	0.265445/0/0/0/0	0.41086/0/0/0/0	0.489326/0/0/0/0	0.378654/0/0/0/0	0.0809862/0/0/0/0	0/0/0/0/0	0/0/0/0/0	0/0/0/0/0	0/0/0/0/0	0/0/0/0/0	0/0/0/0/0	0/0/0/0/0	0/0/0/0/0	0/0/0/0/0	0/0/0/0/0	
	Port: 7 (contain 24 entries)
		0/0/0/0/0	0/0/0/0/0	0/0/0/0/0	0/0/0/0/0	0/0/0/0/0	6.272e-05/0/0/0/0	0.0120061/0/0/0/0	0.015833/0/0/0/0	0.00654368/0/0/0/0	0.0023504/0/0/0/0	0.00015392/0/0/0/0	0.00543712/0/0/0/0	0.017135/0/0/0/0	0.0150717/0/0/0/0	0.0107286/0/0/0/0	0/0/0/0/0	0/0/0/0/0	0/0/0/0/0	0/0/0/0/0	0/0/0/0/0	0/0/0/0/0	0/0/0/0/0	0/0/0/0/0	0/0/0/0/0	
	Port: 8 (contain 24 entries)
		0/0/0/0/0	0/0/0/0/0	0/0/0/0/0	0.0002624/0/0/0/0	0.0106038/0/0/0/0	0.0196717/0/0/0/0	0.405582/0/0/0/0	0.634706/0/0/0/0	0.62351/0/0/0/0	0.540941/0/0/0/0	0.0361837/0/0/0/0	0.0480237/0/0/0/0	0.0460963/0/0/0/0	0.0423382/0/0/0/0	0.0345661/0/0/0/0	0.403092/1/54/0/0	0.673664/0/0/0/0	0.818952/0/0/0/0	0/0/0/0/0	0/0/0/0/0	0/0/0/0/0	0/0/0/0/0	0/0/0/0/0	0/0/0/0/0	
	Port: 9 (contain 24 entries)
		0.00851584/0/0/0/0	0.126046/0/0/0/0	0.203766/0/0/0/0	0.0143398/0/0/0/0	0.277337/0/0/0/0	0.379155/33/46582/0/0	1.10988/599/851346/0/0	0.669382/25/29350/0/0	0.667274/0/0/0/0	0.459336/139/102706/0/0	0.705686/2/108/0/0	0.732734/7/5978/0/0	0.85048/1/54/0/0	0.923188/78/61612/0/0	1.01269/194/213476/0/0	0.881824/0/0/0/0	0.339091/0/0/0/0	0.391942/0/0/0/0	0.158356/0/0/0/0	0/0/0/0/0	0/0/0/0/0	0/0/0/0/0	0/0/0/0/0	0/0/0/0/0	
	Port: 10 (contain 24 entries)
		0.00973888/0/0/0/0	0.0321446/0/0/0/0	0.152283/0/0/0/0	0.67984/0/0/0/0	0.536579/0/0/0/0	0.853408/592/548568/0/0	0.387311/11/4794/0/0	0.954143/145/101630/0/0	0.81274/0/0/0/0	0.919116/175/219450/0/0	0.86198/6/3124/0/0	0.982189/201/142454/0/0	1.00997/361/295294/0/0	1.0081/344/417576/0/0	0.945084/3/4362/0/0	0.940797/4/3016/0/0	0.989615/125/163550/0/0	1.0229/361/466094/0/0	0.985159/240/298560/0/0	0.98994/220/193880/0/0	0.090085/0/0/0/0	0/0/0/0/0	0/0/0/0/0	0/0/0/0/0	
	Port: 11 (contain 24 entries)
		0.197132/0/0/0/0	0.340482/0/0/0/0	0.858137/3/4362/0/0	0.721823/79/114866/0/0	0.640549/18/16372/0/0	0.78261/0/0/0/0	0.740659/0/0/0/0	0.429734/0/0/0/0	0.729531/96/139584/0/0	1.03839/438/636852/0/0	0.906314/119/173026/0/0	0.883662/215/312610/0/0	1.01142/324/471096/0/0	1.01595/472/686288/0/0	0.97886/300/436200/0/0	0.99708/285/414390/0/0	1.0042/332/482728/0/0	0.974523/123/178842/0/0	0.664544/0/0/0/0	0.581778/0/0/0/0	0/0/0/0/0	0/0/0/0/0	0/0/0/0/0	0/0/0/0/0	
	Port: 12 (contain 24 entries)
		0.0194941/0/0/0/0	0.109254/30/26820/0/0	0.927324/355/516170/0/0	0.896354/0/0/0/0	0.328411/0/0/0/0	0.27543/0/0/0/0	0.868595/0/0/0/0	0.214527/0/0/0/0	0.393125/361/277094/0/0	0.924992/566/359564/0/0	0.956862/0/0/0/0	0.723184/95/83530/0/0	1.007/232/194528/0/0	0.838564/0/0/0/0	0.109914/0/0/0/0	0.815804/0/0/0/0	0.543787/0/0/0/0	0/0/0/0/0	0/0/0/0/0	0/0/0/0/0	0/0/0/0/0	0/0/0/0/0	0/0/0/0/0	0/0/0/0/0	

Leaf 2: (contain: 12 ports)
	Port: 1 (contain 24 entries)
		0.0187203/0/0/0/0	0.025817/0/0/0/0	0.020688/0/0/0/0	0.0175136/0/0/0/0	0.0155168/0/0/0/0	0.0101088/0/0/0/0	0.171146/0/0/0/0	0.450979/0/0/0/0	0.203554/0/0/0/0	0.534219/0/0/0/0	0.520792/0/0/0/0	0.205978/1/54/0/0	0.565236/0/0/0/0	0.547462/0/0/0/0	0.539155/0/0/0/0	0.343369/0/0/0/0	0.324435/0/0/0/0	0.423636/0/0/0/0	0.479276/0/0/0/0	0.258703/0/0/0/0	0/0/0/0/0	0/0/0/0/0	0/0/0/0/0	0/0/0/0/0	
	Port: 2 (contain 24 entries)
		0/0/0/0/0	0/0/0/0/0	0.014064/0/0/0/0	0.75051/0/0/0/0	0.209669/0/0/0/0	0.326669/0/0/0/0	0.167561/0/0/0/0	0/0/0/0/0	0/0/0/0/0	0/0/0/0/0	0/0/0/0/0	0/0/0/0/0	0/0/0/0/0	0/0/0/0/0	0/0/0/0/0	0/0/0/0/0	0/0/0/0/0	0/0/0/0/0	0/0/0/0/0	0/0/0/0/0	0/0/0/0/0	0/0/0/0/0	0/0/0/0/0	0/0/0/0/0	
	Port: 3 (contain 24 entries)
		0.0279642/0/0/0/0	0.148516/0/0/0/0	0.234059/0/0/0/0	0.449202/77/79758/0/0	0.438532/0/0/0/0	0.439701/0/0/0/0	0.694269/0/0/0/0	0.0307754/0/0/0/0	0.12033/1/54/0/0	0.342372/0/0/0/0	0.739858/1/54/0/0	0.603712/0/0/0/0	0.441837/0/0/0/0	0.372148/0/0/0/0	0.00489216/0/0/0/0	0/0/0/0/0	0/0/0/0/0	0/0/0/0/0	0/0/0/0/0	0/0/0/0/0	0/0/0/0/0	0.00011616/0/0/0/0	0/0/0/0/0	0/0/0/0/0	
	Port: 4 (contain 24 entries)
		0/0/0/0/0	0/0/0/0/0	0/0/0/0/0	0/0/0/0/0	1.28e-05/0/0/0/0	0.00212608/0/0/0/0	0.0184787/0/0/0/0	0.00940576/0/0/0/0	0.00834528/0/0/0/0	0.0184995/0/0/0/0	0.00020384/0/0/0/0	0.0004576/0/0/0/0	0.0003744/0/0/0/0	0.00034528/0/0/0/0	0.00057408/0/0/0/0	0.013208/0/0/0/0	0.0231005/0/0/0/0	0.0294819/0/0/0/0	0/0/0/0/0	0/0/0/0/0	0/0/0/0/0	0/0/0/0/0	0/0/0/0/0	0/0/0/0/0	
	Port: 5 (contain 24 entries)
		0.0159165/0/0/0/0	0.0282006/0/0/0/0	0.12164/0/0/0/0	0.481832/0/0/0/0	0.672343/216/314064/0/0	0.814613/0/0/0/0	0.455347/0/0/0/0	0.797692/600/872400/0/0	0.4326/0/0/0/0	0.440018/0/0/0/0	0.911856/60/87240/0/0	0.962734/38/55252/0/0	1.00654/105/152670/0/0	0.629849/0/0/0/0	0.285176/0/0/0/0	0/0/0/0/0	0/0/0/0/0	0/0/0/0/0	0/0/0/0/0	0/0/0/0/0	0/0/0/0/0	0/0/0/0/0	0/0/0/0/0	0/0/0/0/0	
	Port: 6 (contain 24 entries)
		0/0/0/0/0	0.185774/0/0/0/0	0.0543901/0/0/0/0	0.0763174/0/0/0/0	0.271514/0/0/0/0	0.90698/0/0/0/0	0.886717/116/107064/0/0	0.981251/333/302182/0/0	0.727934/1/1454/0/0	0.670055/1/54/0/0	0.451783/0/0/0/0	0.69391/4/5816/0/0	0.678962/0/0/0/0	0.586093/1/1454/0/0	0.829341/0/0/0/0	0.959241/138/143252/0/0	0.969159/0/0/0/0	0.865857/82/119228/0/0	0.193542/0/0/0/0	0/0/0/0/0	0/0/0/0/0	0/0/0/0/0	0/0/0/0/0	0/0/0/0/0	
	Port: 7 (contain 24 entries)
		0/0/0/0/0	0.0114656/0/0/0/0	0.25696/0/0/0/0	0.0818413/0/0/0/0	0.260172/0/0/0/0	0.321585/9/6086/0/0	0.795041/0/0/0/0	0.203791/0/0/0/0	0.39083/0/0/0/0	0.156183/0/0/0/0	0.212233/0/0/0/0	0.287993/0/0/0/0	0.490998/1/54/0/0	0.531946/0/0/0/0	0.756634/3/2962/0/0	0.860483/0/0/0/0	0.00598208/0/0/0/0	0/0/0/0/0	0/0/0/0/0	0/0/0/0/0	0/0/0/0/0	0/0/0/0/0	0/0/0/0/0	0/0/0/0/0	
	Port: 8 (contain 24 entries)
		0.0544877/0/0/0/0	0.252996/0/0/0/0	0.908424/201/253054/0/0	0.862905/1/1454/0/0	0.750048/0/0/0/0	0.373728/0/0/0/0	0.511801/0/0/0/0	0.587455/20/29080/0/0	0.389915/0/0/0/0	0.262705/0/0/0/0	0.212588/0/0/0/0	0.144387/0/0/0/0	0.0659312/0/0/0/0	0/0/0/0/0	0/0/0/0/0	0/0/0/0/0	0/0/0/0/0	0/0/0/0/0	0/0/0/0/0	0/0/0/0/0	0/0/0/0/0	0/0/0/0/0	0/0/0/0/0	0/0/0/0/0	
	Port: 9 (contain 24 entries)
		0.237672/0/0/0/0	0.539353/8/3232/0/0	0.995754/25/23750/0/0	0.924853/0/0/0/0	0.261152/0/0/0/0	0.289134/0/0/0/0	0.817801/0/0/0/0	0.730648/1/54/0/0	0.582284/598/866692/0/0	0.52934/2/108/0/0	0.761449/33/29782/0/0	1.01519/262/291348/0/0	1.00642/371/393834/0/0	0.998749/412/398848/0/0	0.852968/0/0/0/0	0.4573/0/0/0/0	0.396824/0/0/0/0	0.0128669/0/0/0/0	0.00585728/0/0/0/0	0/0/0/0/0	0/0/0/0/0	0/0/0/0/0	0/0/0/0/0	0/0/0/0/0	
	Port: 10 (contain 24 entries)
		0.191083/0/0/0/0	1.15081/599/870946/0/0	0.478369/0/0/0/0	0.281977/0/0/0/0	0.240278/0/0/0/0	0.349448/400/342200/0/0	0.498129/0/0/0/0	0.414544/0/0/0/0	0.320499/0/0/0/0	0.526332/0/0/0/0	0.396112/0/0/0/0	0.317415/1/54/0/0	0.361394/0/0/0/0	0.349542/1/54/0/0	0.482785/0/0/0/0	0.103664/0/0/0/0	0.0116189/0/0/0/0	0.0151632/0/0/0/0	0.0171475/0/0/0/0	0.00932256/0/0/0/0	0/0/0/0/0	0/0/0/0/0	0/0/0/0/0	0.00011616/0/0/0/0	
	Port: 11 (contain 24 entries)
		0.688408/0/0/0/0	0.864366/0/0/0/0	0.843084/0/0/0/0	0.095064/4/216/0/0	0.224083/0/0/0/0	0.201452/0/0/0/0	0.638146/2/108/0/0	0.739095/0/0/0/0	0.935363/153/111862/0/0	0.816263/201/173254/0/0	0.380961/0/0/0/0	0.256055/0/0/0/0	0.0601526/0/0/0/0	0.0495901/0/0/0/0	0.0614166/0/0/0/0	0.42412/31/28274/0/0	0.710905/22/24988/0/0	0.829646/0/0/0/0	0.00150176/0/0/0/0	0/0/0/0/0	0/0/0/0/0	0/0/0/0/0	0/0/0/0/0	0/0/0/0/0	
	Port: 12 (contain 24 entries)
		0.663282/58/84332/0/0	0.956136/182/264628/0/0	0.96317/18/26172/0/0	0.679313/23/29242/0/0	1.00044/273/290542/0/0	0.946829/6/4524/0/0	0.481981/233/338782/0/0	0.635117/47/37538/0/0	1.0307/331/481274/0/0	0.929871/1/1454/0/0	0.64612/0/0/0/0	0.961536/2/1508/0/0	0.713711/0/0/0/0	0.106952/0/0/0/0	0.00151424/0/0/0/0	0.0017424/0/0/0/0	0/0/0/0/0	0/0/0/0/0	0/0/0/0/0	0/0/0/0/0	0/0/0/0/0	0/0/0/0/0	0/0/0/0/0	0/0/0/0/0	

Leaf 3: (contain: 12 ports)
	Port: 1 (contain 24 entries)
		0/0/0/0/0	0/0/0/0/0	2.56e-05/0/0/0/0	0/0/0/0/0	0.0231715/0/0/0/0	0.00374816/0/0/0/0	0.186559/0/0/0/0	0.14333/0/0/0/0	0.106898/0/0/0/0	0/0/0/0/0	0/0/0/0/0	0/0/0/0/0	0/0/0/0/0	0/0/0/0/0	0/0/0/0/0	0/0/0/0/0	0/0/0/0/0	0/0/0/0/0	0/0/0/0/0	0/0/0/0/0	0/0/0/0/0	0/0/0/0/0	0/0/0/0/0	0/0/0/0/0	
	Port: 2 (contain 24 entries)
		0/0/0/0/0	0/0/0/0/0	0.00846592/0/0/0/0	0.00093184/0/0/0/0	0.0182112/0/0/0/0	0.581414/0/0/0/0	0.0372966/0/0/0/0	0.0483926/0/0/0/0	0.382033/0/0/0/0	0.531707/46/59884/0/0	0.55802/0/0/0/0	0.224509/0/0/0/0	0.229958/0/0/0/0	0.224358/0/0/0/0	0.583662/0/0/0/0	0.854383/361/414294/0/0	0.690652/0/0/0/0	0.0121389/0/0/0/0	0.0248893/0/0/0/0	0.0055536/0/0/0/0	0/0/0/0/0	0/0/0/0/0	0/0/0/0/0	0/0/0/0/0	
	Port: 3 (contain 24 entries)
		0.0096432/0/0/0/0	0.0181667/0/0/0/0	0.261228/0/0/0/0	0.723583/1/1454/0/0	0.755373/0/0/0/0	0.3018/0/0/0/0	0.196042/0/0/0/0	0.450337/0/0/0/0	0.216279/0/0/0/0	0.335018/0/0/0/0	0.6971/148/146592/0/0	0.878839/168/200872/0/0	0.803885/0/0/0/0	0.420457/0/0/0/0	0.452559/0/0/0/0	0.390065/0/0/0/0	0.422242/0/0/0/0	0.229593/0/0/0/0	0/0/0/0/0	0/0/0/0/0	0/0/0/0/0	0/0/0/0/0	0/0/0/0/0	0.00011616/0/0/0/0	
	Port: 4 (contain 24 entries)
		0.526213/0/0/0/0	0.829572/0/0/0/0	0.578641/0/0/0/0	0.194316/0/0/0/0	0.079376/0/0/0/0	0.256172/0/0/0/0	0.452019/0/0/0/0	0.633747/550/763300/0/0	0.312182/0/0/0/0	0.0968374/0/0/0/0	0.379904/3/2962/0/0	0.4476/0/0/0/0	0.27285/0/0/0/0	0.3034/3/162/0/0	0.291013/0/0/0/0	0.350842/0/0/0/0	0.428173/1/54/0/0	0.382895/0/0/0/0	0.211992/0/0/0/0	0/0/0/0/0	0/0/0/0/0	0/0/0/0/0	0/0/0/0/0	0/0/0/0/0	
	Port: 5 (contain 24 entries)
		0.194814/1/54/0/0	0.353415/16/12064/0/0	0.862705/30/21220/0/0	0.667939/0/0/0/0	0.120936/0/0/0/0	0.335899/0/0/0/0	0.161642/0/0/0/0	0.0795296/0/0/0/0	0.197292/0/0/0/0	0.916118/0/0/0/0	0.32808/0/0/0/0	0.199758/0/0/0/0	0.0193222/0/0/0/0	0.0148602/0/0/0/0	0.175181/0/0/0/0	0.434982/0/0/0/0	0.743651/0/0/0/0	0.892905/0/0/0/0	0/0/0/0/0	0/0/0/0/0	0/0/0/0/0	0/0/0/0/0	0/0/0/0/0	0/0/0/0/0	
	Port: 6 (contain 24 entries)
		0/0/0/0/0	0.00163936/0/0/0/0	0.501579/0/0/0/0	0.130332/0/0/0/0	0.328384/0/0/0/0	0.417595/0/0/0/0	0.512859/0/0/0/0	0.140012/0/0/0/0	0.959365/415/603301/0/0	0.679781/0/0/0/0	0.194089/0/0/0/0	0.189922/0/0/0/0	0.187482/0/0/0/0	0.24533/0/0/0/0	0.286314/0/0/0/0	0.293188/0/0/0/0	0.285173/0/0/0/0	0.266006/0/0/0/0	0.644456/0/0/0/0	0.583985/0/0/0/0	0/0/0/0/0	0/0/0/0/0	0/0/0/0/0	0/0/0/0/0	
	Port: 7 (contain 24 entries)
		0/0/0/0/0	0.543878/0/0/0/0	0.753018/0/0/0/0	0.348496/0/0/0/0	0.271608/0/0/0/0	0.0792796/0/0/0/0	0.256223/0/0/0/0	0.106087/0/0/0/0	0.326031/0/0/0/0	0.0162294/0/0/0/0	0.00564928/0/0/0/0	0.00637312/0/0/0/0	0.00871936/0/0/0/0	0.00939328/0/0/0/0	0.0149885/0/0/0/0	0.0205213/0/0/0/0	0/0/0/0/0	0/0/0/0/0	0/0/0/0/0	0/0/0/0/0	0/0/0/0/0	0/0/0/0/0	0/0/0/0/0	0/0/0/0/0	
	Port: 8 (contain 24 entries)
		0/0/0/0/0	0.24997/0/0/0/0	0.221785/0/0/0/0	0.325923/0/0/0/0	0.625057/0/0/0/0	0.145299/0/0/0/0	0.111049/0/0/0/0	0.054135/0/0/0/0	0.121534/0/0/0/0	0.0921539/0/0/0/0	0.343127/0/0/0/0	0.457633/0/0/0/0	0.521147/0/0/0/0	0.509965/0/0/0/0	0.0416535/0/0/0/0	0.0102544/0/0/0/0	0/0/0/0/0	0/0/0/0/0	0/0/0/0/0	0/0/0/0/0	0/0/0/0/0	0/0/0/0/0	0/0/0/0/0	0/0/0/0/0	
	Port: 9 (contain 24 entries)
		0/0/0/0/0	0.0866125/0/0/0/0	0.56195/0/0/0/0	0.669421/0/0/0/0	0.623964/0/0/0/0	0.276607/0/0/0/0	0.618016/0/0/0/0	0.823422/0/0/0/0	0.885446/3/162/0/0	0.940159/0/0/0/0	0.740606/0/0/0/0	0.825055/0/0/0/0	0.738987/0/0/0/0	0.688325/0/0/0/0	0.880205/70/48580/0/0	1.00018/173/131142/0/0	0.730165/0/0/0/0	0.0452026/0/0/0/0	0.00762112/0/0/0/0	0/0/0/0/0	0/0/0/0/0	0/0/0/0/0	0/0/0/0/0	0/0/0/0/0	
	Port: 10 (contain 24 entries)
		0.0566947/0/0/0/0	0.139168/0/0/0/0	0.555358/177/197158/0/0	0.971301/4/4416/0/0	0.911918/437/317598/0/0	0.800232/49/57246/0/0	1.02371/465/649510/0/0	0.988155/373/517142/0/0	0.508165/0/0/0/0	0.311873/0/0/0/0	0.725678/67/72218/0/0	1.04662/463/673202/0/0	0.971747/230/334420/0/0	0.9783/54/78516/0/0	0.87666/49/71246/0/0	0.870148/0/0/0/0	0.786636/0/0/0/0	0.763928/0/0/0/0	0.698702/0/0/0/0	0.134457/0/0/0/0	0/0/0/0/0	0/0/0/0/0	0/0/0/0/0	0/0/0/0/0	
	Port: 11 (contain 24 entries)
		0.0249565/0/0/0/0	0.816745/366/246564/0/0	0.760863/55/32370/0/0	0.885689/172/126888/0/0	1.00823/222/249988/0/0	0.903997/19/27626/0/0	0.935684/2/108/0/0	0.786021/35/29890/0/0	0.550252/2/108/0/0	0.403733/0/0/0/0	0.679713/126/69804/0/0	0.958049/15/16210/0/0	0.639001/44/23376/0/0	0.596872/0/0/0/0	0.445731/6/3124/0/0	0.594869/0/0/0/0	0.0355222/0/0/0/0	0.00826592/0/0/0/0	0/0/0/0/0	0/0/0/0/0	0/0/0/0/0	0/0/0/0/0	0/0/0/0/0	0/0/0/0/0	
	Port: 12 (contain 24 entries)
		0.335363/0/0/0/0	0.501671/0/0/0/0	0.171721/95/132530/0/0	0.391242/0/0/0/0	0.597746/0/0/0/0	0.022581/0/0/0/0	0.460025/0/0/0/0	0.957962/108/124832/0/0	0.856428/7/10178/0/0	0.727381/0/0/0/0	0.533238/0/0/0/0	0.730932/1/54/0/0	0.697026/0/0/0/0	0.624233/1/1454/0/0	0.611105/0/0/0/0	0.0155501/0/0/0/0	0.0154627/0/0/0/0	0.00963424/0/0/0/0	0.0230256/0/0/0/0	0.0209997/0/0/0/0	0/0/0/0/0	0.00011616/0/0/0/0	0/0/0/0/0	0/0/0/0/0	

