Spine 0: (contain: 4 ports)
	Port: 1 (contain 24 entries)
		0.454377/0/0/0/0	0.575362/0/0/0/0	0.898731/0/0/0/0	0.814058/458/665932/0/0	0.488972/0/0/0/0	0.648521/0/0/0/0	0.697465/0/0/0/0	0.494609/0/0/0/0	0.109548/0/0/0/0	0/0/0/0/0	0/0/0/0/0	0/0/0/0/0	0/0/0/0/0	0/0/0/0/0	0/0/0/0/0	0/0/0/0/0	0/0/0/0/0	0/0/0/0/0	0/0/0/0/0	0/0/0/0/0	0/0/0/0/0	0/0/0/0/0	0/0/0/0/0	0/0/0/0/0	
	Port: 2 (contain 24 entries)
		0/0/0/0/0	0.797038/0/0/0/0	0.440236/0/0/0/0	0.122243/0/0/0/0	0.649435/0/0/0/0	0.254851/0/0/0/0	0.190505/0/0/0/0	0.0265782/0/0/0/0	0.025168/0/0/0/0	0.0359466/0/0/0/0	0.0254592/0/0/0/0	0.0119226/0/0/0/0	0/0/0/0/0	0/0/0/0/0	0/0/0/0/0	0/0/0/0/0	0/0/0/0/0	0/0/0/0/0	0/0/0/0/0	0/0/0/0/0	0/0/0/0/0	0/0/0/0/0	0/0/0/0/0	0/0/0/0/0	
	Port: 3 (contain 24 entries)
		0/0/0/0/0	0.303535/0/0/0/0	0.098417/0/0/0/0	0.0654915/0/0/0/0	0.100607/0/0/0/0	0.168329/0/0/0/0	0.241419/1/54/0/0	0.0347439/0/0/0/0	0.0248019/0/0/0/0	0.0221437/0/0/0/0	0.00939328/0/0/0/0	0/0/0/0/0	0/0/0/0/0	0/0/0/0/0	0/0/0/0/0	0/0/0/0/0	0/0/0/0/0	0/0/0/0/0	0/0/0/0/0	0/0/0/0/0	0/0/0/0/0	0/0/0/0/0	0/0/0/0/0	0/0/0/0/0	
	Port: 4 (contain 24 entries)
		0.572378/0/0/0/0	0.926256/0/0/0/0	0.458592/0/0/0/0	0.368708/0/0/0/0	0.60998/4/5816/0/0	0.879564/0/0/0/0	0.933346/85/123590/0/0	1.01326/209/303886/0/0	0.779364/0/0/0/0	0.617855/0/0/0/0	0.25965/0/0/0/0	0/0/0/0/0	0/0/0/0/0	0/0/0/0/0	0/0/0/0/0	0/0/0/0/0	0/0/0/0/0	0/0/0/0/0	0/0/0/0/0	0/0/0/0/0	0/0/0/0/0	0/0/0/0/0	0/0/0/0/0	0/0/0/0/0	

Spine 1: (contain: 4 ports)
	Port: 1 (contain 24 entries)
		0/0/0/0/0	0.210511/0/0/0/0	0.594436/0/0/0/0	0.912043/0/0/0/0	0.700577/0/0/0/0	0.871813/0/0/0/0	0.0852471/0/0/0/0	0.0245856/0/0/0/0	0.0349856/0/0/0/0	0.0229133/0/0/0/0	0/0/0/0/0	0/0/0/0/0	0/0/0/0/0	0/0/0/0/0	0/0/0/0/0	0/0/0/0/0	0/0/0/0/0	0/0/0/0/0	0/0/0/0/0	0/0/0/0/0	0/0/0/0/0	0/0/0/0/0	0/0/0/0/0	0/0/0/0/0	
	Port: 2 (contain 24 entries)
		0.422614/0/0/0/0	0.340562/0/0/0/0	0.0357079/0/0/0/0	0.0453194/0/0/0/0	0.00743392/0/0/0/0	0.0130166/0/0/0/0	0.0132496/0/0/0/0	0.0175968/0/0/0/0	0.00440128/0/0/0/0	0/0/0/0/0	0/0/0/0/0	0/0/0/0/0	0/0/0/0/0	0/0/0/0/0	0/0/0/0/0	0/0/0/0/0	0/0/0/0/0	0/0/0/0/0	0/0/0/0/0	0/0/0/0/0	0/0/0/0/0	0/0/0/0/0	0/0/0/0/0	0/0/0/0/0	
	Port: 3 (contain 24 entries)
		0.0199267/0/0/0/0	0.595652/0/0/0/0	0.366627/0/0/0/0	0.130619/0/0/0/0	0.0497011/0/0/0/0	0.455572/0/0/0/0	0.237066/0/0/0/0	0.714038/8/6032/0/0	1.01578/212/227048/0/0	0.631053/0/0/0/0	0.017576/0/0/0/0	0.0122134/0/0/0/0	0/0/0/0/0	0/0/0/0/0	0/0/0/0/0	0/0/0/0/0	0/0/0/0/0	0/0/0/0/0	0/0/0/0/0	0.00011616/0/0/0/0	0/0/0/0/0	0/0/0/0/0	0/0/0/0/0	0/0/0/0/0	
	Port: 4 (contain 24 entries)
		0/0/0/0/0	0.00670208/0/0/0/0	0.0129792/0/0/0/0	0.343494/0/0/0/0	0.85122/0/0/0/0	0.491821/0/0/0/0	0.764914/0/0/0/0	0.290245/0/0/0/0	0/0/0/0/0	0/0/0/0/0	0/0/0/0/0	0/0/0/0/0	0/0/0/0/0	0/0/0/0/0	0/0/0/0/0	0/0/0/0/0	0/0/0/0/0	0/0/0/0/0	0/0/0/0/0	0/0/0/0/0	0/0/0/0/0	0/0/0/0/0	0/0/0/0/0	0/0/0/0/0	

Spine 2: (contain: 4 ports)
	Port: 1 (contain 24 entries)
		0/0/0/0/0	0/0/0/0/0	0/0/0/0/0	0.140795/0/0/0/0	0.868778/216/314064/0/0	0.699555/0/0/0/0	0.242662/0/0/0/0	0.190967/0/0/0/0	0.388438/0/0/0/0	0/0/0/0/0	0/0/0/0/0	0/0/0/0/0	0/0/0/0/0	0/0/0/0/0	0/0/0/0/0	0/0/0/0/0	0/0/0/0/0	0/0/0/0/0	0/0/0/0/0	0/0/0/0/0	0/0/0/0/0	0/0/0/0/0	0/0/0/0/0	0/0/0/0/0	
	Port: 2 (contain 24 entries)
		0.385864/0/0/0/0	0.937953/213/225702/0/0	0.77005/2/1508/0/0	0.621755/0/0/0/0	0.279903/4/4416/0/0	0.391843/0/0/0/0	0.0810382/0/0/0/0	0.0281341/0/0/0/0	0.00413088/0/0/0/0	0/0/0/0/0	0/0/0/0/0	0/0/0/0/0	0/0/0/0/0	0/0/0/0/0	0/0/0/0/0	0/0/0/0/0	0/0/0/0/0	0/0/0/0/0	0/0/0/0/0	0/0/0/0/0	0/0/0/0/0	0/0/0/0/0	0/0/0/0/0	0/0/0/0/0	
	Port: 3 (contain 24 entries)
		0.126967/0/0/0/0	0.20689/0/0/0/0	0.89402/129/187566/0/0	0.646787/0/0/0/0	0.0383328/0/0/0/0	0.080615/0/0/0/0	0.57325/0/0/0/0	0.321143/0/0/0/0	0/0/0/0/0	0.00011616/0/0/0/0	0/0/0/0/0	0/0/0/0/0	0/0/0/0/0	0/0/0/0/0	0/0/0/0/0	0/0/0/0/0	0/0/0/0/0	0.00011616/0/0/0/0	0/0/0/0/0	0/0/0/0/0	0/0/0/0/0	0/0/0/0/0	0/0/0/0/0	0/0/0/0/0	
	Port: 4 (contain 24 entries)
		0.0103379/0/0/0/0	0.0345562/0/0/0/0	0.0885414/0/0/0/0	0.982385/50/44700/0/0	0.904133/0/0/0/0	0.583188/82/77228/0/0	0.494703/0/0/0/0	0.486594/0/0/0/0	0.386929/0/0/0/0	0.62587/0/0/0/0	0.707105/0/0/0/0	0.667455/0/0/0/0	0.794496/0/0/0/0	0/0/0/0/0	0/0/0/0/0	0/0/0/0/0	0/0/0/0/0	0/0/0/0/0	0/0/0/0/0	0/0/0/0/0	0/0/0/0/0	0/0/0/0/0	0/0/0/0/0	0/0/0/0/0	

Spine 3: (contain: 4 ports)
	Port: 1 (contain 24 entries)
		0.0117939/0/0/0/0	0.0444669/0/0/0/0	0.0222934/0/0/0/0	0.0226477/0/0/0/0	0.0444205/0/0/0/0	0.0359258/0/0/0/0	0.0408886/0/0/0/0	0.0105206/0/0/0/0	0/0/0/0/0	0/0/0/0/0	0/0/0/0/0	0/0/0/0/0	0/0/0/0/0	0/0/0/0/0	0/0/0/0/0	0/0/0/0/0	0/0/0/0/0	0/0/0/0/0	0/0/0/0/0	0/0/0/0/0	0/0/0/0/0	0/0/0/0/0	0/0/0/0/0	0/0/0/0/0	
	Port: 2 (contain 24 entries)
		0.662582/0/0/0/0	0.898539/165/239910/0/0	0.42008/0/0/0/0	0.242422/0/0/0/0	0.526002/0/0/0/0	0.547508/0/0/0/0	0.384821/0/0/0/0	0.0140358/0/0/0/0	0.0356678/0/0/0/0	0.0221021/0/0/0/0	0.0183082/0/0/0/0	0.0238534/0/0/0/0	0.0288954/0/0/0/0	0/0/0/0/0	0/0/0/0/0	0/0/0/0/0	0/0/0/0/0	0/0/0/0/0	0/0/0/0/0	0/0/0/0/0	0/0/0/0/0	0/0/0/0/0	0/0/0/0/0	0/0/0/0/0	
	Port: 3 (contain 24 entries)
		0.292035/0/0/0/0	0.461977/0/0/0/0	0.52416/0/0/0/0	0.949161/282/410028/0/0	0.906048/122/177388/0/0	0.974234/25/36350/0/0	0.258686/0/0/0/0	0.167154/0/0/0/0	0.539447/0/0/0/0	0.374268/0/0/0/0	0.0191637/0/0/0/0	0.00011616/0/0/0/0	0/0/0/0/0	0/0/0/0/0	0/0/0/0/0	0/0/0/0/0	0/0/0/0/0	0/0/0/0/0	0/0/0/0/0	0.00011616/0/0/0/0	0/0/0/0/0	0/0/0/0/0	0/0/0/0/0	0/0/0/0/0	
	Port: 4 (contain 24 entries)
		0.0132083/0/0/0/0	0.0421622/0/0/0/0	0.0563555/0/0/0/0	0.315328/175/132650/0/0	0.705397/6/3124/0/0	0.985866/413/271502/0/0	0.96402/132/191928/0/0	1.02325/342/497268/0/0	0.964782/49/71246/0/0	1.00536/121/175934/0/0	1.02174/318/462372/0/0	0.623295/0/0/0/0	0/0/0/0/0	0/0/0/0/0	0/0/0/0/0	0/0/0/0/0	0/0/0/0/0	0/0/0/0/0	0/0/0/0/0	0/0/0/0/0	0/0/0/0/0	0/0/0/0/0	0/0/0/0/0	0/0/0/0/0	

Leaf 0: (contain: 12 ports)
	Port: 1 (contain 24 entries)
		0/0/0/0/0	0.190976/0/0/0/0	0.592764/0/0/0/0	0.453145/0/0/0/0	0.228044/0/0/0/0	0.0387466/0/0/0/0	0.0209789/0/0/0/0	0.0245523/0/0/0/0	0.0349814/0/0/0/0	0.0229507/0/0/0/0	0/0/0/0/0	0/0/0/0/0	0/0/0/0/0	0/0/0/0/0	0/0/0/0/0	0/0/0/0/0	0/0/0/0/0	0/0/0/0/0	0/0/0/0/0	0/0/0/0/0	0/0/0/0/0	0/0/0/0/0	0/0/0/0/0	0/0/0/0/0	
	Port: 2 (contain 24 entries)
		0/0/0/0/0	0.0193027/0/0/0/0	0.0012064/0/0/0/0	0.0028496/0/0/0/0	0.513561/0/0/0/0	0.857958/0/0/0/0	0.569341/0/0/0/0	0.190386/0/0/0/0	0.389018/0/0/0/0	0/0/0/0/0	0/0/0/0/0	0/0/0/0/0	0/0/0/0/0	0/0/0/0/0	0/0/0/0/0	0/0/0/0/0	0/0/0/0/0	0/0/0/0/0	0/0/0/0/0	0/0/0/0/0	0/0/0/0/0	0/0/0/0/0	0/0/0/0/0	0/0/0/0/0	
	Port: 3 (contain 24 entries)
		0/0/0/0/0	0/0/0/0/0	0/0/0/0/0	0.463371/0/0/0/0	0.488337/0/0/0/0	0.851453/0/0/0/0	0.0787383/0/0/0/0	0/0/0/0/0	0/0/0/0/0	0/0/0/0/0	0/0/0/0/0	0/0/0/0/0	0/0/0/0/0	0/0/0/0/0	0/0/0/0/0	0/0/0/0/0	0/0/0/0/0	0/0/0/0/0	0/0/0/0/0	0/0/0/0/0	0/0/0/0/0	0/0/0/0/0	0/0/0/0/0	0/0/0/0/0	
	Port: 4 (contain 24 entries)
		0/0/0/0/0	0/0/0/0/0	0/0/0/0/0	0.131966/0/0/0/0	0.309143/0/0/0/0	0/0/0/0/0	0/0/0/0/0	0/0/0/0/0	0/0/0/0/0	0/0/0/0/0	0/0/0/0/0	0/0/0/0/0	0/0/0/0/0	0/0/0/0/0	0/0/0/0/0	0/0/0/0/0	0/0/0/0/0	0/0/0/0/0	0/0/0/0/0	0/0/0/0/0	0/0/0/0/0	0/0/0/0/0	0/0/0/0/0	0/0/0/0/0	
	Port: 5 (contain 24 entries)
		0.0693635/0/0/0/0	0.300502/0/0/0/0	0.907461/1/1454/0/0	0.626568/0/0/0/0	0.41923/51/74154/0/0	0.406601/0/0/0/0	0.371716/0/0/0/0	0.494145/0/0/0/0	0.110245/0/0/0/0	0/0/0/0/0	0/0/0/0/0	0/0/0/0/0	0/0/0/0/0	0/0/0/0/0	0/0/0/0/0	0/0/0/0/0	0/0/0/0/0	0/0/0/0/0	0/0/0/0/0	0/0/0/0/0	0/0/0/0/0	0/0/0/0/0	0/0/0/0/0	0/0/0/0/0	
	Port: 6 (contain 24 entries)
		0/0/0/0/0	0/0/0/0/0	0/0/0/0/0	0.151972/0/0/0/0	0.153497/0/0/0/0	0.127272/0/0/0/0	0.027377/0/0/0/0	0.0105581/0/0/0/0	0/0/0/0/0	0/0/0/0/0	0/0/0/0/0	0/0/0/0/0	0/0/0/0/0	0/0/0/0/0	0/0/0/0/0	0/0/0/0/0	0/0/0/0/0	0/0/0/0/0	0/0/0/0/0	0/0/0/0/0	0/0/0/0/0	0/0/0/0/0	0/0/0/0/0	0/0/0/0/0	
	Port: 7 (contain 24 entries)
		0.0117648/0/0/0/0	0.023321/0/0/0/0	0.00568256/0/0/0/0	0/0/0/0/0	0/0/0/0/0	0/0/0/0/0	0/0/0/0/0	0/0/0/0/0	0/0/0/0/0	0/0/0/0/0	0/0/0/0/0	0/0/0/0/0	0/0/0/0/0	0/0/0/0/0	0/0/0/0/0	0/0/0/0/0	0/0/0/0/0	0/0/0/0/0	0/0/0/0/0	0/0/0/0/0	0/0/0/0/0	0/0/0/0/0	0/0/0/0/0	0/0/0/0/0	
	Port: 8 (contain 24 entries)
		0.38498/0/0/0/0	0.295666/0/0/0/0	0.00722944/0/0/0/0	0.00504704/0/0/0/0	0.00070112/0/0/0/0	0/0/0/0/0	0/0/0/0/0	0/0/0/0/0	0/0/0/0/0	0/0/0/0/0	0/0/0/0/0	0/0/0/0/0	0/0/0/0/0	0/0/0/0/0	0/0/0/0/0	0/0/0/0/0	0/0/0/0/0	0/0/0/0/0	0/0/0/0/0	0/0/0/0/0	0/0/0/0/0	0/0/0/0/0	0/0/0/0/0	0/0/0/0/0	
	Port: 9 (contain 24 entries)
		0/0/0/0/0	0.546937/0/0/0/0	0.0534336/0/0/0/0	0.125043/0/0/0/0	0.0202512/0/0/0/0	0.00341952/0/0/0/0	8.32e-05/0/0/0/0	0/0/0/0/0	0/0/0/0/0	0/0/0/0/0	0/0/0/0/0	0/0/0/0/0	0/0/0/0/0	0/0/0/0/0	0/0/0/0/0	0/0/0/0/0	0/0/0/0/0	0/0/0/0/0	0/0/0/0/0	0/0/0/0/0	0/0/0/0/0	0/0/0/0/0	0/0/0/0/0	0/0/0/0/0	
	Port: 10 (contain 24 entries)
		0.423776/0/0/0/0	0.904022/0/0/0/0	0.148769/0/0/0/0	0.407837/0/0/0/0	0.923112/401/469654/0/0	0.901681/38/39852/0/0	1.0268/346/396684/0/0	0.984308/238/221452/0/0	0.984513/31/45074/0/0	0.612895/0/0/0/0	0/0/0/0/0	0/0/0/0/0	0/0/0/0/0	0/0/0/0/0	0/0/0/0/0	0/0/0/0/0	0/0/0/0/0	0/0/0/0/0	0/0/0/0/0	0/0/0/0/0	0/0/0/0/0	0/0/0/0/0	0/0/0/0/0	0/0/0/0/0	
	Port: 11 (contain 24 entries)
		0.0137949/0/0/0/0	0.0455245/0/0/0/0	0.406144/0/0/0/0	0.0879293/0/0/0/0	0.00208448/0/0/0/0	0.01196/0/0/0/0	0.0117811/0/0/0/0	0/0/0/0/0	0/0/0/0/0	0/0/0/0/0	0/0/0/0/0	0/0/0/0/0	0/0/0/0/0	0/0/0/0/0	0/0/0/0/0	0/0/0/0/0	0/0/0/0/0	0/0/0/0/0	0/0/0/0/0	0/0/0/0/0	0/0/0/0/0	0/0/0/0/0	0/0/0/0/0	0/0/0/0/0	
	Port: 12 (contain 24 entries)
		0.329671/0/0/0/0	0.727317/0/0/0/0	0.16343/0/0/0/0	0.251665/0/0/0/0	0.526907/2/108/0/0	0.574194/2/108/0/0	0.383866/0/0/0/0	0.00677664/0/0/0/0	0.0139776/0/0/0/0	0/0/0/0/0	0/0/0/0/0	0/0/0/0/0	0/0/0/0/0	0/0/0/0/0	0/0/0/0/0	0/0/0/0/0	0/0/0/0/0	0/0/0/0/0	0/0/0/0/0	0/0/0/0/0	0/0/0/0/0	0/0/0/0/0	0/0/0/0/0	0/0/0/0/0	

Leaf 1: (contain: 12 ports)
	Port: 1 (contain 24 entries)
		0/0/0/0/0	0.187026/0/0/0/0	0.394478/0/0/0/0	0.480003/0/0/0/0	0.191336/0/0/0/0	0.240446/0/0/0/0	0.0255798/0/0/0/0	0.0189322/0/0/0/0	0.0283171/0/0/0/0	0.0222061/0/0/0/0	0.017992/0/0/0/0	0.011935/0/0/0/0	0/0/0/0/0	0/0/0/0/0	0/0/0/0/0	0/0/0/0/0	0/0/0/0/0	0/0/0/0/0	0/0/0/0/0	0/0/0/0/0	0/0/0/0/0	0/0/0/0/0	0/0/0/0/0	0/0/0/0/0	
	Port: 2 (contain 24 entries)
		0/0/0/0/0	0.131966/0/0/0/0	0.279016/0/0/0/0	0.0217086/0/0/0/0	0.00458432/0/0/0/0	0.0034112/0/0/0/0	0/0/0/0/0	0/0/0/0/0	0/0/0/0/0	0/0/0/0/0	0/0/0/0/0	0/0/0/0/0	0/0/0/0/0	0/0/0/0/0	0/0/0/0/0	0/0/0/0/0	0/0/0/0/0	0/0/0/0/0	0/0/0/0/0	0/0/0/0/0	0/0/0/0/0	0/0/0/0/0	0/0/0/0/0	0/0/0/0/0	
	Port: 3 (contain 24 entries)
		0.0181635/0/0/0/0	0.0272944/0/0/0/0	0.00648128/0/0/0/0	0.00849504/0/0/0/0	0.0308134/0/0/0/0	0.0127754/0/0/0/0	0.0131498/0/0/0/0	0.0222477/0/0/0/0	0.0325354/0/0/0/0	0.0358426/0/0/0/0	0.025792/0/0/0/0	0.0238451/0/0/0/0	0.0289286/0/0/0/0	0/0/0/0/0	0/0/0/0/0	0/0/0/0/0	0/0/0/0/0	0/0/0/0/0	0/0/0/0/0	0/0/0/0/0	0/0/0/0/0	0/0/0/0/0	0/0/0/0/0	0/0/0/0/0	
	Port: 4 (contain 24 entries)
		0.371837/0/0/0/0	0.89873/0/0/0/0	0.760848/0/0/0/0	0.1359/0/0/0/0	0.102362/0/0/0/0	0.150387/0/0/0/0	0.0383438/0/0/0/0	0/0/0/0/0	0/0/0/0/0	0/0/0/0/0	0/0/0/0/0	0/0/0/0/0	0/0/0/0/0	0/0/0/0/0	0/0/0/0/0	0/0/0/0/0	0/0/0/0/0	0/0/0/0/0	0/0/0/0/0	0/0/0/0/0	0/0/0/0/0	0/0/0/0/0	0/0/0/0/0	0/0/0/0/0	
	Port: 5 (contain 24 entries)
		0.329206/0/0/0/0	0.700909/0/0/0/0	0.165939/0/0/0/0	0.232441/0/0/0/0	0.482647/0/0/0/0	0.523173/0/0/0/0	0.39486/0/0/0/0	0.0116896/0/0/0/0	0/0/0/0/0	0/0/0/0/0	0/0/0/0/0	0/0/0/0/0	0/0/0/0/0	0/0/0/0/0	0/0/0/0/0	0/0/0/0/0	0/0/0/0/0	0/0/0/0/0	0/0/0/0/0	0/0/0/0/0	0/0/0/0/0	0/0/0/0/0	0/0/0/0/0	0/0/0/0/0	
	Port: 6 (contain 24 entries)
		0.00106112/0/0/0/0	0.0110157/0/0/0/0	0.0317536/0/0/0/0	0.0345114/0/0/0/0	0.648732/0/0/0/0	0.278146/0/0/0/0	0.198858/0/0/0/0	0.0334547/0/0/0/0	0.00857376/0/0/0/0	0/0/0/0/0	0/0/0/0/0	0/0/0/0/0	0/0/0/0/0	0/0/0/0/0	0/0/0/0/0	0/0/0/0/0	0/0/0/0/0	0/0/0/0/0	0/0/0/0/0	0/0/0/0/0	0/0/0/0/0	0/0/0/0/0	0/0/0/0/0	0/0/0/0/0	
	Port: 7 (contain 24 entries)
		0.749482/7/10178/0/0	0.889012/0/0/0/0	0.0577658/0/0/0/0	0.120462/0/0/0/0	0/0/0/0/0	0/0/0/0/0	0/0/0/0/0	0/0/0/0/0	0/0/0/0/0	0/0/0/0/0	0/0/0/0/0	0/0/0/0/0	0/0/0/0/0	0/0/0/0/0	0/0/0/0/0	0/0/0/0/0	0/0/0/0/0	0/0/0/0/0	0/0/0/0/0	0/0/0/0/0	0/0/0/0/0	0/0/0/0/0	0/0/0/0/0	0/0/0/0/0	
	Port: 8 (contain 24 entries)
		0/0/0/0/0	0/0/0/0/0	0.00716384/0/0/0/0	0.00063232/0/0/0/0	0/0/0/0/0	0/0/0/0/0	0/0/0/0/0	0/0/0/0/0	0/0/0/0/0	0/0/0/0/0	0/0/0/0/0	0/0/0/0/0	0/0/0/0/0	0/0/0/0/0	0/0/0/0/0	0/0/0/0/0	0/0/0/0/0	0/0/0/0/0	0/0/0/0/0	0/0/0/0/0	0/0/0/0/0	0/0/0/0/0	0/0/0/0/0	0/0/0/0/0	
	Port: 9 (contain 24 entries)
		0.466196/0/0/0/0	0.921907/423/518442/0/0	1.00754/432/628128/0/0	0.923124/0/0/0/0	0.543401/0/0/0/0	0.964476/237/344598/0/0	0.995375/207/300978/0/0	0.936676/0/0/0/0	0.209492/0/0/0/0	0/0/0/0/0	0/0/0/0/0	0/0/0/0/0	0/0/0/0/0	0/0/0/0/0	0/0/0/0/0	0/0/0/0/0	0/0/0/0/0	0/0/0/0/0	0/0/0/0/0	0/0/0/0/0	0/0/0/0/0	0/0/0/0/0	0/0/0/0/0	0/0/0/0/0	
	Port: 10 (contain 24 entries)
		0/0/0/0/0	0.0260048/0/0/0/0	0.0141856/0/0/0/0	0.0028496/0/0/0/0	0/0/0/0/0	0/0/0/0/0	0/0/0/0/0	0/0/0/0/0	0/0/0/0/0	0/0/0/0/0	0/0/0/0/0	0/0/0/0/0	0/0/0/0/0	0/0/0/0/0	0/0/0/0/0	0/0/0/0/0	0/0/0/0/0	0/0/0/0/0	0/0/0/0/0	0/0/0/0/0	0/0/0/0/0	0/0/0/0/0	0/0/0/0/0	0/0/0/0/0	
	Port: 11 (contain 24 entries)
		0.128013/0/0/0/0	0.19388/0/0/0/0	0.611484/307/446378/0/0	0.835039/221/308734/0/0	0.865598/0/0/0/0	0.892073/294/427476/0/0	0.991749/224/325696/0/0	0.983023/88/127952/0/0	0.764564/0/0/0/0	0.626102/0/0/0/0	0.706989/0/0/0/0	0.668036/0/0/0/0	0.793334/0/0/0/0	0/0/0/0/0	0/0/0/0/0	0/0/0/0/0	0/0/0/0/0	0.00011616/0/0/0/0	0/0/0/0/0	0/0/0/0/0	0/0/0/0/0	0/0/0/0/0	0/0/0/0/0	0/0/0/0/0	
	Port: 12 (contain 24 entries)
		0.0250397/0/0/0/0	0.0587354/0/0/0/0	0.0421242/0/0/0/0	0.815914/325/443150/0/0	0.92387/0/0/0/0	0.257463/0/0/0/0	0.525023/0/0/0/0	0.512614/11/15994/0/0	0.946936/144/209376/0/0	0.995956/119/173026/0/0	0.518419/0/0/0/0	0.309584/0/0/0/0	0/0/0/0/0	0/0/0/0/0	0/0/0/0/0	0/0/0/0/0	0/0/0/0/0	0/0/0/0/0	0/0/0/0/0	0/0/0/0/0	0/0/0/0/0	0/0/0/0/0	0/0/0/0/0	0/0/0/0/0	

Leaf 2: (contain: 12 ports)
	Port: 1 (contain 24 entries)
		0.125806/0/0/0/0	0.172962/0/0/0/0	0.00011616/0/0/0/0	0.00011616/0/0/0/0	0.00916064/0/0/0/0	0.00358144/0/0/0/0	9.568e-05/0/0/0/0	0/0/0/0/0	0/0/0/0/0	0.00011616/0/0/0/0	0/0/0/0/0	0/0/0/0/0	0/0/0/0/0	0/0/0/0/0	0/0/0/0/0	0/0/0/0/0	0/0/0/0/0	0.00011616/0/0/0/0	0/0/0/0/0	0/0/0/0/0	0/0/0/0/0	0/0/0/0/0	0/0/0/0/0	0/0/0/0/0	
	Port: 2 (contain 24 entries)
		0/0/0/0/0	0.337114/11/15994/0/0	0.506522/0/0/0/0	0.118139/0/0/0/0	0.052272/0/0/0/0	0.137882/0/0/0/0	0.212108/0/0/0/0	0.015295/0/0/0/0	0/0/0/0/0	0/0/0/0/0	0/0/0/0/0	0/0/0/0/0	0/0/0/0/0	0/0/0/0/0	0/0/0/0/0	0/0/0/0/0	0/0/0/0/0	0/0/0/0/0	0/0/0/0/0	0/0/0/0/0	0/0/0/0/0	0/0/0/0/0	0/0/0/0/0	0/0/0/0/0	
	Port: 3 (contain 24 entries)
		0/0/0/0/0	0.116517/0/0/0/0	0.729975/0/0/0/0	0.145918/0/0/0/0	0.040695/0/0/0/0	0.426423/0/0/0/0	0.220123/0/0/0/0	0.689642/0/0/0/0	0.976789/0/0/0/0	0.636592/0/0/0/0	0/0/0/0/0	0.00011616/0/0/0/0	0/0/0/0/0	0/0/0/0/0	0/0/0/0/0	0/0/0/0/0	0/0/0/0/0	0/0/0/0/0	0/0/0/0/0	0.00011616/0/0/0/0	0/0/0/0/0	0/0/0/0/0	0/0/0/0/0	0/0/0/0/0	
	Port: 4 (contain 24 entries)
		0/0/0/0/0	0/0/0/0/0	0/0/0/0/0	0.660972/0/0/0/0	0.0971683/0/0/0/0	0.0803686/0/0/0/0	0.00901432/0/0/0/0	0.00883584/0/0/0/0	0.00955136/0/0/0/0	0/0/0/0/0	0/0/0/0/0	0/0/0/0/0	0/0/0/0/0	0/0/0/0/0	0/0/0/0/0	0/0/0/0/0	0/0/0/0/0	0/0/0/0/0	0/0/0/0/0	0/0/0/0/0	0/0/0/0/0	0/0/0/0/0	0/0/0/0/0	0/0/0/0/0	
	Port: 5 (contain 24 entries)
		0/0/0/0/0	0/0/0/0/0	0/0/0/0/0	0/0/0/0/0	0.00294976/0/0/0/0	0/0/0/0/0	0/0/0/0/0	0/0/0/0/0	0/0/0/0/0	0/0/0/0/0	0/0/0/0/0	0/0/0/0/0	0/0/0/0/0	0/0/0/0/0	0/0/0/0/0	0/0/0/0/0	0/0/0/0/0	0/0/0/0/0	0/0/0/0/0	0/0/0/0/0	0/0/0/0/0	0/0/0/0/0	0/0/0/0/0	0/0/0/0/0	
	Port: 6 (contain 24 entries)
		0.291686/0/0/0/0	0.909036/0/0/0/0	0.379736/2/2908/0/0	0.736816/0/0/0/0	0.879564/33/47982/0/0	0.997931/123/178842/0/0	0.827525/7/10178/0/0	0.488762/0/0/0/0	0.539331/0/0/0/0	0.374384/0/0/0/0	0.0196283/0/0/0/0	0/0/0/0/0	0/0/0/0/0	0/0/0/0/0	0/0/0/0/0	0/0/0/0/0	0/0/0/0/0	0/0/0/0/0	0/0/0/0/0	0/0/0/0/0	0/0/0/0/0	0/0/0/0/0	0/0/0/0/0	0/0/0/0/0	
	Port: 7 (contain 24 entries)
		0/0/0/0/0	0/0/0/0/0	0/0/0/0/0	0.00256288/0/0/0/0	0.0061488/0/0/0/0	0.0299229/0/0/0/0	0.0336918/0/0/0/0	0.0345238/0/0/0/0	0.0364832/0/0/0/0	0.0359008/0/0/0/0	0.0269859/0/0/0/0	0.0121181/0/0/0/0	0/0/0/0/0	0/0/0/0/0	0/0/0/0/0	0/0/0/0/0	0/0/0/0/0	0/0/0/0/0	0/0/0/0/0	0/0/0/0/0	0/0/0/0/0	0/0/0/0/0	0/0/0/0/0	0/0/0/0/0	
	Port: 8 (contain 24 entries)
		0.0198934/0/0/0/0	0.0313709/0/0/0/0	0.252861/0/0/0/0	0.110164/0/0/0/0	0.0223962/0/0/0/0	0.0130995/0/0/0/0	0.0106829/0/0/0/0	0.00011616/0/0/0/0	0/0/0/0/0	0/0/0/0/0	0/0/0/0/0	0.00011616/0/0/0/0	0/0/0/0/0	0/0/0/0/0	0/0/0/0/0	0/0/0/0/0	0/0/0/0/0	0/0/0/0/0	0/0/0/0/0	0.00011616/0/0/0/0	0/0/0/0/0	0/0/0/0/0	0/0/0/0/0	0/0/0/0/0	
	Port: 9 (contain 24 entries)
		0.561642/0/0/0/0	0.930047/53/53266/0/0	0.451647/0/0/0/0	0.386713/599/870946/0/0	0.479694/0/0/0/0	0.385535/0/0/0/0	0.514821/0/0/0/0	0.561982/0/0/0/0	0.678374/0/0/0/0	0.617855/0/0/0/0	0.258953/0/0/0/0	0/0/0/0/0	0/0/0/0/0	0/0/0/0/0	0/0/0/0/0	0/0/0/0/0	0/0/0/0/0	0/0/0/0/0	0/0/0/0/0	0/0/0/0/0	0/0/0/0/0	0/0/0/0/0	0/0/0/0/0	0/0/0/0/0	
	Port: 10 (contain 24 entries)
		0/0/0/0/0	0/0/0/0/0	0/0/0/0/0	0.022897/0/0/0/0	0.00396896/0/0/0/0	0.0166733/0/0/0/0	0.00774592/0/0/0/0	0.024623/0/0/0/0	0.0349814/0/0/0/0	0.02288/0/0/0/0	0/0/0/0/0	0/0/0/0/0	0/0/0/0/0	0/0/0/0/0	0/0/0/0/0	0/0/0/0/0	0/0/0/0/0	0/0/0/0/0	0/0/0/0/0	0/0/0/0/0	0/0/0/0/0	0/0/0/0/0	0/0/0/0/0	0/0/0/0/0	
	Port: 11 (contain 24 entries)
		0.0103754/0/0/0/0	0.0221939/0/0/0/0	0.020329/0/0/0/0	0.856378/0/0/0/0	0.958496/1/54/0/0	0.502553/1/54/0/0	0.327378/0/0/0/0	0.0122221/0/0/0/0	0/0/0/0/0	0/0/0/0/0	0/0/0/0/0	0/0/0/0/0	0/0/0/0/0	0/0/0/0/0	0/0/0/0/0	0/0/0/0/0	0/0/0/0/0	0/0/0/0/0	0/0/0/0/0	0/0/0/0/0	0/0/0/0/0	0/0/0/0/0	0/0/0/0/0	0/0/0/0/0	
	Port: 12 (contain 24 entries)
		0.00443936/0/0/0/0	0.02744/0/0/0/0	0.016615/0/0/0/0	0.279402/19/19226/0/0	0.483447/3/2962/0/0	0.896969/0/0/0/0	0.484323/2/2908/0/0	0.683352/0/0/0/0	0.591069/0/0/0/0	0.394305/0/0/0/0	0.508816/0/0/0/0	0.312665/0/0/0/0	0/0/0/0/0	0/0/0/0/0	0/0/0/0/0	0/0/0/0/0	0/0/0/0/0	0/0/0/0/0	0/0/0/0/0	0/0/0/0/0	0/0/0/0/0	0/0/0/0/0	0/0/0/0/0	0/0/0/0/0	

Leaf 3: (contain: 12 ports)
	Port: 1 (contain 24 entries)
		0/0/0/0/0	0/0/0/0/0	0/0/0/0/0	2.944e-05/0/0/0/0	0.0226512/0/0/0/0	0.00609024/0/0/0/0	0.00612768/0/0/0/0	0/0/0/0/0	0/0/0/0/0	0/0/0/0/0	0/0/0/0/0	0/0/0/0/0	0/0/0/0/0	0/0/0/0/0	0/0/0/0/0	0/0/0/0/0	0/0/0/0/0	0/0/0/0/0	0/0/0/0/0	0/0/0/0/0	0/0/0/0/0	0/0/0/0/0	0/0/0/0/0	0/0/0/0/0	
	Port: 2 (contain 24 entries)
		0/0/0/0/0	0.00403136/0/0/0/0	0.0184646/0/0/0/0	0.831652/0/0/0/0	0.629936/0/0/0/0	0.379611/0/0/0/0	0.29435/0/0/0/0	0/0/0/0/0	0/0/0/0/0	0/0/0/0/0	0/0/0/0/0	0/0/0/0/0	0/0/0/0/0	0/0/0/0/0	0/0/0/0/0	0/0/0/0/0	0/0/0/0/0	0/0/0/0/0	0/0/0/0/0	0/0/0/0/0	0/0/0/0/0	0/0/0/0/0	0/0/0/0/0	0/0/0/0/0	
	Port: 3 (contain 24 entries)
		0/0/0/0/0	0.00468032/0/0/0/0	0.00916032/0/0/0/0	0.260612/0/0/0/0	0.472771/0/0/0/0	0.41109/0/0/0/0	0.0454186/0/0/0/0	0.24835/0/0/0/0	0.264918/0/0/0/0	0/0/0/0/0	0/0/0/0/0	0/0/0/0/0	0/0/0/0/0	0/0/0/0/0	0/0/0/0/0	0/0/0/0/0	0/0/0/0/0	0/0/0/0/0	0/0/0/0/0	0/0/0/0/0	0/0/0/0/0	0/0/0/0/0	0/0/0/0/0	0/0/0/0/0	
	Port: 4 (contain 24 entries)
		0.0117814/0/0/0/0	0.0004784/0/0/0/0	8.32e-06/0/0/0/0	0.342913/0/0/0/0	0.852678/2/1508/0/0	0.504155/0/0/0/0	0.777043/0/0/0/0	0.29071/0/0/0/0	0/0/0/0/0	0/0/0/0/0	0/0/0/0/0	0/0/0/0/0	0/0/0/0/0	0/0/0/0/0	0/0/0/0/0	0/0/0/0/0	0/0/0/0/0	0/0/0/0/0	0/0/0/0/0	0/0/0/0/0	0/0/0/0/0	0/0/0/0/0	0/0/0/0/0	0/0/0/0/0	
	Port: 5 (contain 24 entries)
		0.0131709/0/0/0/0	0.0538211/0/0/0/0	0.122859/0/0/0/0	0.158335/0/0/0/0	0.270529/0/0/0/0	0.160293/0/0/0/0	0.54756/0/0/0/0	0.419918/0/0/0/0	0.484271/5/7270/0/0	0.860862/0/0/0/0	1.0078/121/175934/0/0	0.992605/68/98872/0/0	0.795658/0/0/0/0	0/0/0/0/0	0/0/0/0/0	0/0/0/0/0	0/0/0/0/0	0/0/0/0/0	0/0/0/0/0	0/0/0/0/0	0/0/0/0/0	0/0/0/0/0	0/0/0/0/0	0/0/0/0/0	
	Port: 6 (contain 24 entries)
		0/0/0/0/0	0.00670208/0/0/0/0	0.0132083/0/0/0/0	0.0171683/0/0/0/0	0.0873735/0/0/0/0	0.454001/0/0/0/0	0.447216/0/0/0/0	0.411206/0/0/0/0	0.332798/0/0/0/0	0.377288/0/0/0/0	0.491473/0/0/0/0	0.335781/0/0/0/0	0/0/0/0/0	0/0/0/0/0	0/0/0/0/0	0/0/0/0/0	0/0/0/0/0	0/0/0/0/0	0/0/0/0/0	0/0/0/0/0	0/0/0/0/0	0/0/0/0/0	0/0/0/0/0	0/0/0/0/0	
	Port: 7 (contain 24 entries)
		0.559435/0/0/0/0	0.928507/0/0/0/0	0.45341/0/0/0/0	0.307573/0/0/0/0	0.545918/188/192152/0/0	0.582182/0/0/0/0	0.52574/0/0/0/0	0.851453/39/56706/0/0	0.414738/0/0/0/0	0.384722/0/0/0/0	0.206688/0/0/0/0	0/0/0/0/0	0/0/0/0/0	0/0/0/0/0	0/0/0/0/0	0/0/0/0/0	0/0/0/0/0	0/0/0/0/0	0/0/0/0/0	0/0/0/0/0	0/0/0/0/0	0/0/0/0/0	0/0/0/0/0	0/0/0/0/0	
	Port: 8 (contain 24 entries)
		0.0103338/0/0/0/0	0.0114317/0/0/0/0	0.00047008/0/0/0/0	0.0731402/0/0/0/0	0.198204/1/54/0/0	0.415178/0/0/0/0	0.517595/0/0/0/0	0.552805/0/0/0/0	0.692778/0/0/0/0	0.618087/0/0/0/0	0.26023/0/0/0/0	0/0/0/0/0	0/0/0/0/0	0/0/0/0/0	0/0/0/0/0	0/0/0/0/0	0/0/0/0/0	0/0/0/0/0	0/0/0/0/0	0/0/0/0/0	0/0/0/0/0	0/0/0/0/0	0/0/0/0/0	0/0/0/0/0	
	Port: 9 (contain 24 entries)
		0/0/0/0/0	0.250101/0/0/0/0	0.386832/0/0/0/0	0.032536/0/0/0/0	0.797836/583/557882/0/0	0.580582/0/0/0/0	0.549293/0/0/0/0	0.0463798/0/0/0/0	0.0499574/0/0/0/0	0.058111/0/0/0/0	0.0348067/0/0/0/0	0.0119059/0/0/0/0	0/0/0/0/0	0/0/0/0/0	0/0/0/0/0	0/0/0/0/0	0/0/0/0/0	0/0/0/0/0	0/0/0/0/0	0/0/0/0/0	0/0/0/0/0	0/0/0/0/0	0/0/0/0/0	0/0/0/0/0	
	Port: 10 (contain 24 entries)
		0.0199642/0/0/0/0	0.222587/0/0/0/0	0.889658/362/526348/0/0	1.02181/469/354326/0/0	0.694436/50/37700/0/0	0.88314/1/54/0/0	0.0931086/0/0/0/0	0.0237117/0/0/0/0	0.0214448/0/0/0/0	0.0135075/0/0/0/0	0.0175885/0/0/0/0	0.0121885/0/0/0/0	0/0/0/0/0	0/0/0/0/0	0/0/0/0/0	0/0/0/0/0	0/0/0/0/0	0/0/0/0/0	0/0/0/0/0	0.00011616/0/0/0/0	0/0/0/0/0	0/0/0/0/0	0/0/0/0/0	0/0/0/0/0	
	Port: 11 (contain 24 entries)
		0.372069/0/0/0/0	0.918593/0/0/0/0	0.75244/15/21810/0/0	0.599252/0/0/0/0	0.307203/346/361684/0/0	0.355016/0/0/0/0	0.0527253/0/0/0/0	0.0158746/0/0/0/0	0.0041184/0/0/0/0	0/0/0/0/0	0/0/0/0/0	0/0/0/0/0	0/0/0/0/0	0/0/0/0/0	0/0/0/0/0	0/0/0/0/0	0/0/0/0/0	0/0/0/0/0	0/0/0/0/0	0/0/0/0/0	0/0/0/0/0	0/0/0/0/0	0/0/0/0/0	0/0/0/0/0	
	Port: 12 (contain 24 entries)
		0.621009/0/0/0/0	0.708481/599/830346/0/0	0.765014/76/102104/0/0	0.213111/0/0/0/0	0.261131/0/0/0/0	0.837327/0/0/0/0	0.253739/0/0/0/0	0.0134947/0/0/0/0	0.00288704/0/0/0/0	0.00866944/0/0/0/0	0.0175802/0/0/0/0	0.0239862/0/0/0/0	0.0288579/0/0/0/0	0/0/0/0/0	0/0/0/0/0	0/0/0/0/0	0/0/0/0/0	0/0/0/0/0	0/0/0/0/0	0.00011616/0/0/0/0	0/0/0/0/0	0/0/0/0/0	0/0/0/0/0	0/0/0/0/0	

