Spine 0: (contain: 4 ports)
	Port: 1 (contain 24 entries)
		0.2711/0/0/0/0	0.00046464/0/0/0/0	0.00225888/0/0/0/0	0.253796/56/81424/0/0	0.608854/0/0/0/0	0.087089/0/0/0/0	0.0123114/0/0/0/0	0.00970944/0/0/0/0	0.0106746/0/0/0/0	0.0335338/0/0/0/0	0.0071552/0/0/0/0	0/0/0/0/0	0/0/0/0/0	0/0/0/0/0	0/0/0/0/0	0/0/0/0/0	0/0/0/0/0	0/0/0/0/0	0/0/0/0/0	0/0/0/0/0	0/0/0/0/0	0/0/0/0/0	0/0/0/0/0	0/0/0/0/0	
	Port: 2 (contain 24 entries)
		4.48e-06/0/0/0/0	0.77711/0/0/0/0	0.289733/393/493022/0/0	0.675029/0/0/0/0	0.596015/0/0/0/0	0.303196/0/0/0/0	0.052249/0/0/0/0	0.0228134/0/0/0/0	0.00539968/0/0/0/0	0/0/0/0/0	0/0/0/0/0	0/0/0/0/0	0/0/0/0/0	0/0/0/0/0	0/0/0/0/0	0/0/0/0/0	0/0/0/0/0	0/0/0/0/0	0/0/0/0/0	0/0/0/0/0	0/0/0/0/0	0/0/0/0/0	0/0/0/0/0	0/0/0/0/0	
	Port: 3 (contain 24 entries)
		0.0228835/0/0/0/0	0.253943/0/0/0/0	0.794599/0/0/0/0	0.716102/3/4362/0/0	0.467869/0/0/0/0	0.335702/0/0/0/0	0.134514/0/0/0/0	0/0/0/0/0	0/0/0/0/0	0/0/0/0/0	0/0/0/0/0	0/0/0/0/0	0/0/0/0/0	0/0/0/0/0	0/0/0/0/0	0/0/0/0/0	0/0/0/0/0	0/0/0/0/0	0/0/0/0/0	0/0/0/0/0	0/0/0/0/0	0/0/0/0/0	0/0/0/0/0	0/0/0/0/0	
	Port: 4 (contain 24 entries)
		0.0117482/0/0/0/0	0.387676/0/0/0/0	0.659714/1/54/0/0	0.403327/0/0/0/0	0.596426/599/795346/0/0	0.613649/0/0/0/0	0.632084/0/0/0/0	0.733043/0/0/0/0	0.441217/0/0/0/0	0.449772/0/0/0/0	0.99886/0/0/0/0	0.719875/0/0/0/0	0/0/0/0/0	0/0/0/0/0	0/0/0/0/0	0/0/0/0/0	0/0/0/0/0	0/0/0/0/0	0/0/0/0/0	0/0/0/0/0	0/0/0/0/0	0/0/0/0/0	0/0/0/0/0	0/0/0/0/0	

Spine 1: (contain: 4 ports)
	Port: 1 (contain 24 entries)
		0.00012896/0/0/0/0	0.0315667/0/0/0/0	0.0084656/0/0/0/0	0.743565/0/0/0/0	0.904101/46/50084/0/0	0.597734/0/0/0/0	0.0215792/0/0/0/0	0.00604032/0/0/0/0	0/0/0/0/0	0/0/0/0/0	0/0/0/0/0	0/0/0/0/0	0/0/0/0/0	0/0/0/0/0	0/0/0/0/0	0/0/0/0/0	0/0/0/0/0	0/0/0/0/0	0/0/0/0/0	0/0/0/0/0	0/0/0/0/0	0/0/0/0/0	0/0/0/0/0	0/0/0/0/0	
	Port: 2 (contain 24 entries)
		0.684558/286/415844/0/0	0.90393/87/126498/0/0	0.208201/0/0/0/0	0.0703382/0/0/0/0	0.635304/0/0/0/0	0.439908/0/0/0/0	0.777189/1/54/0/0	0.553822/0/0/0/0	0.243569/0/0/0/0	0/0/0/0/0	0/0/0/0/0	0/0/0/0/0	0/0/0/0/0	0/0/0/0/0	0/0/0/0/0	0/0/0/0/0	0/0/0/0/0	0/0/0/0/0	0/0/0/0/0	0/0/0/0/0	0/0/0/0/0	0/0/0/0/0	0/0/0/0/0	0/0/0/0/0	
	Port: 3 (contain 24 entries)
		4.48e-06/0/0/0/0	0.230935/0/0/0/0	0.877677/363/527802/0/0	0.853953/0/0/0/0	0.159758/4/5816/0/0	0.671756/0/0/0/0	0.512959/1/1454/0/0	0.889321/233/338782/0/0	0.995379/204/296616/0/0	0.205406/0/0/0/0	0/0/0/0/0	0/0/0/0/0	0/0/0/0/0	0/0/0/0/0	0/0/0/0/0	0/0/0/0/0	0/0/0/0/0	0/0/0/0/0	0/0/0/0/0	0/0/0/0/0	0/0/0/0/0	0/0/0/0/0	0/0/0/0/0	0/0/0/0/0	
	Port: 4 (contain 24 entries)
		0.0174973/0/0/0/0	0.0241866/0/0/0/0	0.0745738/0/0/0/0	0.21101/0/0/0/0	0.367609/0/0/0/0	0.688151/11/14594/0/0	0.87751/0/0/0/0	0.729223/0/0/0/0	0.363002/0/0/0/0	0.475664/0/0/0/0	0/0/0/0/0	0/0/0/0/0	0/0/0/0/0	0/0/0/0/0	0/0/0/0/0	0/0/0/0/0	0/0/0/0/0	0/0/0/0/0	0/0/0/0/0	0/0/0/0/0	0/0/0/0/0	0/0/0/0/0	0/0/0/0/0	0/0/0/0/0	

Spine 2: (contain: 4 ports)
	Port: 1 (contain 24 entries)
		0.171925/0/0/0/0	0.954302/0/0/0/0	0.90128/0/0/0/0	0.783173/0/0/0/0	0.94568/0/0/0/0	0.440372/0/0/0/0	0.767237/0/0/0/0	0.170754/0/0/0/0	0/0/0/0/0	0/0/0/0/0	0/0/0/0/0	0/0/0/0/0	0/0/0/0/0	0/0/0/0/0	0/0/0/0/0	0/0/0/0/0	0/0/0/0/0	0/0/0/0/0	0/0/0/0/0	0/0/0/0/0	0/0/0/0/0	0/0/0/0/0	0/0/0/0/0	0/0/0/0/0	
	Port: 2 (contain 24 entries)
		0.334801/0/0/0/0	0.463461/1/54/0/0	0.600776/1/54/0/0	0.436233/0/0/0/0	0.0831107/0/0/0/0	0.0274893/0/0/0/0	0.0222186/0/0/0/0	0.017185/0/0/0/0	0.0388211/0/0/0/0	0.0528486/0/0/0/0	0.035776/0/0/0/0	0.0152048/0/0/0/0	0/0/0/0/0	0/0/0/0/0	0/0/0/0/0	0/0/0/0/0	0/0/0/0/0	0/0/0/0/0	0.00011616/0/0/0/0	0/0/0/0/0	0/0/0/0/0	0/0/0/0/0	0/0/0/0/0	0/0/0/0/0	
	Port: 3 (contain 24 entries)
		0.343617/0/0/0/0	0.383566/0/0/0/0	0.0863792/0/0/0/0	0.356313/0/0/0/0	0.0785565/0/0/0/0	0.0230714/0/0/0/0	0.0287706/0/0/0/0	0.0260624/0/0/0/0	0.025089/0/0/0/0	0.00224224/0/0/0/0	0/0/0/0/0	0/0/0/0/0	0/0/0/0/0	0/0/0/0/0	0/0/0/0/0	0/0/0/0/0	0/0/0/0/0	0/0/0/0/0	0/0/0/0/0	0/0/0/0/0	0/0/0/0/0	0/0/0/0/0	0/0/0/0/0	0/0/0/0/0	
	Port: 4 (contain 24 entries)
		0.0115693/0/0/0/0	0.0313923/0/0/0/0	0.058128/0/0/0/0	0.245027/0/0/0/0	0.135371/0/0/0/0	0.690348/110/92740/0/0	1.02611/299/434746/0/0	0.996188/277/402758/0/0	1.01013/374/543796/0/0	0.961879/57/82878/0/0	0.188837/0/0/0/0	0/0/0/0/0	0.00011616/0/0/0/0	0/0/0/0/0	0/0/0/0/0	0/0/0/0/0	0/0/0/0/0	0/0/0/0/0	0/0/0/0/0	0/0/0/0/0	0/0/0/0/0	0/0/0/0/0	0/0/0/0/0	0/0/0/0/0	

Spine 3: (contain: 4 ports)
	Port: 1 (contain 24 entries)
		0/0/0/0/0	0.464836/0/0/0/0	0.485075/0/0/0/0	0.60102/0/0/0/0	0.0184061/0/0/0/0	0.275268/0/0/0/0	0.203831/0/0/0/0	0.264721/0/0/0/0	0.137637/0/0/0/0	0.0083616/0/0/0/0	0/0/0/0/0	0/0/0/0/0	0/0/0/0/0	0/0/0/0/0	0/0/0/0/0	0/0/0/0/0	0/0/0/0/0	0/0/0/0/0	0/0/0/0/0	0/0/0/0/0	0/0/0/0/0	0/0/0/0/0	0/0/0/0/0	0/0/0/0/0	
	Port: 2 (contain 24 entries)
		0.271242/0/0/0/0	0.30806/0/0/0/0	0.207977/0/0/0/0	0.0277264/0/0/0/0	0.0136781/0/0/0/0	0.233772/0/0/0/0	0.0172029/0/0/0/0	0.00811616/0/0/0/0	0.00416832/0/0/0/0	0/0/0/0/0	0.00011616/0/0/0/0	0/0/0/0/0	0/0/0/0/0	0/0/0/0/0	0/0/0/0/0	0/0/0/0/0	0/0/0/0/0	0/0/0/0/0	0/0/0/0/0	0/0/0/0/0	0/0/0/0/0	0/0/0/0/0	0/0/0/0/0	0/0/0/0/0	
	Port: 3 (contain 24 entries)
		0/0/0/0/0	0.294367/0/0/0/0	0.804504/0/0/0/0	0.621937/0/0/0/0	0.631846/0/0/0/0	0.681691/0/0/0/0	0.947156/0/0/0/0	0.680464/0/0/0/0	0.912655/263/298402/0/0	0.9579/0/0/0/0	0.429547/0/0/0/0	0.0259418/0/0/0/0	0/0/0/0/0	0/0/0/0/0	0/0/0/0/0	0/0/0/0/0	0/0/0/0/0	0/0/0/0/0	0/0/0/0/0	0/0/0/0/0	0/0/0/0/0	0/0/0/0/0	0/0/0/0/0	0/0/0/0/0	
	Port: 4 (contain 24 entries)
		0.494037/0/0/0/0	0.828918/0/0/0/0	0.592648/0/0/0/0	0.582252/152/218208/0/0	1.05815/480/697920/0/0	0.607052/0/0/0/0	0.7756/73/106142/0/0	0.783224/0/0/0/0	0.376939/0/0/0/0	0.488104/0/0/0/0	0.604961/0/0/0/0	0.420168/0/0/0/0	0/0/0/0/0	0/0/0/0/0	0/0/0/0/0	0/0/0/0/0	0/0/0/0/0	0/0/0/0/0	0/0/0/0/0	0/0/0/0/0	0.00011616/0/0/0/0	0/0/0/0/0	0/0/0/0/0	0/0/0/0/0	

Leaf 0: (contain: 12 ports)
	Port: 1 (contain 24 entries)
		0/0/0/0/0	0.372301/0/0/0/0	0.477418/0/0/0/0	0.602157/0/0/0/0	0.0171894/0/0/0/0	0.0238784/0/0/0/0	0.0276598/0/0/0/0	0.0348608/0/0/0/0	0.0350688/0/0/0/0	0.00839904/0/0/0/0	0/0/0/0/0	0/0/0/0/0	0/0/0/0/0	0/0/0/0/0	0/0/0/0/0	0/0/0/0/0	0/0/0/0/0	0/0/0/0/0	0/0/0/0/0	0/0/0/0/0	0/0/0/0/0	0/0/0/0/0	0/0/0/0/0	0/0/0/0/0	
	Port: 2 (contain 24 entries)
		0/0/0/0/0	0.0105667/0/0/0/0	0.00881504/0/0/0/0	0.0021424/0/0/0/0	0.311094/34/49436/0/0	0.961725/0/0/0/0	0.777347/0/0/0/0	0.171683/0/0/0/0	0/0/0/0/0	0/0/0/0/0	0/0/0/0/0	0/0/0/0/0	0/0/0/0/0	0/0/0/0/0	0/0/0/0/0	0/0/0/0/0	0/0/0/0/0	0/0/0/0/0	0/0/0/0/0	0/0/0/0/0	0/0/0/0/0	0/0/0/0/0	0/0/0/0/0	0/0/0/0/0	
	Port: 3 (contain 24 entries)
		0/0/0/0/0	0/0/0/0/0	0/0/0/0/0	0.742852/0/0/0/0	0.571972/0/0/0/0	0.108029/0/0/0/0	0.187366/0/0/0/0	0.235921/0/0/0/0	0.102783/0/0/0/0	0/0/0/0/0	0/0/0/0/0	0/0/0/0/0	0/0/0/0/0	0/0/0/0/0	0/0/0/0/0	0/0/0/0/0	0/0/0/0/0	0/0/0/0/0	0/0/0/0/0	0/0/0/0/0	0/0/0/0/0	0/0/0/0/0	0/0/0/0/0	0/0/0/0/0	
	Port: 4 (contain 24 entries)
		0/0/0/0/0	0/0/0/0/0	0/0/0/0/0	0.234768/0/0/0/0	0.314254/0/0/0/0	0/0/0/0/0	0/0/0/0/0	0/0/0/0/0	0/0/0/0/0	0/0/0/0/0	0/0/0/0/0	0/0/0/0/0	0/0/0/0/0	0/0/0/0/0	0/0/0/0/0	0/0/0/0/0	0/0/0/0/0	0/0/0/0/0	0/0/0/0/0	0/0/0/0/0	0/0/0/0/0	0/0/0/0/0	0/0/0/0/0	0/0/0/0/0	
	Port: 5 (contain 24 entries)
		0.121913/0/0/0/0	0.76612/0/0/0/0	0.894281/0/0/0/0	0.783173/0/0/0/0	0.933819/98/142492/0/0	0.262804/0/0/0/0	0.00534752/0/0/0/0	0/0/0/0/0	0/0/0/0/0	0/0/0/0/0	0/0/0/0/0	0/0/0/0/0	0/0/0/0/0	0/0/0/0/0	0/0/0/0/0	0/0/0/0/0	0/0/0/0/0	0/0/0/0/0	0/0/0/0/0	0/0/0/0/0	0/0/0/0/0	0/0/0/0/0	0/0/0/0/0	0/0/0/0/0	
	Port: 6 (contain 24 entries)
		0/0/0/0/0	0/0/0/0/0	0/0/0/0/0	0.00932736/0/0/0/0	0.300057/0/0/0/0	0.0501502/0/0/0/0	0.00697632/0/0/0/0	0.00970528/0/0/0/0	0.0106704/0/0/0/0	0.0335088/0/0/0/0	0.00719264/0/0/0/0	0/0/0/0/0	0/0/0/0/0	0/0/0/0/0	0/0/0/0/0	0/0/0/0/0	0/0/0/0/0	0/0/0/0/0	0/0/0/0/0	0/0/0/0/0	0/0/0/0/0	0/0/0/0/0	0/0/0/0/0	0/0/0/0/0	
	Port: 7 (contain 24 entries)
		0.00295392/0/0/0/0	0.0270982/0/0/0/0	0.00755872/0/0/0/0	1.664e-05/0/0/0/0	0/0/0/0/0	0/0/0/0/0	0/0/0/0/0	0/0/0/0/0	0/0/0/0/0	0/0/0/0/0	0/0/0/0/0	0/0/0/0/0	0/0/0/0/0	0/0/0/0/0	0/0/0/0/0	0/0/0/0/0	0/0/0/0/0	0/0/0/0/0	0/0/0/0/0	0/0/0/0/0	0/0/0/0/0	0/0/0/0/0	0/0/0/0/0	0/0/0/0/0	
	Port: 8 (contain 24 entries)
		0.317125/0/0/0/0	0.275456/0/0/0/0	0.00780416/0/0/0/0	0/0/0/0/0	0/0/0/0/0	0/0/0/0/0	0/0/0/0/0	0/0/0/0/0	0/0/0/0/0	0/0/0/0/0	0/0/0/0/0	0/0/0/0/0	0/0/0/0/0	0/0/0/0/0	0/0/0/0/0	0/0/0/0/0	0/0/0/0/0	0/0/0/0/0	0/0/0/0/0	0/0/0/0/0	0/0/0/0/0	0/0/0/0/0	0/0/0/0/0	0/0/0/0/0	
	Port: 9 (contain 24 entries)
		0/0/0/0/0	0.816613/205/298070/0/0	0.620243/0/0/0/0	0.332978/0/0/0/0	0.433269/0/0/0/0	0.144956/0/0/0/0	0.0342822/0/0/0/0	0.0146598/0/0/0/0	0.00370656/0/0/0/0	0/0/0/0/0	0/0/0/0/0	0/0/0/0/0	0/0/0/0/0	0/0/0/0/0	0/0/0/0/0	0/0/0/0/0	0/0/0/0/0	0/0/0/0/0	0/0/0/0/0	0/0/0/0/0	0/0/0/0/0	0/0/0/0/0	0/0/0/0/0	0/0/0/0/0	
	Port: 10 (contain 24 entries)
		0.147193/0/0/0/0	0.640476/5/5870/0/0	0.328133/0/0/0/0	0.0560026/0/0/0/0	0.531211/31/26874/0/0	0.70615/0/0/0/0	0.801011/0/0/0/0	0.996163/0/0/0/0	0.97981/0/0/0/0	0.204361/0/0/0/0	0/0/0/0/0	0/0/0/0/0	0/0/0/0/0	0/0/0/0/0	0/0/0/0/0	0/0/0/0/0	0/0/0/0/0	0/0/0/0/0	0/0/0/0/0	0/0/0/0/0	0/0/0/0/0	0/0/0/0/0	0/0/0/0/0	0/0/0/0/0	
	Port: 11 (contain 24 entries)
		0.0060448/0/0/0/0	0.029536/0/0/0/0	0.1468/0/0/0/0	0.41067/1/54/0/0	0.0812371/0/0/0/0	0.0635952/0/0/0/0	0.197704/0/0/0/0	0.273441/0/0/0/0	0.30039/0/0/0/0	0.934391/0/0/0/0	0.187676/0/0/0/0	0/0/0/0/0	0/0/0/0/0	0/0/0/0/0	0/0/0/0/0	0/0/0/0/0	0/0/0/0/0	0/0/0/0/0	0.00011616/0/0/0/0	0/0/0/0/0	0/0/0/0/0	0/0/0/0/0	0/0/0/0/0	0/0/0/0/0	
	Port: 12 (contain 24 entries)
		0.271242/0/0/0/0	0.639353/0/0/0/0	0.199911/0/0/0/0	0/0/0/0/0	0.0105376/0/0/0/0	0.00411424/0/0/0/0	0/0/0/0/0	0/0/0/0/0	0/0/0/0/0	0/0/0/0/0	0.00011616/0/0/0/0	0/0/0/0/0	0/0/0/0/0	0/0/0/0/0	0/0/0/0/0	0/0/0/0/0	0/0/0/0/0	0/0/0/0/0	0/0/0/0/0	0/0/0/0/0	0/0/0/0/0	0/0/0/0/0	0/0/0/0/0	0/0/0/0/0	

Leaf 1: (contain: 12 ports)
	Port: 1 (contain 24 entries)
		0/0/0/0/0	0.31306/0/0/0/0	0.292954/0/0/0/0	0.646842/0/0/0/0	0.0370973/0/0/0/0	0.0305254/0/0/0/0	0.0433261/0/0/0/0	0.0140982/0/0/0/0	0.0137197/0/0/0/0	0.0175802/0/0/0/0	0.021528/0/0/0/0	0.0152422/0/0/0/0	0/0/0/0/0	0/0/0/0/0	0/0/0/0/0	0/0/0/0/0	0/0/0/0/0	0/0/0/0/0	0/0/0/0/0	0/0/0/0/0	0/0/0/0/0	0/0/0/0/0	0/0/0/0/0	0/0/0/0/0	
	Port: 2 (contain 24 entries)
		0/0/0/0/0	0.203637/0/0/0/0	0.19596/0/0/0/0	0/0/0/0/0	0.0103258/0/0/0/0	0.00106912/0/0/0/0	0/0/0/0/0	0/0/0/0/0	0/0/0/0/0	0/0/0/0/0	0/0/0/0/0	0/0/0/0/0	0/0/0/0/0	0/0/0/0/0	0/0/0/0/0	0/0/0/0/0	0/0/0/0/0	0/0/0/0/0	0/0/0/0/0	0/0/0/0/0	0/0/0/0/0	0/0/0/0/0	0/0/0/0/0	0/0/0/0/0	
	Port: 3 (contain 24 entries)
		0.0119939/0/0/0/0	0.0292205/0/0/0/0	0.0298979/0/0/0/0	0.0338336/0/0/0/0	0.0204134/0/0/0/0	0.0287331/0/0/0/0	0.0349232/0/0/0/0	0.0354973/0/0/0/0	0.0348483/0/0/0/0	0.0352934/0/0/0/0	0.0142438/0/0/0/0	0/0/0/0/0	0/0/0/0/0	0/0/0/0/0	0/0/0/0/0	0/0/0/0/0	0/0/0/0/0	0/0/0/0/0	0/0/0/0/0	0/0/0/0/0	0/0/0/0/0	0/0/0/0/0	0/0/0/0/0	0/0/0/0/0	
	Port: 4 (contain 24 entries)
		0.491598/0/0/0/0	0.316304/0/0/0/0	0.211992/0/0/0/0	0.0623018/0/0/0/0	0.170091/0/0/0/0	0.18423/0/0/0/0	0.420151/0/0/0/0	0.367298/0/0/0/0	0.243714/0/0/0/0	0/0/0/0/0	0/0/0/0/0	0/0/0/0/0	0/0/0/0/0	0/0/0/0/0	0/0/0/0/0	0/0/0/0/0	0/0/0/0/0	0/0/0/0/0	0/0/0/0/0	0/0/0/0/0	0/0/0/0/0	0/0/0/0/0	0/0/0/0/0	0/0/0/0/0	
	Port: 5 (contain 24 entries)
		0.0823661/0/0/0/0	0.775949/0/0/0/0	0.220438/0/0/0/0	0.410119/0/0/0/0	0.49094/0/0/0/0	0.240531/0/0/0/0	0.336873/0/0/0/0	0.167594/0/0/0/0	0/0/0/0/0	0/0/0/0/0	0.00011616/0/0/0/0	0/0/0/0/0	0/0/0/0/0	0/0/0/0/0	0/0/0/0/0	0/0/0/0/0	0/0/0/0/0	0/0/0/0/0	0.00011616/0/0/0/0	0/0/0/0/0	0/0/0/0/0	0/0/0/0/0	0/0/0/0/0	0/0/0/0/0	
	Port: 6 (contain 24 entries)
		0.004048/0/0/0/0	0.0242486/0/0/0/0	0.0326189/0/0/0/0	0.0360755/0/0/0/0	0.599818/0/0/0/0	0.518335/1/1454/0/0	0.0339565/0/0/0/0	0.0180918/0/0/0/0	0/0/0/0/0	0/0/0/0/0	0/0/0/0/0	0/0/0/0/0	0/0/0/0/0	0/0/0/0/0	0/0/0/0/0	0/0/0/0/0	0/0/0/0/0	0/0/0/0/0	0/0/0/0/0	0/0/0/0/0	0/0/0/0/0	0/0/0/0/0	0/0/0/0/0	0/0/0/0/0	
	Port: 7 (contain 24 entries)
		0.602772/0/0/0/0	0.78736/5/7270/0/0	0.288894/0/0/0/0	0.0598735/0/0/0/0	0/0/0/0/0	0/0/0/0/0	0/0/0/0/0	0/0/0/0/0	0/0/0/0/0	0/0/0/0/0	0/0/0/0/0	0/0/0/0/0	0/0/0/0/0	0/0/0/0/0	0/0/0/0/0	0/0/0/0/0	0/0/0/0/0	0/0/0/0/0	0/0/0/0/0	0/0/0/0/0	0/0/0/0/0	0/0/0/0/0	0/0/0/0/0	0/0/0/0/0	
	Port: 8 (contain 24 entries)
		0/0/0/0/0	0/0/0/0/0	0.00773376/0/0/0/0	0/0/0/0/0	0/0/0/0/0	0/0/0/0/0	0/0/0/0/0	0/0/0/0/0	0/0/0/0/0	0/0/0/0/0	0/0/0/0/0	0/0/0/0/0	0/0/0/0/0	0/0/0/0/0	0/0/0/0/0	0/0/0/0/0	0/0/0/0/0	0/0/0/0/0	0/0/0/0/0	0/0/0/0/0	0/0/0/0/0	0/0/0/0/0	0/0/0/0/0	0/0/0/0/0	
	Port: 9 (contain 24 entries)
		0.305964/0/0/0/0	0.627374/0/0/0/0	0.661778/1/54/0/0	0.756808/0/0/0/0	0.633911/1/1454/0/0	0.464871/0/0/0/0	0.489382/0/0/0/0	0.448958/0/0/0/0	0.147446/0/0/0/0	0/0/0/0/0	0/0/0/0/0	0/0/0/0/0	0/0/0/0/0	0/0/0/0/0	0/0/0/0/0	0/0/0/0/0	0/0/0/0/0	0/0/0/0/0	0/0/0/0/0	0/0/0/0/0	0/0/0/0/0	0/0/0/0/0	0/0/0/0/0	0/0/0/0/0	
	Port: 10 (contain 24 entries)
		0.0176682/0/0/0/0	0.0266035/0/0/0/0	0.2637/389/508206/0/0	0.920276/0/0/0/0	0.454196/208/175032/0/0	0.880928/191/238514/0/0	0.89346/4/1616/0/0	0.780906/0/0/0/0	0.364443/0/0/0/0	0.459142/0/0/0/0	0/0/0/0/0	0/0/0/0/0	0/0/0/0/0	0/0/0/0/0	0/0/0/0/0	0/0/0/0/0	0/0/0/0/0	0/0/0/0/0	0/0/0/0/0	0/0/0/0/0	0/0/0/0/0	0/0/0/0/0	0/0/0/0/0	0/0/0/0/0	
	Port: 11 (contain 24 entries)
		0.196439/201/292254/0/0	0.955604/0/0/0/0	0.97133/50/72700/0/0	1.01988/298/433292/0/0	1.00818/207/300978/0/0	0.424032/0/0/0/0	0.767969/0/0/0/0	0.169824/0/0/0/0	0/0/0/0/0	0/0/0/0/0	0/0/0/0/0	0/0/0/0/0	0/0/0/0/0	0/0/0/0/0	0/0/0/0/0	0/0/0/0/0	0/0/0/0/0	0/0/0/0/0	0/0/0/0/0	0/0/0/0/0	0/0/0/0/0	0/0/0/0/0	0/0/0/0/0	0/0/0/0/0	
	Port: 12 (contain 24 entries)
		0/0/0/0/0	0.100101/0/0/0/0	0.342124/0/0/0/0	0.665748/41/41414/0/0	0.744085/0/0/0/0	0.751788/205/298070/0/0	0.807505/0/0/0/0	0.493318/0/0/0/0	0.881496/149/216646/0/0	1.02755/397/577238/0/0	0.96308/89/129406/0/0	0.408668/0/0/0/0	0/0/0/0/0	0/0/0/0/0	0/0/0/0/0	0/0/0/0/0	0/0/0/0/0	0/0/0/0/0	0/0/0/0/0	0/0/0/0/0	0/0/0/0/0	0/0/0/0/0	0/0/0/0/0	0/0/0/0/0	

Leaf 2: (contain: 12 ports)
	Port: 1 (contain 24 entries)
		0.022079/0/0/0/0	0.233714/0/0/0/0	0.121155/0/0/0/0	0.523649/0/0/0/0	0.0462051/0/0/0/0	0.0820998/0/0/0/0	0.0857222/0/0/0/0	0.044011/0/0/0/0	0/0/0/0/0	0/0/0/0/0	0/0/0/0/0	0/0/0/0/0	0/0/0/0/0	0/0/0/0/0	0/0/0/0/0	0/0/0/0/0	0/0/0/0/0	0/0/0/0/0	0/0/0/0/0	0/0/0/0/0	0/0/0/0/0	0/0/0/0/0	0/0/0/0/0	0/0/0/0/0	
	Port: 2 (contain 24 entries)
		0/0/0/0/0	0.0367238/0/0/0/0	0.499669/0/0/0/0	0.217688/0/0/0/0	0.048671/0/0/0/0	0.0514589/0/0/0/0	0.0854938/0/0/0/0	0.226512/0/0/0/0	0.11589/0/0/0/0	0/0/0/0/0	0/0/0/0/0	0/0/0/0/0	0/0/0/0/0	0/0/0/0/0	0/0/0/0/0	0/0/0/0/0	0/0/0/0/0	0/0/0/0/0	0/0/0/0/0	0/0/0/0/0	0/0/0/0/0	0/0/0/0/0	0/0/0/0/0	0/0/0/0/0	
	Port: 3 (contain 24 entries)
		0/0/0/0/0	0.0244022/0/0/0/0	0.62144/0/0/0/0	0.241914/0/0/0/0	0.0691446/0/0/0/0	0.454999/0/0/0/0	0.476953/0/0/0/0	0.804873/0/0/0/0	0.979926/0/0/0/0	0.230148/0/0/0/0	0/0/0/0/0	0/0/0/0/0	0/0/0/0/0	0/0/0/0/0	0/0/0/0/0	0/0/0/0/0	0/0/0/0/0	0/0/0/0/0	0/0/0/0/0	0/0/0/0/0	0/0/0/0/0	0/0/0/0/0	0/0/0/0/0	0/0/0/0/0	
	Port: 4 (contain 24 entries)
		0/0/0/0/0	0/0/0/0/0	0/0/0/0/0	0.594832/0/0/0/0	0.169022/0/0/0/0	0.00800384/0/0/0/0	0.0191901/0/0/0/0	0.0204838/0/0/0/0	0/0/0/0/0	0/0/0/0/0	0/0/0/0/0	0/0/0/0/0	0/0/0/0/0	0/0/0/0/0	0/0/0/0/0	0/0/0/0/0	0/0/0/0/0	0/0/0/0/0	0/0/0/0/0	0/0/0/0/0	0/0/0/0/0	0/0/0/0/0	0/0/0/0/0	0/0/0/0/0	
	Port: 5 (contain 24 entries)
		0/0/0/0/0	0/0/0/0/0	0/0/0/0/0	0/0/0/0/0	0.00294976/0/0/0/0	0/0/0/0/0	0/0/0/0/0	0/0/0/0/0	0/0/0/0/0	0/0/0/0/0	0/0/0/0/0	0/0/0/0/0	0/0/0/0/0	0/0/0/0/0	0/0/0/0/0	0/0/0/0/0	0/0/0/0/0	0/0/0/0/0	0/0/0/0/0	0/0/0/0/0	0/0/0/0/0	0/0/0/0/0	0/0/0/0/0	0/0/0/0/0	
	Port: 6 (contain 24 entries)
		0.325954/0/0/0/0	0.841239/0/0/0/0	0.786375/154/223916/0/0	0.932541/7/10178/0/0	0.757131/0/0/0/0	0.831357/93/135222/0/0	0.595166/0/0/0/0	0.0571507/0/0/0/0	0.377288/0/0/0/0	0.522372/0/0/0/0	0.394593/0/0/0/0	0/0/0/0/0	0/0/0/0/0	0/0/0/0/0	0/0/0/0/0	0/0/0/0/0	0/0/0/0/0	0/0/0/0/0	0/0/0/0/0	0/0/0/0/0	0/0/0/0/0	0/0/0/0/0	0/0/0/0/0	0/0/0/0/0	
	Port: 7 (contain 24 entries)
		0/0/0/0/0	0/0/0/0/0	0/0/0/0/0	0.00652736/0/0/0/0	0.0105542/0/0/0/0	0.0220979/0/0/0/0	0.0327933/0/0/0/0	0.0359299/0/0/0/0	0.0352227/0/0/0/0	0.0184829/0/0/0/0	0.0357718/0/0/0/0	0.0259792/0/0/0/0	0/0/0/0/0	0/0/0/0/0	0/0/0/0/0	0/0/0/0/0	0/0/0/0/0	0/0/0/0/0	0/0/0/0/0	0/0/0/0/0	0/0/0/0/0	0/0/0/0/0	0/0/0/0/0	0/0/0/0/0	
	Port: 8 (contain 24 entries)
		0.0175056/0/0/0/0	0.0266278/0/0/0/0	0.485642/0/0/0/0	0.0698931/1/54/0/0	0.234904/0/0/0/0	0.262968/0/0/0/0	0.32792/0/0/0/0	0.379379/0/0/0/0	0.404237/0/0/0/0	0.443338/0/0/0/0	0/0/0/0/0	0/0/0/0/0	0/0/0/0/0	0/0/0/0/0	0/0/0/0/0	0/0/0/0/0	0/0/0/0/0	0/0/0/0/0	0/0/0/0/0	0/0/0/0/0	0/0/0/0/0	0/0/0/0/0	0/0/0/0/0	0/0/0/0/0	
	Port: 9 (contain 24 entries)
		4.48e-06/0/0/0/0	0.00087808/0/0/0/0	0/0/0/0/0	0.245821/4/5816/0/0	0.315581/0/0/0/0	0.087273/0/0/0/0	0.141351/0/0/0/0	0.276461/0/0/0/0	0.289238/0/0/0/0	0.450585/0/0/0/0	0.998744/0/0/0/0	0.71883/0/0/0/0	0/0/0/0/0	0/0/0/0/0	0/0/0/0/0	0/0/0/0/0	0/0/0/0/0	0/0/0/0/0	0/0/0/0/0	0/0/0/0/0	0/0/0/0/0	0/0/0/0/0	0/0/0/0/0	0/0/0/0/0	
	Port: 10 (contain 24 entries)
		0/0/0/0/0	0.0163952/0/0/0/0	0.0118854/0/0/0/0	0.0508317/0/0/0/0	0.335467/0/0/0/0	0.066732/0/0/0/0	0.0277306/0/0/0/0	0.0150301/0/0/0/0	0.0146765/0/0/0/0	0.0159203/0/0/0/0	0/0/0/0/0	0/0/0/0/0	0/0/0/0/0	0/0/0/0/0	0/0/0/0/0	0/0/0/0/0	0/0/0/0/0	0/0/0/0/0	0/0/0/0/0	0/0/0/0/0	0/0/0/0/0	0/0/0/0/0	0/0/0/0/0	0/0/0/0/0	
	Port: 11 (contain 24 entries)
		0.0123514/0/0/0/0	0.0222317/0/0/0/0	0.0672176/0/0/0/0	0.23118/0/0/0/0	0.131874/0/0/0/0	0.630092/0/0/0/0	0.83059/0/0/0/0	0.72398/0/0/0/0	0.72243/0/0/0/0	0.0464114/0/0/0/0	0.0141939/0/0/0/0	0/0/0/0/0	0.00011616/0/0/0/0	0/0/0/0/0	0/0/0/0/0	0/0/0/0/0	0/0/0/0/0	0/0/0/0/0	0/0/0/0/0	0/0/0/0/0	0/0/0/0/0	0/0/0/0/0	0/0/0/0/0	0/0/0/0/0	
	Port: 12 (contain 24 entries)
		0.495083/0/0/0/0	0.829038/0/0/0/0	0.597635/0/0/0/0	0.548839/82/92628/0/0	0.729758/0/0/0/0	0.31534/0/0/0/0	0.558878/0/0/0/0	0.596657/0/0/0/0	0.0392496/0/0/0/0	0.00832416/0/0/0/0	0/0/0/0/0	0/0/0/0/0	0/0/0/0/0	0/0/0/0/0	0/0/0/0/0	0/0/0/0/0	0/0/0/0/0	0/0/0/0/0	0/0/0/0/0	0/0/0/0/0	0.00011616/0/0/0/0	0/0/0/0/0	0/0/0/0/0	0/0/0/0/0	

Leaf 3: (contain: 12 ports)
	Port: 1 (contain 24 entries)
		0/0/0/0/0	0/0/0/0/0	0/0/0/0/0	2.944e-05/0/0/0/0	0.0202426/0/0/0/0	0.0141274/0/0/0/0	0.00087776/0/0/0/0	0/0/0/0/0	0/0/0/0/0	0/0/0/0/0	0/0/0/0/0	0/0/0/0/0	0/0/0/0/0	0/0/0/0/0	0/0/0/0/0	0/0/0/0/0	0/0/0/0/0	0/0/0/0/0	0/0/0/0/0	0/0/0/0/0	0/0/0/0/0	0/0/0/0/0	0/0/0/0/0	0/0/0/0/0	
	Port: 2 (contain 24 entries)
		0/0/0/0/0	0.00087808/0/0/0/0	0.0144813/0/0/0/0	0.322297/0/0/0/0	0.400055/0/0/0/0	0.105009/0/0/0/0	0.00011616/0/0/0/0	0/0/0/0/0	0.00011616/0/0/0/0	0/0/0/0/0	0/0/0/0/0	0/0/0/0/0	0.00011616/0/0/0/0	0/0/0/0/0	0/0/0/0/0	0/0/0/0/0	0/0/0/0/0	0/0/0/0/0	0/0/0/0/0	0/0/0/0/0	0.00011616/0/0/0/0	0/0/0/0/0	0/0/0/0/0	0/0/0/0/0	
	Port: 3 (contain 24 entries)
		0/0/0/0/0	0.007168/0/0/0/0	0.00715104/0/0/0/0	0.220132/0/0/0/0	0.039959/0/0/0/0	0.241148/0/0/0/0	0.531548/0/0/0/0	0.568096/0/0/0/0	0/0/0/0/0	0/0/0/0/0	0/0/0/0/0	0/0/0/0/0	0/0/0/0/0	0/0/0/0/0	0/0/0/0/0	0/0/0/0/0	0/0/0/0/0	0/0/0/0/0	0/0/0/0/0	0/0/0/0/0	0/0/0/0/0	0/0/0/0/0	0/0/0/0/0	0/0/0/0/0	
	Port: 4 (contain 24 entries)
		0.0117482/0/0/0/0	0.00055744/0/0/0/0	0/0/0/0/0	0.262879/0/0/0/0	0.388191/0/0/0/0	0.237305/0/0/0/0	0.193498/0/0/0/0	0.271466/0/0/0/0	0.297834/0/0/0/0	0.938689/0/0/0/0	0.196504/0/0/0/0	0/0/0/0/0	0/0/0/0/0	0/0/0/0/0	0/0/0/0/0	0/0/0/0/0	0/0/0/0/0	0/0/0/0/0	0/0/0/0/0	0/0/0/0/0	0/0/0/0/0	0/0/0/0/0	0/0/0/0/0	0/0/0/0/0	
	Port: 5 (contain 24 entries)
		0.017464/0/0/0/0	0.396012/1/1454/0/0	0.68087/0/0/0/0	0.20898/0/0/0/0	0.347543/0/0/0/0	0.561015/0/0/0/0	0.578432/1/54/0/0	0.479277/0/0/0/0	0.742747/38/38452/0/0	0.964594/0/0/0/0	0.604264/0/0/0/0	0.421214/0/0/0/0	0/0/0/0/0	0/0/0/0/0	0/0/0/0/0	0/0/0/0/0	0/0/0/0/0	0/0/0/0/0	0/0/0/0/0	0/0/0/0/0	0/0/0/0/0	0/0/0/0/0	0/0/0/0/0	0/0/0/0/0	
	Port: 6 (contain 24 entries)
		0/0/0/0/0	0.0111034/0/0/0/0	0.0101008/0/0/0/0	0.0226221/0/0/0/0	0.103627/0/0/0/0	0.620054/0/0/0/0	0.80479/0/0/0/0	0.727394/0/0/0/0	0.700793/0/0/0/0	0.0601334/0/0/0/0	0/0/0/0/0	0/0/0/0/0	0/0/0/0/0	0/0/0/0/0	0/0/0/0/0	0/0/0/0/0	0/0/0/0/0	0/0/0/0/0	0/0/0/0/0	0/0/0/0/0	0/0/0/0/0	0/0/0/0/0	0/0/0/0/0	0/0/0/0/0	
	Port: 7 (contain 24 entries)
		0.492876/0/0/0/0	0.842267/95/76530/0/0	0.661162/0/0/0/0	0.196941/0/0/0/0	0.417604/111/161394/0/0	0.873756/18/26172/0/0	1.03034/290/421660/0/0	0.931998/0/0/0/0	0.148724/0/0/0/0	0/0/0/0/0	0/0/0/0/0	0/0/0/0/0	0/0/0/0/0	0/0/0/0/0	0/0/0/0/0	0/0/0/0/0	0/0/0/0/0	0/0/0/0/0	0/0/0/0/0	0/0/0/0/0	0/0/0/0/0	0/0/0/0/0	0/0/0/0/0	0/0/0/0/0	
	Port: 8 (contain 24 entries)
		0.0115318/0/0/0/0	0.0131082/0/0/0/0	0.0125882/0/0/0/0	0.189346/1/1454/0/0	0.284657/0/0/0/0	0.0551843/0/0/0/0	0.135904/0/0/0/0	0.275996/0/0/0/0	0.289355/0/0/0/0	0.448958/0/0/0/0	0.99886/0/0/0/0	0.721037/0/0/0/0	0/0/0/0/0	0/0/0/0/0	0/0/0/0/0	0/0/0/0/0	0/0/0/0/0	0/0/0/0/0	0/0/0/0/0	0/0/0/0/0	0/0/0/0/0	0/0/0/0/0	0/0/0/0/0	0/0/0/0/0	
	Port: 9 (contain 24 entries)
		0/0/0/0/0	0/0/0/0/0	0.523199/556/699224/0/0	0.720079/2/2908/0/0	0.885631/0/0/0/0	0.647535/1/54/0/0	0.165674/0/0/0/0	0.026287/0/0/0/0	0.0160451/0/0/0/0	0.0335629/0/0/0/0	0.00711776/0/0/0/0	0/0/0/0/0	0/0/0/0/0	0/0/0/0/0	0/0/0/0/0	0/0/0/0/0	0/0/0/0/0	0/0/0/0/0	0/0/0/0/0	0/0/0/0/0	0/0/0/0/0	0/0/0/0/0	0/0/0/0/0	0/0/0/0/0	
	Port: 10 (contain 24 entries)
		0.538526/0/0/0/0	0.643428/599/870946/0/0	0.534915/0/0/0/0	0.86041/0/0/0/0	0.763764/0/0/0/0	0.746331/0/0/0/0	0.449504/0/0/0/0	0.385344/0/0/0/0	0.243017/0/0/0/0	0/0/0/0/0	0/0/0/0/0	0/0/0/0/0	0/0/0/0/0	0/0/0/0/0	0/0/0/0/0	0/0/0/0/0	0/0/0/0/0	0/0/0/0/0	0/0/0/0/0	0/0/0/0/0	0/0/0/0/0	0/0/0/0/0	0/0/0/0/0	0/0/0/0/0	
	Port: 11 (contain 24 entries)
		0.671695/0/0/0/0	0.838625/72/41688/0/0	0.463513/1/54/0/0	0.188457/0/0/0/0	0.031/0/0/0/0	0.0397238/0/0/0/0	0.0479315/0/0/0/0	0.0416499/0/0/0/0	0.0511597/0/0/0/0	0.0363584/0/0/0/0	0.0215779/0/0/0/0	0.0151715/0/0/0/0	0/0/0/0/0	0/0/0/0/0	0/0/0/0/0	0/0/0/0/0	0/0/0/0/0	0/0/0/0/0	0/0/0/0/0	0/0/0/0/0	0/0/0/0/0	0/0/0/0/0	0/0/0/0/0	0/0/0/0/0	
	Port: 12 (contain 24 entries)
		0/0/0/0/0	0.374285/0/0/0/0	0.978072/256/370828/0/0	0.600527/0/0/0/0	0.24605/51/44754/0/0	0.784617/252/252628/0/0	0.532914/1/54/0/0	0.645709/0/0/0/0	0.528538/1/54/0/0	0.446585/0/0/0/0	0.0357718/0/0/0/0	0.0259043/0/0/0/0	0/0/0/0/0	0/0/0/0/0	0/0/0/0/0	0/0/0/0/0	0/0/0/0/0	0/0/0/0/0	0/0/0/0/0	0/0/0/0/0	0/0/0/0/0	0/0/0/0/0	0/0/0/0/0	0/0/0/0/0	

