Spine 0: (contain: 4 ports)
	Port: 1 (contain 24 entries)
		0.00714304/0/0/0/0	0.0078208/0/0/0/0	0.587616/0/0/0/0	0.94079/173/251542/0/0	0.603911/0/0/0/0	0.659789/0/0/0/0	0.974466/138/200652/0/0	1.01222/254/369316/0/0	1.00488/306/444645/0/0	0.244529/0/0/0/0	0/0/0/0/0	0/0/0/0/0	0/0/0/0/0	0/0/0/0/0	0/0/0/0/0	0/0/0/0/0	0/0/0/0/0	0/0/0/0/0	0/0/0/0/0	0/0/0/0/0	0/0/0/0/0	0/0/0/0/0	0/0/0/0/0	0/0/0/0/0	
	Port: 2 (contain 24 entries)
		0.313873/0/0/0/0	0.426534/0/0/0/0	0.0516912/0/0/0/0	0.557059/0/0/0/0	0.298948/0/0/0/0	0.463727/0/0/0/0	0.560774/0/0/0/0	0.0326518/0/0/0/0	0.0252928/0/0/0/0	0.018616/0/0/0/0	0.0136864/0/0/0/0	0.00543712/0/0/0/0	0.00023232/0/0/0/0	0/0/0/0/0	0/0/0/0/0	0/0/0/0/0	0/0/0/0/0	0/0/0/0/0	0/0/0/0/0	0/0/0/0/0	0.00011616/0/0/0/0	0/0/0/0/0	0/0/0/0/0	0/0/0/0/0	
	Port: 3 (contain 24 entries)
		0.255332/0/0/0/0	0.629247/0/0/0/0	0.120276/0/0/0/0	0.0677306/0/0/0/0	0.0338128/0/0/0/0	0.483406/0/0/0/0	0.93073/0/0/0/0	0.720461/0/0/0/0	0.704543/1/54/0/0	0.256916/0/0/0/0	0.0210454/0/0/0/0	0.00858208/0/0/0/0	0/0/0/0/0	0/0/0/0/0	0/0/0/0/0	0/0/0/0/0	0/0/0/0/0	0/0/0/0/0	0/0/0/0/0	0/0/0/0/0	0/0/0/0/0	0/0/0/0/0	0/0/0/0/0	0/0/0/0/0	
	Port: 4 (contain 24 entries)
		0.0104378/0/0/0/0	0.175911/0/0/0/0	0.707291/0/0/0/0	0.795245/0/0/0/0	0.55595/1/1454/0/0	1.03603/321/466734/0/0	0.431995/0/0/0/0	0.302481/0/0/0/0	0.313748/0/0/0/0	0.758989/0/0/0/0	0.0694248/0/0/0/0	0/0/0/0/0	0/0/0/0/0	0/0/0/0/0	0/0/0/0/0	0/0/0/0/0	0/0/0/0/0	0/0/0/0/0	0/0/0/0/0	0/0/0/0/0	0/0/0/0/0	0/0/0/0/0	0/0/0/0/0	0/0/0/0/0	

Spine 1: (contain: 4 ports)
	Port: 1 (contain 24 entries)
		0.265335/0/0/0/0	0.515351/0/0/0/0	0.0208907/0/0/0/0	0.306792/0/0/0/0	0.571463/325/382950/0/0	0.420007/0/0/0/0	0.0300435/0/0/0/0	0.0249392/0/0/0/0	0.0245024/0/0/0/0	0.00866944/0/0/0/0	0/0/0/0/0	0/0/0/0/0	0/0/0/0/0	0/0/0/0/0	0/0/0/0/0	0/0/0/0/0	0/0/0/0/0	0/0/0/0/0	0/0/0/0/0	0/0/0/0/0	0/0/0/0/0	0/0/0/0/0	0/0/0/0/0	0/0/0/0/0	
	Port: 2 (contain 24 entries)
		0.106381/1/54/0/0	0.762877/0/0/0/0	0.441002/24/34896/0/0	0.787253/2/2908/0/0	0.768411/0/0/0/0	0.70341/0/0/0/0	0.0290786/0/0/0/0	0.0151382/0/0/0/0	0.0132534/0/0/0/0	0.00699296/0/0/0/0	0/0/0/0/0	0/0/0/0/0	0/0/0/0/0	0/0/0/0/0	0/0/0/0/0	0/0/0/0/0	0/0/0/0/0	0/0/0/0/0	0/0/0/0/0	0/0/0/0/0	0/0/0/0/0	0/0/0/0/0	0/0/0/0/0	0/0/0/0/0	
	Port: 3 (contain 24 entries)
		0.0141568/0/0/0/0	0.479054/0/0/0/0	0.915816/75/109050/0/0	0.413617/0/0/0/0	0.368314/0/0/0/0	0.369818/0/0/0/0	0.674365/0/0/0/0	0.866386/1/1454/0/0	0.702382/0/0/0/0	0.0168854/0/0/0/0	0.0151174/0/0/0/0	0.0279798/0/0/0/0	0.0195811/0/0/0/0	0/0/0/0/0	0/0/0/0/0	0/0/0/0/0	0/0/0/0/0	0/0/0/0/0	0/0/0/0/0	0.00011616/0/0/0/0	0/0/0/0/0	0/0/0/0/0	0/0/0/0/0	0/0/0/0/0	
	Port: 4 (contain 24 entries)
		0/0/0/0/0	0.0248733/0/0/0/0	0.030337/0/0/0/0	0.217631/1/54/0/0	0.30071/0/0/0/0	0.45163/0/0/0/0	0.665016/117/170118/0/0	1.00792/196/284984/0/0	1.01187/308/447832/0/0	0.993552/263/382402/0/0	0.992123/206/299524/0/0	0.641197/0/0/0/0	0/0/0/0/0	0/0/0/0/0	0/0/0/0/0	0/0/0/0/0	0/0/0/0/0	0/0/0/0/0	0/0/0/0/0	0/0/0/0/0	0/0/0/0/0	0/0/0/0/0	0/0/0/0/0	0/0/0/0/0	

Spine 2: (contain: 4 ports)
	Port: 1 (contain 24 entries)
		0/0/0/0/0	0.163446/0/0/0/0	0.0604032/0/0/0/0	0.183649/0/0/0/0	0.670493/383/556882/0/0	0.359515/0/0/0/0	0/0/0/0/0	0.00255552/0/0/0/0	4.16e-06/0/0/0/0	0/0/0/0/0	0/0/0/0/0	0/0/0/0/0	0/0/0/0/0	0/0/0/0/0	0/0/0/0/0	0/0/0/0/0	0/0/0/0/0	0/0/0/0/0	0/0/0/0/0	0/0/0/0/0	0/0/0/0/0	0/0/0/0/0	0/0/0/0/0	0/0/0/0/0	
	Port: 2 (contain 24 entries)
		0.359496/0/0/0/0	0.803243/0/0/0/0	0.307605/0/0/0/0	0.288208/0/0/0/0	0.0372621/0/0/0/0	0.0460643/0/0/0/0	0.0332506/0/0/0/0	0.017393/0/0/0/0	0.00724672/0/0/0/0	0.0108243/0/0/0/0	0.00698464/0/0/0/0	0/0/0/0/0	0/0/0/0/0	0/0/0/0/0	0/0/0/0/0	0/0/0/0/0	0/0/0/0/0	0/0/0/0/0	0/0/0/0/0	0/0/0/0/0	0.00011616/0/0/0/0	0/0/0/0/0	0/0/0/0/0	0/0/0/0/0	
	Port: 3 (contain 24 entries)
		0.0439085/0/0/0/0	0.403548/53/77062/0/0	0.624592/0/0/0/0	0.906521/202/293708/0/0	0.499148/0/0/0/0	0.2293/0/0/0/0	0.00741648/0/0/0/0	0/0/0/0/0	0/0/0/0/0	0/0/0/0/0	0/0/0/0/0	0/0/0/0/0	0/0/0/0/0	0/0/0/0/0	0/0/0/0/0	0/0/0/0/0	0/0/0/0/0	0/0/0/0/0	0/0/0/0/0	0.00011616/0/0/0/0	0/0/0/0/0	0/0/0/0/0	0/0/0/0/0	0/0/0/0/0	
	Port: 4 (contain 24 entries)
		0.244287/0/0/0/0	0.0244125/0/0/0/0	0.00846176/0/0/0/0	0.525163/75/53050/0/0	0.965462/0/0/0/0	0.953091/259/270186/0/0	1.00253/271/319834/0/0	1.03551/571/728034/0/0	0.945775/90/130860/0/0	1.01222/206/299524/0/0	0.987639/109/158486/0/0	0.916288/0/0/0/0	0.542314/0/0/0/0	0/0/0/0/0	0/0/0/0/0	0/0/0/0/0	0/0/0/0/0	0/0/0/0/0	0/0/0/0/0	0/0/0/0/0	0/0/0/0/0	0/0/0/0/0	0/0/0/0/0	0/0/0/0/0	

Spine 3: (contain: 4 ports)
	Port: 1 (contain 24 entries)
		0.245715/0/0/0/0	0.340493/0/0/0/0	0.635229/0/0/0/0	0.0599475/0/0/0/0	0.0420493/0/0/0/0	0.0325462/0/0/0/0	0.00264576/0/0/0/0	0.0327869/0/0/0/0	0.241531/0/0/0/0	0.0271066/0/0/0/0	0.00264576/0/0/0/0	0/0/0/0/0	0/0/0/0/0	0/0/0/0/0	0/0/0/0/0	0/0/0/0/0	0/0/0/0/0	0/0/0/0/0	0/0/0/0/0	0/0/0/0/0	0/0/0/0/0	0/0/0/0/0	0/0/0/0/0	0/0/0/0/0	
	Port: 2 (contain 24 entries)
		0.534393/1/54/0/0	0.516242/102/93708/0/0	0.169588/8/4632/0/0	0.183603/11/8994/0/0	0.279729/0/0/0/0	0.028537/0/0/0/0	0.0271066/0/0/0/0	0.0293197/0/0/0/0	0.029648/0/0/0/0	0.0111197/0/0/0/0	0.0146723/0/0/0/0	0.0154211/0/0/0/0	0/0/0/0/0	0/0/0/0/0	0/0/0/0/0	0/0/0/0/0	0/0/0/0/0	0/0/0/0/0	0/0/0/0/0	0/0/0/0/0	0/0/0/0/0	0/0/0/0/0	0/0/0/0/0	0/0/0/0/0	
	Port: 3 (contain 24 entries)
		4.48e-06/0/0/0/0	0/0/0/0/0	0.084457/0/0/0/0	0.845642/0/0/0/0	0.305505/0/0/0/0	0.691384/0/0/0/0	0.446252/0/0/0/0	0.00011616/0/0/0/0	0/0/0/0/0	0/0/0/0/0	0/0/0/0/0	0.00011616/0/0/0/0	0/0/0/0/0	0/0/0/0/0	0/0/0/0/0	0/0/0/0/0	0/0/0/0/0	0/0/0/0/0	0/0/0/0/0	0/0/0/0/0	0/0/0/0/0	0/0/0/0/0	0/0/0/0/0	0/0/0/0/0	
	Port: 4 (contain 24 entries)
		0.177257/2/1508/0/0	0.924142/14/6356/0/0	0.66205/0/0/0/0	0.116099/0/0/0/0	0.866134/357/355278/0/0	0.816392/21/17934/0/0	0.627079/0/0/0/0	0.0109366/0/0/0/0	0.0102544/0/0/0/0	0.0002912/0/0/0/0	4.16e-06/0/0/0/0	0/0/0/0/0	0/0/0/0/0	0/0/0/0/0	0/0/0/0/0	0/0/0/0/0	0/0/0/0/0	0/0/0/0/0	0/0/0/0/0	0/0/0/0/0	0/0/0/0/0	0/0/0/0/0	0/0/0/0/0	0/0/0/0/0	

Leaf 0: (contain: 12 ports)
	Port: 1 (contain 24 entries)
		0/0/0/0/0	0.162516/0/0/0/0	0.646779/0/0/0/0	0.653988/0/0/0/0	0.032929/0/0/0/0	0.031591/0/0/0/0	0.0307632/0/0/0/0	0.0249475/0/0/0/0	0.0244774/0/0/0/0	0.00870272/0/0/0/0	0/0/0/0/0	0/0/0/0/0	0/0/0/0/0	0/0/0/0/0	0/0/0/0/0	0/0/0/0/0	0/0/0/0/0	0/0/0/0/0	0/0/0/0/0	0/0/0/0/0	0/0/0/0/0	0/0/0/0/0	0/0/0/0/0	0/0/0/0/0	
	Port: 2 (contain 24 entries)
		0/0/0/0/0	0.0207421/0/0/0/0	0.0007696/0/0/0/0	0.00024544/0/0/0/0	0.17205/1/1454/0/0	0.845296/0/0/0/0	0.388091/0/0/0/0	0.295279/0/0/0/0	0.575381/0/0/0/0	0.0807298/0/0/0/0	0/0/0/0/0	0/0/0/0/0	0/0/0/0/0	0/0/0/0/0	0/0/0/0/0	0/0/0/0/0	0/0/0/0/0	0/0/0/0/0	0/0/0/0/0	0/0/0/0/0	0/0/0/0/0	0/0/0/0/0	0/0/0/0/0	0/0/0/0/0	
	Port: 3 (contain 24 entries)
		0/0/0/0/0	0/0/0/0/0	0/0/0/0/0	0.489739/0/0/0/0	0.47219/0/0/0/0	0.129054/0/0/0/0	0.175169/0/0/0/0	0.305617/0/0/0/0	0.287264/0/0/0/0	0.00625448/0/0/0/0	0/0/0/0/0	0/0/0/0/0	0/0/0/0/0	0/0/0/0/0	0/0/0/0/0	0/0/0/0/0	0/0/0/0/0	0/0/0/0/0	0/0/0/0/0	0/0/0/0/0	0/0/0/0/0	0/0/0/0/0	0/0/0/0/0	0/0/0/0/0	
	Port: 4 (contain 24 entries)
		0/0/0/0/0	0/0/0/0/0	0/0/0/0/0	0.162052/0/0/0/0	0.110236/0/0/0/0	0.178696/0/0/0/0	0/0/0/0/0	0/0/0/0/0	0/0/0/0/0	0/0/0/0/0	0/0/0/0/0	0/0/0/0/0	0/0/0/0/0	0/0/0/0/0	0/0/0/0/0	0/0/0/0/0	0/0/0/0/0	0/0/0/0/0	0/0/0/0/0	0/0/0/0/0	0/0/0/0/0	0/0/0/0/0	0/0/0/0/0	0/0/0/0/0	
	Port: 5 (contain 24 entries)
		0.120374/8/6032/0/0	0.542135/0/0/0/0	0.622235/1/54/0/0	0.128708/0/0/0/0	0.594167/1/1454/0/0	0.330985/0/0/0/0	0.394596/0/0/0/0	0.422474/0/0/0/0	0.366369/0/0/0/0	0.194229/0/0/0/0	0/0/0/0/0	0/0/0/0/0	0/0/0/0/0	0/0/0/0/0	0/0/0/0/0	0/0/0/0/0	0/0/0/0/0	0/0/0/0/0	0/0/0/0/0	0/0/0/0/0	0/0/0/0/0	0/0/0/0/0	0/0/0/0/0	0/0/0/0/0	
	Port: 6 (contain 24 entries)
		0/0/0/0/0	0/0/0/0/0	0/0/0/0/0	0.0266109/0/0/0/0	0.319458/0/0/0/0	0.0082992/0/0/0/0	0.00192608/0/0/0/0	0.0108243/0/0/0/0	0.0112902/0/0/0/0	0.0270774/0/0/0/0	0.00267904/0/0/0/0	0/0/0/0/0	0/0/0/0/0	0/0/0/0/0	0/0/0/0/0	0/0/0/0/0	0/0/0/0/0	0/0/0/0/0	0/0/0/0/0	0/0/0/0/0	0/0/0/0/0	0/0/0/0/0	0/0/0/0/0	0/0/0/0/0	
	Port: 7 (contain 24 entries)
		0.0116442/0/0/0/0	0.0119558/0/0/0/0	0.0112611/0/0/0/0	0.00821184/0/0/0/0	0/0/0/0/0	0/0/0/0/0	0/0/0/0/0	0/0/0/0/0	0/0/0/0/0	0/0/0/0/0	0/0/0/0/0	0/0/0/0/0	0/0/0/0/0	0/0/0/0/0	0/0/0/0/0	0/0/0/0/0	0/0/0/0/0	0/0/0/0/0	0/0/0/0/0	0/0/0/0/0	0/0/0/0/0	0/0/0/0/0	0/0/0/0/0	0/0/0/0/0	
	Port: 8 (contain 24 entries)
		0.385096/0/0/0/0	0.288981/0/0/0/0	0.0236507/0/0/0/0	0.0004784/0/0/0/0	0/0/0/0/0	0/0/0/0/0	0/0/0/0/0	0/0/0/0/0	0/0/0/0/0	0/0/0/0/0	0/0/0/0/0	0/0/0/0/0	0/0/0/0/0	0/0/0/0/0	0/0/0/0/0	0/0/0/0/0	0/0/0/0/0	0/0/0/0/0	0/0/0/0/0	0/0/0/0/0	0/0/0/0/0	0/0/0/0/0	0/0/0/0/0	0/0/0/0/0	
	Port: 9 (contain 24 entries)
		0/0/0/0/0	0.632848/0/0/0/0	0.0730239/0/0/0/0	0.246239/0/0/0/0	0.00926464/0/0/0/0	0.358905/0/0/0/0	0.942174/245/356230/0/0	1.00444/293/426022/0/0	1.00339/333/484182/0/0	0.968229/70/101780/0/0	0.0602482/0/0/0/0	0/0/0/0/0	0/0/0/0/0	0/0/0/0/0	0/0/0/0/0	0/0/0/0/0	0/0/0/0/0	0/0/0/0/0	0/0/0/0/0	0/0/0/0/0	0/0/0/0/0	0/0/0/0/0	0/0/0/0/0	0/0/0/0/0	
	Port: 10 (contain 24 entries)
		0.097241/1/54/0/0	0.61518/0/0/0/0	0.581525/260/326240/0/0	0.693097/1/1454/0/0	0.569521/0/0/0/0	0.508606/0/0/0/0	0.028054/0/0/0/0	0.0151341/0/0/0/0	0.0131331/0/0/0/0	0.00698048/0/0/0/0	0/0/0/0/0	0/0/0/0/0	0/0/0/0/0	0/0/0/0/0	0/0/0/0/0	0/0/0/0/0	0/0/0/0/0	0/0/0/0/0	0/0/0/0/0	0/0/0/0/0	0/0/0/0/0	0/0/0/0/0	0/0/0/0/0	0/0/0/0/0	
	Port: 11 (contain 24 entries)
		0.249492/0/0/0/0	0.359386/6/4524/0/0	0.313534/0/0/0/0	0.253117/0/0/0/0	0.113033/1/54/0/0	0.117519/0/0/0/0	0.00247104/0/0/0/0	0.00067392/0/0/0/0	0.00675584/0/0/0/0	0/0/0/0/0	0/0/0/0/0	0/0/0/0/0	0/0/0/0/0	0/0/0/0/0	0/0/0/0/0	0/0/0/0/0	0/0/0/0/0	0/0/0/0/0	0/0/0/0/0	0/0/0/0/0	0/0/0/0/0	0/0/0/0/0	0/0/0/0/0	0/0/0/0/0	
	Port: 12 (contain 24 entries)
		0.299934/0/0/0/0	0.268396/0/0/0/0	0.0217798/0/0/0/0	0.138513/1/54/0/0	0.767265/125/127150/0/0	0.183978/0/0/0/0	0.0159328/0/0/0/0	0.0204714/0/0/0/0	0.0226346/0/0/0/0	0.0031824/0/0/0/0	0/0/0/0/0	0/0/0/0/0	0/0/0/0/0	0/0/0/0/0	0/0/0/0/0	0/0/0/0/0	0/0/0/0/0	0/0/0/0/0	0/0/0/0/0	0/0/0/0/0	0/0/0/0/0	0/0/0/0/0	0/0/0/0/0	0/0/0/0/0	

Leaf 1: (contain: 12 ports)
	Port: 1 (contain 24 entries)
		0/0/0/0/0	0.444771/0/0/0/0	0.0842246/0/0/0/0	0.601307/0/0/0/0	0.0453174/0/0/0/0	0.0203469/0/0/0/0	0.0344029/0/0/0/0	0.0351021/0/0/0/0	0.0284707/0/0/0/0	0.0109907/0/0/0/0	0.0136406/0/0/0/0	0.00545376/0/0/0/0	0.00011616/0/0/0/0	0/0/0/0/0	0/0/0/0/0	0/0/0/0/0	0/0/0/0/0	0/0/0/0/0	0/0/0/0/0	0/0/0/0/0	0.00011616/0/0/0/0	0/0/0/0/0	0/0/0/0/0	0/0/0/0/0	
	Port: 2 (contain 24 entries)
		0/0/0/0/0	0.228379/0/0/0/0	0.147291/0/0/0/0	0.106116/0/0/0/0	0.0106371/0/0/0/0	0/0/0/0/0	0/0/0/0/0	0/0/0/0/0	0/0/0/0/0	0/0/0/0/0	0/0/0/0/0	0/0/0/0/0	0/0/0/0/0	0/0/0/0/0	0/0/0/0/0	0/0/0/0/0	0/0/0/0/0	0/0/0/0/0	0/0/0/0/0	0/0/0/0/0	0/0/0/0/0	0/0/0/0/0	0/0/0/0/0	0/0/0/0/0	
	Port: 3 (contain 24 entries)
		0.0144982/0/0/0/0	0.0281846/0/0/0/0	0.0293322/0/0/0/0	0.0335216/0/0/0/0	0.0336256/0/0/0/0	0.0312624/0/0/0/0	0.0357386/0/0/0/0	0.0356387/0/0/0/0	0.0264992/0/0/0/0	0.0187533/0/0/0/0	0.0147139/0/0/0/0	0.0154419/0/0/0/0	0/0/0/0/0	0/0/0/0/0	0/0/0/0/0	0/0/0/0/0	0/0/0/0/0	0/0/0/0/0	0/0/0/0/0	0/0/0/0/0	0/0/0/0/0	0/0/0/0/0	0/0/0/0/0	0/0/0/0/0	
	Port: 4 (contain 24 entries)
		0.343726/0/0/0/0	0.469403/0/0/0/0	0.273092/0/0/0/0	0.118972/0/0/0/0	0.280898/0/0/0/0	0.445474/0/0/0/0	0.526331/0/0/0/0	0/0/0/0/0	0/0/0/0/0	0/0/0/0/0	0/0/0/0/0	0/0/0/0/0	0/0/0/0/0	0/0/0/0/0	0/0/0/0/0	0/0/0/0/0	0/0/0/0/0	0/0/0/0/0	0/0/0/0/0	0/0/0/0/0	0/0/0/0/0	0/0/0/0/0	0/0/0/0/0	0/0/0/0/0	
	Port: 5 (contain 24 entries)
		0.326767/0/0/0/0	0.334076/0/0/0/0	0.331246/0/0/0/0	0.740931/5/5870/0/0	0.561276/1/54/0/0	0.527371/1/1454/0/0	0.0326697/0/0/0/0	0/0/0/0/0	0/0/0/0/0	0/0/0/0/0	0/0/0/0/0	0/0/0/0/0	0/0/0/0/0	0/0/0/0/0	0/0/0/0/0	0/0/0/0/0	0/0/0/0/0	0/0/0/0/0	0/0/0/0/0	0/0/0/0/0	0/0/0/0/0	0/0/0/0/0	0/0/0/0/0	0/0/0/0/0	
	Port: 6 (contain 24 entries)
		0.00380672/0/0/0/0	0.0178838/0/0/0/0	0.0203968/0/0/0/0	0.0590717/0/0/0/0	0.455599/0/0/0/0	0.216455/0/0/0/0	0.0230378/0/0/0/0	0.0237661/0/0/0/0	0.0205126/0/0/0/0	0.0178173/0/0/0/0	0.00699712/0/0/0/0	0/0/0/0/0	0.00011616/0/0/0/0	0/0/0/0/0	0/0/0/0/0	0/0/0/0/0	0/0/0/0/0	0/0/0/0/0	0/0/0/0/0	0/0/0/0/0	0.00011616/0/0/0/0	0/0/0/0/0	0/0/0/0/0	0/0/0/0/0	
	Port: 7 (contain 24 entries)
		0.622038/0/0/0/0	0.950809/0/0/0/0	0.0795738/0/0/0/0	0.157551/0/0/0/0	0/0/0/0/0	0/0/0/0/0	0/0/0/0/0	0/0/0/0/0	0/0/0/0/0	0/0/0/0/0	0/0/0/0/0	0/0/0/0/0	0/0/0/0/0	0/0/0/0/0	0/0/0/0/0	0/0/0/0/0	0/0/0/0/0	0/0/0/0/0	0/0/0/0/0	0/0/0/0/0	0/0/0/0/0	0/0/0/0/0	0/0/0/0/0	0/0/0/0/0	
	Port: 8 (contain 24 entries)
		0/0/0/0/0	0/0/0/0/0	0.00756736/0/0/0/0	0.00034528/0/0/0/0	0/0/0/0/0	0/0/0/0/0	0/0/0/0/0	0/0/0/0/0	0/0/0/0/0	0/0/0/0/0	0/0/0/0/0	0/0/0/0/0	0/0/0/0/0	0/0/0/0/0	0/0/0/0/0	0/0/0/0/0	0/0/0/0/0	0/0/0/0/0	0/0/0/0/0	0/0/0/0/0	0/0/0/0/0	0/0/0/0/0	0/0/0/0/0	0/0/0/0/0	
	Port: 9 (contain 24 entries)
		0.0385312/0/0/0/0	0.46539/0/0/0/0	0.73908/0/0/0/0	0.480929/8/11632/0/0	0.614133/0/0/0/0	0.583472/1/1454/0/0	0.745631/0/0/0/0	0.702187/16/23264/0/0	0.71752/0/0/0/0	0.243712/0/0/0/0	0/0/0/0/0	0/0/0/0/0	0/0/0/0/0	0/0/0/0/0	0/0/0/0/0	0/0/0/0/0	0/0/0/0/0	0/0/0/0/0	0/0/0/0/0	0/0/0/0/0	0/0/0/0/0	0/0/0/0/0	0/0/0/0/0	0/0/0/0/0	
	Port: 10 (contain 24 entries)
		0.289264/196/284984/0/0	0.517109/0/0/0/0	0.240809/0/0/0/0	0.509725/0/0/0/0	0.648228/0/0/0/0	0.682324/0/0/0/0	0.916038/0/0/0/0	0.998822/0/0/0/0	0.746674/0/0/0/0	0.515089/0/0/0/0	0.411903/0/0/0/0	0.416511/0/0/0/0	0/0/0/0/0	0/0/0/0/0	0/0/0/0/0	0/0/0/0/0	0/0/0/0/0	0/0/0/0/0	0/0/0/0/0	0/0/0/0/0	0/0/0/0/0	0/0/0/0/0	0/0/0/0/0	0/0/0/0/0	
	Port: 11 (contain 24 entries)
		0/0/0/0/0	0.0698208/0/0/0/0	0.117617/0/0/0/0	0.677361/20/15080/0/0	1.01372/272/353488/0/0	0.809599/102/148308/0/0	0.985135/117/170118/0/0	0.964825/0/0/0/0	0.619017/0/0/0/0	0.535846/0/0/0/0	0.570044/0/0/0/0	0.141036/0/0/0/0	0/0/0/0/0	0/0/0/0/0	0/0/0/0/0	0/0/0/0/0	0/0/0/0/0	0/0/0/0/0	0/0/0/0/0	0/0/0/0/0	0/0/0/0/0	0/0/0/0/0	0/0/0/0/0	0/0/0/0/0	
	Port: 12 (contain 24 entries)
		0.258029/0/0/0/0	0.357045/0/0/0/0	0.744408/73/50142/0/0	0.758371/0/0/0/0	0.332437/0/0/0/0	0.721774/1/54/0/0	0.465356/0/0/0/0	0/0/0/0/0	0/0/0/0/0	0/0/0/0/0	4.16e-06/0/0/0/0	0/0/0/0/0	0/0/0/0/0	0/0/0/0/0	0/0/0/0/0	0/0/0/0/0	0/0/0/0/0	0/0/0/0/0	0/0/0/0/0	0/0/0/0/0	0/0/0/0/0	0/0/0/0/0	0/0/0/0/0	0/0/0/0/0	

Leaf 2: (contain: 12 ports)
	Port: 1 (contain 24 entries)
		0.0209174/0/0/0/0	0.238012/0/0/0/0	0.0975744/0/0/0/0	0.465221/0/0/0/0	0.136673/0/0/0/0	0.183735/0/0/0/0	0.00765296/0/0/0/0	0/0/0/0/0	0/0/0/0/0	0/0/0/0/0	0/0/0/0/0	0/0/0/0/0	0/0/0/0/0	0/0/0/0/0	0/0/0/0/0	0/0/0/0/0	0/0/0/0/0	0/0/0/0/0	0/0/0/0/0	0/0/0/0/0	0/0/0/0/0	0/0/0/0/0	0/0/0/0/0	0/0/0/0/0	
	Port: 2 (contain 24 entries)
		0/0/0/0/0	0.137202/0/0/0/0	0.424746/0/0/0/0	0.200729/0/0/0/0	0.0281107/0/0/0/0	0.112443/0/0/0/0	0.218962/0/0/0/0	0.243201/0/0/0/0	0/0/0/0/0	0/0/0/0/0	0/0/0/0/0	0/0/0/0/0	0/0/0/0/0	0/0/0/0/0	0/0/0/0/0	0/0/0/0/0	0/0/0/0/0	0/0/0/0/0	0/0/0/0/0	0/0/0/0/0	0/0/0/0/0	0/0/0/0/0	0/0/0/0/0	0/0/0/0/0	
	Port: 3 (contain 24 entries)
		0/0/0/0/0	0.213046/0/0/0/0	0.589375/0/0/0/0	0.193763/0/0/0/0	0.114428/0/0/0/0	0.410249/0/0/0/0	0.840418/0/0/0/0	0.696263/0/0/0/0	0.684996/0/0/0/0	0.24037/0/0/0/0	0/0/0/0/0	0.00011616/0/0/0/0	0/0/0/0/0	0/0/0/0/0	0/0/0/0/0	0/0/0/0/0	0/0/0/0/0	0/0/0/0/0	0/0/0/0/0	0.00011616/0/0/0/0	0/0/0/0/0	0/0/0/0/0	0/0/0/0/0	0/0/0/0/0	
	Port: 4 (contain 24 entries)
		0/0/0/0/0	0/0/0/0/0	0/0/0/0/0	0.674853/0/0/0/0	0.134313/0/0/0/0	0.0139069/0/0/0/0	0.0217942/0/0/0/0	0/0/0/0/0	0/0/0/0/0	0/0/0/0/0	0/0/0/0/0	0/0/0/0/0	0/0/0/0/0	0/0/0/0/0	0/0/0/0/0	0/0/0/0/0	0/0/0/0/0	0/0/0/0/0	0/0/0/0/0	0/0/0/0/0	0/0/0/0/0	0/0/0/0/0	0/0/0/0/0	0/0/0/0/0	
	Port: 5 (contain 24 entries)
		0/0/0/0/0	0/0/0/0/0	0/0/0/0/0	0/0/0/0/0	0.00294976/0/0/0/0	0/0/0/0/0	0/0/0/0/0	0/0/0/0/0	0/0/0/0/0	0/0/0/0/0	0/0/0/0/0	0/0/0/0/0	0/0/0/0/0	0/0/0/0/0	0/0/0/0/0	0/0/0/0/0	0/0/0/0/0	0/0/0/0/0	0/0/0/0/0	0/0/0/0/0	0/0/0/0/0	0/0/0/0/0	0/0/0/0/0	0/0/0/0/0	
	Port: 6 (contain 24 entries)
		0.278328/0/0/0/0	0.884567/199/289346/0/0	0.366569/129/187566/0/0	0.659569/54/78516/0/0	0.789772/145/210830/0/0	1.00293/188/273352/0/0	0.946549/0/0/0/0	0.621804/0/0/0/0	0.692312/0/0/0/0	0/0/0/0/0	0/0/0/0/0	0/0/0/0/0	0/0/0/0/0	0/0/0/0/0	0/0/0/0/0	0/0/0/0/0	0/0/0/0/0	0/0/0/0/0	0/0/0/0/0	0/0/0/0/0	0/0/0/0/0	0/0/0/0/0	0/0/0/0/0	0/0/0/0/0	
	Port: 7 (contain 24 entries)
		0/0/0/0/0	0/0/0/0/0	0/0/0/0/0	0.00252128/0/0/0/0	0.0141277/0/0/0/0	0.016823/0/0/0/0	0.00901056/0/0/0/0	0.0252304/0/0/0/0	0.030655/0/0/0/0	0.0338957/0/0/0/0	0.0361546/0/0/0/0	0.0364499/0/0/0/0	0.0196186/0/0/0/0	0/0/0/0/0	0/0/0/0/0	0/0/0/0/0	0/0/0/0/0	0/0/0/0/0	0/0/0/0/0	0/0/0/0/0	0/0/0/0/0	0/0/0/0/0	0/0/0/0/0	0/0/0/0/0	
	Port: 8 (contain 24 entries)
		0.0141318/0/0/0/0	0.0296301/0/0/0/0	0.166146/0/0/0/0	0.0231974/0/0/0/0	0.00928/0/0/0/0	0.0341907/0/0/0/0	0.0146474/0/0/0/0	0.00011616/0/0/0/0	0/0/0/0/0	0/0/0/0/0	0/0/0/0/0	0.00011616/0/0/0/0	0/0/0/0/0	0/0/0/0/0	0/0/0/0/0	0/0/0/0/0	0/0/0/0/0	0/0/0/0/0	0/0/0/0/0	0.00011616/0/0/0/0	0/0/0/0/0	0/0/0/0/0	0/0/0/0/0	0/0/0/0/0	
	Port: 9 (contain 24 entries)
		0/0/0/0/0	0.00758848/0/0/0/0	0.0166861/0/0/0/0	0.719376/600/871000/0/0	0.488818/0/0/0/0	0.998744/0/0/0/0	0.355097/0/0/0/0	0/0/0/0/0	0/0/0/0/0	0/0/0/0/0	0/0/0/0/0	0/0/0/0/0	0/0/0/0/0	0/0/0/0/0	0/0/0/0/0	0/0/0/0/0	0/0/0/0/0	0/0/0/0/0	0/0/0/0/0	0/0/0/0/0	0/0/0/0/0	0/0/0/0/0	0/0/0/0/0	0/0/0/0/0	
	Port: 10 (contain 24 entries)
		0/0/0/0/0	0/0/0/0/0	0/0/0/0/0	0.0239536/0/0/0/0	0.10579/320/312680/0/0	0.353093/0/0/0/0	0.288047/0/0/0/0	0.701911/0/0/0/0	0.573259/0/0/0/0	0.486299/0/0/0/0	0.580916/0/0/0/0	0.223524/0/0/0/0	0/0/0/0/0	0/0/0/0/0	0/0/0/0/0	0/0/0/0/0	0/0/0/0/0	0/0/0/0/0	0/0/0/0/0	0/0/0/0/0	0/0/0/0/0	0/0/0/0/0	0/0/0/0/0	0/0/0/0/0	
	Port: 11 (contain 24 entries)
		0.244321/0/0/0/0	0.013512/0/0/0/0	0.017639/0/0/0/0	0.277235/31/32474/0/0	0.972941/0/0/0/0	0.316218/0/0/0/0	0.0482707/0/0/0/0	0.0640227/0/0/0/0	0.32104/0/0/0/0	0.476488/0/0/0/0	0.417479/0/0/0/0	0.775252/0/0/0/0	0.541268/0/0/0/0	0/0/0/0/0	0/0/0/0/0	0/0/0/0/0	0/0/0/0/0	0/0/0/0/0	0/0/0/0/0	0/0/0/0/0	0/0/0/0/0	0/0/0/0/0	0/0/0/0/0	0/0/0/0/0	
	Port: 12 (contain 24 entries)
		0.166862/0/0/0/0	0.910493/0/0/0/0	0.646822/0/0/0/0	0.0205632/0/0/0/0	0.132647/0/0/0/0	0.644699/33/33982/0/0	0.611348/0/0/0/0	0.0151757/0/0/0/0	0.0102461/0/0/0/0	0/0/0/0/0	0/0/0/0/0	0/0/0/0/0	0/0/0/0/0	0/0/0/0/0	0/0/0/0/0	0/0/0/0/0	0/0/0/0/0	0/0/0/0/0	0/0/0/0/0	0/0/0/0/0	0/0/0/0/0	0/0/0/0/0	0/0/0/0/0	0/0/0/0/0	

Leaf 3: (contain: 12 ports)
	Port: 1 (contain 24 entries)
		0/0/0/0/0	0/0/0/0/0	0/0/0/0/0	0.00136896/0/0/0/0	0.0156582/0/0/0/0	0.00458848/0/0/0/0	0/0/0/0/0	0/0/0/0/0	0/0/0/0/0	0/0/0/0/0	0/0/0/0/0	0/0/0/0/0	0/0/0/0/0	0/0/0/0/0	0/0/0/0/0	0/0/0/0/0	0/0/0/0/0	0/0/0/0/0	0/0/0/0/0	0/0/0/0/0	0/0/0/0/0	0/0/0/0/0	0/0/0/0/0	0/0/0/0/0	
	Port: 2 (contain 24 entries)
		0/0/0/0/0	0.00748832/0/0/0/0	0.0116109/0/0/0/0	0.457023/0/0/0/0	0.351732/0/0/0/0	0.962153/0/0/0/0	0.394015/0/0/0/0	0/0/0/0/0	0/0/0/0/0	0/0/0/0/0	0/0/0/0/0	0/0/0/0/0	0/0/0/0/0	0/0/0/0/0	0/0/0/0/0	0/0/0/0/0	0/0/0/0/0	0/0/0/0/0	0/0/0/0/0	0/0/0/0/0	0/0/0/0/0	0/0/0/0/0	0/0/0/0/0	0/0/0/0/0	
	Port: 3 (contain 24 entries)
		0/0/0/0/0	0.00801248/0/0/0/0	0.00490048/0/0/0/0	0.167749/0/0/0/0	0.430954/0/0/0/0	0.40203/0/0/0/0	0.604338/0/0/0/0	0/0/0/0/0	0/0/0/0/0	0/0/0/0/0	0/0/0/0/0	0/0/0/0/0	0/0/0/0/0	0/0/0/0/0	0/0/0/0/0	0/0/0/0/0	0/0/0/0/0	0/0/0/0/0	0/0/0/0/0	0/0/0/0/0	0/0/0/0/0	0/0/0/0/0	0/0/0/0/0	0/0/0/0/0	
	Port: 4 (contain 24 entries)
		0.0104378/0/0/0/0	0.00236704/0/0/0/0	1.664e-05/0/0/0/0	0.310156/0/0/0/0	0.70622/0/0/0/0	0.242709/0/0/0/0	0.0737856/0/0/0/0	0.303204/0/0/0/0	0.320662/0/0/0/0	0.758409/0/0/0/0	0.0705864/0/0/0/0	0/0/0/0/0	0/0/0/0/0	0/0/0/0/0	0/0/0/0/0	0/0/0/0/0	0/0/0/0/0	0/0/0/0/0	0/0/0/0/0	0/0/0/0/0	0/0/0/0/0	0/0/0/0/0	0/0/0/0/0	0/0/0/0/0	
	Port: 5 (contain 24 entries)
		0.012289/0/0/0/0	0.218191/0/0/0/0	0.704363/0/0/0/0	0.348377/0/0/0/0	0.330292/0/0/0/0	0.169684/1/54/0/0	0.855658/8/8832/0/0	0.853669/5/5870/0/0	0.659817/1/54/0/0	0.4531/0/0/0/0	0.794651/12/17448/0/0	0.577527/0/0/0/0	0/0/0/0/0	0/0/0/0/0	0/0/0/0/0	0/0/0/0/0	0/0/0/0/0	0/0/0/0/0	0/0/0/0/0	0/0/0/0/0	0/0/0/0/0	0/0/0/0/0	0/0/0/0/0	0/0/0/0/0	
	Port: 6 (contain 24 entries)
		0/0/0/0/0	0.015929/0/0/0/0	0.00247552/0/0/0/0	0.0203798/0/0/0/0	0.0831428/0/0/0/0	0.260016/0/0/0/0	0.0198634/0/0/0/0	0.0364742/0/0/0/0	0.311773/0/0/0/0	0.47161/0/0/0/0	0.422009/0/0/0/0	0.779782/0/0/0/0	0.543475/0/0/0/0	0/0/0/0/0	0/0/0/0/0	0/0/0/0/0	0/0/0/0/0	0/0/0/0/0	0/0/0/0/0	0/0/0/0/0	0/0/0/0/0	0/0/0/0/0	0/0/0/0/0	0/0/0/0/0	
	Port: 7 (contain 24 entries)
		0.398205/0/0/0/0	0.886989/1/54/0/0	0.678975/0/0/0/0	0.240775/0/0/0/0	0.35738/2/2908/0/0	0.908487/0/0/0/0	0.547811/0/0/0/0	0.438388/0/0/0/0	0.463711/0/0/0/0	0.597911/0/0/0/0	0.193573/0/0/0/0	0/0/0/0/0	0/0/0/0/0	0/0/0/0/0	0/0/0/0/0	0/0/0/0/0	0/0/0/0/0	0/0/0/0/0	0/0/0/0/0	0/0/0/0/0	0/0/0/0/0	0/0/0/0/0	0/0/0/0/0	0/0/0/0/0	
	Port: 8 (contain 24 entries)
		0.00985952/0/0/0/0	0.00976768/0/0/0/0	0.0067808/0/0/0/0	0.0884442/0/0/0/0	0.388803/0/0/0/0	0.226755/0/0/0/0	0.252662/0/0/0/0	0.679186/0/0/0/0	0.560376/0/0/0/0	0.475327/0/0/0/0	0.587421/0/0/0/0	0.237811/0/0/0/0	0/0/0/0/0	0/0/0/0/0	0/0/0/0/0	0/0/0/0/0	0/0/0/0/0	0/0/0/0/0	0/0/0/0/0	0/0/0/0/0	0/0/0/0/0	0/0/0/0/0	0/0/0/0/0	0/0/0/0/0	
	Port: 9 (contain 24 entries)
		0.548292/0/0/0/0	0.134848/0/0/0/0	0.660955/191/277714/0/0	0.986308/65/14533/0/0	0.321892/0/0/0/0	0.714687/282/144028/0/0	0.870634/0/0/0/0	0.369428/0/0/0/0	0.329522/0/0/0/0	0.0356304/0/0/0/0	0.034736/0/0/0/0	0.0139776/0/0/0/0	0.00023232/0/0/0/0	0/0/0/0/0	0/0/0/0/0	0/0/0/0/0	0/0/0/0/0	0/0/0/0/0	0/0/0/0/0	0/0/0/0/0	0.00011616/0/0/0/0	0/0/0/0/0	0/0/0/0/0	0/0/0/0/0	
	Port: 10 (contain 24 entries)
		0.0245126/0/0/0/0	0.66238/75/86650/0/0	0.676038/599/870946/0/0	0.439981/0/0/0/0	0.711459/0/0/0/0	0.373572/0/0/0/0	0.167057/0/0/0/0	0.198388/0/0/0/0	0.41839/0/0/0/0	0.0168854/0/0/0/0	0.0151174/0/0/0/0	0.0280006/0/0/0/0	0.0195437/0/0/0/0	0/0/0/0/0	0/0/0/0/0	0/0/0/0/0	0/0/0/0/0	0/0/0/0/0	0/0/0/0/0	0.00011616/0/0/0/0	0/0/0/0/0	0/0/0/0/0	0/0/0/0/0	0/0/0/0/0	
	Port: 11 (contain 24 entries)
		0.15519/1/1454/0/0	0.999101/393/571422/0/0	0.504813/1/54/0/0	0.732768/0/0/0/0	0.12694/0/0/0/0	0.326612/0/0/0/0	0.0090352/0/0/0/0	0.0111792/0/0/0/0	0.00724672/0/0/0/0	0.0108326/0/0/0/0	0.00697216/0/0/0/0	0/0/0/0/0	0/0/0/0/0	0/0/0/0/0	0/0/0/0/0	0/0/0/0/0	0/0/0/0/0	0/0/0/0/0	0/0/0/0/0	0.00011616/0/0/0/0	0.00011616/0/0/0/0	0/0/0/0/0	0/0/0/0/0	0/0/0/0/0	
	Port: 12 (contain 24 entries)
		0.234884/0/0/0/0	0.249325/45/51430/0/0	0.162148/15/13410/0/0	0.283832/12/10448/0/0	0.269474/0/0/0/0	0.0111773/0/0/0/0	0.00608192/0/0/0/0	0.037529/0/0/0/0	0.248528/0/0/0/0	0.0353184/0/0/0/0	0.0172973/0/0/0/0	0.0155206/0/0/0/0	0/0/0/0/0	0/0/0/0/0	0/0/0/0/0	0/0/0/0/0	0/0/0/0/0	0/0/0/0/0	0/0/0/0/0	0/0/0/0/0	0/0/0/0/0	0/0/0/0/0	0/0/0/0/0	0/0/0/0/0	

