Spine 0: (contain: 4 ports)
	Port: 1 (contain 24 entries)
		0.0593853/1/54/0/0	0.287041/0/0/0/0	0.379093/0/0/0/0	0.374158/0/0/0/0	0.411527/0/0/0/0	0.489339/0/0/0/0	0.418755/0/0/0/0	0.582128/0/0/0/0	0.0766854/0/0/0/0	0.0092352/0/0/0/0	0/0/0/0/0	0/0/0/0/0	0/0/0/0/0	0/0/0/0/0	0/0/0/0/0	0/0/0/0/0	0/0/0/0/0	0/0/0/0/0	0/0/0/0/0	0/0/0/0/0	0/0/0/0/0	0/0/0/0/0	0/0/0/0/0	0/0/0/0/0	
	Port: 2 (contain 24 entries)
		0.3019/0/0/0/0	0.370591/0/0/0/0	0.40769/0/0/0/0	0.224509/0/0/0/0	0.35549/0/0/0/0	0.383542/1/54/0/0	0.288168/0/0/0/0	0.0762198/0/0/0/0	0.017393/0/0/0/0	0.0208624/0/0/0/0	0.0110406/0/0/0/0	0.0117894/0/0/0/0	0.0104541/0/0/0/0	0.0292822/0/0/0/0	0.0357677/0/0/0/0	0.035776/0/0/0/0	0.0200262/0/0/0/0	0/0/0/0/0	0/0/0/0/0	0/0/0/0/0	0/0/0/0/0	0/0/0/0/0	0/0/0/0/0	0/0/0/0/0	
	Port: 3 (contain 24 entries)
		0.0214576/0/0/0/0	0.21844/0/0/0/0	0.287114/0/0/0/0	0.567877/0/0/0/0	0.48817/0/0/0/0	0.477147/0/0/0/0	0.38183/0/0/0/0	0.105089/0/0/0/0	0.0226512/0/0/0/0	0.255812/0/0/0/0	0.317933/0/0/0/0	0.0476256/0/0/0/0	0/0/0/0/0	0/0/0/0/0	0/0/0/0/0	0/0/0/0/0	0/0/0/0/0	0/0/0/0/0	0/0/0/0/0	0/0/0/0/0	0/0/0/0/0	0/0/0/0/0	0/0/0/0/0	0/0/0/0/0	
	Port: 4 (contain 24 entries)
		0.0278186/0/0/0/0	0.0367174/0/0/0/0	0.133625/0/0/0/0	0.335624/8/4632/0/0	0.292633/0/0/0/0	0.612166/0/0/0/0	0.587113/22/31988/0/0	0.978823/63/91602/0/0	0.809841/0/0/0/0	0.0930816/0/0/0/0	0.15773/0/0/0/0	0.107497/0/0/0/0	0.0683021/0/0/0/0	0.144968/0/0/0/0	0.204906/0/0/0/0	0.0976906/0/0/0/0	0/0/0/0/0	0/0/0/0/0	0/0/0/0/0	0/0/0/0/0	0/0/0/0/0	0/0/0/0/0	0/0/0/0/0	0/0/0/0/0	

Spine 1: (contain: 4 ports)
	Port: 1 (contain 24 entries)
		0.209559/0/0/0/0	0.186732/0/0/0/0	0.488651/0/0/0/0	0.353312/0/0/0/0	0.469179/0/0/0/0	0.466845/0/0/0/0	0.473084/0/0/0/0	0.335314/0/0/0/0	0.0250611/0/0/0/0	0/0/0/0/0	0/0/0/0/0	0/0/0/0/0	0/0/0/0/0	0/0/0/0/0	0/0/0/0/0	0/0/0/0/0	0/0/0/0/0	0/0/0/0/0	0/0/0/0/0	0/0/0/0/0	0/0/0/0/0	0/0/0/0/0	0/0/0/0/0	0/0/0/0/0	
	Port: 2 (contain 24 entries)
		0.140981/0/0/0/0	0.403673/0/0/0/0	0.444988/0/0/0/0	0.346987/8/8832/0/0	0.605545/0/0/0/0	0.341922/0/0/0/0	0.259895/0/0/0/0	0.066585/0/0/0/0	0.00895232/0/0/0/0	0.00273728/0/0/0/0	0.00495456/0/0/0/0	0.00479232/0/0/0/0	0.00440544/0/0/0/0	0/0/0/0/0	0/0/0/0/0	0/0/0/0/0	0/0/0/0/0	0/0/0/0/0	0/0/0/0/0	0/0/0/0/0	0/0/0/0/0	0/0/0/0/0	0/0/0/0/0	0/0/0/0/0	
	Port: 3 (contain 24 entries)
		0.0132509/0/0/0/0	0.497024/28/25312/0/0	0.454276/0/0/0/0	0.491351/0/0/0/0	0.511407/13/10502/0/0	0.385966/0/0/0/0	0.339746/0/0/0/0	0.115884/0/0/0/0	0.0872861/0/0/0/0	0.199112/0/0/0/0	0.230187/0/0/0/0	0.0102221/0/0/0/0	0/0/0/0/0	0/0/0/0/0	0/0/0/0/0	0/0/0/0/0	0/0/0/0/0	0/0/0/0/0	0/0/0/0/0	0/0/0/0/0	0/0/0/0/0	0/0/0/0/0	0/0/0/0/0	0/0/0/0/0	
	Port: 4 (contain 24 entries)
		0.0010192/0/0/0/0	0.0285446/0/0/0/0	0.0867136/0/0/0/0	0.48496/0/0/0/0	0.31852/21/10934/0/0	0.581993/1/54/0/0	0.550797/0/0/0/0	0.239206/0/0/0/0	0.458311/5/7270/0/0	0.927281/0/0/0/0	0.982806/100/145400/0/0	1.01675/254/369316/0/0	0.980818/99/143946/0/0	0.7409/0/0/0/0	0.248118/0/0/0/0	0.267516/0/0/0/0	0/0/0/0/0	0/0/0/0/0	0/0/0/0/0	0/0/0/0/0	0/0/0/0/0	0/0/0/0/0	0/0/0/0/0	0/0/0/0/0	

Spine 2: (contain: 4 ports)
	Port: 1 (contain 24 entries)
		0.0661267/0/0/0/0	0.224867/0/0/0/0	0.239433/0/0/0/0	0.344071/0/0/0/0	0.429403/0/0/0/0	0.465496/0/0/0/0	0.391791/0/0/0/0	0.380325/0/0/0/0	0.0549589/0/0/0/0	0/0/0/0/0	0/0/0/0/0	0/0/0/0/0	0/0/0/0/0	0/0/0/0/0	0/0/0/0/0	0/0/0/0/0	0/0/0/0/0	0/0/0/0/0	0/0/0/0/0	0/0/0/0/0	0/0/0/0/0	0/0/0/0/0	0/0/0/0/0	0/0/0/0/0	
	Port: 2 (contain 24 entries)
		0.600672/0/0/0/0	0.516005/0/0/0/0	0.310878/0/0/0/0	0.208429/0/0/0/0	0.191717/0/0/0/0	0.331477/0/0/0/0	0.297125/0/0/0/0	0.0810403/0/0/0/0	0.00626912/0/0/0/0	0.012272/0/0/0/0	0.0235747/0/0/0/0	0.00403936/0/0/0/0	0/0/0/0/0	0/0/0/0/0	0/0/0/0/0	0/0/0/0/0	0/0/0/0/0	0/0/0/0/0	0/0/0/0/0	0/0/0/0/0	0/0/0/0/0	0/0/0/0/0	0/0/0/0/0	0/0/0/0/0	
	Port: 3 (contain 24 entries)
		0.00394944/0/0/0/0	0.169678/28/40712/0/0	0.626545/0/0/0/0	0.474308/3/4362/0/0	0.475069/0/0/0/0	0.412823/0/0/0/0	0.35606/2/2908/0/0	0.0829362/0/0/0/0	0.118287/0/0/0/0	0.189911/0/0/0/0	0.289725/0/0/0/0	0.75395/0/0/0/0	0/0/0/0/0	0/0/0/0/0	0/0/0/0/0	0/0/0/0/0	0/0/0/0/0	0/0/0/0/0	0/0/0/0/0	0/0/0/0/0	0/0/0/0/0	0/0/0/0/0	0/0/0/0/0	0/0/0/0/0	
	Port: 4 (contain 24 entries)
		0.490285/0/0/0/0	0.856354/0/0/0/0	0.0974064/0/0/0/0	0.440608/1/54/0/0	0.282002/4/4416/0/0	0.533784/2/1508/0/0	0.594332/0/0/0/0	0.511786/0/0/0/0	0.327107/0/0/0/0	0.218539/0/0/0/0	0.137702/0/0/0/0	0.0507619/0/0/0/0	0.0720658/0/0/0/0	0.239057/0/0/0/0	0.240451/0/0/0/0	0.535459/0/0/0/0	0.54806/0/0/0/0	0/0/0/0/0	0/0/0/0/0	0/0/0/0/0	0/0/0/0/0	0/0/0/0/0	0/0/0/0/0	0/0/0/0/0	

Spine 3: (contain: 4 ports)
	Port: 1 (contain 24 entries)
		0.185897/0/0/0/0	0.135896/0/0/0/0	0.337064/0/0/0/0	0.372/0/0/0/0	0.363518/0/0/0/0	0.47988/1/1454/0/0	0.439145/0/0/0/0	0.25321/0/0/0/0	0.0742262/0/0/0/0	0/0/0/0/0	0/0/0/0/0	0/0/0/0/0	0/0/0/0/0	0/0/0/0/0	0/0/0/0/0	0/0/0/0/0	0/0/0/0/0	0/0/0/0/0	0/0/0/0/0	0/0/0/0/0	0/0/0/0/0	0/0/0/0/0	0/0/0/0/0	0/0/0/0/0	
	Port: 2 (contain 24 entries)
		0.375308/0/0/0/0	0.521958/46/66884/0/0	0.56157/1/54/0/0	0.512437/0/0/0/0	0.129601/0/0/0/0	0.35154/0/0/0/0	0.235997/0/0/0/0	0.0830155/0/0/0/0	0.00083616/0/0/0/0	0.00383968/0/0/0/0	0.0043888/0/0/0/0	0/0/0/0/0	0/0/0/0/0	0/0/0/0/0	0/0/0/0/0	0/0/0/0/0	0/0/0/0/0	0/0/0/0/0	0/0/0/0/0	0/0/0/0/0	0/0/0/0/0	0/0/0/0/0	0/0/0/0/0	0/0/0/0/0	
	Port: 3 (contain 24 entries)
		0.474406/13/18902/0/0	0.471475/0/0/0/0	0.443956/0/0/0/0	0.482116/0/0/0/0	0.541123/0/0/0/0	0.508325/76/110504/0/0	0.508829/15/16210/0/0	1.00268/105/134470/0/0	1.00736/190/242660/0/0	0.516798/0/0/0/0	0.362351/0/0/0/0	0.0868098/0/0/0/0	0.0268528/0/0/0/0	0.0207792/0/0/0/0	0/0/0/0/0	0/0/0/0/0	0/0/0/0/0	0/0/0/0/0	0/0/0/0/0	0/0/0/0/0	0/0/0/0/0	0/0/0/0/0	0/0/0/0/0	0/0/0/0/0	
	Port: 4 (contain 24 entries)
		0.00038272/0/0/0/0	0.108996/78/67212/0/0	0.60191/0/0/0/0	0.548448/4/4416/0/0	0.846236/0/0/0/0	0.57386/0/0/0/0	0.521148/1/54/0/0	0.244784/0/0/0/0	0.403656/0/0/0/0	0.675595/9/13086/0/0	0.725888/0/0/0/0	0.183184/0/0/0/0	0.0448378/0/0/0/0	0.271389/0/0/0/0	0.318743/0/0/0/0	0.0899078/0/0/0/0	0/0/0/0/0	0/0/0/0/0	0/0/0/0/0	0/0/0/0/0	0/0/0/0/0	0/0/0/0/0	0/0/0/0/0	0/0/0/0/0	

Leaf 0: (contain: 12 ports)
	Port: 1 (contain 24 entries)
		0/0/0/0/0	0.17936/0/0/0/0	0.539215/0/0/0/0	0.359724/0/0/0/0	0.167685/0/0/0/0	0.137844/0/0/0/0	0.213411/0/0/0/0	0.0297107/0/0/0/0	0.0283837/0/0/0/0	0.00925184/0/0/0/0	0/0/0/0/0	0/0/0/0/0	0/0/0/0/0	0/0/0/0/0	0/0/0/0/0	0/0/0/0/0	0/0/0/0/0	0/0/0/0/0	0/0/0/0/0	0/0/0/0/0	0/0/0/0/0	0/0/0/0/0	0/0/0/0/0	0/0/0/0/0	
	Port: 2 (contain 24 entries)
		0/0/0/0/0	0.00823712/0/0/0/0	0.013287/0/0/0/0	0/0/0/0/0	0.199232/0/0/0/0	0.795115/0/0/0/0	0.671329/0/0/0/0	0.458367/0/0/0/0	0.179001/0/0/0/0	0/0/0/0/0	0/0/0/0/0	0/0/0/0/0	0/0/0/0/0	0/0/0/0/0	0/0/0/0/0	0/0/0/0/0	0/0/0/0/0	0/0/0/0/0	0/0/0/0/0	0/0/0/0/0	0/0/0/0/0	0/0/0/0/0	0/0/0/0/0	0/0/0/0/0	
	Port: 3 (contain 24 entries)
		0/0/0/0/0	0/0/0/0/0	0/0/0/0/0	0.639121/0/0/0/0	0.201073/0/0/0/0	0.341278/0/0/0/0	0.291213/0/0/0/0	0.473334/0/0/0/0	0/0/0/0/0	0/0/0/0/0	0/0/0/0/0	0/0/0/0/0	0/0/0/0/0	0/0/0/0/0	0/0/0/0/0	0/0/0/0/0	0/0/0/0/0	0/0/0/0/0	0/0/0/0/0	0/0/0/0/0	0/0/0/0/0	0/0/0/0/0	0/0/0/0/0	0/0/0/0/0	
	Port: 4 (contain 24 entries)
		0/0/0/0/0	0/0/0/0/0	0/0/0/0/0	0.0994416/0/0/0/0	0.363776/0/0/0/0	0/0/0/0/0	0/0/0/0/0	0/0/0/0/0	0/0/0/0/0	0/0/0/0/0	0/0/0/0/0	0/0/0/0/0	0/0/0/0/0	0/0/0/0/0	0/0/0/0/0	0/0/0/0/0	0/0/0/0/0	0/0/0/0/0	0/0/0/0/0	0/0/0/0/0	0/0/0/0/0	0/0/0/0/0	0/0/0/0/0	0/0/0/0/0	
	Port: 5 (contain 24 entries)
		0.147361/64/48256/0/0	0.411718/16/13464/0/0	0.870321/0/0/0/0	0.232436/0/0/0/0	0.501588/0/0/0/0	0.601521/0/0/0/0	0.539215/0/0/0/0	0.564663/0/0/0/0	0/0/0/0/0	0/0/0/0/0	0/0/0/0/0	0/0/0/0/0	0/0/0/0/0	0/0/0/0/0	0/0/0/0/0	0/0/0/0/0	0/0/0/0/0	0/0/0/0/0	0/0/0/0/0	0/0/0/0/0	0/0/0/0/0	0/0/0/0/0	0/0/0/0/0	0/0/0/0/0	
	Port: 6 (contain 24 entries)
		0/0/0/0/0	0/0/0/0/0	0/0/0/0/0	0.111719/0/0/0/0	0.240076/0/0/0/0	0.0260161/0/0/0/0	0.00829504/0/0/0/0	0.025247/0/0/0/0	0.0240448/0/0/0/0	0/0/0/0/0	0/0/0/0/0	0/0/0/0/0	0/0/0/0/0	0/0/0/0/0	0/0/0/0/0	0/0/0/0/0	0/0/0/0/0	0/0/0/0/0	0/0/0/0/0	0/0/0/0/0	0/0/0/0/0	0/0/0/0/0	0/0/0/0/0	0/0/0/0/0	
	Port: 7 (contain 24 entries)
		0.00405632/0/0/0/0	0.0197974/0/0/0/0	0.0137696/0/0/0/0	0/0/0/0/0	0/0/0/0/0	0/0/0/0/0	0/0/0/0/0	0/0/0/0/0	0/0/0/0/0	0/0/0/0/0	0/0/0/0/0	0/0/0/0/0	0/0/0/0/0	0/0/0/0/0	0/0/0/0/0	0/0/0/0/0	0/0/0/0/0	0/0/0/0/0	0/0/0/0/0	0/0/0/0/0	0/0/0/0/0	0/0/0/0/0	0/0/0/0/0	0/0/0/0/0	
	Port: 8 (contain 24 entries)
		0.367423/0/0/0/0	0.216453/0/0/0/0	0.00828256/0/0/0/0	0/0/0/0/0	0/0/0/0/0	0/0/0/0/0	0/0/0/0/0	0/0/0/0/0	0/0/0/0/0	0/0/0/0/0	0/0/0/0/0	0/0/0/0/0	0/0/0/0/0	0/0/0/0/0	0/0/0/0/0	0/0/0/0/0	0/0/0/0/0	0/0/0/0/0	0/0/0/0/0	0/0/0/0/0	0/0/0/0/0	0/0/0/0/0	0/0/0/0/0	0/0/0/0/0	
	Port: 9 (contain 24 entries)
		0.302945/0/0/0/0	0.338327/0/0/0/0	0.245967/0/0/0/0	0.0782499/0/0/0/0	0.299884/0/0/0/0	0.3902/0/0/0/0	0.232355/0/0/0/0	0.7145/0/0/0/0	0.659634/0/0/0/0	0/0/0/0/0	0/0/0/0/0	0/0/0/0/0	0/0/0/0/0	0/0/0/0/0	0/0/0/0/0	0/0/0/0/0	0/0/0/0/0	0/0/0/0/0	0/0/0/0/0	0/0/0/0/0	0/0/0/0/0	0/0/0/0/0	0/0/0/0/0	0/0/0/0/0	
	Port: 10 (contain 24 entries)
		0.0035072/0/0/0/0	0.601393/0/0/0/0	0.443876/0/0/0/0	0.159948/0/0/0/0	0.561444/0/0/0/0	0.232785/0/0/0/0	0.18073/0/0/0/0	0.0158288/0/0/0/0	0.00643136/0/0/0/0	0/0/0/0/0	0/0/0/0/0	0/0/0/0/0	0/0/0/0/0	0/0/0/0/0	0/0/0/0/0	0/0/0/0/0	0/0/0/0/0	0/0/0/0/0	0/0/0/0/0	0/0/0/0/0	0/0/0/0/0	0/0/0/0/0	0/0/0/0/0	0/0/0/0/0	
	Port: 11 (contain 24 entries)
		0.226521/0/0/0/0	0.418153/0/0/0/0	0.475612/0/0/0/0	0.0412285/0/0/0/0	0.134669/0/0/0/0	0.250026/0/0/0/0	0.146667/0/0/0/0	0.0362544/0/0/0/0	0/0/0/0/0	0/0/0/0/0	0/0/0/0/0	0/0/0/0/0	0/0/0/0/0	0/0/0/0/0	0/0/0/0/0	0/0/0/0/0	0/0/0/0/0	0/0/0/0/0	0/0/0/0/0	0/0/0/0/0	0/0/0/0/0	0/0/0/0/0	0/0/0/0/0	0/0/0/0/0	
	Port: 12 (contain 24 entries)
		0.100478/0/0/0/0	0.393519/1/1454/0/0	0.474047/0/0/0/0	0.398896/0/0/0/0	0.615572/0/0/0/0	0.393744/1/1454/0/0	0.289431/0/0/0/0	0.838443/0/0/0/0	0.797671/0/0/0/0	0.239441/0/0/0/0	0/0/0/0/0	0/0/0/0/0	0/0/0/0/0	0/0/0/0/0	0/0/0/0/0	0/0/0/0/0	0/0/0/0/0	0/0/0/0/0	0/0/0/0/0	0/0/0/0/0	0/0/0/0/0	0/0/0/0/0	0/0/0/0/0	0/0/0/0/0	

Leaf 1: (contain: 12 ports)
	Port: 1 (contain 24 entries)
		0/0/0/0/0	0.0539069/0/0/0/0	0.252308/0/0/0/0	0.551645/0/0/0/0	0.146846/0/0/0/0	0.318545/0/0/0/0	0.0367219/0/0/0/0	0.0189738/0/0/0/0	0.0124259/0/0/0/0	0.00430144/0/0/0/0	0.0042848/0/0/0/0	0.00334048/0/0/0/0	0.00321568/0/0/0/0	0.00761696/0/0/0/0	0.0184912/0/0/0/0	0.0221936/0/0/0/0	0.0200637/0/0/0/0	0/0/0/0/0	0/0/0/0/0	0/0/0/0/0	0/0/0/0/0	0/0/0/0/0	0/0/0/0/0	0/0/0/0/0	
	Port: 2 (contain 24 entries)
		0/0/0/0/0	0.0326496/0/0/0/0	0.296208/0/0/0/0	0.089853/0/0/0/0	0.00716768/0/0/0/0	0.00068224/0/0/0/0	0/0/0/0/0	0/0/0/0/0	0/0/0/0/0	0/0/0/0/0	0/0/0/0/0	0/0/0/0/0	0/0/0/0/0	0/0/0/0/0	0/0/0/0/0	0/0/0/0/0	0/0/0/0/0	0/0/0/0/0	0/0/0/0/0	0/0/0/0/0	0/0/0/0/0	0/0/0/0/0	0/0/0/0/0	0/0/0/0/0	
	Port: 3 (contain 24 entries)
		0.0151389/0/0/0/0	0.0170982/0/0/0/0	0.0164278/0/0/0/0	0.0325731/0/0/0/0	0.0288582/0/0/0/0	0.0296358/0/0/0/0	0.0223434/0/0/0/0	0.0102419/0/0/0/0	0.0145933/0/0/0/0	0.0213824/0/0/0/0	0.027743/0/0/0/0	0.0125258/0/0/0/0	0.00723424/0/0/0/0	0.0216445/0/0/0/0	0.0172765/0/0/0/0	0.0135824/0/0/0/0	0/0/0/0/0	0/0/0/0/0	0/0/0/0/0	0/0/0/0/0	0/0/0/0/0	0/0/0/0/0	0/0/0/0/0	0/0/0/0/0	
	Port: 4 (contain 24 entries)
		0.448154/0/0/0/0	0.51122/0/0/0/0	0.343717/0/0/0/0	0.0846192/0/0/0/0	0.0946131/0/0/0/0	0.401462/0/0/0/0	0.469402/0/0/0/0	0.247896/0/0/0/0	0/0/0/0/0	0/0/0/0/0	0/0/0/0/0	0/0/0/0/0	0/0/0/0/0	0/0/0/0/0	0/0/0/0/0	0/0/0/0/0	0/0/0/0/0	0/0/0/0/0	0/0/0/0/0	0/0/0/0/0	0/0/0/0/0	0/0/0/0/0	0/0/0/0/0	0/0/0/0/0	
	Port: 5 (contain 24 entries)
		0.113148/0/0/0/0	0.62436/0/0/0/0	0.40248/0/0/0/0	0.492457/0/0/0/0	0.882097/19/27626/0/0	0.350471/0/0/0/0	0.00677664/0/0/0/0	0.00471328/0/0/0/0	0.00318656/0/0/0/0	0.00997152/0/0/0/0	0.00801216/0/0/0/0	0/0/0/0/0	0/0/0/0/0	0/0/0/0/0	0/0/0/0/0	0/0/0/0/0	0/0/0/0/0	0/0/0/0/0	0/0/0/0/0	0/0/0/0/0	0/0/0/0/0	0/0/0/0/0	0/0/0/0/0	0/0/0/0/0	
	Port: 6 (contain 24 entries)
		0.00347392/0/0/0/0	0.014664/0/0/0/0	0.0326563/0/0/0/0	0.0363846/0/0/0/0	0.123548/0/0/0/0	0.30818/0/0/0/0	0.546518/0/0/0/0	0.0255549/0/0/0/0	0.00324896/0/0/0/0	0.00400192/0/0/0/0	0.003952/0/0/0/0	0.00479232/0/0/0/0	0.00440544/0/0/0/0	0/0/0/0/0	0/0/0/0/0	0/0/0/0/0	0/0/0/0/0	0/0/0/0/0	0/0/0/0/0	0/0/0/0/0	0/0/0/0/0	0/0/0/0/0	0/0/0/0/0	0/0/0/0/0	
	Port: 7 (contain 24 entries)
		0.724496/0/0/0/0	0.552151/0/0/0/0	0.383263/0/0/0/0	0/0/0/0/0	0/0/0/0/0	0/0/0/0/0	0/0/0/0/0	0/0/0/0/0	0/0/0/0/0	0/0/0/0/0	0/0/0/0/0	0/0/0/0/0	0/0/0/0/0	0/0/0/0/0	0/0/0/0/0	0/0/0/0/0	0/0/0/0/0	0/0/0/0/0	0/0/0/0/0	0/0/0/0/0	0/0/0/0/0	0/0/0/0/0	0/0/0/0/0	0/0/0/0/0	
	Port: 8 (contain 24 entries)
		0/0/0/0/0	0/0/0/0/0	0.00395648/0/0/0/0	0.00379808/0/0/0/0	0/0/0/0/0	0/0/0/0/0	0/0/0/0/0	0/0/0/0/0	0/0/0/0/0	0/0/0/0/0	0/0/0/0/0	0/0/0/0/0	0/0/0/0/0	0/0/0/0/0	0/0/0/0/0	0/0/0/0/0	0/0/0/0/0	0/0/0/0/0	0/0/0/0/0	0/0/0/0/0	0/0/0/0/0	0/0/0/0/0	0/0/0/0/0	0/0/0/0/0	
	Port: 9 (contain 24 entries)
		0.0768438/1/54/0/0	0.28381/1/1454/0/0	0.373081/0/0/0/0	0.670472/0/0/0/0	0.563091/0/0/0/0	0.648148/0/0/0/0	0.56692/0/0/0/0	0.421562/0/0/0/0	0.202351/0/0/0/0	0.259734/0/0/0/0	0.319788/0/0/0/0	0.128008/0/0/0/0	0.0683021/0/0/0/0	0.144968/0/0/0/0	0.205952/0/0/0/0	0.0966451/0/0/0/0	0/0/0/0/0	0/0/0/0/0	0/0/0/0/0	0/0/0/0/0	0/0/0/0/0	0/0/0/0/0	0/0/0/0/0	0/0/0/0/0	
	Port: 10 (contain 24 entries)
		0.224418/0/0/0/0	0.236992/0/0/0/0	0.576334/1/1454/0/0	0.679271/1/54/0/0	0.56726/0/0/0/0	0.638192/0/0/0/0	0.590353/1/1454/0/0	0.455733/0/0/0/0	0.254739/0/0/0/0	0.272744/0/0/0/0	0.273789/0/0/0/0	0.179467/0/0/0/0	0.243588/0/0/0/0	0.172498/0/0/0/0	0.248002/0/0/0/0	0.267516/0/0/0/0	0/0/0/0/0	0/0/0/0/0	0/0/0/0/0	0/0/0/0/0	0/0/0/0/0	0/0/0/0/0	0/0/0/0/0	0/0/0/0/0	
	Port: 11 (contain 24 entries)
		0.0845693/0/0/0/0	0.245437/0/0/0/0	0.361738/0/0/0/0	0.64541/0/0/0/0	0.552449/0/0/0/0	0.627582/0/0/0/0	0.570929/0/0/0/0	0.49514/0/0/0/0	0.263566/0/0/0/0	0.300622/0/0/0/0	0.319793/0/0/0/0	0.0528528/0/0/0/0	0.0720658/0/0/0/0	0.239057/0/0/0/0	0.240451/0/0/0/0	0.536621/0/0/0/0	0.546899/0/0/0/0	0/0/0/0/0	0/0/0/0/0	0/0/0/0/0	0/0/0/0/0	0/0/0/0/0	0/0/0/0/0	0/0/0/0/0	
	Port: 12 (contain 24 entries)
		0.22694/0/0/0/0	0.23077/0/0/0/0	0.450902/0/0/0/0	0.603888/0/0/0/0	0.573012/0/0/0/0	0.641916/0/0/0/0	0.554624/0/0/0/0	0.385532/0/0/0/0	0.249628/0/0/0/0	0.336399/0/0/0/0	0.375618/0/0/0/0	0.239403/0/0/0/0	0.0448378/0/0/0/0	0.272551/0/0/0/0	0.317581/0/0/0/0	0.0899078/0/0/0/0	0/0/0/0/0	0/0/0/0/0	0/0/0/0/0	0/0/0/0/0	0/0/0/0/0	0/0/0/0/0	0/0/0/0/0	0/0/0/0/0	

Leaf 2: (contain: 12 ports)
	Port: 1 (contain 24 entries)
		0.061225/0/0/0/0	0.14822/1/1454/0/0	0.148452/0/0/0/0	0.410626/0/0/0/0	0.207551/0/0/0/0	0.186797/0/0/0/0	0.0490059/0/0/0/0	0/0/0/0/0	0/0/0/0/0	0/0/0/0/0	0/0/0/0/0	0/0/0/0/0	0/0/0/0/0	0/0/0/0/0	0/0/0/0/0	0/0/0/0/0	0/0/0/0/0	0/0/0/0/0	0/0/0/0/0	0/0/0/0/0	0/0/0/0/0	0/0/0/0/0	0/0/0/0/0	0/0/0/0/0	
	Port: 2 (contain 24 entries)
		0/0/0/0/0	0.154975/45/65430/0/0	0.634999/0/0/0/0	0.298531/0/0/0/0	0.260895/0/0/0/0	0.0442188/0/0/0/0	0/0/0/0/0	0/0/0/0/0	0/0/0/0/0	0/0/0/0/0	0/0/0/0/0	0/0/0/0/0	0/0/0/0/0	0/0/0/0/0	0/0/0/0/0	0/0/0/0/0	0/0/0/0/0	0/0/0/0/0	0/0/0/0/0	0/0/0/0/0	0/0/0/0/0	0/0/0/0/0	0/0/0/0/0	0/0/0/0/0	
	Port: 3 (contain 24 entries)
		0/0/0/0/0	0.0527453/0/0/0/0	0.292151/0/0/0/0	0.320225/0/0/0/0	0.258491/0/0/0/0	0.656238/3/4362/0/0	0.552805/0/0/0/0	0.829034/0/0/0/0	0.792327/0/0/0/0	0.256052/0/0/0/0	0/0/0/0/0	0/0/0/0/0	0/0/0/0/0	0/0/0/0/0	0/0/0/0/0	0/0/0/0/0	0/0/0/0/0	0/0/0/0/0	0/0/0/0/0	0/0/0/0/0	0/0/0/0/0	0/0/0/0/0	0/0/0/0/0	0/0/0/0/0	
	Port: 4 (contain 24 entries)
		0/0/0/0/0	0/0/0/0/0	0/0/0/0/0	0.249779/0/0/0/0	0.282175/0/0/0/0	0.19407/0/0/0/0	0.0873996/0/0/0/0	0.00550368/0/0/0/0	0.00723424/0/0/0/0	0.0018928/0/0/0/0	0/0/0/0/0	0/0/0/0/0	0/0/0/0/0	0/0/0/0/0	0/0/0/0/0	0/0/0/0/0	0/0/0/0/0	0/0/0/0/0	0/0/0/0/0	0/0/0/0/0	0/0/0/0/0	0/0/0/0/0	0/0/0/0/0	0/0/0/0/0	
	Port: 5 (contain 24 entries)
		0/0/0/0/0	0/0/0/0/0	0/0/0/0/0	0/0/0/0/0	0.00295392/0/0/0/0	0/0/0/0/0	0/0/0/0/0	0/0/0/0/0	0/0/0/0/0	0/0/0/0/0	0/0/0/0/0	0/0/0/0/0	0/0/0/0/0	0/0/0/0/0	0/0/0/0/0	0/0/0/0/0	0/0/0/0/0	0/0/0/0/0	0/0/0/0/0	0/0/0/0/0	0/0/0/0/0	0/0/0/0/0	0/0/0/0/0	0/0/0/0/0	
	Port: 6 (contain 24 entries)
		0.432124/0/0/0/0	0.964328/0/0/0/0	0.60962/0/0/0/0	0.528188/18/26172/0/0	0.726/2/2908/0/0	0.513543/0/0/0/0	0.671869/4/5816/0/0	0.334658/0/0/0/0	0.226744/0/0/0/0	0.587189/34/49436/0/0	0.786712/9/13086/0/0	0.117319/0/0/0/0	0/0/0/0/0	0/0/0/0/0	0/0/0/0/0	0/0/0/0/0	0/0/0/0/0	0/0/0/0/0	0/0/0/0/0	0/0/0/0/0	0/0/0/0/0	0/0/0/0/0	0/0/0/0/0	0/0/0/0/0	
	Port: 7 (contain 24 entries)
		0/0/0/0/0	0/0/0/0/0	0/0/0/0/0	0.0009072/0/0/0/0	0.00488/0/0/0/0	0.0210954/0/0/0/0	0.0195853/0/0/0/0	0.0157373/0/0/0/0	0.0175053/0/0/0/0	0.0301517/0/0/0/0	0.0309171/0/0/0/0	0.0300269/0/0/0/0	0.0268403/0/0/0/0	0.0208125/0/0/0/0	0/0/0/0/0	0/0/0/0/0	0/0/0/0/0	0/0/0/0/0	0/0/0/0/0	0/0/0/0/0	0/0/0/0/0	0/0/0/0/0	0/0/0/0/0	0/0/0/0/0	
	Port: 8 (contain 24 entries)
		0.0168899/0/0/0/0	0.0313286/0/0/0/0	0.131259/0/0/0/0	0.207729/0/0/0/0	0.272785/0/0/0/0	0.16077/0/0/0/0	0.21288/0/0/0/0	0.112875/0/0/0/0	0.183248/0/0/0/0	0.305731/0/0/0/0	0.382699/0/0/0/0	0.75244/0/0/0/0	0/0/0/0/0	0/0/0/0/0	0/0/0/0/0	0/0/0/0/0	0/0/0/0/0	0/0/0/0/0	0/0/0/0/0	0/0/0/0/0	0/0/0/0/0	0/0/0/0/0	0/0/0/0/0	0/0/0/0/0	
	Port: 9 (contain 24 entries)
		0.0154048/0/0/0/0	0.0157414/0/0/0/0	0.018175/0/0/0/0	0.144398/0/0/0/0	0.308584/0/0/0/0	0.362262/0/0/0/0	0.291218/0/0/0/0	0.160683/0/0/0/0	0.0480061/0/0/0/0	0.0294538/0/0/0/0	0.0149501/0/0/0/0	0.0269859/0/0/0/0	0/0/0/0/0	0/0/0/0/0	0/0/0/0/0	0/0/0/0/0	0/0/0/0/0	0/0/0/0/0	0/0/0/0/0	0/0/0/0/0	0/0/0/0/0	0/0/0/0/0	0/0/0/0/0	0/0/0/0/0	
	Port: 10 (contain 24 entries)
		0.00205536/0/0/0/0	0.0278979/0/0/0/0	0.012208/0/0/0/0	0.24008/0/0/0/0	0.347223/1/1454/0/0	0.342463/0/0/0/0	0.29964/0/0/0/0	0.15066/0/0/0/0	0.29493/0/0/0/0	0.787677/0/0/0/0	0.861166/0/0/0/0	0.84669/0/0/0/0	0.737114/0/0/0/0	0.567474/0/0/0/0	0/0/0/0/0	0/0/0/0/0	0/0/0/0/0	0/0/0/0/0	0/0/0/0/0	0/0/0/0/0	0/0/0/0/0	0/0/0/0/0	0/0/0/0/0	0/0/0/0/0	
	Port: 11 (contain 24 entries)
		0.476962/0/0/0/0	0.836438/0/0/0/0	0.022423/0/0/0/0	0.215514/0/0/0/0	0.314988/0/0/0/0	0.287219/0/0/0/0	0.334456/0/0/0/0	0.382296/0/0/0/0	0.214436/0/0/0/0	0.0345408/0/0/0/0	0.0265357/0/0/0/0	0.00396448/0/0/0/0	0/0/0/0/0	0/0/0/0/0	0/0/0/0/0	0/0/0/0/0	0/0/0/0/0	0/0/0/0/0	0/0/0/0/0	0/0/0/0/0	0/0/0/0/0	0/0/0/0/0	0/0/0/0/0	0/0/0/0/0	
	Port: 12 (contain 24 entries)
		0/0/0/0/0	0.0813165/0/0/0/0	0.519705/0/0/0/0	0.283547/0/0/0/0	0.320366/0/0/0/0	0.319913/0/0/0/0	0.297836/0/0/0/0	0.11608/0/0/0/0	0.25231/0/0/0/0	0.509951/0/0/0/0	0.626339/0/0/0/0	0/0/0/0/0	0/0/0/0/0	0/0/0/0/0	0/0/0/0/0	0/0/0/0/0	0/0/0/0/0	0/0/0/0/0	0/0/0/0/0	0/0/0/0/0	0/0/0/0/0	0/0/0/0/0	0/0/0/0/0	0/0/0/0/0	

Leaf 3: (contain: 12 ports)
	Port: 1 (contain 24 entries)
		0/0/0/0/0	0/0/0/0/0	0/0/0/0/0	0.00021664/0/0/0/0	0.00367744/0/0/0/0	0.00977184/0/0/0/0	0.0186243/0/0/0/0	0/0/0/0/0	0/0/0/0/0	0/0/0/0/0	0/0/0/0/0	0/0/0/0/0	0/0/0/0/0	0/0/0/0/0	0/0/0/0/0	0/0/0/0/0	0/0/0/0/0	0/0/0/0/0	0/0/0/0/0	0/0/0/0/0	0/0/0/0/0	0/0/0/0/0	0/0/0/0/0	0/0/0/0/0	
	Port: 2 (contain 24 entries)
		0/0/0/0/0	0.0018016/0/0/0/0	0.00654624/0/0/0/0	0.203597/0/0/0/0	0.142566/0/0/0/0	0.226388/0/0/0/0	0.311773/0/0/0/0	0.141831/0/0/0/0	0.0593578/0/0/0/0	0.411903/0/0/0/0	0.608098/0/0/0/0	0/0/0/0/0	0/0/0/0/0	0/0/0/0/0	0/0/0/0/0	0/0/0/0/0	0/0/0/0/0	0/0/0/0/0	0/0/0/0/0	0/0/0/0/0	0/0/0/0/0	0/0/0/0/0	0/0/0/0/0	0/0/0/0/0	
	Port: 3 (contain 24 entries)
		0/0/0/0/0	0.00107776/0/0/0/0	0.0101462/0/0/0/0	0.491449/0/0/0/0	0.200957/0/0/0/0	0.269143/0/0/0/0	0.278319/0/0/0/0	0.165528/0/0/0/0	0.207926/0/0/0/0	0.0490932/0/0/0/0	0/0/0/0/0	0/0/0/0/0	0/0/0/0/0	0/0/0/0/0	0/0/0/0/0	0/0/0/0/0	0/0/0/0/0	0/0/0/0/0	0/0/0/0/0	0/0/0/0/0	0/0/0/0/0	0/0/0/0/0	0/0/0/0/0	0/0/0/0/0	
	Port: 4 (contain 24 entries)
		0.0120477/0/0/0/0	0/0/0/0/0	0/0/0/0/0	0.14486/0/0/0/0	0.674859/0/0/0/0	0.253171/0/0/0/0	0.254471/0/0/0/0	0.708344/0/0/0/0	0.6673/0/0/0/0	0/0/0/0/0	0/0/0/0/0	0/0/0/0/0	0/0/0/0/0	0/0/0/0/0	0/0/0/0/0	0/0/0/0/0	0/0/0/0/0	0/0/0/0/0	0/0/0/0/0	0/0/0/0/0	0/0/0/0/0	0/0/0/0/0	0/0/0/0/0	0/0/0/0/0	
	Port: 5 (contain 24 entries)
		0.0160371/0/0/0/0	0.0879222/0/0/0/0	0.223886/0/0/0/0	0.255848/0/0/0/0	0.230836/0/0/0/0	0.38286/0/0/0/0	0.350079/0/0/0/0	0.207824/0/0/0/0	0.36086/0/0/0/0	0.331643/0/0/0/0	0.247637/0/0/0/0	0.284326/0/0/0/0	0.211411/0/0/0/0	0.382166/14/20356/0/0	1.0121/128/186112/0/0	0.99069/58/84332/0/0	0.549106/0/0/0/0	0/0/0/0/0	0/0/0/0/0	0/0/0/0/0	0/0/0/0/0	0/0/0/0/0	0/0/0/0/0	0/0/0/0/0	
	Port: 6 (contain 24 entries)
		0/0/0/0/0	0.00179744/0/0/0/0	0.00802496/0/0/0/0	0.0191901/0/0/0/0	0.107916/0/0/0/0	0.416147/0/0/0/0	0.295169/0/0/0/0	0.205139/0/0/0/0	0.234876/0/0/0/0	0.410858/0/0/0/0	0.539796/0/0/0/0	0.464175/0/0/0/0	0.341008/0/0/0/0	0/0/0/0/0	0/0/0/0/0	0/0/0/0/0	0/0/0/0/0	0/0/0/0/0	0/0/0/0/0	0/0/0/0/0	0/0/0/0/0	0/0/0/0/0	0/0/0/0/0	0/0/0/0/0	
	Port: 7 (contain 24 entries)
		0.474987/0/0/0/0	0.917819/0/0/0/0	0.670314/2/1508/0/0	0.656224/0/0/0/0	0.234067/0/0/0/0	0.503746/1/1454/0/0	0.450209/0/0/0/0	0.285057/0/0/0/0	0.21025/0/0/0/0	0.261244/0/0/0/0	0.26682/0/0/0/0	0.21931/0/0/0/0	0.222261/0/0/0/0	0.448417/0/0/0/0	0/0/0/0/0	0/0/0/0/0	0/0/0/0/0	0/0/0/0/0	0/0/0/0/0	0/0/0/0/0	0/0/0/0/0	0/0/0/0/0	0/0/0/0/0	0/0/0/0/0	
	Port: 8 (contain 24 entries)
		0.0153341/0/0/0/0	0.0145766/0/0/0/0	0.00598624/0/0/0/0	0.0361645/0/0/0/0	0.143683/0/0/0/0	0.242449/0/0/0/0	0.29292/0/0/0/0	0.255683/0/0/0/0	0.264845/0/0/0/0	0.449423/0/0/0/0	0.331753/0/0/0/0	0.373106/0/0/0/0	0.409348/0/0/0/0	0.577347/0/0/0/0	0/0/0/0/0	0/0/0/0/0	0/0/0/0/0	0/0/0/0/0	0/0/0/0/0	0/0/0/0/0	0/0/0/0/0	0/0/0/0/0	0/0/0/0/0	0/0/0/0/0	
	Port: 9 (contain 24 entries)
		0.0170768/0/0/0/0	0.274503/0/0/0/0	0.570212/0/0/0/0	0.609526/0/0/0/0	0.376362/0/0/0/0	0.560535/0/0/0/0	0.586752/0/0/0/0	0.444572/0/0/0/0	0.0159286/0/0/0/0	0.0893229/0/0/0/0	0.152048/0/0/0/0	0.0118061/0/0/0/0	0.0104582/0/0/0/0	0.0292947/0/0/0/0	0.0357718/0/0/0/0	0.0357718/0/0/0/0	0.019993/0/0/0/0	0/0/0/0/0	0/0/0/0/0	0/0/0/0/0	0/0/0/0/0	0/0/0/0/0	0/0/0/0/0	0/0/0/0/0	
	Port: 10 (contain 24 entries)
		0.13544/0/0/0/0	0.250468/0/0/0/0	0.442953/0/0/0/0	0.597365/0/0/0/0	0.429052/0/0/0/0	0.561984/0/0/0/0	0.552708/0/0/0/0	0.134295/0/0/0/0	0.0240573/0/0/0/0	0.0675642/0/0/0/0	0.0849261/0/0/0/0	0.00478816/0/0/0/0	0.00440544/0/0/0/0	0/0/0/0/0	0/0/0/0/0	0/0/0/0/0	0/0/0/0/0	0/0/0/0/0	0/0/0/0/0	0/0/0/0/0	0/0/0/0/0	0/0/0/0/0	0/0/0/0/0	0/0/0/0/0	
	Port: 11 (contain 24 entries)
		0.374151/0/0/0/0	0.266348/0/0/0/0	0.415796/1/1454/0/0	0.565792/0/0/0/0	0.374704/0/0/0/0	0.579616/0/0/0/0	0.587205/1/54/0/0	0.142398/0/0/0/0	0.0269984/0/0/0/0	0.085696/0/0/0/0	0.104876/0/0/0/0	0.751307/0/0/0/0	0/0/0/0/0	0/0/0/0/0	0/0/0/0/0	0/0/0/0/0	0/0/0/0/0	0/0/0/0/0	0/0/0/0/0	0/0/0/0/0	0/0/0/0/0	0/0/0/0/0	0/0/0/0/0	0/0/0/0/0	
	Port: 12 (contain 24 entries)
		0.7108/0/0/0/0	0.534911/1/1454/0/0	0.497203/0/0/0/0	0.628236/0/0/0/0	0.373239/0/0/0/0	0.558244/0/0/0/0	0.561542/0/0/0/0	0.243591/0/0/0/0	0.18715/0/0/0/0	0.110209/0/0/0/0	0.0893059/0/0/0/0	0.0300019/0/0/0/0	0.0268694/0/0/0/0	0.0207418/0/0/0/0	0/0/0/0/0	0/0/0/0/0	0/0/0/0/0	0/0/0/0/0	0/0/0/0/0	0/0/0/0/0	0/0/0/0/0	0/0/0/0/0	0/0/0/0/0	0/0/0/0/0	

