Spine 0: (contain: 4 ports)
	Port: 1 (contain 24 entries)
		8.424e-05/0/0/0/0	0.00474248/0/0/0/0	0.00078304/0/0/0/0	0.00459824/0/0/0/0	3.408e-05/0/0/0/0	8.536e-05/0/0/0/0	0.0155871/0/0/0/0	0.0216848/0/0/0/0	0.0353795/0/0/0/0	0.040807/0/0/0/0	0.0357718/0/0/0/0	0.0357677/0/0/0/0	0.0256339/0/0/0/0	0/0/0/0/0	0/0/0/0/0	0/0/0/0/0	0/0/0/0/0	0/0/0/0/0	0/0/0/0/0	0/0/0/0/0	0/0/0/0/0	0/0/0/0/0	0/0/0/0/0	0/0/0/0/0	
	Port: 2 (contain 24 entries)
		0.00246672/0/0/0/0	0.00012056/0/0/0/0	0.00012008/0/0/0/0	0.374726/0/0/0/0	0.184536/0/0/0/0	0.182389/0/0/0/0	0.12356/0/0/0/0	0.161407/0/0/0/0	0.24785/0/0/0/0	0.727156/0/0/0/0	0.434234/0/0/0/0	0/0/0/0/0	0/0/0/0/0	0/0/0/0/0	0/0/0/0/0	0/0/0/0/0	0/0/0/0/0	0/0/0/0/0	0/0/0/0/0	0/0/0/0/0	0/0/0/0/0	0/0/0/0/0	0/0/0/0/0	0/0/0/0/0	
	Port: 3 (contain 24 entries)
		6.728e-05/0/0/0/0	0.00155232/0/0/0/0	0.0307842/0/0/0/0	0.0041684/0/0/0/0	0.00080752/0/0/0/0	0.113317/0/0/0/0	0.0041008/0/0/0/0	0.00832504/0/0/0/0	0.00012472/0/0/0/0	0.00736312/0/0/0/0	0/0/0/0/0	0/0/0/0/0	0/0/0/0/0	0/0/0/0/0	0/0/0/0/0	0/0/0/0/0	0/0/0/0/0	0/0/0/0/0	0/0/0/0/0	0/0/0/0/0	0/0/0/0/0	0/0/0/0/0	0/0/0/0/0	0/0/0/0/0	
	Port: 4 (contain 24 entries)
		0.00013992/0/0/0/0	0.00015072/0/0/0/0	0.00135232/0/0/0/0	0.324283/0/0/0/0	0.464926/0/0/0/0	1.04315/362/526348/0/0	0.997973/355/514774/0/0	1.03014/599/869546/0/0	0.790585/37/36998/0/0	0.993258/0/0/0/0	0.68332/0/0/0/0	0.571139/0/0/0/0	0.108473/0/0/0/0	0.0357677/0/0/0/0	0.0357718/0/0/0/0	0.00063648/0/0/0/0	0/0/0/0/0	0/0/0/0/0	0/0/0/0/0	0/0/0/0/0	0/0/0/0/0	0/0/0/0/0	0/0/0/0/0	0/0/0/0/0	

Spine 1: (contain: 4 ports)
	Port: 1 (contain 24 entries)
		0.0001216/0/0/0/0	0.148934/0/0/0/0	0.163659/0/0/0/0	0.00028824/0/0/0/0	0.00069808/0/0/0/0	0.00040768/0/0/0/0	0.0215854/0/0/0/0	0.0353982/0/0/0/0	0.129439/0/0/0/0	0.0064524/0/0/0/0	0/0/0/0/0	0/0/0/0/0	0/0/0/0/0	0/0/0/0/0	0/0/0/0/0	0/0/0/0/0	0/0/0/0/0	0/0/0/0/0	0/0/0/0/0	0/0/0/0/0	0/0/0/0/0	0/0/0/0/0	0/0/0/0/0	0/0/0/0/0	
	Port: 2 (contain 24 entries)
		0.00457216/0/0/0/0	0.00606752/0/0/0/0	0.0069448/0/0/0/0	0.00342304/0/0/0/0	0.00015768/0/0/0/0	2.112e-05/0/0/0/0	0.16084/0/0/0/0	0.0391188/0/0/0/0	0.400399/7/10178/0/0	0.853232/0/0/0/0	0.974931/0/0/0/0	0.979113/0/0/0/0	0.995143/0/0/0/0	0.99886/0/0/0/0	0.998744/0/0/0/0	0.0133874/0/0/0/0	0/0/0/0/0	0/0/0/0/0	0/0/0/0/0	0/0/0/0/0	0/0/0/0/0	0/0/0/0/0	0/0/0/0/0	0/0/0/0/0	
	Port: 3 (contain 24 entries)
		0.000262/0/0/0/0	0.00074104/0/0/0/0	0.00113136/0/0/0/0	0.0103537/0/0/0/0	0.0430774/0/0/0/0	0.0516309/0/0/0/0	0.0359694/0/0/0/0	0.0781413/0/0/0/0	0.0215078/0/0/0/0	0.0359603/0/0/0/0	0.0230506/0/0/0/0	0.0191194/0/0/0/0	0.00350688/0/0/0/0	0/0/0/0/0	0/0/0/0/0	0/0/0/0/0	0/0/0/0/0	0/0/0/0/0	0/0/0/0/0	0/0/0/0/0	0/0/0/0/0	0/0/0/0/0	0/0/0/0/0	0/0/0/0/0	
	Port: 4 (contain 24 entries)
		8.608e-05/0/0/0/0	0.00042312/0/0/0/0	0.00202784/0/0/0/0	0.416972/0/0/0/0	0.431592/0/0/0/0	0.0108022/0/0/0/0	0.429129/0/0/0/0	0.519503/0/0/0/0	0.946088/0/0/0/0	0.900963/1/1454/0/0	0.99886/2/2908/0/0	0.998744/1/1454/0/0	0.71124/0/0/0/0	0/0/0/0/0	0/0/0/0/0	0/0/0/0/0	0/0/0/0/0	0/0/0/0/0	0/0/0/0/0	0/0/0/0/0	0/0/0/0/0	0/0/0/0/0	0/0/0/0/0	0/0/0/0/0	

Spine 2: (contain: 4 ports)
	Port: 1 (contain 24 entries)
		0/0/0/0/0	0.100525/0/0/0/0	0.00227376/0/0/0/0	0.0134611/0/0/0/0	0.347614/0/0/0/0	0.360483/0/0/0/0	0.00014544/0/0/0/0	0.0002052/0/0/0/0	0.00970568/0/0/0/0	0.0264268/0/0/0/0	0.0157498/0/0/0/0	0/0/0/0/0	4.16e-05/0/0/0/0	0/0/0/0/0	0/0/0/0/0	0/0/0/0/0	4.16e-05/0/0/0/0	0/0/0/0/0	0/0/0/0/0	0/0/0/0/0	0/0/0/0/0	0/0/0/0/0	0/0/0/0/0	0/0/0/0/0	
	Port: 2 (contain 24 entries)
		0.00013416/0/0/0/0	0.00076424/0/0/0/0	0.119751/0/0/0/0	0.0145942/0/0/0/0	0.254449/0/0/0/0	0.00849568/0/0/0/0	0.00854312/0/0/0/0	0.00972736/0/0/0/0	0.00027456/0/0/0/0	0.0082528/0/0/0/0	0/0/0/0/0	0/0/0/0/0	0/0/0/0/0	0/0/0/0/0	0/0/0/0/0	0/0/0/0/0	0/0/0/0/0	0/0/0/0/0	0/0/0/0/0	0/0/0/0/0	0/0/0/0/0	0/0/0/0/0	0/0/0/0/0	0/0/0/0/0	
	Port: 3 (contain 24 entries)
		0.144789/0/0/0/0	0.078061/0/0/0/0	0.0356536/0/0/0/0	0.00427024/0/0/0/0	0.00390336/0/0/0/0	0.00215152/0/0/0/0	0.0520146/0/0/0/0	0.0699075/0/0/0/0	0.554873/0/0/0/0	0.630763/0/0/0/0	0/0/0/0/0	0/0/0/0/0	0/0/0/0/0	0/0/0/0/0	0/0/0/0/0	0/0/0/0/0	0/0/0/0/0	0/0/0/0/0	0/0/0/0/0	0/0/0/0/0	0/0/0/0/0	0/0/0/0/0	0/0/0/0/0	0/0/0/0/0	
	Port: 4 (contain 24 entries)
		0.00339072/0/0/0/0	0.00040984/0/0/0/0	0.00790216/0/0/0/0	0.0058276/0/0/0/0	0.00574456/0/0/0/0	0.236884/0/0/0/0	0.277412/0/0/0/0	0.353159/0/0/0/0	0.00279248/0/0/0/0	2.976e-05/0/0/0/0	0/0/0/0/0	0/0/0/0/0	0/0/0/0/0	0/0/0/0/0	0/0/0/0/0	0/0/0/0/0	0/0/0/0/0	0/0/0/0/0	0/0/0/0/0	0/0/0/0/0	0/0/0/0/0	0/0/0/0/0	0/0/0/0/0	0/0/0/0/0	

Spine 3: (contain: 4 ports)
	Port: 1 (contain 24 entries)
		0.0003744/0/0/0/0	0.00050192/0/0/0/0	0.00161552/0/0/0/0	0.00016256/0/0/0/0	0.450768/0/0/0/0	0.236627/0/0/0/0	0.109232/0/0/0/0	2.56e-05/0/0/0/0	0.00069584/0/0/0/0	0.00366456/0/0/0/0	0/0/0/0/0	0/0/0/0/0	0/0/0/0/0	0/0/0/0/0	0/0/0/0/0	0/0/0/0/0	0/0/0/0/0	0/0/0/0/0	0/0/0/0/0	0/0/0/0/0	0/0/0/0/0	0/0/0/0/0	0/0/0/0/0	0/0/0/0/0	
	Port: 2 (contain 24 entries)
		0.101917/0/0/0/0	0.00315952/0/0/0/0	0.00248504/0/0/0/0	0.110154/0/0/0/0	0.00249064/0/0/0/0	3.84e-05/0/0/0/0	5.12e-05/0/0/0/0	8.344e-05/0/0/0/0	0.00014944/0/0/0/0	0.0158881/0/0/0/0	0/0/0/0/0	0/0/0/0/0	0/0/0/0/0	0/0/0/0/0	0/0/0/0/0	0/0/0/0/0	0/0/0/0/0	0/0/0/0/0	0/0/0/0/0	0/0/0/0/0	0/0/0/0/0	0/0/0/0/0	0/0/0/0/0	0/0/0/0/0	
	Port: 3 (contain 24 entries)
		0.0002768/0/0/0/0	0.00013824/0/0/0/0	2.496e-05/0/0/0/0	0.00031664/0/0/0/0	0.00849568/0/0/0/0	0.00020784/0/0/0/0	0.0344533/0/0/0/0	0.0437393/0/0/0/0	1.28e-05/0/0/0/0	0.00440656/0/0/0/0	0/0/0/0/0	0/0/0/0/0	0/0/0/0/0	0/0/0/0/0	0/0/0/0/0	0/0/0/0/0	0/0/0/0/0	0/0/0/0/0	0/0/0/0/0	0/0/0/0/0	0/0/0/0/0	0/0/0/0/0	0/0/0/0/0	0/0/0/0/0	
	Port: 4 (contain 24 entries)
		0.00075824/0/0/0/0	0.0365541/0/0/0/0	2.112e-05/0/0/0/0	0.00599632/0/0/0/0	0.00074944/0/0/0/0	0.0038124/0/0/0/0	0.625814/0/0/0/0	0.993238/40/30160/0/0	0.910896/0/0/0/0	0.0315232/0/0/0/0	0/0/0/0/0	0/0/0/0/0	0/0/0/0/0	0/0/0/0/0	0/0/0/0/0	0/0/0/0/0	0/0/0/0/0	0/0/0/0/0	0/0/0/0/0	0/0/0/0/0	0/0/0/0/0	0/0/0/0/0	0/0/0/0/0	0/0/0/0/0	

Leaf 0: (contain: 12 ports)
	Port: 1 (contain 24 entries)
		0/0/0/0/0	0.00281752/0/0/0/0	0.0002696/0/0/0/0	0/0/0/0/0	0.00064304/0/0/0/0	0.00262136/0/0/0/0	0.109113/0/0/0/0	1.28e-05/0/0/0/0	0.00929048/0/0/0/0	0.0315118/0/0/0/0	0.0157872/0/0/0/0	0/0/0/0/0	4.16e-05/0/0/0/0	0/0/0/0/0	0/0/0/0/0	0/0/0/0/0	4.16e-05/0/0/0/0	0/0/0/0/0	0/0/0/0/0	0/0/0/0/0	0/0/0/0/0	0/0/0/0/0	0/0/0/0/0	0/0/0/0/0	
	Port: 2 (contain 24 entries)
		0/0/0/0/0	0/0/0/0/0	0.00090512/0/0/0/0	0.00038256/0/0/0/0	7.216e-05/0/0/0/0	1.28e-05/0/0/0/0	0.00077192/0/0/0/0	9.792e-05/0/0/0/0	0.00016808/0/0/0/0	0.00047704/0/0/0/0	0/0/0/0/0	0/0/0/0/0	0/0/0/0/0	0/0/0/0/0	0/0/0/0/0	0/0/0/0/0	0/0/0/0/0	0/0/0/0/0	0/0/0/0/0	0/0/0/0/0	0/0/0/0/0	0/0/0/0/0	0/0/0/0/0	0/0/0/0/0	
	Port: 3 (contain 24 entries)
		9.184e-05/0/0/0/0	1.28e-05/0/0/0/0	0/0/0/0/0	8.728e-05/0/0/0/0	0.788064/84/122136/0/0	0.595314/0/0/0/0	0.0152123/0/0/0/0	0.0156458/0/0/0/0	0.0342366/0/0/0/0	0.0316791/0/0/0/0	0.0357677/0/0/0/0	0.0357718/0/0/0/0	0.0256672/0/0/0/0	0/0/0/0/0	0/0/0/0/0	0/0/0/0/0	0/0/0/0/0	0/0/0/0/0	0/0/0/0/0	0/0/0/0/0	0/0/0/0/0	0/0/0/0/0	0/0/0/0/0	0/0/0/0/0	
	Port: 4 (contain 24 entries)
		2.976e-05/0/0/0/0	8.736e-05/0/0/0/0	0.00179824/0/0/0/0	0.00012544/0/0/0/0	1.28e-05/0/0/0/0	0.00017016/0/0/0/0	0/0/0/0/0	0.00014632/0/0/0/0	0/0/0/0/0	0.00996272/0/0/0/0	0/0/0/0/0	0/0/0/0/0	0/0/0/0/0	0/0/0/0/0	0/0/0/0/0	0/0/0/0/0	0/0/0/0/0	0/0/0/0/0	0/0/0/0/0	0/0/0/0/0	0/0/0/0/0	0/0/0/0/0	0/0/0/0/0	0/0/0/0/0	
	Port: 5 (contain 24 entries)
		8.424e-05/0/0/0/0	0.00037104/0/0/0/0	0.101045/0/0/0/0	0.00028536/0/0/0/0	0.00384856/0/0/0/0	4.872e-05/0/0/0/0	0.0210377/0/0/0/0	0.0352563/0/0/0/0	0.032996/0/0/0/0	4.64e-05/0/0/0/0	0/0/0/0/0	0/0/0/0/0	0/0/0/0/0	0/0/0/0/0	0/0/0/0/0	0/0/0/0/0	0/0/0/0/0	0/0/0/0/0	0/0/0/0/0	0/0/0/0/0	0/0/0/0/0	0/0/0/0/0	0/0/0/0/0	0/0/0/0/0	
	Port: 6 (contain 24 entries)
		8.672e-05/0/0/0/0	0.100375/0/0/0/0	1.28e-05/0/0/0/0	0/0/0/0/0	0.0002612/0/0/0/0	4.528e-05/0/0/0/0	5.192e-05/0/0/0/0	0.0002052/0/0/0/0	0.096613/0/0/0/0	0.0012588/0/0/0/0	0/0/0/0/0	0/0/0/0/0	0/0/0/0/0	0/0/0/0/0	0/0/0/0/0	0/0/0/0/0	0/0/0/0/0	0/0/0/0/0	0/0/0/0/0	0/0/0/0/0	0/0/0/0/0	0/0/0/0/0	0/0/0/0/0	0/0/0/0/0	
	Port: 7 (contain 24 entries)
		1.28e-05/0/0/0/0	0.00488168/0/0/0/0	0.00026432/0/0/0/0	0.0134038/0/0/0/0	0.00505024/0/0/0/0	0.0002416/0/0/0/0	0.0002624/0/0/0/0	0.00464672/0/0/0/0	5.624e-05/0/0/0/0	0.00093544/0/0/0/0	0/0/0/0/0	0/0/0/0/0	0/0/0/0/0	0/0/0/0/0	0/0/0/0/0	0/0/0/0/0	0/0/0/0/0	0/0/0/0/0	0/0/0/0/0	0/0/0/0/0	0/0/0/0/0	0/0/0/0/0	0/0/0/0/0	0/0/0/0/0	
	Port: 8 (contain 24 entries)
		0.00027488/0/0/0/0	0.146149/0/0/0/0	0.0640454/0/0/0/0	0.00422568/0/0/0/0	0/0/0/0/0	0.00030664/0/0/0/0	8.456e-05/0/0/0/0	0.00125696/0/0/0/0	0.00186816/0/0/0/0	0.00146688/0/0/0/0	0/0/0/0/0	0/0/0/0/0	0/0/0/0/0	0/0/0/0/0	0/0/0/0/0	0/0/0/0/0	0/0/0/0/0	0/0/0/0/0	0/0/0/0/0	0/0/0/0/0	0/0/0/0/0	0/0/0/0/0	0/0/0/0/0	0/0/0/0/0	
	Port: 9 (contain 24 entries)
		0.0024724/0/0/0/0	0.00034728/0/0/0/0	8.448e-05/0/0/0/0	0.374874/0/0/0/0	0.179024/0/0/0/0	0.0748022/0/0/0/0	0.00456704/0/0/0/0	2.976e-05/0/0/0/0	0.240154/0/0/0/0	0.727924/0/0/0/0	0.433073/0/0/0/0	0/0/0/0/0	0/0/0/0/0	0/0/0/0/0	0/0/0/0/0	0/0/0/0/0	0/0/0/0/0	0/0/0/0/0	0/0/0/0/0	0/0/0/0/0	0/0/0/0/0	0/0/0/0/0	0/0/0/0/0	0/0/0/0/0	
	Port: 10 (contain 24 entries)
		9.832e-05/0/0/0/0	0.00594304/0/0/0/0	0.00017112/0/0/0/0	0.00289616/0/0/0/0	0.0281295/0/0/0/0	0.0181232/0/0/0/0	0.437121/0/0/0/0	0.613375/527/766258/0/0	1.01488/291/420322/0/0	0.959112/0/0/0/0	0.99886/1/1454/0/0	0.998744/0/0/0/0	0.710079/0/0/0/0	0/0/0/0/0	0/0/0/0/0	0/0/0/0/0	0/0/0/0/0	0/0/0/0/0	0/0/0/0/0	0/0/0/0/0	0/0/0/0/0	0/0/0/0/0	0/0/0/0/0	0/0/0/0/0	
	Port: 11 (contain 24 entries)
		0.00012136/0/0/0/0	0.00512104/0/0/0/0	0.0437788/0/0/0/0	0.004256/0/0/0/0	0/0/0/0/0	1.28e-05/0/0/0/0	0.00939976/0/0/0/0	0.127693/0/0/0/0	0.00062856/0/0/0/0	0.00025456/0/0/0/0	0/0/0/0/0	0/0/0/0/0	0/0/0/0/0	0/0/0/0/0	0/0/0/0/0	0/0/0/0/0	0/0/0/0/0	0/0/0/0/0	0/0/0/0/0	0/0/0/0/0	0/0/0/0/0	0/0/0/0/0	0/0/0/0/0	0/0/0/0/0	
	Port: 12 (contain 24 entries)
		0.0075808/0/0/0/0	0.00087176/0/0/0/0	0.00228416/0/0/0/0	0.115946/0/0/0/0	0.00151728/0/0/0/0	0.00313384/0/0/0/0	0.625563/0/0/0/0	0.992023/0/0/0/0	0.89158/0/0/0/0	0.0209782/0/0/0/0	0/0/0/0/0	0/0/0/0/0	0/0/0/0/0	0/0/0/0/0	0/0/0/0/0	0/0/0/0/0	0/0/0/0/0	0/0/0/0/0	0/0/0/0/0	0/0/0/0/0	0/0/0/0/0	0/0/0/0/0	0/0/0/0/0	0/0/0/0/0	

Leaf 1: (contain: 12 ports)
	Port: 1 (contain 24 entries)
		0.00739216/0/0/0/0	0/0/0/0/0	0.00012768/0/0/0/0	0/0/0/0/0	1.28e-05/0/0/0/0	0.00134496/0/0/0/0	0.00013464/0/0/0/0	1.696e-05/0/0/0/0	1.728e-05/0/0/0/0	0.0121305/0/0/0/0	0/0/0/0/0	0/0/0/0/0	0/0/0/0/0	0/0/0/0/0	0/0/0/0/0	0/0/0/0/0	0/0/0/0/0	0/0/0/0/0	0/0/0/0/0	0/0/0/0/0	0/0/0/0/0	0/0/0/0/0	0/0/0/0/0	0/0/0/0/0	
	Port: 2 (contain 24 entries)
		6.856e-05/0/0/0/0	0.00077456/0/0/0/0	0.00043496/0/0/0/0	1.28e-05/0/0/0/0	0.001794/0/0/0/0	1.28e-05/0/0/0/0	0.137231/0/0/0/0	1.696e-05/0/0/0/0	0/0/0/0/0	0.00018736/0/0/0/0	0/0/0/0/0	0/0/0/0/0	0/0/0/0/0	0/0/0/0/0	0/0/0/0/0	0/0/0/0/0	0/0/0/0/0	0/0/0/0/0	0/0/0/0/0	0/0/0/0/0	0/0/0/0/0	0/0/0/0/0	0/0/0/0/0	0/0/0/0/0	
	Port: 3 (contain 24 entries)
		0.0001212/0/0/0/0	7.784e-05/0/0/0/0	4.608e-05/0/0/0/0	0.109991/0/0/0/0	0.0010876/0/0/0/0	2.56e-05/0/0/0/0	0.00791528/0/0/0/0	0.00185184/0/0/0/0	0.346062/0/0/0/0	0.762523/0/0/0/0	0.974931/0/0/0/0	0.979113/0/0/0/0	0.995143/0/0/0/0	0.998744/0/0/0/0	0.998744/0/0/0/0	0.014549/0/0/0/0	0/0/0/0/0	0/0/0/0/0	0/0/0/0/0	0/0/0/0/0	0/0/0/0/0	0/0/0/0/0	0/0/0/0/0	0/0/0/0/0	
	Port: 4 (contain 24 entries)
		0.0990617/0/0/0/0	0/0/0/0/0	1.696e-05/0/0/0/0	0/0/0/0/0	0.107443/0/0/0/0	0/0/0/0/0	0/0/0/0/0	1.696e-05/0/0/0/0	0.0001872/0/0/0/0	0.00815/0/0/0/0	0/0/0/0/0	0/0/0/0/0	0/0/0/0/0	0/0/0/0/0	0/0/0/0/0	0/0/0/0/0	0/0/0/0/0	0/0/0/0/0	0/0/0/0/0	0/0/0/0/0	0/0/0/0/0	0/0/0/0/0	0/0/0/0/0	0/0/0/0/0	
	Port: 5 (contain 24 entries)
		0.00233272/0/0/0/0	0.0007056/0/0/0/0	0.118874/0/0/0/0	0.00080424/0/0/0/0	3.664e-05/0/0/0/0	0.178079/0/0/0/0	0.12377/0/0/0/0	0.162772/0/0/0/0	0.00788136/0/0/0/0	0.0651063/0/0/0/0	0/0/0/0/0	0/0/0/0/0	0/0/0/0/0	0/0/0/0/0	0/0/0/0/0	0/0/0/0/0	0/0/0/0/0	0/0/0/0/0	0/0/0/0/0	0/0/0/0/0	0/0/0/0/0	0/0/0/0/0	0/0/0/0/0	0/0/0/0/0	
	Port: 6 (contain 24 entries)
		0/0/0/0/0	0.00317856/0/0/0/0	0.00018856/0/0/0/0	0.38918/0/0/0/0	0.193508/0/0/0/0	0.00847456/0/0/0/0	0.0091232/0/0/0/0	0.0459843/0/0/0/0	0.0528083/0/0/0/0	0.0270314/0/0/0/0	0/0/0/0/0	0/0/0/0/0	0/0/0/0/0	0/0/0/0/0	0/0/0/0/0	0/0/0/0/0	0/0/0/0/0	0/0/0/0/0	0/0/0/0/0	0/0/0/0/0	0/0/0/0/0	0/0/0/0/0	0/0/0/0/0	0/0/0/0/0	
	Port: 7 (contain 24 entries)
		0.00010136/0/0/0/0	0/0/0/0/0	0.00012008/0/0/0/0	0.00286104/0/0/0/0	0.136432/0/0/0/0	0.00308968/0/0/0/0	0.0141455/0/0/0/0	0.00012864/0/0/0/0	0.00048112/0/0/0/0	0.00372336/0/0/0/0	0/0/0/0/0	0/0/0/0/0	0/0/0/0/0	0/0/0/0/0	0/0/0/0/0	0/0/0/0/0	0/0/0/0/0	0/0/0/0/0	0/0/0/0/0	0/0/0/0/0	0/0/0/0/0	0/0/0/0/0	0/0/0/0/0	0/0/0/0/0	
	Port: 8 (contain 24 entries)
		1.28e-05/0/0/0/0	0.00537528/0/0/0/0	0.00949344/0/0/0/0	4.784e-05/0/0/0/0	0.00015768/0/0/0/0	3.392e-05/0/0/0/0	0.00063792/0/0/0/0	1.28e-05/0/0/0/0	0.239995/0/0/0/0	0.725445/0/0/0/0	0.43528/0/0/0/0	0/0/0/0/0	0/0/0/0/0	0/0/0/0/0	0/0/0/0/0	0/0/0/0/0	0/0/0/0/0	0/0/0/0/0	0/0/0/0/0	0/0/0/0/0	0/0/0/0/0	0/0/0/0/0	0/0/0/0/0	0/0/0/0/0	
	Port: 9 (contain 24 entries)
		1.28e-05/0/0/0/0	5.504e-05/0/0/0/0	0.00049936/0/0/0/0	0.00847576/0/0/0/0	0.00077688/0/0/0/0	0.00059976/0/0/0/0	0.00022968/0/0/0/0	0.0596282/4/3016/0/0	0.210047/0/0/0/0	0.0264458/0/0/0/0	0.0349149/0/0/0/0	0.0350646/0/0/0/0	0.0356346/0/0/0/0	0.0357718/0/0/0/0	0.0357677/0/0/0/0	0.0006032/0/0/0/0	0/0/0/0/0	0/0/0/0/0	0/0/0/0/0	0/0/0/0/0	0/0/0/0/0	0/0/0/0/0	0/0/0/0/0	0/0/0/0/0	
	Port: 10 (contain 24 entries)
		0.00030912/0/0/0/0	0.146391/0/0/0/0	0.0671674/0/0/0/0	0.416338/0/0/0/0	0.430283/0/0/0/0	0.00701976/0/0/0/0	0.00517896/0/0/0/0	0.048349/0/0/0/0	0.000224/0/0/0/0	3.656e-05/0/0/0/0	0/0/0/0/0	0/0/0/0/0	0/0/0/0/0	0/0/0/0/0	0/0/0/0/0	0/0/0/0/0	0/0/0/0/0	0/0/0/0/0	0/0/0/0/0	0/0/0/0/0	0/0/0/0/0	0/0/0/0/0	0/0/0/0/0	0/0/0/0/0	
	Port: 11 (contain 24 entries)
		0.130747/0/0/0/0	0.00024336/0/0/0/0	0.00462744/0/0/0/0	0.0134611/0/0/0/0	0.0136832/0/0/0/0	0.23915/0/0/0/0	0.271418/0/0/0/0	0.215166/0/0/0/0	0.010797/0/0/0/0	0.0253689/0/0/0/0	0.0156749/0/0/0/0	0/0/0/0/0	0/0/0/0/0	0/0/0/0/0	0/0/0/0/0	0/0/0/0/0	0/0/0/0/0	0/0/0/0/0	0/0/0/0/0	0/0/0/0/0	0/0/0/0/0	0/0/0/0/0	0/0/0/0/0	0/0/0/0/0	
	Port: 12 (contain 24 entries)
		0.00046984/0/0/0/0	0.00037384/0/0/0/0	0/0/0/0/0	1.28e-05/0/0/0/0	0.00048/0/0/0/0	0.00095768/0/0/0/0	0.035892/0/0/0/0	0.0424202/0/0/0/0	0.00015448/0/0/0/0	0.00405144/0/0/0/0	0/0/0/0/0	0/0/0/0/0	0/0/0/0/0	0/0/0/0/0	0/0/0/0/0	0/0/0/0/0	0/0/0/0/0	0/0/0/0/0	0/0/0/0/0	0/0/0/0/0	0/0/0/0/0	0/0/0/0/0	0/0/0/0/0	0/0/0/0/0	

Leaf 2: (contain: 12 ports)
	Port: 1 (contain 24 entries)
		0.0163255/0/0/0/0	0.0756366/0/0/0/0	0.0001088/0/0/0/0	0.00426624/0/0/0/0	0/0/0/0/0	0.00010728/0/0/0/0	0.00392768/0/0/0/0	0.0688208/0/0/0/0	0.553748/0/0/0/0	0.632194/0/0/0/0	0/0/0/0/0	0/0/0/0/0	0/0/0/0/0	0/0/0/0/0	0/0/0/0/0	0/0/0/0/0	0/0/0/0/0	0/0/0/0/0	0/0/0/0/0	0/0/0/0/0	0/0/0/0/0	0/0/0/0/0	0/0/0/0/0	0/0/0/0/0	
	Port: 2 (contain 24 entries)
		0.127369/0/0/0/0	8.304e-05/0/0/0/0	0.0305647/0/0/0/0	5.672e-05/0/0/0/0	0.0158368/0/0/0/0	0.00668464/0/0/0/0	5.96e-05/0/0/0/0	0/0/0/0/0	1.28e-05/0/0/0/0	4.224e-05/0/0/0/0	0/0/0/0/0	0/0/0/0/0	0/0/0/0/0	0/0/0/0/0	0/0/0/0/0	0/0/0/0/0	0/0/0/0/0	0/0/0/0/0	0/0/0/0/0	0/0/0/0/0	0/0/0/0/0	0/0/0/0/0	0/0/0/0/0	0/0/0/0/0	
	Port: 3 (contain 24 entries)
		9.832e-05/0/0/0/0	0.00024096/0/0/0/0	0.011532/0/0/0/0	0/0/0/0/0	5.088e-05/0/0/0/0	0.00215152/0/0/0/0	0.00499208/0/0/0/0	4.376e-05/0/0/0/0	5.92e-05/0/0/0/0	0.00026528/0/0/0/0	0/0/0/0/0	0/0/0/0/0	0/0/0/0/0	0/0/0/0/0	0/0/0/0/0	0/0/0/0/0	0/0/0/0/0	0/0/0/0/0	0/0/0/0/0	0/0/0/0/0	0/0/0/0/0	0/0/0/0/0	0/0/0/0/0	0/0/0/0/0	
	Port: 4 (contain 24 entries)
		0/0/0/0/0	0.00373248/0/0/0/0	0.00043232/0/0/0/0	0.00021664/0/0/0/0	0.00033712/0/0/0/0	0.00016944/0/0/0/0	0.00015856/0/0/0/0	8.704e-05/0/0/0/0	8.072e-05/0/0/0/0	0.00100424/0/0/0/0	0/0/0/0/0	0/0/0/0/0	0/0/0/0/0	0/0/0/0/0	0/0/0/0/0	0/0/0/0/0	0/0/0/0/0	0/0/0/0/0	0/0/0/0/0	0/0/0/0/0	0/0/0/0/0	0/0/0/0/0	0/0/0/0/0	0/0/0/0/0	
	Port: 5 (contain 24 entries)
		4.56e-05/0/0/0/0	9.864e-05/0/0/0/0	1.28e-05/0/0/0/0	1.696e-05/0/0/0/0	6.72e-05/0/0/0/0	0.00017744/0/0/0/0	0.028591/0/0/0/0	0.0449682/0/0/0/0	6.136e-05/0/0/0/0	0.00017464/0/0/0/0	0/0/0/0/0	0/0/0/0/0	0/0/0/0/0	0/0/0/0/0	0/0/0/0/0	0/0/0/0/0	0/0/0/0/0	0/0/0/0/0	0/0/0/0/0	0/0/0/0/0	0/0/0/0/0	0/0/0/0/0	0/0/0/0/0	0/0/0/0/0	
	Port: 6 (contain 24 entries)
		0/0/0/0/0	0.00045856/0/0/0/0	0.0238665/0/0/0/0	4.48e-06/0/0/0/0	0.00889888/0/0/0/0	0.0002904/0/0/0/0	0.00185672/0/0/0/0	0.0432389/0/0/0/0	0.00062856/0/0/0/0	0.00040416/0/0/0/0	0/0/0/0/0	0/0/0/0/0	0/0/0/0/0	0/0/0/0/0	0/0/0/0/0	0/0/0/0/0	0/0/0/0/0	0/0/0/0/0	0/0/0/0/0	0/0/0/0/0	0/0/0/0/0	0/0/0/0/0	0/0/0/0/0	0/0/0/0/0	
	Port: 7 (contain 24 entries)
		0/0/0/0/0	0.000192/0/0/0/0	4.672e-05/0/0/0/0	0.0102883/0/0/0/0	0.0152678/0/0/0/0	0.146278/0/0/0/0	0.085689/0/0/0/0	0.0426044/0/0/0/0	0.0214784/0/0/0/0	0.0342576/0/0/0/0	0.0230714/0/0/0/0	0.0191027/0/0/0/0	0.003536/0/0/0/0	0/0/0/0/0	0/0/0/0/0	0/0/0/0/0	0/0/0/0/0	0/0/0/0/0	0/0/0/0/0	0/0/0/0/0	0/0/0/0/0	0/0/0/0/0	0/0/0/0/0	0/0/0/0/0	
	Port: 8 (contain 24 entries)
		0.00039488/0/0/0/0	0.00120736/0/0/0/0	0.00103472/0/0/0/0	0.00422632/0/0/0/0	0.0157837/0/0/0/0	0.0114899/0/0/0/0	9.768e-05/0/0/0/0	0.00037504/0/0/0/0	0.00042912/0/0/0/0	0.0113126/0/0/0/0	0/0/0/0/0	0/0/0/0/0	0/0/0/0/0	0/0/0/0/0	0/0/0/0/0	0/0/0/0/0	0/0/0/0/0	0/0/0/0/0	0/0/0/0/0	0/0/0/0/0	0/0/0/0/0	0/0/0/0/0	0/0/0/0/0	0/0/0/0/0	
	Port: 9 (contain 24 entries)
		4.192e-05/0/0/0/0	0.00473608/0/0/0/0	0.00200168/0/0/0/0	0.324528/0/0/0/0	0.466327/0/0/0/0	0.969075/0/0/0/0	0.997048/0/0/0/0	0.98058/0/0/0/0	0.581862/0/0/0/0	0.975862/0/0/0/0	0.64794/0/0/0/0	0.536078/0/0/0/0	0.0723698/0/0/0/0	0/0/0/0/0	0/0/0/0/0	0/0/0/0/0	0/0/0/0/0	0/0/0/0/0	0/0/0/0/0	0/0/0/0/0	0/0/0/0/0	0/0/0/0/0	0/0/0/0/0	0/0/0/0/0	
	Port: 10 (contain 24 entries)
		0.0046344/0/0/0/0	0.00029848/0/0/0/0	2.56e-05/0/0/0/0	4.152e-05/0/0/0/0	0.00139768/0/0/0/0	0.0041676/0/0/0/0	0.148509/0/0/0/0	0.00225184/0/0/0/0	0.00083808/0/0/0/0	0.00615912/0/0/0/0	0/0/0/0/0	0/0/0/0/0	0/0/0/0/0	0/0/0/0/0	0/0/0/0/0	0/0/0/0/0	0/0/0/0/0	0/0/0/0/0	0/0/0/0/0	0/0/0/0/0	0/0/0/0/0	0/0/0/0/0	0/0/0/0/0	0/0/0/0/0	
	Port: 11 (contain 24 entries)
		0/0/0/0/0	0.100531/0/0/0/0	0.00478776/0/0/0/0	0.00583208/0/0/0/0	0.447434/0/0/0/0	0.357792/0/0/0/0	7.52e-05/0/0/0/0	0.011949/0/0/0/0	0.00031704/0/0/0/0	0.00819224/0/0/0/0	4.16e-05/0/0/0/0	0/0/0/0/0	4.16e-05/0/0/0/0	0/0/0/0/0	0/0/0/0/0	0/0/0/0/0	4.16e-05/0/0/0/0	0/0/0/0/0	0/0/0/0/0	0/0/0/0/0	0/0/0/0/0	0/0/0/0/0	0/0/0/0/0	0/0/0/0/0	
	Port: 12 (contain 24 entries)
		0.00072384/0/0/0/0	0.0387298/0/0/0/0	0.00183304/0/0/0/0	0.00033376/0/0/0/0	0.453337/0/0/0/0	0.235536/0/0/0/0	0.109066/0/0/0/0	0.00243488/0/0/0/0	0.0181584/0/0/0/0	0.026708/0/0/0/0	0/0/0/0/0	0/0/0/0/0	0/0/0/0/0	0/0/0/0/0	0/0/0/0/0	0/0/0/0/0	0/0/0/0/0	0/0/0/0/0	0/0/0/0/0	0/0/0/0/0	0/0/0/0/0	0/0/0/0/0	0/0/0/0/0	0/0/0/0/0	

Leaf 3: (contain: 12 ports)
	Port: 1 (contain 24 entries)
		0.003436/0/0/0/0	0.00015584/0/0/0/0	2.112e-05/0/0/0/0	0.00068632/0/0/0/0	0.00128152/0/0/0/0	0.243216/0/0/0/0	0.703702/0/0/0/0	0.861618/45/65430/0/0	0.927711/0/0/0/0	0.899602/0/0/0/0	0.99886/0/0/0/0	0.998744/0/0/0/0	0.712518/0/0/0/0	0/0/0/0/0	0/0/0/0/0	0/0/0/0/0	0/0/0/0/0	0/0/0/0/0	0/0/0/0/0	0/0/0/0/0	0/0/0/0/0	0/0/0/0/0	0/0/0/0/0	0/0/0/0/0	
	Port: 2 (contain 24 entries)
		1.28e-05/0/0/0/0	0.00088872/0/0/0/0	0.00126248/0/0/0/0	2.944e-05/0/0/0/0	0.00482784/0/0/0/0	0.0006976/0/0/0/0	0.00033176/0/0/0/0	0.00280096/0/0/0/0	0.0182544/0/0/0/0	0.0231664/0/0/0/0	0/0/0/0/0	0/0/0/0/0	0/0/0/0/0	0/0/0/0/0	0/0/0/0/0	0/0/0/0/0	0/0/0/0/0	0/0/0/0/0	0/0/0/0/0	0/0/0/0/0	0/0/0/0/0	0/0/0/0/0	0/0/0/0/0	0/0/0/0/0	
	Port: 3 (contain 24 entries)
		0.0006224/0/0/0/0	0.003168/0/0/0/0	1.28e-05/0/0/0/0	0.00012592/0/0/0/0	0.0007044/0/0/0/0	0.00293016/0/0/0/0	0.625405/0/0/0/0	0.98736/0/0/0/0	0.914911/0/0/0/0	0.0004688/0/0/0/0	0/0/0/0/0	0/0/0/0/0	0/0/0/0/0	0/0/0/0/0	0/0/0/0/0	0/0/0/0/0	0/0/0/0/0	0/0/0/0/0	0/0/0/0/0	0/0/0/0/0	0/0/0/0/0	0/0/0/0/0	0/0/0/0/0	0/0/0/0/0	
	Port: 4 (contain 24 entries)
		5.128e-05/0/0/0/0	0.00013648/0/0/0/0	0.00428928/0/0/0/0	0/0/0/0/0	0/0/0/0/0	0.00047168/0/0/0/0	0.00184/0/0/0/0	0.0292243/0/0/0/0	0.226852/0/0/0/0	0.0253805/0/0/0/0	0.0349149/0/0/0/0	0.0350646/0/0/0/0	0.0356346/0/0/0/0	0.0357718/0/0/0/0	0.0357677/0/0/0/0	0.00067392/0/0/0/0	0/0/0/0/0	0/0/0/0/0	0/0/0/0/0	0/0/0/0/0	0/0/0/0/0	0/0/0/0/0	0/0/0/0/0	0/0/0/0/0	
	Port: 5 (contain 24 entries)
		0/0/0/0/0	0.0328906/0/0/0/0	0.00163488/0/0/0/0	0.746512/372/540888/0/0	0.894683/0/0/0/0	0.926882/0/0/0/0	0.998198/0/0/0/0	0.978887/0/0/0/0	0.61755/0/0/0/0	0.970698/0/0/0/0	0.64887/0/0/0/0	0.536195/0/0/0/0	0.0734153/0/0/0/0	0/0/0/0/0	0/0/0/0/0	0/0/0/0/0	0/0/0/0/0	0/0/0/0/0	0/0/0/0/0	0/0/0/0/0	0/0/0/0/0	0/0/0/0/0	0/0/0/0/0	0/0/0/0/0	
	Port: 6 (contain 24 entries)
		9.208e-05/0/0/0/0	4.16e-06/0/0/0/0	0/0/0/0/0	0.0058276/0/0/0/0	0.00042504/0/0/0/0	1.28e-05/0/0/0/0	5.88e-05/0/0/0/0	0.00080872/0/0/0/0	0.00010264/0/0/0/0	0.00849728/0/0/0/0	0/0/0/0/0	0/0/0/0/0	0/0/0/0/0	0/0/0/0/0	0/0/0/0/0	0/0/0/0/0	0/0/0/0/0	0/0/0/0/0	0/0/0/0/0	0/0/0/0/0	0/0/0/0/0	0/0/0/0/0	0/0/0/0/0	0/0/0/0/0	
	Port: 7 (contain 24 entries)
		0.00012712/0/0/0/0	0.00027264/0/0/0/0	0.00397056/0/0/0/0	1.28e-05/0/0/0/0	0/0/0/0/0	0.0715632/0/0/0/0	0.0006096/0/0/0/0	4.48e-06/0/0/0/0	8.536e-05/0/0/0/0	0.00023024/0/0/0/0	0/0/0/0/0	0/0/0/0/0	0/0/0/0/0	0/0/0/0/0	0/0/0/0/0	0/0/0/0/0	0/0/0/0/0	0/0/0/0/0	0/0/0/0/0	0/0/0/0/0	0/0/0/0/0	0/0/0/0/0	0/0/0/0/0	0/0/0/0/0	
	Port: 8 (contain 24 entries)
		0/0/0/0/0	3.8e-05/0/0/0/0	1.28e-05/0/0/0/0	0/0/0/0/0	4.528e-05/0/0/0/0	0.00444328/0/0/0/0	8.928e-05/0/0/0/0	0.00025144/0/0/0/0	0.0034656/0/0/0/0	0/0/0/0/0	0/0/0/0/0	0/0/0/0/0	0/0/0/0/0	0/0/0/0/0	0/0/0/0/0	0/0/0/0/0	0/0/0/0/0	0/0/0/0/0	0/0/0/0/0	0/0/0/0/0	0/0/0/0/0	0/0/0/0/0	0/0/0/0/0	0/0/0/0/0	
	Port: 9 (contain 24 entries)
		0.00023104/0/0/0/0	0.00142768/0/0/0/0	0.0304541/0/0/0/0	1.28e-05/0/0/0/0	0.0062664/0/0/0/0	0.301088/56/81424/0/0	0.132755/0/0/0/0	0.180921/0/0/0/0	0.0412707/0/0/0/0	0.0393066/0/0/0/0	0.0357677/0/0/0/0	0.0357718/0/0/0/0	0.0255965/0/0/0/0	0/0/0/0/0	0/0/0/0/0	0/0/0/0/0	0/0/0/0/0	0/0/0/0/0	0/0/0/0/0	0/0/0/0/0	0/0/0/0/0	0/0/0/0/0	0/0/0/0/0	0/0/0/0/0	
	Port: 10 (contain 24 entries)
		0/0/0/0/0	0.0035324/0/0/0/0	0.107561/0/0/0/0	0.0111014/0/0/0/0	0.0152845/0/0/0/0	0.0335555/0/0/0/0	0.0569386/0/0/0/0	0.0701987/0/0/0/0	0.498379/0/0/0/0	0.814121/255/201370/0/0	1.02085/505/486470/0/0	1.00028/541/513614/0/0	0.998174/348/505992/0/0	0.998744/348/505992/0/0	0.970658/106/152983/0/0	4.16e-06/0/0/0/0	0/0/0/0/0	0/0/0/0/0	0/0/0/0/0	0/0/0/0/0	0/0/0/0/0	0/0/0/0/0	0/0/0/0/0	0/0/0/0/0	
	Port: 11 (contain 24 entries)
		0.0184909/0/0/0/0	0.0728193/0/0/0/0	0.112387/0/0/0/0	0.0146084/0/0/0/0	0.150589/0/0/0/0	0.0110588/0/0/0/0	0.058267/0/0/0/0	0.0798499/13/13302/0/0	0.554244/0/0/0/0	0.630645/0/0/0/0	0/0/0/0/0	0/0/0/0/0	0/0/0/0/0	0/0/0/0/0	0/0/0/0/0	0/0/0/0/0	0/0/0/0/0	0/0/0/0/0	0/0/0/0/0	0/0/0/0/0	0/0/0/0/0	0/0/0/0/0	0/0/0/0/0	0/0/0/0/0	
	Port: 12 (contain 24 entries)
		0.094569/0/0/0/0	0.00037456/0/0/0/0	1.664e-05/0/0/0/0	0.00033744/0/0/0/0	0.00821496/0/0/0/0	1.28e-05/0/0/0/0	0.0001904/0/0/0/0	0.00024088/0/0/0/0	0.0007036/0/0/0/0	0.00370736/0/0/0/0	0/0/0/0/0	0/0/0/0/0	0/0/0/0/0	0/0/0/0/0	0/0/0/0/0	0/0/0/0/0	0/0/0/0/0	0/0/0/0/0	0/0/0/0/0	0/0/0/0/0	0/0/0/0/0	0/0/0/0/0	0/0/0/0/0	0/0/0/0/0	

