Spine 0: (contain: 4 ports)
	Port: 1 (contain 24 entries)
		0.141107/0/0/0/0	0.345889/0/0/0/0	0.197351/0/0/0/0	0.29656/0/0/0/0	0.383388/0/0/0/0	0.409596/0/0/0/0	0.352811/0/0/0/0	0.30077/0/0/0/0	0.264533/0/0/0/0	0.106711/0/0/0/0	0.00908128/0/0/0/0	0.0021216/0/0/0/0	0/0/0/0/0	0/0/0/0/0	0/0/0/0/0	0/0/0/0/0	0/0/0/0/0	0/0/0/0/0	0/0/0/0/0	0/0/0/0/0	0/0/0/0/0	0/0/0/0/0	0/0/0/0/0	0/0/0/0/0	
	Port: 2 (contain 24 entries)
		0.422558/0/0/0/0	0.47972/0/0/0/0	0.402872/0/0/0/0	0.329407/0/0/0/0	0.435758/0/0/0/0	0.259461/0/0/0/0	0.187137/0/0/0/0	0.0338832/0/0/0/0	0.0178422/0/0/0/0	0.0151299/0/0/0/0	0.00986336/0/0/0/0	0.00694304/0/0/0/0	0.00715936/0/0/0/0	0.00398528/0/0/0/0	0/0/0/0/0	0/0/0/0/0	0/0/0/0/0	0/0/0/0/0	0/0/0/0/0	0/0/0/0/0	0/0/0/0/0	0/0/0/0/0	0/0/0/0/0	0/0/0/0/0	
	Port: 3 (contain 24 entries)
		0.124853/0/0/0/0	0.416115/0/0/0/0	0.559351/0/0/0/0	0.494624/6/8724/0/0	0.459189/7/8778/0/0	0.454073/1/54/0/0	0.373968/1/1454/0/0	0.389606/0/0/0/0	0.363033/1/54/0/0	0.346526/0/0/0/0	0.19803/0/0/0/0	0.00785408/0/0/0/0	0.00853632/0/0/0/0	0.00624832/0/0/0/0	0/0/0/0/0	0/0/0/0/0	0/0/0/0/0	0/0/0/0/0	0/0/0/0/0	0/0/0/0/0	0/0/0/0/0	0/0/0/0/0	0/0/0/0/0	0/0/0/0/0	
	Port: 4 (contain 24 entries)
		0.105766/0/0/0/0	0.286865/0/0/0/0	0.271312/2/108/0/0	0.498174/1/1454/0/0	0.515871/0/0/0/0	0.59311/0/0/0/0	0.570852/0/0/0/0	0.58241/0/0/0/0	0.590534/0/0/0/0	0.578193/0/0/0/0	0.50367/0/0/0/0	0.489731/0/0/0/0	0.448223/1/1454/0/0	0.289154/0/0/0/0	0/0/0/0/0	0/0/0/0/0	0/0/0/0/0	0/0/0/0/0	0/0/0/0/0	0/0/0/0/0	0/0/0/0/0	0/0/0/0/0	0/0/0/0/0	0/0/0/0/0	

Spine 1: (contain: 4 ports)
	Port: 1 (contain 24 entries)
		0.139559/0/0/0/0	0.345452/0/0/0/0	0.196907/0/0/0/0	0.295199/4/3016/0/0	0.385765/0/0/0/0	0.408127/0/0/0/0	0.354101/0/0/0/0	0.300458/0/0/0/0	0.263353/0/0/0/0	0.106806/0/0/0/0	0.0091104/0/0/0/0	0.0021216/0/0/0/0	0/0/0/0/0	0/0/0/0/0	0/0/0/0/0	0/0/0/0/0	0/0/0/0/0	0/0/0/0/0	0/0/0/0/0	0/0/0/0/0	0/0/0/0/0	0/0/0/0/0	0/0/0/0/0	0/0/0/0/0	
	Port: 2 (contain 24 entries)
		0.423654/0/0/0/0	0.478484/0/0/0/0	0.400508/0/0/0/0	0.331881/0/0/0/0	0.435194/0/0/0/0	0.258615/0/0/0/0	0.187647/2/108/0/0	0.0340864/0/0/0/0	0.0178006/0/0/0/0	0.0152173/0/0/0/0	0.00980512/0/0/0/0	0.00695552/0/0/0/0	0.0071552/0/0/0/0	0.003952/0/0/0/0	0/0/0/0/0	0/0/0/0/0	0/0/0/0/0	0/0/0/0/0	0/0/0/0/0	0/0/0/0/0	0/0/0/0/0	0/0/0/0/0	0/0/0/0/0	0/0/0/0/0	
	Port: 3 (contain 24 entries)
		0.12533/0/0/0/0	0.416886/3/4362/0/0	0.558812/5/7270/0/0	0.490336/1/54/0/0	0.459097/2/2908/0/0	0.454304/2/2908/0/0	0.375155/0/0/0/0	0.390656/0/0/0/0	0.36222/0/0/0/0	0.345813/2/2908/0/0	0.198847/0/0/0/0	0.0078208/0/0/0/0	0.0085488/0/0/0/0	0.0062608/0/0/0/0	0/0/0/0/0	0/0/0/0/0	0/0/0/0/0	0/0/0/0/0	0/0/0/0/0	0/0/0/0/0	0/0/0/0/0	0/0/0/0/0	0/0/0/0/0	0/0/0/0/0	
	Port: 4 (contain 24 entries)
		0.109857/0/0/0/0	0.286816/1/54/0/0	0.271544/0/0/0/0	0.497663/1/54/0/0	0.516165/12/14648/0/0	0.592061/10/8940/0/0	0.572806/0/0/0/0	0.582319/1/1454/0/0	0.589928/0/0/0/0	0.577346/0/0/0/0	0.503902/0/0/0/0	0.490853/4/5816/0/0	0.446751/0/0/0/0	0.289703/0/0/0/0	0/0/0/0/0	0/0/0/0/0	0/0/0/0/0	0/0/0/0/0	0/0/0/0/0	0/0/0/0/0	0/0/0/0/0	0/0/0/0/0	0/0/0/0/0	0/0/0/0/0	

Spine 2: (contain: 4 ports)
	Port: 1 (contain 24 entries)
		0.140165/0/0/0/0	0.347535/2/2908/0/0	0.196052/0/0/0/0	0.296527/0/0/0/0	0.387409/0/0/0/0	0.408223/0/0/0/0	0.353354/0/0/0/0	0.30067/0/0/0/0	0.263135/0/0/0/0	0.105508/0/0/0/0	0.00909792/0/0/0/0	0.00209248/0/0/0/0	0/0/0/0/0	0/0/0/0/0	0/0/0/0/0	0/0/0/0/0	0/0/0/0/0	0/0/0/0/0	0/0/0/0/0	0/0/0/0/0	0/0/0/0/0	0/0/0/0/0	0/0/0/0/0	0/0/0/0/0	
	Port: 2 (contain 24 entries)
		0.422239/0/0/0/0	0.479061/0/0/0/0	0.400491/0/0/0/0	0.330876/0/0/0/0	0.436202/0/0/0/0	0.258685/0/0/0/0	0.186147/0/0/0/0	0.0350739/0/0/0/0	0.0176966/0/0/0/0	0.0152506/0/0/0/0	0.0098176/0/0/0/0	0.0069888/0/0/0/0	0.0071552/0/0/0/0	0.003952/0/0/0/0	0/0/0/0/0	0/0/0/0/0	0/0/0/0/0	0/0/0/0/0	0/0/0/0/0	0/0/0/0/0	0/0/0/0/0	0/0/0/0/0	0/0/0/0/0	0/0/0/0/0	
	Port: 3 (contain 24 entries)
		0.125587/0/0/0/0	0.415385/0/0/0/0	0.560455/0/0/0/0	0.489462/0/0/0/0	0.459964/1/54/0/0	0.452202/0/0/0/0	0.377009/1/54/0/0	0.389478/2/1508/0/0	0.36162/0/0/0/0	0.344983/0/0/0/0	0.200415/0/0/0/0	0.00781664/0/0/0/0	0.00851552/0/0/0/0	0.00629824/0/0/0/0	0/0/0/0/0	0/0/0/0/0	0/0/0/0/0	0/0/0/0/0	0/0/0/0/0	0/0/0/0/0	0/0/0/0/0	0/0/0/0/0	0/0/0/0/0	0/0/0/0/0	
	Port: 4 (contain 24 entries)
		0.105688/0/0/0/0	0.286895/0/0/0/0	0.272212/1/54/0/0	0.496808/0/0/0/0	0.516262/0/0/0/0	0.591019/0/0/0/0	0.573997/0/0/0/0	0.582012/3/2962/0/0	0.590405/2/2908/0/0	0.577508/0/0/0/0	0.50518/0/0/0/0	0.488917/5/7270/0/0	0.448378/0/0/0/0	0.28887/0/0/0/0	0/0/0/0/0	0/0/0/0/0	0/0/0/0/0	0/0/0/0/0	0/0/0/0/0	0/0/0/0/0	0/0/0/0/0	0/0/0/0/0	0/0/0/0/0	0/0/0/0/0	

Spine 3: (contain: 4 ports)
	Port: 1 (contain 24 entries)
		0.139992/1/54/0/0	0.343906/0/0/0/0	0.196832/0/0/0/0	0.297497/0/0/0/0	0.385205/0/0/0/0	0.409383/0/0/0/0	0.353868/0/0/0/0	0.300504/0/0/0/0	0.263749/0/0/0/0	0.105756/0/0/0/0	0.0090688/0/0/0/0	0.0021216/0/0/0/0	0/0/0/0/0	0/0/0/0/0	0/0/0/0/0	0/0/0/0/0	0/0/0/0/0	0/0/0/0/0	0/0/0/0/0	0/0/0/0/0	0/0/0/0/0	0/0/0/0/0	0/0/0/0/0	0/0/0/0/0	
	Port: 2 (contain 24 entries)
		0.421883/2/108/0/0	0.481214/0/0/0/0	0.401623/0/0/0/0	0.330337/0/0/0/0	0.436558/0/0/0/0	0.259208/0/0/0/0	0.186179/0/0/0/0	0.034135/0/0/0/0	0.0177632/0/0/0/0	0.0152131/0/0/0/0	0.00980928/0/0/0/0	0.00696384/0/0/0/0	0.007176/0/0/0/0	0.00395616/0/0/0/0	0/0/0/0/0	0/0/0/0/0	0/0/0/0/0	0/0/0/0/0	0/0/0/0/0	0/0/0/0/0	0/0/0/0/0	0/0/0/0/0	0/0/0/0/0	0/0/0/0/0	
	Port: 3 (contain 24 entries)
		0.125462/0/0/0/0	0.41421/0/0/0/0	0.562164/0/0/0/0	0.493039/1/54/0/0	0.459951/0/0/0/0	0.453595/0/0/0/0	0.37503/0/0/0/0	0.390034/0/0/0/0	0.362269/0/0/0/0	0.345551/0/0/0/0	0.199373/0/0/0/0	0.0078208/0/0/0/0	0.008528/0/0/0/0	0.00628992/0/0/0/0	0/0/0/0/0	0/0/0/0/0	0/0/0/0/0	0/0/0/0/0	0/0/0/0/0	0/0/0/0/0	0/0/0/0/0	0/0/0/0/0	0/0/0/0/0	0/0/0/0/0	
	Port: 4 (contain 24 entries)
		0.109744/0/0/0/0	0.287132/0/0/0/0	0.272642/0/0/0/0	0.497518/0/0/0/0	0.516448/2/108/0/0	0.592077/0/0/0/0	0.572462/0/0/0/0	0.582813/7/7378/0/0	0.589534/0/0/0/0	0.577961/0/0/0/0	0.503872/0/0/0/0	0.488685/0/0/0/0	0.449539/0/0/0/0	0.289238/0/0/0/0	0/0/0/0/0	0/0/0/0/0	0/0/0/0/0	0/0/0/0/0	0/0/0/0/0	0/0/0/0/0	0/0/0/0/0	0/0/0/0/0	0/0/0/0/0	0/0/0/0/0	

Leaf 0: (contain: 12 ports)
	Port: 1 (contain 24 entries)
		0/0/0/0/0	0.360453/0/0/0/0	0.385187/0/0/0/0	0.257025/0/0/0/0	0.184463/0/0/0/0	0.231579/0/0/0/0	0.144663/0/0/0/0	0.0121014/0/0/0/0	0.0177798/0/0/0/0	0.019552/0/0/0/0	0.0250515/0/0/0/0	0/0/0/0/0	0/0/0/0/0	0/0/0/0/0	0/0/0/0/0	0/0/0/0/0	0/0/0/0/0	0/0/0/0/0	0/0/0/0/0	0/0/0/0/0	0/0/0/0/0	0/0/0/0/0	0/0/0/0/0	0/0/0/0/0	
	Port: 2 (contain 24 entries)
		0/0/0/0/0	0.0118522/0/0/0/0	0.00966784/0/0/0/0	0/0/0/0/0	0.23106/0/0/0/0	0.592764/2/2908/0/0	0.674657/4/5816/0/0	0.343642/0/0/0/0	0.320369/0/0/0/0	0.160416/0/0/0/0	0/0/0/0/0	0/0/0/0/0	0/0/0/0/0	0/0/0/0/0	0/0/0/0/0	0/0/0/0/0	0/0/0/0/0	0/0/0/0/0	0/0/0/0/0	0/0/0/0/0	0/0/0/0/0	0/0/0/0/0	0/0/0/0/0	0/0/0/0/0	
	Port: 3 (contain 24 entries)
		0/0/0/0/0	0/0/0/0/0	0/0/0/0/0	0.344655/0/0/0/0	0.227209/0/0/0/0	0.267633/0/0/0/0	0.28192/0/0/0/0	0.4967/0/0/0/0	0.308735/0/0/0/0	0/0/0/0/0	0/0/0/0/0	0/0/0/0/0	0/0/0/0/0	0/0/0/0/0	0/0/0/0/0	0/0/0/0/0	0/0/0/0/0	0/0/0/0/0	0/0/0/0/0	0/0/0/0/0	0/0/0/0/0	0/0/0/0/0	0/0/0/0/0	0/0/0/0/0	
	Port: 4 (contain 24 entries)
		0/0/0/0/0	0/0/0/0/0	0/0/0/0/0	0.2084/0/0/0/0	0.258265/0/0/0/0	0/0/0/0/0	0/0/0/0/0	0/0/0/0/0	0/0/0/0/0	0/0/0/0/0	0/0/0/0/0	0/0/0/0/0	0/0/0/0/0	0/0/0/0/0	0/0/0/0/0	0/0/0/0/0	0/0/0/0/0	0/0/0/0/0	0/0/0/0/0	0/0/0/0/0	0/0/0/0/0	0/0/0/0/0	0/0/0/0/0	0/0/0/0/0	
	Port: 5 (contain 24 entries)
		0.156093/7/8778/0/0	0.81155/0/0/0/0	0.373017/0/0/0/0	0.328653/0/0/0/0	0.365448/1/1454/0/0	0.502205/0/0/0/0	0.302829/0/0/0/0	0.340349/0/0/0/0	0.3975/0/0/0/0	0.233491/0/0/0/0	0/0/0/0/0	0/0/0/0/0	0/0/0/0/0	0/0/0/0/0	0/0/0/0/0	0/0/0/0/0	0/0/0/0/0	0/0/0/0/0	0/0/0/0/0	0/0/0/0/0	0/0/0/0/0	0/0/0/0/0	0/0/0/0/0	0/0/0/0/0	
	Port: 6 (contain 24 entries)
		0/0/0/0/0	0/0/0/0/0	0/0/0/0/0	0.0457469/1/54/0/0	0.276384/0/0/0/0	0.0402558/0/0/0/0	0.0102877/0/0/0/0	0.00985088/0/0/0/0	0.0111613/0/0/0/0	0.0122595/0/0/0/0	0.0113318/0/0/0/0	0.00847808/0/0/0/0	0/0/0/0/0	0/0/0/0/0	0/0/0/0/0	0/0/0/0/0	0/0/0/0/0	0/0/0/0/0	0/0/0/0/0	0/0/0/0/0	0/0/0/0/0	0/0/0/0/0	0/0/0/0/0	0/0/0/0/0	
	Port: 7 (contain 24 entries)
		0.0127258/0/0/0/0	0.0131082/0/0/0/0	0.0117894/0/0/0/0	0/0/0/0/0	0/0/0/0/0	0/0/0/0/0	0/0/0/0/0	0/0/0/0/0	0/0/0/0/0	0/0/0/0/0	0/0/0/0/0	0/0/0/0/0	0/0/0/0/0	0/0/0/0/0	0/0/0/0/0	0/0/0/0/0	0/0/0/0/0	0/0/0/0/0	0/0/0/0/0	0/0/0/0/0	0/0/0/0/0	0/0/0/0/0	0/0/0/0/0	0/0/0/0/0	
	Port: 8 (contain 24 entries)
		0.390323/0/0/0/0	0.185022/0/0/0/0	0.00842816/0/0/0/0	0.00044096/0/0/0/0	0/0/0/0/0	0/0/0/0/0	0/0/0/0/0	0/0/0/0/0	0/0/0/0/0	0/0/0/0/0	0/0/0/0/0	0/0/0/0/0	0/0/0/0/0	0/0/0/0/0	0/0/0/0/0	0/0/0/0/0	0/0/0/0/0	0/0/0/0/0	0/0/0/0/0	0/0/0/0/0	0/0/0/0/0	0/0/0/0/0	0/0/0/0/0	0/0/0/0/0	
	Port: 9 (contain 24 entries)
		0.238411/0/0/0/0	0.365241/2/2908/0/0	0.307178/0/0/0/0	0.260934/0/0/0/0	0.306183/0/0/0/0	0.237759/0/0/0/0	0.225611/0/0/0/0	0.171642/0/0/0/0	0.219907/0/0/0/0	0.234876/0/0/0/0	0.255556/0/0/0/0	0.0604032/0/0/0/0	0/0/0/0/0	0/0/0/0/0	0/0/0/0/0	0/0/0/0/0	0/0/0/0/0	0/0/0/0/0	0/0/0/0/0	0/0/0/0/0	0/0/0/0/0	0/0/0/0/0	0/0/0/0/0	0/0/0/0/0	
	Port: 10 (contain 24 entries)
		0.238445/0/0/0/0	0.365427/0/0/0/0	0.307577/0/0/0/0	0.262656/0/0/0/0	0.306627/0/0/0/0	0.236614/0/0/0/0	0.225628/0/0/0/0	0.171501/0/0/0/0	0.220148/0/0/0/0	0.235698/0/0/0/0	0.255552/0/0/0/0	0.0598997/0/0/0/0	0/0/0/0/0	0/0/0/0/0	0/0/0/0/0	0/0/0/0/0	0/0/0/0/0	0/0/0/0/0	0/0/0/0/0	0/0/0/0/0	0/0/0/0/0	0/0/0/0/0	0/0/0/0/0	0/0/0/0/0	
	Port: 11 (contain 24 entries)
		0.237485/0/0/0/0	0.365373/0/0/0/0	0.307016/0/0/0/0	0.262168/0/0/0/0	0.30493/0/0/0/0	0.238174/1/54/0/0	0.225624/0/0/0/0	0.172132/0/0/0/0	0.220226/0/0/0/0	0.233761/0/0/0/0	0.257527/0/0/0/0	0.0592416/0/0/0/0	0/0/0/0/0	0/0/0/0/0	0/0/0/0/0	0/0/0/0/0	0/0/0/0/0	0/0/0/0/0	0/0/0/0/0	0/0/0/0/0	0/0/0/0/0	0/0/0/0/0	0/0/0/0/0	0/0/0/0/0	
	Port: 12 (contain 24 entries)
		0.236905/0/0/0/0	0.365577/0/0/0/0	0.306041/0/0/0/0	0.263975/0/0/0/0	0.305374/0/0/0/0	0.237796/0/0/0/0	0.22559/0/0/0/0	0.171779/0/0/0/0	0.221284/0/0/0/0	0.233408/0/0/0/0	0.256861/0/0/0/0	0.0601709/0/0/0/0	0/0/0/0/0	0/0/0/0/0	0/0/0/0/0	0/0/0/0/0	0/0/0/0/0	0/0/0/0/0	0/0/0/0/0	0/0/0/0/0	0/0/0/0/0	0/0/0/0/0	0/0/0/0/0	0/0/0/0/0	

Leaf 1: (contain: 12 ports)
	Port: 1 (contain 24 entries)
		0/0/0/0/0	0.229541/0/0/0/0	0.341519/0/0/0/0	0.37721/1/1454/0/0	0.328614/3/162/0/0	0.104769/0/0/0/0	0.0154378/0/0/0/0	0.0157123/0/0/0/0	0.0186202/0/0/0/0	0.0148262/0/0/0/0	0.0118768/0/0/0/0	0.0152048/0/0/0/0	0.0196518/0/0/0/0	0.0158829/0/0/0/0	0/0/0/0/0	0/0/0/0/0	0/0/0/0/0	0/0/0/0/0	0/0/0/0/0	0/0/0/0/0	0/0/0/0/0	0/0/0/0/0	0/0/0/0/0	0/0/0/0/0	
	Port: 2 (contain 24 entries)
		0/0/0/0/0	0.0990931/0/0/0/0	0.315374/0/0/0/0	0.0166331/0/0/0/0	0.00899808/0/0/0/0	0.00098176/0/0/0/0	0/0/0/0/0	0/0/0/0/0	0/0/0/0/0	0/0/0/0/0	0/0/0/0/0	0/0/0/0/0	0/0/0/0/0	0/0/0/0/0	0/0/0/0/0	0/0/0/0/0	0/0/0/0/0	0/0/0/0/0	0/0/0/0/0	0/0/0/0/0	0/0/0/0/0	0/0/0/0/0	0/0/0/0/0	0/0/0/0/0	
	Port: 3 (contain 24 entries)
		0.0146314/0/0/0/0	0.027519/0/0/0/0	0.0331302/0/0/0/0	0.0239578/0/0/0/0	0.0300272/0/0/0/0	0.0295402/0/0/0/0	0.0268362/0/0/0/0	0.0267946/0/0/0/0	0.023816/0/0/0/0	0.0290909/0/0/0/0	0.0207542/0/0/0/0	0.0126339/0/0/0/0	0.00898976/0/0/0/0	0/0/0/0/0	0/0/0/0/0	0/0/0/0/0	0/0/0/0/0	0/0/0/0/0	0/0/0/0/0	0/0/0/0/0	0/0/0/0/0	0/0/0/0/0	0/0/0/0/0	0/0/0/0/0	
	Port: 4 (contain 24 entries)
		0.576975/6/8724/0/0	0.441176/0/0/0/0	0.226977/0/0/0/0	0.297841/0/0/0/0	0.307484/0/0/0/0	0.279122/0/0/0/0	0.36452/0/0/0/0	0/0/0/0/0	0/0/0/0/0	0/0/0/0/0	0/0/0/0/0	0/0/0/0/0	0/0/0/0/0	0/0/0/0/0	0/0/0/0/0	0/0/0/0/0	0/0/0/0/0	0/0/0/0/0	0/0/0/0/0	0/0/0/0/0	0/0/0/0/0	0/0/0/0/0	0/0/0/0/0	0/0/0/0/0	
	Port: 5 (contain 24 entries)
		0.39414/0/0/0/0	0.386929/0/0/0/0	0.337534/0/0/0/0	0.563867/5/5870/0/0	0.812117/0/0/0/0	0.296814/0/0/0/0	0.00951392/0/0/0/0	0.0118726/0/0/0/0	0.00622336/0/0/0/0	0/0/0/0/0	0/0/0/0/0	0/0/0/0/0	0/0/0/0/0	0/0/0/0/0	0/0/0/0/0	0/0/0/0/0	0/0/0/0/0	0/0/0/0/0	0/0/0/0/0	0/0/0/0/0	0/0/0/0/0	0/0/0/0/0	0/0/0/0/0	0/0/0/0/0	
	Port: 6 (contain 24 entries)
		0.00473856/0/0/0/0	0.02704/0/0/0/0	0.0159373/0/0/0/0	0.0420582/0/0/0/0	0.257284/0/0/0/0	0.325555/0/0/0/0	0.330565/0/0/0/0	0.0831766/0/0/0/0	0.0224598/0/0/0/0	0.0168771/0/0/0/0	0.00670592/0/0/0/0	0/0/0/0/0	0/0/0/0/0	0/0/0/0/0	0/0/0/0/0	0/0/0/0/0	0/0/0/0/0	0/0/0/0/0	0/0/0/0/0	0/0/0/0/0	0/0/0/0/0	0/0/0/0/0	0/0/0/0/0	0/0/0/0/0	
	Port: 7 (contain 24 entries)
		0.697821/0/0/0/0	0.707195/0/0/0/0	0.328408/0/0/0/0	0/0/0/0/0	0/0/0/0/0	0/0/0/0/0	0/0/0/0/0	0/0/0/0/0	0/0/0/0/0	0/0/0/0/0	0/0/0/0/0	0/0/0/0/0	0/0/0/0/0	0/0/0/0/0	0/0/0/0/0	0/0/0/0/0	0/0/0/0/0	0/0/0/0/0	0/0/0/0/0	0/0/0/0/0	0/0/0/0/0	0/0/0/0/0	0/0/0/0/0	0/0/0/0/0	
	Port: 8 (contain 24 entries)
		0/0/0/0/0	0/0/0/0/0	0.00773376/0/0/0/0	0/0/0/0/0	0/0/0/0/0	0/0/0/0/0	0/0/0/0/0	0/0/0/0/0	0/0/0/0/0	0/0/0/0/0	0/0/0/0/0	0/0/0/0/0	0/0/0/0/0	0/0/0/0/0	0/0/0/0/0	0/0/0/0/0	0/0/0/0/0	0/0/0/0/0	0/0/0/0/0	0/0/0/0/0	0/0/0/0/0	0/0/0/0/0	0/0/0/0/0	0/0/0/0/0	
	Port: 9 (contain 24 entries)
		0.15181/0/0/0/0	0.44283/0/0/0/0	0.452741/0/0/0/0	0.537142/1/1454/0/0	0.645228/0/0/0/0	0.598521/0/0/0/0	0.527656/0/0/0/0	0.554276/0/0/0/0	0.526786/0/0/0/0	0.444777/0/0/0/0	0.285754/0/0/0/0	0.20328/0/0/0/0	0.204519/0/0/0/0	0.10919/0/0/0/0	0/0/0/0/0	0/0/0/0/0	0/0/0/0/0	0/0/0/0/0	0/0/0/0/0	0/0/0/0/0	0/0/0/0/0	0/0/0/0/0	0/0/0/0/0	0/0/0/0/0	
	Port: 10 (contain 24 entries)
		0.150271/0/0/0/0	0.442739/0/0/0/0	0.451779/0/0/0/0	0.534756/2/1508/0/0	0.648116/0/0/0/0	0.594905/0/0/0/0	0.530174/0/0/0/0	0.555321/0/0/0/0	0.525392/1/1454/0/0	0.44432/0/0/0/0	0.287612/0/0/0/0	0.20328/0/0/0/0	0.204442/0/0/0/0	0.10919/0/0/0/0	0/0/0/0/0	0/0/0/0/0	0/0/0/0/0	0/0/0/0/0	0/0/0/0/0	0/0/0/0/0	0/0/0/0/0	0/0/0/0/0	0/0/0/0/0	0/0/0/0/0	
	Port: 11 (contain 24 entries)
		0.151347/0/0/0/0	0.44303/0/0/0/0	0.453185/0/0/0/0	0.534184/2/108/0/0	0.649344/14/16156/0/0	0.593732/0/0/0/0	0.531722/5/4470/0/0	0.554856/2/2908/0/0	0.523262/0/0/0/0	0.44408/1/1454/0/0	0.288658/0/0/0/0	0.202699/0/0/0/0	0.20479/0/0/0/0	0.10886/0/0/0/0	0/0/0/0/0	0/0/0/0/0	0/0/0/0/0	0/0/0/0/0	0/0/0/0/0	0/0/0/0/0	0/0/0/0/0	0/0/0/0/0	0/0/0/0/0	0/0/0/0/0	
	Port: 12 (contain 24 entries)
		0.152575/3/2962/0/0	0.441/0/0/0/0	0.453877/0/0/0/0	0.538253/6/5924/0/0	0.645593/2/1508/0/0	0.598627/0/0/0/0	0.528801/6/7324/0/0	0.555358/1/1454/0/0	0.524695/0/0/0/0	0.444312/0/0/0/0	0.286069/0/0/0/0	0.202583/0/0/0/0	0.205603/0/0/0/0	0.10919/0/0/0/0	0/0/0/0/0	0/0/0/0/0	0/0/0/0/0	0/0/0/0/0	0/0/0/0/0	0/0/0/0/0	0/0/0/0/0	0/0/0/0/0	0/0/0/0/0	0/0/0/0/0	

Leaf 2: (contain: 12 ports)
	Port: 1 (contain 24 entries)
		0.0194074/0/0/0/0	0.202118/0/0/0/0	0.27588/0/0/0/0	0.2674/0/0/0/0	0.286331/0/0/0/0	0.149589/0/0/0/0	0/0/0/0/0	0/0/0/0/0	0/0/0/0/0	0/0/0/0/0	0/0/0/0/0	0/0/0/0/0	0/0/0/0/0	0/0/0/0/0	0/0/0/0/0	0/0/0/0/0	0/0/0/0/0	0/0/0/0/0	0/0/0/0/0	0/0/0/0/0	0/0/0/0/0	0/0/0/0/0	0/0/0/0/0	0/0/0/0/0	
	Port: 2 (contain 24 entries)
		0/0/0/0/0	0.371613/68/98872/0/0	0.753298/10/14540/0/0	0.249078/0/0/0/0	0/0/0/0/0	0/0/0/0/0	0/0/0/0/0	0/0/0/0/0	0/0/0/0/0	0/0/0/0/0	0/0/0/0/0	0/0/0/0/0	0/0/0/0/0	0/0/0/0/0	0/0/0/0/0	0/0/0/0/0	0/0/0/0/0	0/0/0/0/0	0/0/0/0/0	0/0/0/0/0	0/0/0/0/0	0/0/0/0/0	0/0/0/0/0	0/0/0/0/0	
	Port: 3 (contain 24 entries)
		0/0/0/0/0	0.131502/0/0/0/0	0.45173/0/0/0/0	0.227991/0/0/0/0	0.234918/4/5816/0/0	0.311541/0/0/0/0	0.551992/0/0/0/0	0.355566/0/0/0/0	0.517609/0/0/0/0	0.563957/0/0/0/0	0.69595/0/0/0/0	0/0/0/0/0	0/0/0/0/0	0/0/0/0/0	0/0/0/0/0	0/0/0/0/0	0/0/0/0/0	0/0/0/0/0	0/0/0/0/0	0/0/0/0/0	0/0/0/0/0	0/0/0/0/0	0/0/0/0/0	0/0/0/0/0	
	Port: 4 (contain 24 entries)
		0/0/0/0/0	0/0/0/0/0	0/0/0/0/0	0.297592/0/0/0/0	0.199433/0/0/0/0	0.292488/0/0/0/0	0.0087776/0/0/0/0	0.0106912/0/0/0/0	0.00813696/0/0/0/0	0.00198432/0/0/0/0	0/0/0/0/0	0/0/0/0/0	0/0/0/0/0	0/0/0/0/0	0/0/0/0/0	0/0/0/0/0	0/0/0/0/0	0/0/0/0/0	0/0/0/0/0	0/0/0/0/0	0/0/0/0/0	0/0/0/0/0	0/0/0/0/0	0/0/0/0/0	
	Port: 5 (contain 24 entries)
		0/0/0/0/0	0/0/0/0/0	0/0/0/0/0	0/0/0/0/0	0.00294976/0/0/0/0	0/0/0/0/0	0/0/0/0/0	0/0/0/0/0	0/0/0/0/0	0/0/0/0/0	0/0/0/0/0	0/0/0/0/0	0/0/0/0/0	0/0/0/0/0	0/0/0/0/0	0/0/0/0/0	0/0/0/0/0	0/0/0/0/0	0/0/0/0/0	0/0/0/0/0	0/0/0/0/0	0/0/0/0/0	0/0/0/0/0	0/0/0/0/0	
	Port: 6 (contain 24 entries)
		0.466856/4/5816/0/0	0.925223/0/0/0/0	0.610197/0/0/0/0	0.700998/0/0/0/0	0.795696/1/1454/0/0	0.714966/1/1454/0/0	0.601012/0/0/0/0	0.691036/0/0/0/0	0.433005/0/0/0/0	0.339884/0/0/0/0	0.0811931/0/0/0/0	0/0/0/0/0	0/0/0/0/0	0/0/0/0/0	0/0/0/0/0	0/0/0/0/0	0/0/0/0/0	0/0/0/0/0	0/0/0/0/0	0/0/0/0/0	0/0/0/0/0	0/0/0/0/0	0/0/0/0/0	0/0/0/0/0	
	Port: 7 (contain 24 entries)
		0/0/0/0/0	0/0/0/0/0	0/0/0/0/0	0.00151872/0/0/0/0	0.00909824/0/0/0/0	0.0198598/0/0/0/0	0.0189446/0/0/0/0	0.0202634/0/0/0/0	0.0183206/0/0/0/0	0.0189779/0/0/0/0	0.0209123/0/0/0/0	0.0312957/0/0/0/0	0.0341162/0/0/0/0	0.0251389/0/0/0/0	0/0/0/0/0	0/0/0/0/0	0/0/0/0/0	0/0/0/0/0	0/0/0/0/0	0/0/0/0/0	0/0/0/0/0	0/0/0/0/0	0/0/0/0/0	0/0/0/0/0	
	Port: 8 (contain 24 entries)
		0.0139155/0/0/0/0	0.0303718/0/0/0/0	0.148897/0/0/0/0	0.223071/0/0/0/0	0.309638/0/0/0/0	0.326917/0/0/0/0	0.320178/1/54/0/0	0.483661/0/0/0/0	0.471012/0/0/0/0	0.458904/0/0/0/0	0/0/0/0/0	0/0/0/0/0	0/0/0/0/0	0/0/0/0/0	0/0/0/0/0	0/0/0/0/0	0/0/0/0/0	0/0/0/0/0	0/0/0/0/0	0/0/0/0/0	0/0/0/0/0	0/0/0/0/0	0/0/0/0/0	0/0/0/0/0	
	Port: 9 (contain 24 entries)
		0.099921/0/0/0/0	0.237176/0/0/0/0	0.172897/0/0/0/0	0.308616/0/0/0/0	0.326563/1/54/0/0	0.359709/0/0/0/0	0.272513/1/54/0/0	0.298298/0/0/0/0	0.276033/0/0/0/0	0.234041/0/0/0/0	0.162643/0/0/0/0	0.22535/0/0/0/0	0.243936/0/0/0/0	0.179731/0/0/0/0	0/0/0/0/0	0/0/0/0/0	0/0/0/0/0	0/0/0/0/0	0/0/0/0/0	0/0/0/0/0	0/0/0/0/0	0/0/0/0/0	0/0/0/0/0	0/0/0/0/0	
	Port: 10 (contain 24 entries)
		0.104091/0/0/0/0	0.236943/0/0/0/0	0.1731/0/0/0/0	0.308683/3/4362/0/0	0.324496/0/0/0/0	0.360899/0/0/0/0	0.272065/0/0/0/0	0.298866/0/0/0/0	0.275647/0/0/0/0	0.234032/0/0/0/0	0.160772/0/0/0/0	0.227209/0/0/0/0	0.243123/0/0/0/0	0.1797/0/0/0/0	0/0/0/0/0	0/0/0/0/0	0/0/0/0/0	0/0/0/0/0	0/0/0/0/0	0/0/0/0/0	0/0/0/0/0	0/0/0/0/0	0/0/0/0/0	0/0/0/0/0	
	Port: 11 (contain 24 entries)
		0.100739/0/0/0/0	0.237159/0/0/0/0	0.173076/0/0/0/0	0.306459/0/0/0/0	0.32834/0/0/0/0	0.359963/3/2962/0/0	0.273554/0/0/0/0	0.298899/2/2908/0/0	0.27573/4/3016/0/0	0.233576/0/0/0/0	0.160544/0/0/0/0	0.227674/0/0/0/0	0.242774/0/0/0/0	0.179197/0/0/0/0	0/0/0/0/0	0/0/0/0/0	0/0/0/0/0	0/0/0/0/0	0/0/0/0/0	0/0/0/0/0	0/0/0/0/0	0/0/0/0/0	0/0/0/0/0	0/0/0/0/0	
	Port: 12 (contain 24 entries)
		0.103879/0/0/0/0	0.238102/0/0/0/0	0.173029/0/0/0/0	0.30711/0/0/0/0	0.32821/0/0/0/0	0.359378/0/0/0/0	0.273218/0/0/0/0	0.298547/0/0/0/0	0.275174/0/0/0/0	0.234166/0/0/0/0	0.162179/0/0/0/0	0.225815/0/0/0/0	0.243936/0/0/0/0	0.179583/0/0/0/0	0/0/0/0/0	0/0/0/0/0	0/0/0/0/0	0/0/0/0/0	0/0/0/0/0	0/0/0/0/0	0/0/0/0/0	0/0/0/0/0	0/0/0/0/0	0/0/0/0/0	

Leaf 3: (contain: 12 ports)
	Port: 1 (contain 24 entries)
		0/0/0/0/0	0/0/0/0/0	0/0/0/0/0	0.0005536/0/0/0/0	0.00822848/0/0/0/0	0.010608/0/0/0/0	0.0106662/0/0/0/0	0.00221728/0/0/0/0	0/0/0/0/0	0/0/0/0/0	0/0/0/0/0	0/0/0/0/0	0/0/0/0/0	0/0/0/0/0	0/0/0/0/0	0/0/0/0/0	0/0/0/0/0	0/0/0/0/0	0/0/0/0/0	0/0/0/0/0	0/0/0/0/0	0/0/0/0/0	0/0/0/0/0	0/0/0/0/0	
	Port: 2 (contain 24 entries)
		0/0/0/0/0	0.00411456/0/0/0/0	0.00776928/0/0/0/0	0.712853/0/0/0/0	0.251799/0/0/0/0	0.2408/0/0/0/0	0.219891/0/0/0/0	0.228951/0/0/0/0	0.267284/0/0/0/0	0.271811/0/0/0/0	0/0/0/0/0	0/0/0/0/0	0/0/0/0/0	0/0/0/0/0	0/0/0/0/0	0/0/0/0/0	0/0/0/0/0	0/0/0/0/0	0/0/0/0/0	0/0/0/0/0	0/0/0/0/0	0/0/0/0/0	0/0/0/0/0	0/0/0/0/0	
	Port: 3 (contain 24 entries)
		0/0/0/0/0	0.00295808/0/0/0/0	0.0107162/0/0/0/0	0.203236/0/0/0/0	0.290516/0/0/0/0	0.26682/0/0/0/0	0.261244/0/0/0/0	0.314561/1/1454/0/0	0.242891/0/0/0/0	0.059083/0/0/0/0	0/0/0/0/0	0/0/0/0/0	0/0/0/0/0	0/0/0/0/0	0/0/0/0/0	0/0/0/0/0	0/0/0/0/0	0/0/0/0/0	0/0/0/0/0	0/0/0/0/0	0/0/0/0/0	0/0/0/0/0	0/0/0/0/0	0/0/0/0/0	
	Port: 4 (contain 24 entries)
		0.00530848/0/0/0/0	0.00488384/0/0/0/0	0.00185536/0/0/0/0	0.328044/0/0/0/0	0.29639/0/0/0/0	0.309299/0/0/0/0	0.314538/1/54/0/0	0.291082/1/1454/0/0	0.329197/0/0/0/0	0.360677/0/0/0/0	0.330011/0/0/0/0	0.240877/0/0/0/0	0/0/0/0/0	0/0/0/0/0	0/0/0/0/0	0/0/0/0/0	0/0/0/0/0	0/0/0/0/0	0/0/0/0/0	0/0/0/0/0	0/0/0/0/0	0/0/0/0/0	0/0/0/0/0	0/0/0/0/0	
	Port: 5 (contain 24 entries)
		0.0188576/0/0/0/0	0.202624/0/0/0/0	0.294062/0/0/0/0	0.37336/3/1562/0/0	0.441477/0/0/0/0	0.456278/0/0/0/0	0.406826/0/0/0/0	0.316423/0/0/0/0	0.458535/0/0/0/0	0.511632/0/0/0/0	0.698354/0/0/0/0	0.811029/0/0/0/0	0.819354/3/4362/0/0	0.43887/0/0/0/0	0/0/0/0/0	0/0/0/0/0	0/0/0/0/0	0/0/0/0/0	0/0/0/0/0	0/0/0/0/0	0/0/0/0/0	0/0/0/0/0	0/0/0/0/0	0/0/0/0/0	
	Port: 6 (contain 24 entries)
		0/0/0/0/0	0.0070848/0/0/0/0	0.010887/0/0/0/0	0.0129459/0/0/0/0	0.114732/5/5870/0/0	0.301663/0/0/0/0	0.300738/0/0/0/0	0.276345/0/0/0/0	0.258456/0/0/0/0	0.286683/0/0/0/0	0.317117/0/0/0/0	0.494958/0/0/0/0	0.517841/0/0/0/0	0.211374/0/0/0/0	0/0/0/0/0	0/0/0/0/0	0/0/0/0/0	0/0/0/0/0	0/0/0/0/0	0/0/0/0/0	0/0/0/0/0	0/0/0/0/0	0/0/0/0/0	0/0/0/0/0	
	Port: 7 (contain 24 entries)
		0.390539/0/0/0/0	0.909618/96/96184/0/0	0.753876/0/0/0/0	0.302768/0/0/0/0	0.395274/0/0/0/0	0.477434/4/3016/0/0	0.516343/0/0/0/0	0.577315/0/0/0/0	0.51819/0/0/0/0	0.548856/0/0/0/0	0.370753/0/0/0/0	0/0/0/0/0	0/0/0/0/0	0/0/0/0/0	0/0/0/0/0	0/0/0/0/0	0/0/0/0/0	0/0/0/0/0	0/0/0/0/0	0/0/0/0/0	0/0/0/0/0	0/0/0/0/0	0/0/0/0/0	0/0/0/0/0	
	Port: 8 (contain 24 entries)
		0.0151136/0/0/0/0	0.0153587/0/0/0/0	0.0098176/0/0/0/0	0.0549206/0/0/0/0	0.26421/0/0/0/0	0.306698/0/0/0/0	0.261476/0/0/0/0	0.320021/0/0/0/0	0.28738/0/0/0/0	0.273557/0/0/0/0	0.299693/0/0/0/0	0.410393/0/0/0/0	0.456276/0/0/0/0	0.509277/0/0/0/0	0/0/0/0/0	0/0/0/0/0	0/0/0/0/0	0/0/0/0/0	0/0/0/0/0	0/0/0/0/0	0/0/0/0/0	0/0/0/0/0	0/0/0/0/0	0/0/0/0/0	
	Port: 9 (contain 24 entries)
		0.306204/6/5924/0/0	0.482711/0/0/0/0	0.497506/0/0/0/0	0.513077/0/0/0/0	0.516995/3/4362/0/0	0.519537/0/0/0/0	0.459415/0/0/0/0	0.282583/0/0/0/0	0.211689/0/0/0/0	0.132169/0/0/0/0	0.0171392/0/0/0/0	0.0169229/0/0/0/0	0.0157165/0/0/0/0	0.0102045/0/0/0/0	0/0/0/0/0	0/0/0/0/0	0/0/0/0/0	0/0/0/0/0	0/0/0/0/0	0/0/0/0/0	0/0/0/0/0	0/0/0/0/0	0/0/0/0/0	0/0/0/0/0	
	Port: 10 (contain 24 entries)
		0.305726/0/0/0/0	0.482852/0/0/0/0	0.495696/0/0/0/0	0.512954/21/12334/0/0	0.514684/0/0/0/0	0.520558/1/54/0/0	0.459996/0/0/0/0	0.281919/0/0/0/0	0.212596/0/0/0/0	0.131108/0/0/0/0	0.017135/0/0/0/0	0.0168854/0/0/0/0	0.0157165/0/0/0/0	0.010192/0/0/0/0	0/0/0/0/0	0/0/0/0/0	0/0/0/0/0	0/0/0/0/0	0/0/0/0/0	0/0/0/0/0	0/0/0/0/0	0/0/0/0/0	0/0/0/0/0	0/0/0/0/0	
	Port: 11 (contain 24 entries)
		0.305984/0/0/0/0	0.483662/1/54/0/0	0.496087/5/7270/0/0	0.509999/1/54/0/0	0.519484/0/0/0/0	0.517095/0/0/0/0	0.460084/0/0/0/0	0.281779/0/0/0/0	0.212241/0/0/0/0	0.13126/0/0/0/0	0.0171683/0/0/0/0	0.0168979/0/0/0/0	0.015679/0/0/0/0	0.0102378/0/0/0/0	0/0/0/0/0	0/0/0/0/0	0/0/0/0/0	0/0/0/0/0	0/0/0/0/0	0/0/0/0/0	0/0/0/0/0	0/0/0/0/0	0/0/0/0/0	0/0/0/0/0	
	Port: 12 (contain 24 entries)
		0.306672/5/7270/0/0	0.482745/4/5816/0/0	0.497729/0/0/0/0	0.510436/0/0/0/0	0.517849/0/0/0/0	0.518251/0/0/0/0	0.460713/0/0/0/0	0.28135/0/0/0/0	0.211407/0/0/0/0	0.132127/0/0/0/0	0.01716/0/0/0/0	0.0169104/0/0/0/0	0.0156707/0/0/0/0	0.0102419/0/0/0/0	0/0/0/0/0	0/0/0/0/0	0/0/0/0/0	0/0/0/0/0	0/0/0/0/0	0/0/0/0/0	0/0/0/0/0	0/0/0/0/0	0/0/0/0/0	0/0/0/0/0	

