Waf: Entering directory `/home/mywang/ns3-load-balance/build'
Waf: Leaving directory `/home/mywang/ns3-load-balance/build'
Build commands will be stored in build/compile_commands.json
'build' finished successfully (0.988s)
Waf: Entering directory `/home/mywang/ns3-load-balance/build'
Waf: Leaving directory `/home/mywang/ns3-load-balance/build'
Build commands will be stored in build/compile_commands.json
'build' finished successfully (0.977s)
Waf: Entering directory `/home/mywang/ns3-load-balance/build'
Waf: Leaving directory `/home/mywang/ns3-load-balance/build'
Build commands will be stored in build/compile_commands.json
'build' finished successfully (1.012s)
Waf: Entering directory `/home/mywang/ns3-load-balance/build'
Waf: Leaving directory `/home/mywang/ns3-load-balance/build'
Build commands will be stored in build/compile_commands.json
'build' finished successfully (1.010s)
Waf: Entering directory `/home/mywang/ns3-load-balance/build'
Waf: Leaving directory `/home/mywang/ns3-load-balance/build'
Build commands will be stored in build/compile_commands.json
'build' finished successfully (1.778s)
At 0.059001s tian wu find port 10
At 0.0690004s tian wu find port 9
At 0.089001s tian wu find port 10
At 0.094001s tian wu find port 9
At 0.094001s tian wu find port 9
At 0.0990004s tian wu find port 10
At 0.0990007s tian wu find port 11
At 0.0990008s tian wu find port 10
At 0.100351s tian wu find port 11
At 0.104001s tian wu find port 9
At 0.104001s tian wu find port 9
At 0.104001s tian wu find port 10
At 0.104007s tian wu find port 11
At 0.109s tian wu find port 10
At 0.109001s tian wu find port 10
At 0.114s tian wu find port 9
At 0.114s tian wu find port 11
At 0.114001s tian wu find port 9
At 0.119001s tian wu find port 9
At 0.119001s tian wu find port 10
At 0.119001s tian wu find port 9
At 0.124s tian wu find port 10
At 0.124001s tian wu find port 9
At 0.124001s tian wu find port 10
At 0.124001s tian wu find port 11
At 0.129s tian wu find port 9
At 0.129s tian wu find port 10
At 0.129001s tian wu find port 9
At 0.134001s tian wu find port 10
At 0.134001s tian wu find port 9
At 0.134128s tian wu find port 10
At 0.139001s tian wu find port 10
At 0.139001s tian wu find port 9
At 0.144s tian wu find port 9
At 0.144001s tian wu find port 10
At 0.149s tian wu find port 10
At 0.149001s tian wu find port 9
At 0.154001s tian wu find port 10
At 0.154001s tian wu find port 9
At 0.159s tian wu find port 9
At 0.159001s tian wu find port 10
At 0.164s tian wu find port 10
At 0.164001s tian wu find port 9
At 0.169001s tian wu find port 10
At 0.169001s tian wu find port 11
At 0.174001s tian wu find port 9
At 0.174001s tian wu find port 9
At 0.179001s tian wu find port 10
At 0.179001s tian wu find port 10
At 0.184001s tian wu find port 9
At 0.184001s tian wu find port 9
At 0.185416s tian wu find port 11
At 0.189s tian wu find port 9
At 0.189s tian wu find port 11
At 0.189001s tian wu find port 10
At 0.189082s tian wu find port 10
At 0.194s tian wu find port 9
At 0.194s tian wu find port 10
At 0.194001s tian wu find port 10
At 0.194001s tian wu find port 9
At 0.194383s tian wu find port 11
At 0.197209s tian wu find port 11
At 0.199s tian wu find port 9
At 0.199001s tian wu find port 11
At 0.199001s tian wu find port 11
At 0.19958s tian wu find port 11
At 0.199598s tian wu find port 12
At 0.201957s tian wu find port 12
At 0.204001s tian wu find port 9
At 0.204001s tian wu find port 12
At 0.209s tian wu find port 9
At 0.209001s tian wu find port 11
At 0.214s tian wu find port 10
At 0.214001s tian wu find port 10
At 0.219s tian wu find port 10
At 0.219001s tian wu find port 9
At 0.219001s tian wu find port 9
At 0.220571s tian wu find port 12
At 0.224001s tian wu find port 9
At 0.229s tian wu find port 9
At 0.229001s tian wu find port 10
At 0.229004s tian wu find port 11
At 0.234s tian wu find port 9
At 0.234s tian wu find port 10
At 0.234s tian wu find port 9
At 0.234s tian wu find port 11
At 0.234001s tian wu find port 12
At 0.234001s tian wu find port 9
At 0.239s tian wu find port 9
At 0.239s tian wu find port 11
At 0.239001s tian wu find port 10
At 0.244s tian wu find port 9
At 0.244s tian wu find port 9
At 0.244001s tian wu find port 12
At 0.249s tian wu find port 9
At 0.249001s tian wu find port 10
At 0.254s tian wu find port 11
At 0.254001s tian wu find port 12
At 0.259001s tian wu find port 9
At 0.259007s tian wu find port 10
At 0.261656s tian wu find port 10
At 0.279001s tian wu find port 10
At 0.284001s tian wu find port 9
At 0.289s tian wu find port 10
At 0.294s tian wu find port 9
At 0.299001s tian wu find port 10
At 0.304001s tian wu find port 9
At 0.309001s tian wu find port 10
At 0.314s tian wu find port 9
At 0.319s tian wu find port 10
At 0.324001s tian wu find port 9
At 0.329001s tian wu find port 10
At 0.334s tian wu find port 9
At 0.339s tian wu find port 10
At 0.344s tian wu find port 10
At 0.344001s tian wu find port 9
At 0.349s tian wu find port 9
At 0.349001s tian wu find port 10
At 0.354001s tian wu find port 9
At 0.354001s tian wu find port 10
At 0.359s tian wu find port 10
At 0.359001s tian wu find port 9
At 0.364001s tian wu find port 10
At 0.364001s tian wu find port 9
At 0.369s tian wu find port 9
At 0.369001s tian wu find port 10
At 0.374s tian wu find port 10
At 0.374001s tian wu find port 9
At 0.379s tian wu find port 10
At 0.379001s tian wu find port 9
At 0.384s tian wu find port 9
At 0.389001s tian wu find port 10
At 0.394001s tian wu find port 9
At 0.399s tian wu find port 10
At 0.404s tian wu find port 9
At 0.409001s tian wu find port 10
At 0.414001s tian wu find port 9
At 0.419001s tian wu find port 10
At 0.424s tian wu find port 9
At 0.429s tian wu find port 10
At 0.434001s tian wu find port 9
At 0.439001s tian wu find port 10
At 0.444s tian wu find port 9
At 0.449s tian wu find port 10
At 0.454001s tian wu find port 9
At 0.459001s tian wu find port 10
At 0.464001s tian wu find port 9
At 0.469s tian wu find port 10
At 0.474s tian wu find port 9
At 0.479001s tian wu find port 10
At 0.484001s tian wu find port 9
At 0.489s tian wu find port 10
At 0.494s tian wu find port 9
At 0.499001s tian wu find port 10
Waf: Entering directory `/home/mywang/ns3-load-balance/build'
[ 899/2307] Compiling examples/load-balance/conga-simulation-large.cc
[2221/2307] Linking build/examples/load-balance/ns3-dev-conga-simulation-large-optimized
Waf: Leaving directory `/home/mywang/ns3-load-balance/build'
Build commands will be stored in build/compile_commands.json
'build' finished successfully (2.899s)
Waf: Entering directory `/home/mywang/ns3-load-balance/build'
Waf: Leaving directory `/home/mywang/ns3-load-balance/build'
Build commands will be stored in build/compile_commands.json
'build' finished successfully (1.021s)
Waf: Entering directory `/home/mywang/ns3-load-balance/build'
Waf: Leaving directory `/home/mywang/ns3-load-balance/build'
Build commands will be stored in build/compile_commands.json
'build' finished successfully (1.018s)
At 0.0190011s tian wu find port 10
Waf: Entering directory `/home/mywang/ns3-load-balance/build'
At 0.0240001s tian wu find port 11
At 0.0240009s tian wu find port 12
Waf: Leaving directory `/home/mywang/ns3-load-balance/build'
Build commands will be stored in build/compile_commands.json
'build' finished successfully (1.010s)
At 0.0290008s tian wu find port 10
At 0.034001s tian wu find port 12
Waf: Entering directory `/home/mywang/ns3-load-balance/build'
Waf: Leaving directory `/home/mywang/ns3-load-balance/build'
Build commands will be stored in build/compile_commands.json
'build' finished successfully (1.782s)
At 0.0390002s tian wu find port 10
At 0.0440004s tian wu find port 9
At 0.0490003s tian wu find port 12
At 0.0540002s tian wu find port 11
At 0.0590003s tian wu find port 10
At 0.0640007s tian wu find port 11
At 0.0640011s tian wu find port 12
At 0.0690003s tian wu find port 9
At 0.069001s tian wu find port 11
At 0.0740005s tian wu find port 11
At 0.0740005s tian wu find port 9
At 0.0740005s tian wu find port 10
At 0.0740007s tian wu find port 12
At 0.0790002s tian wu find port 10
At 0.0790005s tian wu find port 11
At 0.0840009s tian wu find port 10
At 0.0840009s tian wu find port 12
At 0.0890004s tian wu find port 9
At 0.0890759s tian wu find port 11
At 0.094s tian wu find port 10
At 0.094001s tian wu find port 12
At 0.0990005s tian wu find port 9
At 0.0990008s tian wu find port 10
At 0.099001s tian wu find port 11
At 0.104001s tian wu find port 10
At 0.104001s tian wu find port 12
At 0.109s tian wu find port 11
At 0.109001s tian wu find port 11
At 0.114001s tian wu find port 12
At 0.114001s tian wu find port 9
At 0.119001s tian wu find port 11
At 0.119001s tian wu find port 10
At 0.124001s tian wu find port 9
At 0.124001s tian wu find port 12
At 0.124059s tian wu find port 10
At 0.129s tian wu find port 10
At 0.129001s tian wu find port 10
At 0.129001s tian wu find port 9
At 0.129001s tian wu find port 10
At 0.129001s tian wu find port 12
At 0.134s tian wu find port 9
At 0.134001s tian wu find port 9
At 0.134001s tian wu find port 11
At 0.134001s tian wu find port 12
At 0.134001s tian wu find port 12
At 0.134001s tian wu find port 11
At 0.134019s tian wu find port 12
At 0.139s tian wu find port 10
At 0.139001s tian wu find port 12
At 0.139001s tian wu find port 10
At 0.1401s tian wu find port 11
At 0.144s tian wu find port 12
At 0.144s tian wu find port 9
At 0.144s tian wu find port 9
At 0.144001s tian wu find port 10
At 0.147096s tian wu find port 11
At 0.149s tian wu find port 10
At 0.149s tian wu find port 10
At 0.149s tian wu find port 9
At 0.149001s tian wu find port 11
At 0.154s tian wu find port 10
At 0.154001s tian wu find port 9
At 0.154001s tian wu find port 9
At 0.154009s tian wu find port 12
At 0.159s tian wu find port 10
At 0.164s tian wu find port 9
At 0.169s tian wu find port 10
At 0.169s tian wu find port 10
At 0.169s tian wu find port 12
At 0.174001s tian wu find port 9
At 0.184001s tian wu find port 9
At 0.184003s tian wu find port 12
At 0.189s tian wu find port 10
At 0.189001s tian wu find port 9
At 0.194s tian wu find port 9
At 0.194001s tian wu find port 10
At 0.199001s tian wu find port 9
At 0.199001s tian wu find port 10
At 0.199001s tian wu find port 11
At 0.204s tian wu find port 9
At 0.204s tian wu find port 9
At 0.204001s tian wu find port 10
At 0.204001s tian wu find port 9
At 0.209001s tian wu find port 10
At 0.209001s tian wu find port 10
At 0.209001s tian wu find port 10
At 0.209001s tian wu find port 9
At 0.209001s tian wu find port 12
At 0.214s tian wu find port 9
At 0.214s tian wu find port 9
At 0.214s tian wu find port 9
At 0.214001s tian wu find port 11
At 0.214001s tian wu find port 11
At 0.214001s tian wu find port 10
At 0.214001s tian wu find port 11
At 0.219s tian wu find port 10
At 0.219s tian wu find port 10
At 0.219001s tian wu find port 9
At 0.219001s tian wu find port 10
At 0.224s tian wu find port 11
At 0.224s tian wu find port 12
At 0.224001s tian wu find port 9
At 0.224001s tian wu find port 11
At 0.224001s tian wu find port 9
At 0.229s tian wu find port 10
At 0.229001s tian wu find port 10
At 0.230087s tian wu find port 12
At 0.234s tian wu find port 10
At 0.234001s tian wu find port 12
At 0.239s tian wu find port 9
At 0.239001s tian wu find port 10
At 0.249s tian wu find port 10
At 0.249s tian wu find port 9
At 0.249001s tian wu find port 11
At 0.249001s tian wu find port 10
At 0.254s tian wu find port 9
At 0.254s tian wu find port 11
At 0.254001s tian wu find port 10
At 0.254001s tian wu find port 12
At 0.254001s tian wu find port 9
At 0.259s tian wu find port 9
At 0.259s tian wu find port 11
At 0.259001s tian wu find port 10
At 0.259001s tian wu find port 10
At 0.259001s tian wu find port 10
At 0.259001s tian wu find port 12
At 0.264s tian wu find port 10
At 0.264s tian wu find port 11
At 0.264001s tian wu find port 9
At 0.264001s tian wu find port 9
At 0.264001s tian wu find port 9
At 0.269s tian wu find port 9
At 0.269s tian wu find port 10
At 0.269001s tian wu find port 10
At 0.269001s tian wu find port 12
At 0.269001s tian wu find port 10
At 0.274s tian wu find port 9
At 0.274001s tian wu find port 9
At 0.274001s tian wu find port 9
At 0.274001s tian wu find port 9
At 0.279s tian wu find port 10
At 0.279001s tian wu find port 10
At 0.279001s tian wu find port 12
At 0.284s tian wu find port 9
At 0.284001s tian wu find port 9
At 0.284001s tian wu find port 11
At 0.289001s tian wu find port 11
At 0.294001s tian wu find port 10
At 0.294003s tian wu find port 12
At 0.299s tian wu find port 9
At 0.299001s tian wu find port 10
At 0.304s tian wu find port 10
At 0.304001s tian wu find port 9
At 0.309s tian wu find port 10
At 0.309001s tian wu find port 9
At 0.314s tian wu find port 9
At 0.314001s tian wu find port 10
At 0.319001s tian wu find port 9
At 0.319001s tian wu find port 10
At 0.324s tian wu find port 10
At 0.324001s tian wu find port 9
At 0.329s tian wu find port 9
At 0.334001s tian wu find port 10
At 0.339001s tian wu find port 9
At 0.344s tian wu find port 10
At 0.349s tian wu find port 9
At 0.354001s tian wu find port 10
At 0.359001s tian wu find port 9
At 0.364001s tian wu find port 10
At 0.369s tian wu find port 9
At 0.374001s tian wu find port 10
At 0.379001s tian wu find port 9
At 0.384001s tian wu find port 10
At 0.389s tian wu find port 9
At 0.394s tian wu find port 10
At 0.399001s tian wu find port 9
At 0.404001s tian wu find port 10
At 0.409s tian wu find port 9
At 0.414s tian wu find port 10
At 0.419001s tian wu find port 9
At 0.424001s tian wu find port 10
At 0.429001s tian wu find port 9
At 0.434s tian wu find port 10
At 0.439s tian wu find port 9
At 0.444001s tian wu find port 10
At 0.449001s tian wu find port 9
At 0.454s tian wu find port 10
At 0.459s tian wu find port 9
At 0.464001s tian wu find port 10
At 0.469001s tian wu find port 9
At 0.474001s tian wu find port 10
At 0.479s tian wu find port 9
At 0.484s tian wu find port 10
At 0.489001s tian wu find port 9
At 0.494001s tian wu find port 10
At 0.499s tian wu find port 9
Waf: Entering directory `/home/mywang/ns3-load-balance/build'
Waf: Leaving directory `/home/mywang/ns3-load-balance/build'
Build commands will be stored in build/compile_commands.json
'build' finished successfully (0.978s)
Waf: Entering directory `/home/mywang/ns3-load-balance/build'
Waf: Leaving directory `/home/mywang/ns3-load-balance/build'
Build commands will be stored in build/compile_commands.json
'build' finished successfully (0.978s)
Waf: Entering directory `/home/mywang/ns3-load-balance/build'
Waf: Leaving directory `/home/mywang/ns3-load-balance/build'
Build commands will be stored in build/compile_commands.json
'build' finished successfully (0.971s)
